CANNOT MATCH THE SAME TRACE
Training FLANN.
Done.
Counting matches...
Hit:  /Users/quake0day/wholedavis3rd_video_short_2_b/path2_5/frame107.jpg
===========
ORIGNAL: /Users/quake0day/wholedavis3rd_video_short_2_b/path2_48/frame48.jpg
Counting matches...
Hit:  /Users/quake0day/wholedavis3rd_video_short_2_b/path2_67/frame127.jpg
===========
ORIGNAL: /Users/quake0day/wholedavis3rd_video_short_2_b/path2_48/frame55.jpg
Counting matches...
Hit:  /Users/quake0day/wholedavis3rd_video_short_2_b/path2_5/frame107.jpg
===========
ORIGNAL: /Users/quake0day/wholedavis3rd_video_short_2_b/path2_48/frame7.jpg
Counting matches...
Hit:  /Users/quake0day/wholedavis3rd_video_short_2_b/path2_5/frame107.jpg
===========
ORIGNAL: /Users/quake0day/wholedavis3rd_video_short_2_b/path2_48/frame121.jpg
Counting matches...
Hit:  /Users/quake0day/wholedavis3rd_video_short_2_b/path2_5/frame107.jpg
===========
ORIGNAL: /Users/quake0day/wholedavis3rd_video_short_2_b/path2_48/frame14.jpg
Counting matches...
Hit:  /Users/quake0day/wholedavis3rd_video_short_2_b/path2_5/frame107.jpg
===========
ORIGNAL: /Users/quake0day/wholedavis3rd_video_short_2_b/path2_48/frame29.jpg
Total Time: 56.5421359539 s.
CANNOT MATCH THE SAME TRACE
Training FLANN.
Done.
Counting matches...
Hit:  /Users/quake0day/wholedavis3rd_video_short_2_b/path2_63/frame224.jpg
===========
ORIGNAL: /Users/quake0day/wholedavis3rd_video_short_2_b/path2_25/frame148.jpg
Counting matches...
Hit:  /Users/quake0day/wholedavis3rd_video_short_2_b/path2_26/frame15.jpg
===========
ORIGNAL: /Users/quake0day/wholedavis3rd_video_short_2_b/path2_25/frame159.jpg
Counting matches...
Hit:  /Users/quake0day/wholedavis3rd_video_short_2_b/path2_63/frame224.jpg
===========
ORIGNAL: /Users/quake0day/wholedavis3rd_video_short_2_b/path2_25/frame91.jpg
Counting matches...
Hit:  /Users/quake0day/wholedavis3rd_video_short_2_b/path2_63/frame171.jpg
===========
ORIGNAL: /Users/quake0day/wholedavis3rd_video_short_2_b/path2_25/frame34.jpg
Counting matches...
Hit:  /Users/quake0day/wholedavis3rd_video_short_2_b/path2_63/frame165.jpg
===========
ORIGNAL: /Users/quake0day/wholedavis3rd_video_short_2_b/path2_25/frame10.jpg
Counting matches...
Hit:  /Users/quake0day/wholedavis3rd_video_short_2_b/path2_26/frame15.jpg
===========
ORIGNAL: /Users/quake0day/wholedavis3rd_video_short_2_b/path2_25/frame248.jpg
Counting matches...
Hit:  /Users/quake0day/wholedavis3rd_video_short_2_b/path2_26/frame135.jpg
===========
ORIGNAL: /Users/quake0day/wholedavis3rd_video_short_2_b/path2_25/frame186.jpg
Total Time: 101.649944067 s.
CANNOT MATCH THE SAME TRACE
Training FLANN.
Done.
Counting matches...
Hit:  /Users/quake0day/wholedavis3rd_video_short_2_b/path2_50/frame123.jpg
===========
ORIGNAL: /Users/quake0day/wholedavis3rd_video_short_2_b/path2_51/frame128.jpg
Counting matches...
Hit:  /Users/quake0day/wholedavis3rd_video_short_2_b/path2_50/frame123.jpg
===========
ORIGNAL: /Users/quake0day/wholedavis3rd_video_short_2_b/path2_51/frame46.jpg
Counting matches...
Hit:  /Users/quake0day/wholedavis3rd_video_short_2_b/path2_50/frame110.jpg
===========
ORIGNAL: /Users/quake0day/wholedavis3rd_video_short_2_b/path2_51/frame96.jpg
Counting matches...
Hit:  /Users/quake0day/wholedavis3rd_video_short_2_b/path2_50/frame123.jpg
===========
ORIGNAL: /Users/quake0day/wholedavis3rd_video_short_2_b/path2_51/frame55.jpg
Counting matches...
Hit:  /Users/quake0day/wholedavis3rd_video_short_2_b/path2_50/frame110.jpg
===========
ORIGNAL: /Users/quake0day/wholedavis3rd_video_short_2_b/path2_51/frame132.jpg
Counting matches...
Hit:  /Users/quake0day/wholedavis3rd_video_short_2_b/path2_50/frame123.jpg
===========
ORIGNAL: /Users/quake0day/wholedavis3rd_video_short_2_b/path2_51/frame35.jpg
Total Time: 77.6136319637 s.
CANNOT MATCH THE SAME TRACE
Training FLANN.
Done.
Counting matches...
Hit:  /Users/quake0day/wholedavis3rd_video_short_2_b/path2_66/frame82.jpg
===========
ORIGNAL: /Users/quake0day/wholedavis3rd_video_short_2_b/path2_67/frame17.jpg
Counting matches...
Hit:  /Users/quake0day/wholedavis3rd_video_short_2_b/path2_46/frame151.jpg
===========
ORIGNAL: /Users/quake0day/wholedavis3rd_video_short_2_b/path2_67/frame208.jpg
Counting matches...
Hit:  /Users/quake0day/wholedavis3rd_video_short_2_b/path2_66/frame21.jpg
===========
ORIGNAL: /Users/quake0day/wholedavis3rd_video_short_2_b/path2_67/frame57.jpg
Counting matches...
Hit:  /Users/quake0day/wholedavis3rd_video_short_2_b/path2_66/frame7.jpg
===========
ORIGNAL: /Users/quake0day/wholedavis3rd_video_short_2_b/path2_67/frame111.jpg
Counting matches...
Hit:  /Users/quake0day/wholedavis3rd_video_short_2_b/path2_66/frame150.jpg
===========
ORIGNAL: /Users/quake0day/wholedavis3rd_video_short_2_b/path2_67/frame195.jpg
Counting matches...
Hit:  /Users/quake0day/wholedavis3rd_video_short_2_b/path2_66/frame150.jpg
===========
ORIGNAL: /Users/quake0day/wholedavis3rd_video_short_2_b/path2_67/frame36.jpg
Counting matches...
Hit:  /Users/quake0day/wholedavis3rd_video_short_2_b/path2_46/frame141.jpg
===========
ORIGNAL: /Users/quake0day/wholedavis3rd_video_short_2_b/path2_67/frame142.jpg
Counting matches...
Hit:  /Users/quake0day/wholedavis3rd_video_short_2_b/path2_46/frame34.jpg
===========
ORIGNAL: /Users/quake0day/wholedavis3rd_video_short_2_b/path2_67/frame0.jpg
Total Time: 105.520493031 s.
CANNOT MATCH THE SAME TRACE
Training FLANN.
Done.
Counting matches...
Hit:  /Users/quake0day/wholedavis3rd_video_short_2_b/path2_25/frame15.jpg
===========
ORIGNAL: /Users/quake0day/wholedavis3rd_video_short_2_b/path2_63/frame78.jpg
Counting matches...
Hit:  /Users/quake0day/wholedavis3rd_video_short_2_b/path2_25/frame15.jpg
===========
ORIGNAL: /Users/quake0day/wholedavis3rd_video_short_2_b/path2_63/frame165.jpg
Counting matches...
Hit:  /Users/quake0day/wholedavis3rd_video_short_2_b/path2_26/frame15.jpg
===========
ORIGNAL: /Users/quake0day/wholedavis3rd_video_short_2_b/path2_63/frame54.jpg
Counting matches...
Hit:  /Users/quake0day/wholedavis3rd_video_short_2_b/path2_65/frame116.jpg
===========
ORIGNAL: /Users/quake0day/wholedavis3rd_video_short_2_b/path2_63/frame0.jpg
Counting matches...
Hit:  /Users/quake0day/wholedavis3rd_video_short_2_b/path2_25/frame15.jpg
===========
ORIGNAL: /Users/quake0day/wholedavis3rd_video_short_2_b/path2_63/frame105.jpg
Counting matches...
Hit:  /Users/quake0day/wholedavis3rd_video_short_2_b/path2_25/frame15.jpg
===========
ORIGNAL: /Users/quake0day/wholedavis3rd_video_short_2_b/path2_63/frame171.jpg
Counting matches...
Hit:  /Users/quake0day/wholedavis3rd_video_short_2_b/path2_25/frame15.jpg
===========
ORIGNAL: /Users/quake0day/wholedavis3rd_video_short_2_b/path2_63/frame109.jpg
Counting matches...
Hit:  /Users/quake0day/wholedavis3rd_video_short_2_b/path2_25/frame129.jpg
===========
ORIGNAL: /Users/quake0day/wholedavis3rd_video_short_2_b/path2_63/frame218.jpg
Counting matches...
Hit:  /Users/quake0day/wholedavis3rd_video_short_2_b/path2_62/frame163.jpg
===========
ORIGNAL: /Users/quake0day/wholedavis3rd_video_short_2_b/path2_63/frame6.jpg
Counting matches...
Hit:  /Users/quake0day/wholedavis3rd_video_short_2_b/path2_25/frame15.jpg
===========
ORIGNAL: /Users/quake0day/wholedavis3rd_video_short_2_b/path2_63/frame76.jpg
Counting matches...
Hit:  /Users/quake0day/wholedavis3rd_video_short_2_b/path2_25/frame15.jpg
===========
ORIGNAL: /Users/quake0day/wholedavis3rd_video_short_2_b/path2_63/frame146.jpg
Counting matches...
Hit:  /Users/quake0day/wholedavis3rd_video_short_2_b/path2_26/frame144.jpg
===========
ORIGNAL: /Users/quake0day/wholedavis3rd_video_short_2_b/path2_63/frame84.jpg
Counting matches...
Hit:  /Users/quake0day/wholedavis3rd_video_short_2_b/path2_25/frame15.jpg
===========
ORIGNAL: /Users/quake0day/wholedavis3rd_video_short_2_b/path2_63/frame200.jpg
Counting matches...
Hit:  /Users/quake0day/wholedavis3rd_video_short_2_b/path2_62/frame155.jpg
===========
ORIGNAL: /Users/quake0day/wholedavis3rd_video_short_2_b/path2_63/frame15.jpg
Counting matches...
Hit:  /Users/quake0day/wholedavis3rd_video_short_2_b/path2_25/frame15.jpg
===========
ORIGNAL: /Users/quake0day/wholedavis3rd_video_short_2_b/path2_63/frame194.jpg
Counting matches...
Hit:  /Users/quake0day/wholedavis3rd_video_short_2_b/path2_25/frame15.jpg
===========
ORIGNAL: /Users/quake0day/wholedavis3rd_video_short_2_b/path2_63/frame134.jpg
Counting matches...
Hit:  /Users/quake0day/wholedavis3rd_video_short_2_b/path2_25/frame15.jpg
===========
ORIGNAL: /Users/quake0day/wholedavis3rd_video_short_2_b/path2_63/frame210.jpg
Counting matches...
Hit:  /Users/quake0day/wholedavis3rd_video_short_2_b/path2_25/frame15.jpg
===========
ORIGNAL: /Users/quake0day/wholedavis3rd_video_short_2_b/path2_63/frame62.jpg
Counting matches...
Hit:  /Users/quake0day/wholedavis3rd_video_short_2_b/path2_25/frame15.jpg
===========
ORIGNAL: /Users/quake0day/wholedavis3rd_video_short_2_b/path2_63/frame159.jpg
Counting matches...
Hit:  /Users/quake0day/wholedavis3rd_video_short_2_b/path2_25/frame15.jpg
===========
ORIGNAL: /Users/quake0day/wholedavis3rd_video_short_2_b/path2_63/frame128.jpg
Counting matches...
Hit:  /Users/quake0day/wholedavis3rd_video_short_2_b/path2_25/frame15.jpg
===========
ORIGNAL: /Users/quake0day/wholedavis3rd_video_short_2_b/path2_63/frame90.jpg
Counting matches...
Hit:  /Users/quake0day/wholedavis3rd_video_short_2_b/path2_62/frame178.jpg
===========
ORIGNAL: /Users/quake0day/wholedavis3rd_video_short_2_b/path2_63/frame10.jpg
Total Time: 122.851583004 s.
CANNOT MATCH THE SAME TRACE
Training FLANN.
Done.
Counting matches...
Hit:  /Users/quake0day/wholedavis3rd_video_short_2_b/path2_56/frame154.jpg
===========
ORIGNAL: /Users/quake0day/wholedavis3rd_video_short_2_b/path2_28/frame160.jpg
Counting matches...
Hit:  /Users/quake0day/wholedavis3rd_video_short_2_b/path2_66/frame178.jpg
===========
ORIGNAL: /Users/quake0day/wholedavis3rd_video_short_2_b/path2_28/frame65.jpg
Counting matches...
Hit:  /Users/quake0day/wholedavis3rd_video_short_2_b/path2_67/frame17.jpg
===========
ORIGNAL: /Users/quake0day/wholedavis3rd_video_short_2_b/path2_28/frame177.jpg
Counting matches...
Hit:  /Users/quake0day/wholedavis3rd_video_short_2_b/path2_66/frame178.jpg
===========
ORIGNAL: /Users/quake0day/wholedavis3rd_video_short_2_b/path2_28/frame112.jpg
Total Time: 98.4383220673 s.
CANNOT MATCH THE SAME TRACE
Training FLANN.
Done.
Counting matches...
Hit:  /Users/quake0day/wholedavis3rd_video_short_2_b/path2_26/frame15.jpg
===========
ORIGNAL: /Users/quake0day/wholedavis3rd_video_short_2_b/path2_65/frame22.jpg
Counting matches...
Hit:  /Users/quake0day/wholedavis3rd_video_short_2_b/path2_26/frame144.jpg
===========
ORIGNAL: /Users/quake0day/wholedavis3rd_video_short_2_b/path2_65/frame101.jpg
Counting matches...
Hit:  /Users/quake0day/wholedavis3rd_video_short_2_b/path2_26/frame118.jpg
===========
ORIGNAL: /Users/quake0day/wholedavis3rd_video_short_2_b/path2_65/frame38.jpg
Counting matches...
Hit:  /Users/quake0day/wholedavis3rd_video_short_2_b/path2_26/frame144.jpg
===========
ORIGNAL: /Users/quake0day/wholedavis3rd_video_short_2_b/path2_65/frame83.jpg
Counting matches...
Hit:  /Users/quake0day/wholedavis3rd_video_short_2_b/path2_26/frame144.jpg
===========
ORIGNAL: /Users/quake0day/wholedavis3rd_video_short_2_b/path2_65/frame137.jpg
Counting matches...
Hit:  /Users/quake0day/wholedavis3rd_video_short_2_b/path2_26/frame15.jpg
===========
ORIGNAL: /Users/quake0day/wholedavis3rd_video_short_2_b/path2_65/frame16.jpg
Counting matches...
Hit:  /Users/quake0day/wholedavis3rd_video_short_2_b/path2_26/frame144.jpg
===========
ORIGNAL: /Users/quake0day/wholedavis3rd_video_short_2_b/path2_65/frame88.jpg
Counting matches...
Hit:  /Users/quake0day/wholedavis3rd_video_short_2_b/path2_66/frame21.jpg
===========
ORIGNAL: /Users/quake0day/wholedavis3rd_video_short_2_b/path2_65/frame129.jpg
Counting matches...
Hit:  /Users/quake0day/wholedavis3rd_video_short_2_b/path2_67/frame127.jpg
===========
ORIGNAL: /Users/quake0day/wholedavis3rd_video_short_2_b/path2_65/frame149.jpg
Total Time: 98.6187450886 s.
CANNOT MATCH THE SAME TRACE
Training FLANN.
Done.
Counting matches...
Hit:  /Users/quake0day/wholedavis3rd_video_short_2_b/path2_67/frame100.jpg
===========
ORIGNAL: /Users/quake0day/wholedavis3rd_video_short_2_b/path2_66/frame206.jpg
Counting matches...
Hit:  /Users/quake0day/wholedavis3rd_video_short_2_b/path2_65/frame101.jpg
===========
ORIGNAL: /Users/quake0day/wholedavis3rd_video_short_2_b/path2_66/frame308.jpg
Counting matches...
Hit:  /Users/quake0day/wholedavis3rd_video_short_2_b/path2_46/frame39.jpg
===========
ORIGNAL: /Users/quake0day/wholedavis3rd_video_short_2_b/path2_66/frame381.jpg
Counting matches...
Hit:  /Users/quake0day/wholedavis3rd_video_short_2_b/path2_46/frame25.jpg
===========
ORIGNAL: /Users/quake0day/wholedavis3rd_video_short_2_b/path2_66/frame358.jpg
Counting matches...
Hit:  /Users/quake0day/wholedavis3rd_video_short_2_b/path2_46/frame34.jpg
===========
ORIGNAL: /Users/quake0day/wholedavis3rd_video_short_2_b/path2_66/frame370.jpg
Counting matches...
Hit:  /Users/quake0day/wholedavis3rd_video_short_2_b/path2_28/frame125.jpg
===========
ORIGNAL: /Users/quake0day/wholedavis3rd_video_short_2_b/path2_66/frame246.jpg
Counting matches...
Hit:  /Users/quake0day/wholedavis3rd_video_short_2_b/path2_67/frame125.jpg
===========
ORIGNAL: /Users/quake0day/wholedavis3rd_video_short_2_b/path2_66/frame84.jpg
Counting matches...
Hit:  /Users/quake0day/wholedavis3rd_video_short_2_b/path2_67/frame125.jpg
===========
ORIGNAL: /Users/quake0day/wholedavis3rd_video_short_2_b/path2_66/frame42.jpg
Counting matches...
Hit:  /Users/quake0day/wholedavis3rd_video_short_2_b/path2_28/frame114.jpg
===========
ORIGNAL: /Users/quake0day/wholedavis3rd_video_short_2_b/path2_66/frame236.jpg
Counting matches...
Hit:  /Users/quake0day/wholedavis3rd_video_short_2_b/path2_28/frame153.jpg
===========
ORIGNAL: /Users/quake0day/wholedavis3rd_video_short_2_b/path2_66/frame305.jpg
Counting matches...
Hit:  /Users/quake0day/wholedavis3rd_video_short_2_b/path2_67/frame100.jpg
===========
ORIGNAL: /Users/quake0day/wholedavis3rd_video_short_2_b/path2_66/frame362.jpg
Counting matches...
Hit:  /Users/quake0day/wholedavis3rd_video_short_2_b/path2_46/frame36.jpg
===========
ORIGNAL: /Users/quake0day/wholedavis3rd_video_short_2_b/path2_66/frame342.jpg
Total Time: 102.669183969 s.
CANNOT MATCH THE SAME TRACE
Training FLANN.
Done.
Counting matches...
Hit:  /Users/quake0day/wholedavis3rd_video_short_2_b/path2_48/frame14.jpg
===========
ORIGNAL: /Users/quake0day/wholedavis3rd_video_short_2_b/path2_5/frame100.jpg
Counting matches...
Hit:  /Users/quake0day/wholedavis3rd_video_short_2_b/path2_48/frame25.jpg
===========
ORIGNAL: /Users/quake0day/wholedavis3rd_video_short_2_b/path2_5/frame151.jpg
Counting matches...
Hit:  /Users/quake0day/wholedavis3rd_video_short_2_b/path2_67/frame127.jpg
===========
ORIGNAL: /Users/quake0day/wholedavis3rd_video_short_2_b/path2_5/frame11.jpg
Total Time: 90.6374359131 s.
CANNOT MATCH THE SAME TRACE
Training FLANN.
Done.
Counting matches...
Hit:  /Users/quake0day/wholedavis3rd_video_short_2_b/path2_51/frame26.jpg
===========
ORIGNAL: /Users/quake0day/wholedavis3rd_video_short_2_b/path2_41/frame65.jpg
Counting matches...
Hit:  /Users/quake0day/wholedavis3rd_video_short_2_b/path2_50/frame10.jpg
===========
ORIGNAL: /Users/quake0day/wholedavis3rd_video_short_2_b/path2_41/frame157.jpg
Counting matches...
Hit:  /Users/quake0day/wholedavis3rd_video_short_2_b/path2_66/frame6.jpg
===========
ORIGNAL: /Users/quake0day/wholedavis3rd_video_short_2_b/path2_41/frame181.jpg
Total Time: 75.2399029732 s.
CANNOT MATCH THE SAME TRACE
Training FLANN.
Done.
Counting matches...
Hit:  /Users/quake0day/wholedavis3rd_video_short_2_b/path2_63/frame224.jpg
===========
ORIGNAL: /Users/quake0day/wholedavis3rd_video_short_2_b/path2_17/frame273.jpg
Counting matches...
Hit:  /Users/quake0day/wholedavis3rd_video_short_2_b/path2_41/frame105.jpg
===========
ORIGNAL: /Users/quake0day/wholedavis3rd_video_short_2_b/path2_17/frame260.jpg
Counting matches...
Hit:  /Users/quake0day/wholedavis3rd_video_short_2_b/path2_62/frame4.jpg
===========
ORIGNAL: /Users/quake0day/wholedavis3rd_video_short_2_b/path2_17/frame242.jpg
Counting matches...
Hit:  /Users/quake0day/wholedavis3rd_video_short_2_b/path2_28/frame61.jpg
===========
ORIGNAL: /Users/quake0day/wholedavis3rd_video_short_2_b/path2_17/frame27.jpg
Total Time: 19.9879970551 s.
CANNOT MATCH THE SAME TRACE
Training FLANN.
Done.
Counting matches...
Hit:  /Users/quake0day/wholedavis3rd_video_short_2_b/path2_66/frame21.jpg
===========
ORIGNAL: /Users/quake0day/wholedavis3rd_video_short_2_b/path2_30/frame125.jpg
Total Time: 85.0068638325 s.
CANNOT MATCH THE SAME TRACE
Training FLANN.
Done.
Counting matches...
Hit:  /Users/quake0day/wholedavis3rd_video_short_2_b/path2_50/frame10.jpg
===========
ORIGNAL: /Users/quake0day/wholedavis3rd_video_short_2_b/path2_9/frame84.jpg
Total Time: 80.7894020081 s.
CANNOT MATCH THE SAME TRACE
Training FLANN.
Done.
Counting matches...
Hit:  /Users/quake0day/wholedavis3rd_video_short_2_b/path2_63/frame10.jpg
===========
ORIGNAL: /Users/quake0day/wholedavis3rd_video_short_2_b/path2_62/frame178.jpg
Counting matches...
Hit:  /Users/quake0day/wholedavis3rd_video_short_2_b/path2_26/frame126.jpg
===========
ORIGNAL: /Users/quake0day/wholedavis3rd_video_short_2_b/path2_62/frame60.jpg
Counting matches...
Hit:  /Users/quake0day/wholedavis3rd_video_short_2_b/path2_63/frame13.jpg
===========
ORIGNAL: /Users/quake0day/wholedavis3rd_video_short_2_b/path2_62/frame88.jpg
Counting matches...
Hit:  /Users/quake0day/wholedavis3rd_video_short_2_b/path2_63/frame31.jpg
===========
ORIGNAL: /Users/quake0day/wholedavis3rd_video_short_2_b/path2_62/frame122.jpg
Counting matches...
Hit:  /Users/quake0day/wholedavis3rd_video_short_2_b/path2_46/frame129.jpg
===========
ORIGNAL: /Users/quake0day/wholedavis3rd_video_short_2_b/path2_62/frame4.jpg
Counting matches...
Hit:  /Users/quake0day/wholedavis3rd_video_short_2_b/path2_63/frame15.jpg
===========
ORIGNAL: /Users/quake0day/wholedavis3rd_video_short_2_b/path2_62/frame155.jpg
Counting matches...
Hit:  /Users/quake0day/wholedavis3rd_video_short_2_b/path2_66/frame269.jpg
===========
ORIGNAL: /Users/quake0day/wholedavis3rd_video_short_2_b/path2_62/frame113.jpg
Total Time: 102.146902084 s.
CANNOT MATCH THE SAME TRACE
Training FLANN.
Done.
Counting matches...
Hit:  /Users/quake0day/wholedavis3rd_video_short_2_b/path2_65/frame110.jpg
===========
ORIGNAL: /Users/quake0day/wholedavis3rd_video_short_2_b/path2_26/frame163.jpg
Counting matches...
Hit:  /Users/quake0day/wholedavis3rd_video_short_2_b/path2_63/frame224.jpg
===========
ORIGNAL: /Users/quake0day/wholedavis3rd_video_short_2_b/path2_26/frame6.jpg
Counting matches...
Hit:  /Users/quake0day/wholedavis3rd_video_short_2_b/path2_65/frame129.jpg
===========
ORIGNAL: /Users/quake0day/wholedavis3rd_video_short_2_b/path2_26/frame172.jpg
Total Time: 92.4263541698 s.
CANNOT MATCH THE SAME TRACE
Training FLANN.
Done.
Counting matches...
Hit:  /Users/quake0day/wholedavis3rd_video_short_2_b/path2_9/frame128.jpg
===========
ORIGNAL: /Users/quake0day/wholedavis3rd_video_short_2_b/path2_50/frame15.jpg
Counting matches...
Hit:  /Users/quake0day/wholedavis3rd_video_short_2_b/path2_51/frame26.jpg
===========
ORIGNAL: /Users/quake0day/wholedavis3rd_video_short_2_b/path2_50/frame123.jpg
Counting matches...
Hit:  /Users/quake0day/wholedavis3rd_video_short_2_b/path2_51/frame4.jpg
===========
ORIGNAL: /Users/quake0day/wholedavis3rd_video_short_2_b/path2_50/frame74.jpg
Total Time: 39.5066249371 s.
CANNOT MATCH THE SAME TRACE
Total Time: 6.89426708221 s.
CANNOT MATCH THE SAME TRACE
Training FLANN.
Done.
Counting matches...
Hit:  /Users/quake0day/wholedavis3rd_video_short_2_b/path2_48/frame25.jpg
===========
ORIGNAL: /Users/quake0day/wholedavis3rd_video_short_2_b/path2_46/frame129.jpg
Counting matches...
Hit:  /Users/quake0day/wholedavis3rd_video_short_2_b/path2_66/frame21.jpg
===========
ORIGNAL: /Users/quake0day/wholedavis3rd_video_short_2_b/path2_46/frame73.jpg
Counting matches...
Hit:  /Users/quake0day/wholedavis3rd_video_short_2_b/path2_67/frame125.jpg
===========
ORIGNAL: /Users/quake0day/wholedavis3rd_video_short_2_b/path2_46/frame79.jpg
Counting matches...
Hit:  /Users/quake0day/wholedavis3rd_video_short_2_b/path2_66/frame21.jpg
===========
ORIGNAL: /Users/quake0day/wholedavis3rd_video_short_2_b/path2_46/frame47.jpg
Total Time: 84.0376298428 s.
CANNOT MATCH THE SAME TRACE
Training FLANN.
Done.
Counting matches...
Hit:  /Users/quake0day/wholedavis3rd_video_short_2_b/path2_67/frame127.jpg
===========
ORIGNAL: /Users/quake0day/wholedavis3rd_video_short_2_b/path2_56/frame27.jpg
Counting matches...
Hit:  /Users/quake0day/wholedavis3rd_video_short_2_b/path2_67/frame125.jpg
===========
ORIGNAL: /Users/quake0day/wholedavis3rd_video_short_2_b/path2_56/frame37.jpg
Counting matches...
Hit:  /Users/quake0day/wholedavis3rd_video_short_2_b/path2_67/frame125.jpg
===========
ORIGNAL: /Users/quake0day/wholedavis3rd_video_short_2_b/path2_56/frame23.jpg
Counting matches...
Hit:  /Users/quake0day/wholedavis3rd_video_short_2_b/path2_67/frame127.jpg
===========
ORIGNAL: /Users/quake0day/wholedavis3rd_video_short_2_b/path2_56/frame78.jpg
Counting matches...
Hit:  /Users/quake0day/wholedavis3rd_video_short_2_b/path2_5/frame27.jpg
===========
ORIGNAL: /Users/quake0day/wholedavis3rd_video_short_2_b/path2_56/frame29.jpg
Counting matches...
Hit:  /Users/quake0day/wholedavis3rd_video_short_2_b/path2_67/frame127.jpg
===========
ORIGNAL: /Users/quake0day/wholedavis3rd_video_short_2_b/path2_56/frame154.jpg
Counting matches...
Hit:  /Users/quake0day/wholedavis3rd_video_short_2_b/path2_67/frame104.jpg
===========
ORIGNAL: /Users/quake0day/wholedavis3rd_video_short_2_b/path2_56/frame139.jpg
Total Time: 68.8817360401 s.
CANNOT MATCH THE SAME TRACE
Training FLANN.
Done.
Counting matches...
Hit:  /Users/quake0day/wholedavis3rd_video_short_2_b/path2_30/frame97.jpg
===========
ORIGNAL: /Users/quake0day/wholedavis3rd_video_short_2_b/path2_22/frame11.jpg
Total Time: 51.1685020924 s.
