CANNOT MATCH THE SAME TRACE
Training FLANN.
Done.
Counting matches...
Hit:  /Users/quake0day/wholedavis3rd_video_short_2_b/path2_47/frame105.jpg
===========
ORIGNAL: /Users/quake0day/wholedavis3rd_video_short_2_b/path2_38/frame169.jpg
Counting matches...
Hit:  /Users/quake0day/wholedavis3rd_video_short_2_b/path2_60/frame189.jpg
===========
ORIGNAL: /Users/quake0day/wholedavis3rd_video_short_2_b/path2_38/frame22.jpg
Counting matches...
Hit:  /Users/quake0day/wholedavis3rd_video_short_2_b/path2_37/frame226.jpg
===========
ORIGNAL: /Users/quake0day/wholedavis3rd_video_short_2_b/path2_38/frame244.jpg
Total Time: 419.446175098 s.
CANNOT MATCH THE SAME TRACE
Training FLANN.
Done.
Counting matches...
Hit:  /Users/quake0day/wholedavis3rd_video_short_2_b/path2_0/frame20.jpg
===========
ORIGNAL: /Users/quake0day/wholedavis3rd_video_short_2_b/path2_1/frame110.jpg
Counting matches...
Hit:  /Users/quake0day/wholedavis3rd_video_short_2_b/path2_0/frame20.jpg
===========
ORIGNAL: /Users/quake0day/wholedavis3rd_video_short_2_b/path2_1/frame15.jpg
Counting matches...
Hit:  /Users/quake0day/wholedavis3rd_video_short_2_b/path2_0/frame16.jpg
===========
ORIGNAL: /Users/quake0day/wholedavis3rd_video_short_2_b/path2_1/frame454.jpg
Counting matches...
Hit:  /Users/quake0day/wholedavis3rd_video_short_2_b/path2_0/frame16.jpg
===========
ORIGNAL: /Users/quake0day/wholedavis3rd_video_short_2_b/path2_1/frame38.jpg
Total Time: 203.078051805 s.
CANNOT MATCH THE SAME TRACE
Training FLANN.
Done.
Counting matches...
Hit:  /Users/quake0day/wholedavis3rd_video_short_2_b/path2_57/frame4.jpg
===========
ORIGNAL: /Users/quake0day/wholedavis3rd_video_short_2_b/path2_18/frame82.jpg
Total Time: 199.919689894 s.
CANNOT MATCH THE SAME TRACE
Training FLANN.
Done.
Counting matches...
Hit:  /Users/quake0day/wholedavis3rd_video_short_2_b/path2_64/frame202.jpg
===========
ORIGNAL: /Users/quake0day/wholedavis3rd_video_short_2_b/path2_61/frame326.jpg
Counting matches...
Hit:  /Users/quake0day/wholedavis3rd_video_short_2_b/path2_23/frame157.jpg
===========
ORIGNAL: /Users/quake0day/wholedavis3rd_video_short_2_b/path2_61/frame253.jpg
Counting matches...
Hit:  /Users/quake0day/wholedavis3rd_video_short_2_b/path2_23/frame166.jpg
===========
ORIGNAL: /Users/quake0day/wholedavis3rd_video_short_2_b/path2_61/frame328.jpg
Counting matches...
Hit:  /Users/quake0day/wholedavis3rd_video_short_2_b/path2_23/frame112.jpg
===========
ORIGNAL: /Users/quake0day/wholedavis3rd_video_short_2_b/path2_61/frame202.jpg
Counting matches...
Hit:  /Users/quake0day/wholedavis3rd_video_short_2_b/path2_22/frame133.jpg
===========
ORIGNAL: /Users/quake0day/wholedavis3rd_video_short_2_b/path2_61/frame116.jpg
Counting matches...
Hit:  /Users/quake0day/wholedavis3rd_video_short_2_b/path2_23/frame112.jpg
===========
ORIGNAL: /Users/quake0day/wholedavis3rd_video_short_2_b/path2_61/frame189.jpg
Counting matches...
Hit:  /Users/quake0day/wholedavis3rd_video_short_2_b/path2_23/frame177.jpg
===========
ORIGNAL: /Users/quake0day/wholedavis3rd_video_short_2_b/path2_61/frame277.jpg
Counting matches...
Hit:  /Users/quake0day/wholedavis3rd_video_short_2_b/path2_22/frame133.jpg
===========
ORIGNAL: /Users/quake0day/wholedavis3rd_video_short_2_b/path2_61/frame148.jpg
Counting matches...
Hit:  /Users/quake0day/wholedavis3rd_video_short_2_b/path2_22/frame133.jpg
===========
ORIGNAL: /Users/quake0day/wholedavis3rd_video_short_2_b/path2_61/frame77.jpg
Counting matches...
Hit:  /Users/quake0day/wholedavis3rd_video_short_2_b/path2_23/frame157.jpg
===========
ORIGNAL: /Users/quake0day/wholedavis3rd_video_short_2_b/path2_61/frame239.jpg
Counting matches...
Hit:  /Users/quake0day/wholedavis3rd_video_short_2_b/path2_46/frame129.jpg
===========
ORIGNAL: /Users/quake0day/wholedavis3rd_video_short_2_b/path2_61/frame412.jpg
Counting matches...
Hit:  /Users/quake0day/wholedavis3rd_video_short_2_b/path2_23/frame166.jpg
===========
ORIGNAL: /Users/quake0day/wholedavis3rd_video_short_2_b/path2_61/frame312.jpg
Counting matches...
Hit:  /Users/quake0day/wholedavis3rd_video_short_2_b/path2_23/frame177.jpg
===========
ORIGNAL: /Users/quake0day/wholedavis3rd_video_short_2_b/path2_61/frame306.jpg
Counting matches...
Hit:  /Users/quake0day/wholedavis3rd_video_short_2_b/path2_23/frame166.jpg
===========
ORIGNAL: /Users/quake0day/wholedavis3rd_video_short_2_b/path2_61/frame280.jpg
Counting matches...
Hit:  /Users/quake0day/wholedavis3rd_video_short_2_b/path2_22/frame133.jpg
===========
ORIGNAL: /Users/quake0day/wholedavis3rd_video_short_2_b/path2_61/frame81.jpg
Counting matches...
Hit:  /Users/quake0day/wholedavis3rd_video_short_2_b/path2_46/frame129.jpg
===========
ORIGNAL: /Users/quake0day/wholedavis3rd_video_short_2_b/path2_61/frame409.jpg
Counting matches...
Hit:  /Users/quake0day/wholedavis3rd_video_short_2_b/path2_23/frame157.jpg
===========
ORIGNAL: /Users/quake0day/wholedavis3rd_video_short_2_b/path2_61/frame255.jpg
Counting matches...
Hit:  /Users/quake0day/wholedavis3rd_video_short_2_b/path2_22/frame133.jpg
===========
ORIGNAL: /Users/quake0day/wholedavis3rd_video_short_2_b/path2_61/frame86.jpg
Counting matches...
Hit:  /Users/quake0day/wholedavis3rd_video_short_2_b/path2_23/frame177.jpg
===========
ORIGNAL: /Users/quake0day/wholedavis3rd_video_short_2_b/path2_61/frame302.jpg
Counting matches...
Hit:  /Users/quake0day/wholedavis3rd_video_short_2_b/path2_23/frame156.jpg
===========
ORIGNAL: /Users/quake0day/wholedavis3rd_video_short_2_b/path2_61/frame226.jpg
Counting matches...
Hit:  /Users/quake0day/wholedavis3rd_video_short_2_b/path2_23/frame156.jpg
===========
ORIGNAL: /Users/quake0day/wholedavis3rd_video_short_2_b/path2_61/frame208.jpg
Counting matches...
Hit:  /Users/quake0day/wholedavis3rd_video_short_2_b/path2_67/frame208.jpg
===========
ORIGNAL: /Users/quake0day/wholedavis3rd_video_short_2_b/path2_61/frame359.jpg
Counting matches...
Hit:  /Users/quake0day/wholedavis3rd_video_short_2_b/path2_23/frame177.jpg
===========
ORIGNAL: /Users/quake0day/wholedavis3rd_video_short_2_b/path2_61/frame336.jpg
Counting matches...
Hit:  /Users/quake0day/wholedavis3rd_video_short_2_b/path2_23/frame112.jpg
===========
ORIGNAL: /Users/quake0day/wholedavis3rd_video_short_2_b/path2_61/frame130.jpg
Total Time: 527.769895077 s.
CANNOT MATCH THE SAME TRACE
Training FLANN.
Done.
Counting matches...
Hit:  /Users/quake0day/wholedavis3rd_video_short_2_b/path2_61/frame18.jpg
===========
ORIGNAL: /Users/quake0day/wholedavis3rd_video_short_2_b/path2_22/frame90.jpg
Counting matches...
Hit:  /Users/quake0day/wholedavis3rd_video_short_2_b/path2_60/frame227.jpg
===========
ORIGNAL: /Users/quake0day/wholedavis3rd_video_short_2_b/path2_22/frame11.jpg
Total Time: 204.334820032 s.
CANNOT MATCH THE SAME TRACE
Training FLANN.
Done.
Counting matches...
Hit:  /Users/quake0day/wholedavis3rd_video_short_2_b/path2_33/frame131.jpg
===========
ORIGNAL: /Users/quake0day/wholedavis3rd_video_short_2_b/path2_7/frame67.jpg
Counting matches...
Hit:  /Users/quake0day/wholedavis3rd_video_short_2_b/path2_67/frame104.jpg
===========
ORIGNAL: /Users/quake0day/wholedavis3rd_video_short_2_b/path2_7/frame199.jpg
Counting matches...
Hit:  /Users/quake0day/wholedavis3rd_video_short_2_b/path2_41/frame181.jpg
===========
ORIGNAL: /Users/quake0day/wholedavis3rd_video_short_2_b/path2_7/frame56.jpg
Total Time: 68.9869809151 s.
CANNOT MATCH THE SAME TRACE
Training FLANN.
Done.
Counting matches...
Hit:  /Users/quake0day/wholedavis3rd_video_short_2_b/path2_58/frame47.jpg
===========
ORIGNAL: /Users/quake0day/wholedavis3rd_video_short_2_b/path2_43/frame82.jpg
Counting matches...
Hit:  /Users/quake0day/wholedavis3rd_video_short_2_b/path2_44/frame25.jpg
===========
ORIGNAL: /Users/quake0day/wholedavis3rd_video_short_2_b/path2_43/frame138.jpg
Counting matches...
Hit:  /Users/quake0day/wholedavis3rd_video_short_2_b/path2_44/frame15.jpg
===========
ORIGNAL: /Users/quake0day/wholedavis3rd_video_short_2_b/path2_43/frame48.jpg
Total Time: 340.049053192 s.
CANNOT MATCH THE SAME TRACE
Training FLANN.
Done.
Counting matches...
Hit:  /Users/quake0day/wholedavis3rd_video_short_2_b/path2_11/frame157.jpg
===========
ORIGNAL: /Users/quake0day/wholedavis3rd_video_short_2_b/path2_53/frame19.jpg
Counting matches...
Hit:  /Users/quake0day/wholedavis3rd_video_short_2_b/path2_11/frame188.jpg
===========
ORIGNAL: /Users/quake0day/wholedavis3rd_video_short_2_b/path2_53/frame92.jpg
Counting matches...
Hit:  /Users/quake0day/wholedavis3rd_video_short_2_b/path2_11/frame188.jpg
===========
ORIGNAL: /Users/quake0day/wholedavis3rd_video_short_2_b/path2_53/frame58.jpg
Counting matches...
Hit:  /Users/quake0day/wholedavis3rd_video_short_2_b/path2_11/frame188.jpg
===========
ORIGNAL: /Users/quake0day/wholedavis3rd_video_short_2_b/path2_53/frame67.jpg
Counting matches...
Hit:  /Users/quake0day/wholedavis3rd_video_short_2_b/path2_11/frame188.jpg
===========
ORIGNAL: /Users/quake0day/wholedavis3rd_video_short_2_b/path2_53/frame79.jpg
Counting matches...
Hit:  /Users/quake0day/wholedavis3rd_video_short_2_b/path2_12/frame44.jpg
===========
ORIGNAL: /Users/quake0day/wholedavis3rd_video_short_2_b/path2_53/frame128.jpg
Counting matches...
Hit:  /Users/quake0day/wholedavis3rd_video_short_2_b/path2_11/frame157.jpg
===========
ORIGNAL: /Users/quake0day/wholedavis3rd_video_short_2_b/path2_53/frame30.jpg
Counting matches...
Hit:  /Users/quake0day/wholedavis3rd_video_short_2_b/path2_12/frame44.jpg
===========
ORIGNAL: /Users/quake0day/wholedavis3rd_video_short_2_b/path2_53/frame169.jpg
Counting matches...
Hit:  /Users/quake0day/wholedavis3rd_video_short_2_b/path2_12/frame44.jpg
===========
ORIGNAL: /Users/quake0day/wholedavis3rd_video_short_2_b/path2_53/frame143.jpg
Total Time: 312.009243011 s.
CANNOT MATCH THE SAME TRACE
Training FLANN.
Done.
Counting matches...
Hit:  /Users/quake0day/wholedavis3rd_video_short_2_b/path2_66/frame21.jpg
===========
ORIGNAL: /Users/quake0day/wholedavis3rd_video_short_2_b/path2_30/frame125.jpg
Total Time: 330.777997017 s.
CANNOT MATCH THE SAME TRACE
Training FLANN.
Done.
Counting matches...
Hit:  /Users/quake0day/wholedavis3rd_video_short_2_b/path2_53/frame169.jpg
===========
ORIGNAL: /Users/quake0day/wholedavis3rd_video_short_2_b/path2_12/frame73.jpg
Counting matches...
Hit:  /Users/quake0day/wholedavis3rd_video_short_2_b/path2_54/frame101.jpg
===========
ORIGNAL: /Users/quake0day/wholedavis3rd_video_short_2_b/path2_12/frame153.jpg
Counting matches...
Hit:  /Users/quake0day/wholedavis3rd_video_short_2_b/path2_54/frame24.jpg
===========
ORIGNAL: /Users/quake0day/wholedavis3rd_video_short_2_b/path2_12/frame101.jpg
Counting matches...
Hit:  /Users/quake0day/wholedavis3rd_video_short_2_b/path2_54/frame4.jpg
===========
ORIGNAL: /Users/quake0day/wholedavis3rd_video_short_2_b/path2_12/frame82.jpg
Counting matches...
Hit:  /Users/quake0day/wholedavis3rd_video_short_2_b/path2_54/frame101.jpg
===========
ORIGNAL: /Users/quake0day/wholedavis3rd_video_short_2_b/path2_12/frame163.jpg
Total Time: 295.201246977 s.
CANNOT MATCH THE SAME TRACE
Training FLANN.
Done.
Counting matches...
Hit:  /Users/quake0day/wholedavis3rd_video_short_2_b/path2_66/frame6.jpg
===========
ORIGNAL: /Users/quake0day/wholedavis3rd_video_short_2_b/path2_31/frame6.jpg
Counting matches...
Hit:  /Users/quake0day/wholedavis3rd_video_short_2_b/path2_67/frame125.jpg
===========
ORIGNAL: /Users/quake0day/wholedavis3rd_video_short_2_b/path2_31/frame17.jpg
Counting matches...
Hit:  /Users/quake0day/wholedavis3rd_video_short_2_b/path2_66/frame6.jpg
===========
ORIGNAL: /Users/quake0day/wholedavis3rd_video_short_2_b/path2_31/frame159.jpg
Counting matches...
Hit:  /Users/quake0day/wholedavis3rd_video_short_2_b/path2_57/frame30.jpg
===========
ORIGNAL: /Users/quake0day/wholedavis3rd_video_short_2_b/path2_31/frame256.jpg
Counting matches...
Hit:  /Users/quake0day/wholedavis3rd_video_short_2_b/path2_67/frame118.jpg
===========
ORIGNAL: /Users/quake0day/wholedavis3rd_video_short_2_b/path2_31/frame125.jpg
Counting matches...
Hit:  /Users/quake0day/wholedavis3rd_video_short_2_b/path2_57/frame30.jpg
===========
ORIGNAL: /Users/quake0day/wholedavis3rd_video_short_2_b/path2_31/frame267.jpg
Counting matches...
Hit:  /Users/quake0day/wholedavis3rd_video_short_2_b/path2_67/frame118.jpg
===========
ORIGNAL: /Users/quake0day/wholedavis3rd_video_short_2_b/path2_31/frame116.jpg
Counting matches...
Hit:  /Users/quake0day/wholedavis3rd_video_short_2_b/path2_63/frame153.jpg
===========
ORIGNAL: /Users/quake0day/wholedavis3rd_video_short_2_b/path2_31/frame275.jpg
Counting matches...
Hit:  /Users/quake0day/wholedavis3rd_video_short_2_b/path2_67/frame118.jpg
===========
ORIGNAL: /Users/quake0day/wholedavis3rd_video_short_2_b/path2_31/frame165.jpg
Total Time: 405.869889975 s.
CANNOT MATCH THE SAME TRACE
Training FLANN.
Done.
Counting matches...
Hit:  /Users/quake0day/wholedavis3rd_video_short_2_b/path2_66/frame21.jpg
===========
ORIGNAL: /Users/quake0day/wholedavis3rd_video_short_2_b/path2_55/frame158.jpg
Counting matches...
Hit:  /Users/quake0day/wholedavis3rd_video_short_2_b/path2_56/frame23.jpg
===========
ORIGNAL: /Users/quake0day/wholedavis3rd_video_short_2_b/path2_55/frame341.jpg
Counting matches...
Hit:  /Users/quake0day/wholedavis3rd_video_short_2_b/path2_59/frame162.jpg
===========
ORIGNAL: /Users/quake0day/wholedavis3rd_video_short_2_b/path2_55/frame295.jpg
Counting matches...
Hit:  /Users/quake0day/wholedavis3rd_video_short_2_b/path2_64/frame139.jpg
===========
ORIGNAL: /Users/quake0day/wholedavis3rd_video_short_2_b/path2_55/frame229.jpg
Counting matches...
Hit:  /Users/quake0day/wholedavis3rd_video_short_2_b/path2_66/frame111.jpg
===========
ORIGNAL: /Users/quake0day/wholedavis3rd_video_short_2_b/path2_55/frame282.jpg
Counting matches...
Hit:  /Users/quake0day/wholedavis3rd_video_short_2_b/path2_56/frame27.jpg
===========
ORIGNAL: /Users/quake0day/wholedavis3rd_video_short_2_b/path2_55/frame333.jpg
Counting matches...
Hit:  /Users/quake0day/wholedavis3rd_video_short_2_b/path2_20/frame16.jpg
===========
ORIGNAL: /Users/quake0day/wholedavis3rd_video_short_2_b/path2_55/frame248.jpg
Counting matches...
Hit:  /Users/quake0day/wholedavis3rd_video_short_2_b/path2_54/frame179.jpg
===========
ORIGNAL: /Users/quake0day/wholedavis3rd_video_short_2_b/path2_55/frame42.jpg
Counting matches...
Hit:  /Users/quake0day/wholedavis3rd_video_short_2_b/path2_54/frame179.jpg
===========
ORIGNAL: /Users/quake0day/wholedavis3rd_video_short_2_b/path2_55/frame30.jpg
Counting matches...
Hit:  /Users/quake0day/wholedavis3rd_video_short_2_b/path2_59/frame58.jpg
===========
ORIGNAL: /Users/quake0day/wholedavis3rd_video_short_2_b/path2_55/frame135.jpg
Counting matches...
Hit:  /Users/quake0day/wholedavis3rd_video_short_2_b/path2_65/frame121.jpg
===========
ORIGNAL: /Users/quake0day/wholedavis3rd_video_short_2_b/path2_55/frame149.jpg
Counting matches...
Hit:  /Users/quake0day/wholedavis3rd_video_short_2_b/path2_56/frame27.jpg
===========
ORIGNAL: /Users/quake0day/wholedavis3rd_video_short_2_b/path2_55/frame273.jpg
Counting matches...
Hit:  /Users/quake0day/wholedavis3rd_video_short_2_b/path2_54/frame176.jpg
===========
ORIGNAL: /Users/quake0day/wholedavis3rd_video_short_2_b/path2_55/frame84.jpg
Counting matches...
Hit:  /Users/quake0day/wholedavis3rd_video_short_2_b/path2_56/frame23.jpg
===========
ORIGNAL: /Users/quake0day/wholedavis3rd_video_short_2_b/path2_55/frame276.jpg
Counting matches...
Hit:  /Users/quake0day/wholedavis3rd_video_short_2_b/path2_20/frame121.jpg
===========
ORIGNAL: /Users/quake0day/wholedavis3rd_video_short_2_b/path2_55/frame281.jpg
Counting matches...
Hit:  /Users/quake0day/wholedavis3rd_video_short_2_b/path2_54/frame179.jpg
===========
ORIGNAL: /Users/quake0day/wholedavis3rd_video_short_2_b/path2_55/frame1.jpg
Counting matches...
Hit:  /Users/quake0day/wholedavis3rd_video_short_2_b/path2_54/frame170.jpg
===========
ORIGNAL: /Users/quake0day/wholedavis3rd_video_short_2_b/path2_55/frame55.jpg
Counting matches...
Hit:  /Users/quake0day/wholedavis3rd_video_short_2_b/path2_56/frame29.jpg
===========
ORIGNAL: /Users/quake0day/wholedavis3rd_video_short_2_b/path2_55/frame265.jpg
Counting matches...
Hit:  /Users/quake0day/wholedavis3rd_video_short_2_b/path2_67/frame125.jpg
===========
ORIGNAL: /Users/quake0day/wholedavis3rd_video_short_2_b/path2_55/frame173.jpg
Counting matches...
Hit:  /Users/quake0day/wholedavis3rd_video_short_2_b/path2_20/frame121.jpg
===========
ORIGNAL: /Users/quake0day/wholedavis3rd_video_short_2_b/path2_55/frame129.jpg
Counting matches...
Hit:  /Users/quake0day/wholedavis3rd_video_short_2_b/path2_60/frame151.jpg
===========
ORIGNAL: /Users/quake0day/wholedavis3rd_video_short_2_b/path2_55/frame26.jpg
Total Time: 455.430329084 s.
CANNOT MATCH THE SAME TRACE
Training FLANN.
Done.
Counting matches...
Hit:  /Users/quake0day/wholedavis3rd_video_short_2_b/path2_67/frame100.jpg
===========
ORIGNAL: /Users/quake0day/wholedavis3rd_video_short_2_b/path2_0/frame313.jpg
Total Time: 111.138771057 s.
CANNOT MATCH THE SAME TRACE
Total Time: 27.0848009586 s.
CANNOT MATCH THE SAME TRACE
Training FLANN.
Done.
Counting matches...
Hit:  /Users/quake0day/wholedavis3rd_video_short_2_b/path2_46/frame175.jpg
===========
ORIGNAL: /Users/quake0day/wholedavis3rd_video_short_2_b/path2_47/frame30.jpg
Counting matches...
Hit:  /Users/quake0day/wholedavis3rd_video_short_2_b/path2_5/frame100.jpg
===========
ORIGNAL: /Users/quake0day/wholedavis3rd_video_short_2_b/path2_47/frame157.jpg
Counting matches...
Hit:  /Users/quake0day/wholedavis3rd_video_short_2_b/path2_5/frame100.jpg
===========
ORIGNAL: /Users/quake0day/wholedavis3rd_video_short_2_b/path2_47/frame125.jpg
Counting matches...
Hit:  /Users/quake0day/wholedavis3rd_video_short_2_b/path2_5/frame11.jpg
===========
ORIGNAL: /Users/quake0day/wholedavis3rd_video_short_2_b/path2_47/frame73.jpg
Counting matches...
Hit:  /Users/quake0day/wholedavis3rd_video_short_2_b/path2_5/frame100.jpg
===========
ORIGNAL: /Users/quake0day/wholedavis3rd_video_short_2_b/path2_47/frame142.jpg
Counting matches...
Hit:  /Users/quake0day/wholedavis3rd_video_short_2_b/path2_5/frame100.jpg
===========
ORIGNAL: /Users/quake0day/wholedavis3rd_video_short_2_b/path2_47/frame129.jpg
Counting matches...
Hit:  /Users/quake0day/wholedavis3rd_video_short_2_b/path2_46/frame181.jpg
===========
ORIGNAL: /Users/quake0day/wholedavis3rd_video_short_2_b/path2_47/frame7.jpg
Counting matches...
Hit:  /Users/quake0day/wholedavis3rd_video_short_2_b/path2_46/frame154.jpg
===========
ORIGNAL: /Users/quake0day/wholedavis3rd_video_short_2_b/path2_47/frame109.jpg
Counting matches...
Hit:  /Users/quake0day/wholedavis3rd_video_short_2_b/path2_5/frame100.jpg
===========
ORIGNAL: /Users/quake0day/wholedavis3rd_video_short_2_b/path2_47/frame152.jpg
Counting matches...
Hit:  /Users/quake0day/wholedavis3rd_video_short_2_b/path2_46/frame175.jpg
===========
ORIGNAL: /Users/quake0day/wholedavis3rd_video_short_2_b/path2_47/frame19.jpg
Counting matches...
Hit:  /Users/quake0day/wholedavis3rd_video_short_2_b/path2_4/frame14.jpg
===========
ORIGNAL: /Users/quake0day/wholedavis3rd_video_short_2_b/path2_47/frame61.jpg
Counting matches...
Hit:  /Users/quake0day/wholedavis3rd_video_short_2_b/path2_46/frame175.jpg
===========
ORIGNAL: /Users/quake0day/wholedavis3rd_video_short_2_b/path2_47/frame22.jpg
Counting matches...
Hit:  /Users/quake0day/wholedavis3rd_video_short_2_b/path2_4/frame14.jpg
===========
ORIGNAL: /Users/quake0day/wholedavis3rd_video_short_2_b/path2_47/frame57.jpg
Counting matches...
Hit:  /Users/quake0day/wholedavis3rd_video_short_2_b/path2_46/frame175.jpg
===========
ORIGNAL: /Users/quake0day/wholedavis3rd_video_short_2_b/path2_47/frame1.jpg
Total Time: 431.019444942 s.
CANNOT MATCH THE SAME TRACE
Training FLANN.
Done.
Counting matches...
Hit:  /Users/quake0day/wholedavis3rd_video_short_2_b/path2_54/frame101.jpg
===========
ORIGNAL: /Users/quake0day/wholedavis3rd_video_short_2_b/path2_51/frame128.jpg
Counting matches...
Hit:  /Users/quake0day/wholedavis3rd_video_short_2_b/path2_50/frame123.jpg
===========
ORIGNAL: /Users/quake0day/wholedavis3rd_video_short_2_b/path2_51/frame46.jpg
Counting matches...
Hit:  /Users/quake0day/wholedavis3rd_video_short_2_b/path2_50/frame110.jpg
===========
ORIGNAL: /Users/quake0day/wholedavis3rd_video_short_2_b/path2_51/frame96.jpg
Counting matches...
Hit:  /Users/quake0day/wholedavis3rd_video_short_2_b/path2_50/frame123.jpg
===========
ORIGNAL: /Users/quake0day/wholedavis3rd_video_short_2_b/path2_51/frame55.jpg
Counting matches...
Hit:  /Users/quake0day/wholedavis3rd_video_short_2_b/path2_50/frame110.jpg
===========
ORIGNAL: /Users/quake0day/wholedavis3rd_video_short_2_b/path2_51/frame132.jpg
Counting matches...
Hit:  /Users/quake0day/wholedavis3rd_video_short_2_b/path2_50/frame123.jpg
===========
ORIGNAL: /Users/quake0day/wholedavis3rd_video_short_2_b/path2_51/frame35.jpg
Total Time: 335.896048069 s.
CANNOT MATCH THE SAME TRACE
Training FLANN.
Done.
Counting matches...
Hit:  /Users/quake0day/wholedavis3rd_video_short_2_b/path2_66/frame236.jpg
===========
ORIGNAL: /Users/quake0day/wholedavis3rd_video_short_2_b/path2_28/frame160.jpg
Counting matches...
Hit:  /Users/quake0day/wholedavis3rd_video_short_2_b/path2_66/frame178.jpg
===========
ORIGNAL: /Users/quake0day/wholedavis3rd_video_short_2_b/path2_28/frame65.jpg
Counting matches...
Hit:  /Users/quake0day/wholedavis3rd_video_short_2_b/path2_18/frame19.jpg
===========
ORIGNAL: /Users/quake0day/wholedavis3rd_video_short_2_b/path2_28/frame177.jpg
Counting matches...
Hit:  /Users/quake0day/wholedavis3rd_video_short_2_b/path2_66/frame227.jpg
===========
ORIGNAL: /Users/quake0day/wholedavis3rd_video_short_2_b/path2_28/frame112.jpg
Total Time: 375.518214941 s.
CANNOT MATCH THE SAME TRACE
Training FLANN.
Done.
Counting matches...
Hit:  /Users/quake0day/wholedavis3rd_video_short_2_b/path2_22/frame11.jpg
===========
ORIGNAL: /Users/quake0day/wholedavis3rd_video_short_2_b/path2_13/frame162.jpg
Counting matches...
Hit:  /Users/quake0day/wholedavis3rd_video_short_2_b/path2_54/frame144.jpg
===========
ORIGNAL: /Users/quake0day/wholedavis3rd_video_short_2_b/path2_13/frame15.jpg
Counting matches...
Hit:  /Users/quake0day/wholedavis3rd_video_short_2_b/path2_54/frame144.jpg
===========
ORIGNAL: /Users/quake0day/wholedavis3rd_video_short_2_b/path2_13/frame22.jpg
Total Time: 287.59795785 s.
CANNOT MATCH THE SAME TRACE
Training FLANN.
Done.
Counting matches...
Hit:  /Users/quake0day/wholedavis3rd_video_short_2_b/path2_56/frame154.jpg
===========
ORIGNAL: /Users/quake0day/wholedavis3rd_video_short_2_b/path2_57/frame53.jpg
Counting matches...
Hit:  /Users/quake0day/wholedavis3rd_video_short_2_b/path2_25/frame194.jpg
===========
ORIGNAL: /Users/quake0day/wholedavis3rd_video_short_2_b/path2_57/frame30.jpg
Counting matches...
Hit:  /Users/quake0day/wholedavis3rd_video_short_2_b/path2_58/frame6.jpg
===========
ORIGNAL: /Users/quake0day/wholedavis3rd_video_short_2_b/path2_57/frame158.jpg
Counting matches...
Hit:  /Users/quake0day/wholedavis3rd_video_short_2_b/path2_18/frame155.jpg
===========
ORIGNAL: /Users/quake0day/wholedavis3rd_video_short_2_b/path2_57/frame100.jpg
Counting matches...
Hit:  /Users/quake0day/wholedavis3rd_video_short_2_b/path2_18/frame155.jpg
===========
ORIGNAL: /Users/quake0day/wholedavis3rd_video_short_2_b/path2_57/frame80.jpg
Counting matches...
Hit:  /Users/quake0day/wholedavis3rd_video_short_2_b/path2_18/frame155.jpg
===========
ORIGNAL: /Users/quake0day/wholedavis3rd_video_short_2_b/path2_57/frame107.jpg
Counting matches...
Hit:  /Users/quake0day/wholedavis3rd_video_short_2_b/path2_18/frame155.jpg
===========
ORIGNAL: /Users/quake0day/wholedavis3rd_video_short_2_b/path2_57/frame116.jpg
Counting matches...
Hit:  /Users/quake0day/wholedavis3rd_video_short_2_b/path2_18/frame155.jpg
===========
ORIGNAL: /Users/quake0day/wholedavis3rd_video_short_2_b/path2_57/frame28.jpg
Counting matches...
Hit:  /Users/quake0day/wholedavis3rd_video_short_2_b/path2_58/frame6.jpg
===========
ORIGNAL: /Users/quake0day/wholedavis3rd_video_short_2_b/path2_57/frame164.jpg
Total Time: 399.747108936 s.
CANNOT MATCH THE SAME TRACE
Training FLANN.
Done.
Counting matches...
Hit:  /Users/quake0day/wholedavis3rd_video_short_2_b/path2_5/frame27.jpg
===========
ORIGNAL: /Users/quake0day/wholedavis3rd_video_short_2_b/path2_4/frame14.jpg
Total Time: 223.415709972 s.
CANNOT MATCH THE SAME TRACE
Training FLANN.
Done.
Counting matches...
Hit:  /Users/quake0day/wholedavis3rd_video_short_2_b/path2_25/frame129.jpg
===========
ORIGNAL: /Users/quake0day/wholedavis3rd_video_short_2_b/path2_32/frame121.jpg
Counting matches...
Hit:  /Users/quake0day/wholedavis3rd_video_short_2_b/path2_11/frame97.jpg
===========
ORIGNAL: /Users/quake0day/wholedavis3rd_video_short_2_b/path2_32/frame171.jpg
Total Time: 231.429856062 s.
CANNOT MATCH THE SAME TRACE
Training FLANN.
Done.
Counting matches...
Hit:  /Users/quake0day/wholedavis3rd_video_short_2_b/path2_56/frame23.jpg
===========
ORIGNAL: /Users/quake0day/wholedavis3rd_video_short_2_b/path2_16/frame141.jpg
Counting matches...
Hit:  /Users/quake0day/wholedavis3rd_video_short_2_b/path2_15/frame193.jpg
===========
ORIGNAL: /Users/quake0day/wholedavis3rd_video_short_2_b/path2_16/frame37.jpg
Counting matches...
Hit:  /Users/quake0day/wholedavis3rd_video_short_2_b/path2_15/frame193.jpg
===========
ORIGNAL: /Users/quake0day/wholedavis3rd_video_short_2_b/path2_16/frame7.jpg
Counting matches...
Hit:  /Users/quake0day/wholedavis3rd_video_short_2_b/path2_15/frame188.jpg
===========
ORIGNAL: /Users/quake0day/wholedavis3rd_video_short_2_b/path2_16/frame21.jpg
Counting matches...
Hit:  /Users/quake0day/wholedavis3rd_video_short_2_b/path2_55/frame262.jpg
===========
ORIGNAL: /Users/quake0day/wholedavis3rd_video_short_2_b/path2_16/frame116.jpg
Counting matches...
Hit:  /Users/quake0day/wholedavis3rd_video_short_2_b/path2_55/frame262.jpg
===========
ORIGNAL: /Users/quake0day/wholedavis3rd_video_short_2_b/path2_16/frame102.jpg
Counting matches...
Hit:  /Users/quake0day/wholedavis3rd_video_short_2_b/path2_20/frame121.jpg
===========
ORIGNAL: /Users/quake0day/wholedavis3rd_video_short_2_b/path2_16/frame91.jpg
Counting matches...
Hit:  /Users/quake0day/wholedavis3rd_video_short_2_b/path2_55/frame262.jpg
===========
ORIGNAL: /Users/quake0day/wholedavis3rd_video_short_2_b/path2_16/frame100.jpg
Total Time: 324.958841085 s.
CANNOT MATCH THE SAME TRACE
Training FLANN.
Done.
Counting matches...
Hit:  /Users/quake0day/wholedavis3rd_video_short_2_b/path2_11/frame97.jpg
===========
ORIGNAL: /Users/quake0day/wholedavis3rd_video_short_2_b/path2_41/frame65.jpg
Counting matches...
Hit:  /Users/quake0day/wholedavis3rd_video_short_2_b/path2_36/frame107.jpg
===========
ORIGNAL: /Users/quake0day/wholedavis3rd_video_short_2_b/path2_41/frame157.jpg
Counting matches...
Hit:  /Users/quake0day/wholedavis3rd_video_short_2_b/path2_3/frame194.jpg
===========
ORIGNAL: /Users/quake0day/wholedavis3rd_video_short_2_b/path2_41/frame181.jpg
Total Time: 310.219830036 s.
CANNOT MATCH THE SAME TRACE
Training FLANN.
Done.
Counting matches...
Hit:  /Users/quake0day/wholedavis3rd_video_short_2_b/path2_63/frame10.jpg
===========
ORIGNAL: /Users/quake0day/wholedavis3rd_video_short_2_b/path2_62/frame178.jpg
Counting matches...
Hit:  /Users/quake0day/wholedavis3rd_video_short_2_b/path2_23/frame349.jpg
===========
ORIGNAL: /Users/quake0day/wholedavis3rd_video_short_2_b/path2_62/frame60.jpg
Counting matches...
Hit:  /Users/quake0day/wholedavis3rd_video_short_2_b/path2_23/frame349.jpg
===========
ORIGNAL: /Users/quake0day/wholedavis3rd_video_short_2_b/path2_62/frame88.jpg
Counting matches...
Hit:  /Users/quake0day/wholedavis3rd_video_short_2_b/path2_23/frame349.jpg
===========
ORIGNAL: /Users/quake0day/wholedavis3rd_video_short_2_b/path2_62/frame122.jpg
Counting matches...
Hit:  /Users/quake0day/wholedavis3rd_video_short_2_b/path2_33/frame137.jpg
===========
ORIGNAL: /Users/quake0day/wholedavis3rd_video_short_2_b/path2_62/frame4.jpg
Counting matches...
Hit:  /Users/quake0day/wholedavis3rd_video_short_2_b/path2_63/frame15.jpg
===========
ORIGNAL: /Users/quake0day/wholedavis3rd_video_short_2_b/path2_62/frame155.jpg
Counting matches...
Hit:  /Users/quake0day/wholedavis3rd_video_short_2_b/path2_23/frame349.jpg
===========
ORIGNAL: /Users/quake0day/wholedavis3rd_video_short_2_b/path2_62/frame113.jpg
Total Time: 410.961259127 s.
CANNOT MATCH THE SAME TRACE
Training FLANN.
Done.
Counting matches...
Hit:  /Users/quake0day/wholedavis3rd_video_short_2_b/path2_47/frame34.jpg
===========
ORIGNAL: /Users/quake0day/wholedavis3rd_video_short_2_b/path2_3/frame246.jpg
Total Time: 301.372372866 s.
CANNOT MATCH THE SAME TRACE
Training FLANN.
Done.
Counting matches...
Hit:  /Users/quake0day/wholedavis3rd_video_short_2_b/path2_18/frame19.jpg
===========
ORIGNAL: /Users/quake0day/wholedavis3rd_video_short_2_b/path2_39/frame145.jpg
Counting matches...
Hit:  /Users/quake0day/wholedavis3rd_video_short_2_b/path2_11/frame97.jpg
===========
ORIGNAL: /Users/quake0day/wholedavis3rd_video_short_2_b/path2_39/frame211.jpg
Counting matches...
Hit:  /Users/quake0day/wholedavis3rd_video_short_2_b/path2_60/frame151.jpg
===========
ORIGNAL: /Users/quake0day/wholedavis3rd_video_short_2_b/path2_39/frame62.jpg
Counting matches...
Hit:  /Users/quake0day/wholedavis3rd_video_short_2_b/path2_27/frame10.jpg
===========
ORIGNAL: /Users/quake0day/wholedavis3rd_video_short_2_b/path2_39/frame5.jpg
Total Time: 287.383388042 s.
CANNOT MATCH THE SAME TRACE
Training FLANN.
Done.
Counting matches...
Hit:  /Users/quake0day/wholedavis3rd_video_short_2_b/path2_36/frame159.jpg
===========
ORIGNAL: /Users/quake0day/wholedavis3rd_video_short_2_b/path2_37/frame43.jpg
Counting matches...
Hit:  /Users/quake0day/wholedavis3rd_video_short_2_b/path2_36/frame159.jpg
===========
ORIGNAL: /Users/quake0day/wholedavis3rd_video_short_2_b/path2_37/frame180.jpg
Counting matches...
Hit:  /Users/quake0day/wholedavis3rd_video_short_2_b/path2_44/frame101.jpg
===========
ORIGNAL: /Users/quake0day/wholedavis3rd_video_short_2_b/path2_37/frame156.jpg
Counting matches...
Hit:  /Users/quake0day/wholedavis3rd_video_short_2_b/path2_36/frame110.jpg
===========
ORIGNAL: /Users/quake0day/wholedavis3rd_video_short_2_b/path2_37/frame89.jpg
Total Time: 427.02596283 s.
CANNOT MATCH THE SAME TRACE
Training FLANN.
Done.
Counting matches...
Hit:  /Users/quake0day/wholedavis3rd_video_short_2_b/path2_67/frame125.jpg
===========
ORIGNAL: /Users/quake0day/wholedavis3rd_video_short_2_b/path2_34/frame253.jpg
Counting matches...
Hit:  /Users/quake0day/wholedavis3rd_video_short_2_b/path2_33/frame131.jpg
===========
ORIGNAL: /Users/quake0day/wholedavis3rd_video_short_2_b/path2_34/frame16.jpg
Counting matches...
Hit:  /Users/quake0day/wholedavis3rd_video_short_2_b/path2_37/frame244.jpg
===========
ORIGNAL: /Users/quake0day/wholedavis3rd_video_short_2_b/path2_34/frame33.jpg
Total Time: 309.429259777 s.
CANNOT MATCH THE SAME TRACE
Training FLANN.
Done.
Counting matches...
Hit:  /Users/quake0day/wholedavis3rd_video_short_2_b/path2_6/frame105.jpg
===========
ORIGNAL: /Users/quake0day/wholedavis3rd_video_short_2_b/path2_8/frame89.jpg
Total Time: 221.254729033 s.
CANNOT MATCH THE SAME TRACE
Training FLANN.
Done.
Counting matches...
Hit:  /Users/quake0day/wholedavis3rd_video_short_2_b/path2_41/frame148.jpg
===========
ORIGNAL: /Users/quake0day/wholedavis3rd_video_short_2_b/path2_35/frame135.jpg
Counting matches...
Hit:  /Users/quake0day/wholedavis3rd_video_short_2_b/path2_36/frame107.jpg
===========
ORIGNAL: /Users/quake0day/wholedavis3rd_video_short_2_b/path2_35/frame178.jpg
Counting matches...
Hit:  /Users/quake0day/wholedavis3rd_video_short_2_b/path2_9/frame147.jpg
===========
ORIGNAL: /Users/quake0day/wholedavis3rd_video_short_2_b/path2_35/frame145.jpg
Counting matches...
Hit:  /Users/quake0day/wholedavis3rd_video_short_2_b/path2_20/frame7.jpg
===========
ORIGNAL: /Users/quake0day/wholedavis3rd_video_short_2_b/path2_35/frame184.jpg
Counting matches...
Hit:  /Users/quake0day/wholedavis3rd_video_short_2_b/path2_34/frame279.jpg
===========
ORIGNAL: /Users/quake0day/wholedavis3rd_video_short_2_b/path2_35/frame18.jpg
Counting matches...
Hit:  /Users/quake0day/wholedavis3rd_video_short_2_b/path2_55/frame26.jpg
===========
ORIGNAL: /Users/quake0day/wholedavis3rd_video_short_2_b/path2_35/frame205.jpg
Total Time: 338.748499155 s.
CANNOT MATCH THE SAME TRACE
Training FLANN.
Done.
Counting matches...
Hit:  /Users/quake0day/wholedavis3rd_video_short_2_b/path2_20/frame7.jpg
===========
ORIGNAL: /Users/quake0day/wholedavis3rd_video_short_2_b/path2_19/frame157.jpg
Total Time: 273.594983101 s.
CANNOT MATCH THE SAME TRACE
Training FLANN.
Done.
Counting matches...
Hit:  /Users/quake0day/wholedavis3rd_video_short_2_b/path2_58/frame149.jpg
===========
ORIGNAL: /Users/quake0day/wholedavis3rd_video_short_2_b/path2_20/frame43.jpg
Counting matches...
Hit:  /Users/quake0day/wholedavis3rd_video_short_2_b/path2_58/frame149.jpg
===========
ORIGNAL: /Users/quake0day/wholedavis3rd_video_short_2_b/path2_20/frame46.jpg
Counting matches...
Hit:  /Users/quake0day/wholedavis3rd_video_short_2_b/path2_59/frame56.jpg
===========
ORIGNAL: /Users/quake0day/wholedavis3rd_video_short_2_b/path2_20/frame103.jpg
Total Time: 334.506055117 s.
CANNOT MATCH THE SAME TRACE
Training FLANN.
Done.
Counting matches...
Hit:  /Users/quake0day/wholedavis3rd_video_short_2_b/path2_11/frame115.jpg
===========
ORIGNAL: /Users/quake0day/wholedavis3rd_video_short_2_b/path2_15/frame193.jpg
Counting matches...
Hit:  /Users/quake0day/wholedavis3rd_video_short_2_b/path2_0/frame16.jpg
===========
ORIGNAL: /Users/quake0day/wholedavis3rd_video_short_2_b/path2_15/frame217.jpg
Counting matches...
Hit:  /Users/quake0day/wholedavis3rd_video_short_2_b/path2_65/frame101.jpg
===========
ORIGNAL: /Users/quake0day/wholedavis3rd_video_short_2_b/path2_15/frame7.jpg
Counting matches...
Hit:  /Users/quake0day/wholedavis3rd_video_short_2_b/path2_0/frame20.jpg
===========
ORIGNAL: /Users/quake0day/wholedavis3rd_video_short_2_b/path2_15/frame188.jpg
Total Time: 62.3018639088 s.
CANNOT MATCH THE SAME TRACE
Training FLANN.
Done.
Counting matches...
Hit:  /Users/quake0day/wholedavis3rd_video_short_2_b/path2_50/frame10.jpg
===========
ORIGNAL: /Users/quake0day/wholedavis3rd_video_short_2_b/path2_9/frame84.jpg
Total Time: 180.951287985 s.
CANNOT MATCH THE SAME TRACE
Training FLANN.
Done.
Counting matches...
Hit:  /Users/quake0day/wholedavis3rd_video_short_2_b/path2_9/frame128.jpg
===========
ORIGNAL: /Users/quake0day/wholedavis3rd_video_short_2_b/path2_50/frame15.jpg
Counting matches...
Hit:  /Users/quake0day/wholedavis3rd_video_short_2_b/path2_51/frame26.jpg
===========
ORIGNAL: /Users/quake0day/wholedavis3rd_video_short_2_b/path2_50/frame123.jpg
Counting matches...
Hit:  /Users/quake0day/wholedavis3rd_video_short_2_b/path2_51/frame16.jpg
===========
ORIGNAL: /Users/quake0day/wholedavis3rd_video_short_2_b/path2_50/frame74.jpg
Total Time: 130.541691065 s.
CANNOT MATCH THE SAME TRACE
Training FLANN.
Done.
Counting matches...
Hit:  /Users/quake0day/wholedavis3rd_video_short_2_b/path2_4/frame14.jpg
===========
ORIGNAL: /Users/quake0day/wholedavis3rd_video_short_2_b/path2_5/frame100.jpg
Counting matches...
Hit:  /Users/quake0day/wholedavis3rd_video_short_2_b/path2_4/frame14.jpg
===========
ORIGNAL: /Users/quake0day/wholedavis3rd_video_short_2_b/path2_5/frame11.jpg
Counting matches...
Hit:  /Users/quake0day/wholedavis3rd_video_short_2_b/path2_6/frame23.jpg
===========
ORIGNAL: /Users/quake0day/wholedavis3rd_video_short_2_b/path2_5/frame151.jpg
Total Time: 190.727385044 s.
CANNOT MATCH THE SAME TRACE
Training FLANN.
Done.
Counting matches...
Hit:  /Users/quake0day/wholedavis3rd_video_short_2_b/path2_66/frame166.jpg
===========
ORIGNAL: /Users/quake0day/wholedavis3rd_video_short_2_b/path2_60/frame222.jpg
Counting matches...
Hit:  /Users/quake0day/wholedavis3rd_video_short_2_b/path2_21/frame121.jpg
===========
ORIGNAL: /Users/quake0day/wholedavis3rd_video_short_2_b/path2_60/frame74.jpg
Counting matches...
Hit:  /Users/quake0day/wholedavis3rd_video_short_2_b/path2_21/frame121.jpg
===========
ORIGNAL: /Users/quake0day/wholedavis3rd_video_short_2_b/path2_60/frame108.jpg
Counting matches...
Hit:  /Users/quake0day/wholedavis3rd_video_short_2_b/path2_21/frame140.jpg
===========
ORIGNAL: /Users/quake0day/wholedavis3rd_video_short_2_b/path2_60/frame83.jpg
Counting matches...
Hit:  /Users/quake0day/wholedavis3rd_video_short_2_b/path2_61/frame18.jpg
===========
ORIGNAL: /Users/quake0day/wholedavis3rd_video_short_2_b/path2_60/frame216.jpg
Counting matches...
Hit:  /Users/quake0day/wholedavis3rd_video_short_2_b/path2_61/frame18.jpg
===========
ORIGNAL: /Users/quake0day/wholedavis3rd_video_short_2_b/path2_60/frame214.jpg
Counting matches...
Hit:  /Users/quake0day/wholedavis3rd_video_short_2_b/path2_61/frame18.jpg
===========
ORIGNAL: /Users/quake0day/wholedavis3rd_video_short_2_b/path2_60/frame218.jpg
Counting matches...
Hit:  /Users/quake0day/wholedavis3rd_video_short_2_b/path2_21/frame121.jpg
===========
ORIGNAL: /Users/quake0day/wholedavis3rd_video_short_2_b/path2_60/frame89.jpg
Counting matches...
Hit:  /Users/quake0day/wholedavis3rd_video_short_2_b/path2_21/frame167.jpg
===========
ORIGNAL: /Users/quake0day/wholedavis3rd_video_short_2_b/path2_60/frame177.jpg
Counting matches...
Hit:  /Users/quake0day/wholedavis3rd_video_short_2_b/path2_21/frame167.jpg
===========
ORIGNAL: /Users/quake0day/wholedavis3rd_video_short_2_b/path2_60/frame169.jpg
Counting matches...
Hit:  /Users/quake0day/wholedavis3rd_video_short_2_b/path2_59/frame129.jpg
===========
ORIGNAL: /Users/quake0day/wholedavis3rd_video_short_2_b/path2_60/frame18.jpg
Counting matches...
Hit:  /Users/quake0day/wholedavis3rd_video_short_2_b/path2_59/frame162.jpg
===========
ORIGNAL: /Users/quake0day/wholedavis3rd_video_short_2_b/path2_60/frame12.jpg
Counting matches...
Hit:  /Users/quake0day/wholedavis3rd_video_short_2_b/path2_21/frame121.jpg
===========
ORIGNAL: /Users/quake0day/wholedavis3rd_video_short_2_b/path2_60/frame104.jpg
Counting matches...
Hit:  /Users/quake0day/wholedavis3rd_video_short_2_b/path2_21/frame121.jpg
===========
ORIGNAL: /Users/quake0day/wholedavis3rd_video_short_2_b/path2_60/frame91.jpg
Counting matches...
Hit:  /Users/quake0day/wholedavis3rd_video_short_2_b/path2_59/frame155.jpg
===========
ORIGNAL: /Users/quake0day/wholedavis3rd_video_short_2_b/path2_60/frame30.jpg
Counting matches...
Hit:  /Users/quake0day/wholedavis3rd_video_short_2_b/path2_21/frame167.jpg
===========
ORIGNAL: /Users/quake0day/wholedavis3rd_video_short_2_b/path2_60/frame162.jpg
Counting matches...
Hit:  /Users/quake0day/wholedavis3rd_video_short_2_b/path2_59/frame162.jpg
===========
ORIGNAL: /Users/quake0day/wholedavis3rd_video_short_2_b/path2_60/frame15.jpg
Counting matches...
Hit:  /Users/quake0day/wholedavis3rd_video_short_2_b/path2_61/frame18.jpg
===========
ORIGNAL: /Users/quake0day/wholedavis3rd_video_short_2_b/path2_60/frame211.jpg
Counting matches...
Hit:  /Users/quake0day/wholedavis3rd_video_short_2_b/path2_21/frame140.jpg
===========
ORIGNAL: /Users/quake0day/wholedavis3rd_video_short_2_b/path2_60/frame197.jpg
Counting matches...
Hit:  /Users/quake0day/wholedavis3rd_video_short_2_b/path2_21/frame121.jpg
===========
ORIGNAL: /Users/quake0day/wholedavis3rd_video_short_2_b/path2_60/frame102.jpg
Counting matches...
Hit:  /Users/quake0day/wholedavis3rd_video_short_2_b/path2_61/frame18.jpg
===========
ORIGNAL: /Users/quake0day/wholedavis3rd_video_short_2_b/path2_60/frame227.jpg
Total Time: 252.179572105 s.
CANNOT MATCH THE SAME TRACE
Training FLANN.
Done.
Counting matches...
Hit:  /Users/quake0day/wholedavis3rd_video_short_2_b/path2_47/frame22.jpg
===========
ORIGNAL: /Users/quake0day/wholedavis3rd_video_short_2_b/path2_46/frame129.jpg
Counting matches...
Hit:  /Users/quake0day/wholedavis3rd_video_short_2_b/path2_47/frame17.jpg
===========
ORIGNAL: /Users/quake0day/wholedavis3rd_video_short_2_b/path2_46/frame73.jpg
Counting matches...
Hit:  /Users/quake0day/wholedavis3rd_video_short_2_b/path2_47/frame17.jpg
===========
ORIGNAL: /Users/quake0day/wholedavis3rd_video_short_2_b/path2_46/frame79.jpg
Counting matches...
Hit:  /Users/quake0day/wholedavis3rd_video_short_2_b/path2_66/frame21.jpg
===========
ORIGNAL: /Users/quake0day/wholedavis3rd_video_short_2_b/path2_46/frame47.jpg
Total Time: 181.103996038 s.
CANNOT MATCH THE SAME TRACE
Training FLANN.
Done.
Counting matches...
Hit:  /Users/quake0day/wholedavis3rd_video_short_2_b/path2_0/frame16.jpg
===========
ORIGNAL: /Users/quake0day/wholedavis3rd_video_short_2_b/path2_42/frame216.jpg
Counting matches...
Hit:  /Users/quake0day/wholedavis3rd_video_short_2_b/path2_41/frame148.jpg
===========
ORIGNAL: /Users/quake0day/wholedavis3rd_video_short_2_b/path2_42/frame185.jpg
Counting matches...
Hit:  /Users/quake0day/wholedavis3rd_video_short_2_b/path2_41/frame181.jpg
===========
ORIGNAL: /Users/quake0day/wholedavis3rd_video_short_2_b/path2_42/frame13.jpg
Total Time: 194.61767602 s.
CANNOT MATCH THE SAME TRACE
Training FLANN.
Done.
Counting matches...
Hit:  /Users/quake0day/wholedavis3rd_video_short_2_b/path2_60/frame30.jpg
===========
ORIGNAL: /Users/quake0day/wholedavis3rd_video_short_2_b/path2_21/frame86.jpg
Counting matches...
Hit:  /Users/quake0day/wholedavis3rd_video_short_2_b/path2_22/frame11.jpg
===========
ORIGNAL: /Users/quake0day/wholedavis3rd_video_short_2_b/path2_21/frame200.jpg
Counting matches...
Hit:  /Users/quake0day/wholedavis3rd_video_short_2_b/path2_60/frame116.jpg
===========
ORIGNAL: /Users/quake0day/wholedavis3rd_video_short_2_b/path2_21/frame121.jpg
Total Time: 217.558712006 s.
CANNOT MATCH THE SAME TRACE
Training FLANN.
Done.
Counting matches...
Hit:  /Users/quake0day/wholedavis3rd_video_short_2_b/path2_61/frame130.jpg
===========
ORIGNAL: /Users/quake0day/wholedavis3rd_video_short_2_b/path2_23/frame63.jpg
Counting matches...
Hit:  /Users/quake0day/wholedavis3rd_video_short_2_b/path2_61/frame286.jpg
===========
ORIGNAL: /Users/quake0day/wholedavis3rd_video_short_2_b/path2_23/frame177.jpg
Counting matches...
Hit:  /Users/quake0day/wholedavis3rd_video_short_2_b/path2_61/frame268.jpg
===========
ORIGNAL: /Users/quake0day/wholedavis3rd_video_short_2_b/path2_23/frame166.jpg
Counting matches...
Hit:  /Users/quake0day/wholedavis3rd_video_short_2_b/path2_61/frame217.jpg
===========
ORIGNAL: /Users/quake0day/wholedavis3rd_video_short_2_b/path2_23/frame112.jpg
Total Time: 208.317420006 s.
CANNOT MATCH THE SAME TRACE
Training FLANN.
Done.
Counting matches...
Hit:  /Users/quake0day/wholedavis3rd_video_short_2_b/path2_25/frame15.jpg
===========
ORIGNAL: /Users/quake0day/wholedavis3rd_video_short_2_b/path2_63/frame78.jpg
Counting matches...
Hit:  /Users/quake0day/wholedavis3rd_video_short_2_b/path2_25/frame15.jpg
===========
ORIGNAL: /Users/quake0day/wholedavis3rd_video_short_2_b/path2_63/frame165.jpg
Counting matches...
Hit:  /Users/quake0day/wholedavis3rd_video_short_2_b/path2_25/frame15.jpg
===========
ORIGNAL: /Users/quake0day/wholedavis3rd_video_short_2_b/path2_63/frame54.jpg
Counting matches...
Hit:  /Users/quake0day/wholedavis3rd_video_short_2_b/path2_65/frame116.jpg
===========
ORIGNAL: /Users/quake0day/wholedavis3rd_video_short_2_b/path2_63/frame0.jpg
Counting matches...
Hit:  /Users/quake0day/wholedavis3rd_video_short_2_b/path2_25/frame15.jpg
===========
ORIGNAL: /Users/quake0day/wholedavis3rd_video_short_2_b/path2_63/frame105.jpg
Counting matches...
Hit:  /Users/quake0day/wholedavis3rd_video_short_2_b/path2_25/frame15.jpg
===========
ORIGNAL: /Users/quake0day/wholedavis3rd_video_short_2_b/path2_63/frame171.jpg
Counting matches...
Hit:  /Users/quake0day/wholedavis3rd_video_short_2_b/path2_67/frame100.jpg
===========
ORIGNAL: /Users/quake0day/wholedavis3rd_video_short_2_b/path2_63/frame109.jpg
Counting matches...
Hit:  /Users/quake0day/wholedavis3rd_video_short_2_b/path2_64/frame20.jpg
===========
ORIGNAL: /Users/quake0day/wholedavis3rd_video_short_2_b/path2_63/frame218.jpg
Counting matches...
Hit:  /Users/quake0day/wholedavis3rd_video_short_2_b/path2_64/frame160.jpg
===========
ORIGNAL: /Users/quake0day/wholedavis3rd_video_short_2_b/path2_63/frame6.jpg
Counting matches...
Hit:  /Users/quake0day/wholedavis3rd_video_short_2_b/path2_65/frame59.jpg
===========
ORIGNAL: /Users/quake0day/wholedavis3rd_video_short_2_b/path2_63/frame10.jpg
Counting matches...
Hit:  /Users/quake0day/wholedavis3rd_video_short_2_b/path2_25/frame15.jpg
===========
ORIGNAL: /Users/quake0day/wholedavis3rd_video_short_2_b/path2_63/frame146.jpg
Counting matches...
Hit:  /Users/quake0day/wholedavis3rd_video_short_2_b/path2_67/frame125.jpg
===========
ORIGNAL: /Users/quake0day/wholedavis3rd_video_short_2_b/path2_63/frame84.jpg
Counting matches...
Hit:  /Users/quake0day/wholedavis3rd_video_short_2_b/path2_25/frame15.jpg
===========
ORIGNAL: /Users/quake0day/wholedavis3rd_video_short_2_b/path2_63/frame194.jpg
Counting matches...
Hit:  /Users/quake0day/wholedavis3rd_video_short_2_b/path2_25/frame15.jpg
===========
ORIGNAL: /Users/quake0day/wholedavis3rd_video_short_2_b/path2_63/frame15.jpg
Counting matches...
Hit:  /Users/quake0day/wholedavis3rd_video_short_2_b/path2_25/frame15.jpg
===========
ORIGNAL: /Users/quake0day/wholedavis3rd_video_short_2_b/path2_63/frame200.jpg
Counting matches...
Hit:  /Users/quake0day/wholedavis3rd_video_short_2_b/path2_25/frame15.jpg
===========
ORIGNAL: /Users/quake0day/wholedavis3rd_video_short_2_b/path2_63/frame134.jpg
Counting matches...
Hit:  /Users/quake0day/wholedavis3rd_video_short_2_b/path2_25/frame15.jpg
===========
ORIGNAL: /Users/quake0day/wholedavis3rd_video_short_2_b/path2_63/frame210.jpg
Counting matches...
Hit:  /Users/quake0day/wholedavis3rd_video_short_2_b/path2_25/frame15.jpg
===========
ORIGNAL: /Users/quake0day/wholedavis3rd_video_short_2_b/path2_63/frame62.jpg
Counting matches...
Hit:  /Users/quake0day/wholedavis3rd_video_short_2_b/path2_25/frame15.jpg
===========
ORIGNAL: /Users/quake0day/wholedavis3rd_video_short_2_b/path2_63/frame159.jpg
Counting matches...
Hit:  /Users/quake0day/wholedavis3rd_video_short_2_b/path2_25/frame15.jpg
===========
ORIGNAL: /Users/quake0day/wholedavis3rd_video_short_2_b/path2_63/frame128.jpg
Counting matches...
Hit:  /Users/quake0day/wholedavis3rd_video_short_2_b/path2_25/frame15.jpg
===========
ORIGNAL: /Users/quake0day/wholedavis3rd_video_short_2_b/path2_63/frame90.jpg
Counting matches...
Hit:  /Users/quake0day/wholedavis3rd_video_short_2_b/path2_25/frame15.jpg
===========
ORIGNAL: /Users/quake0day/wholedavis3rd_video_short_2_b/path2_63/frame76.jpg
Total Time: 254.64044404 s.
CANNOT MATCH THE SAME TRACE
Training FLANN.
Done.
Counting matches...
Hit:  /Users/quake0day/wholedavis3rd_video_short_2_b/path2_50/frame12.jpg
===========
ORIGNAL: /Users/quake0day/wholedavis3rd_video_short_2_b/path2_49/frame252.jpg
Counting matches...
Hit:  /Users/quake0day/wholedavis3rd_video_short_2_b/path2_50/frame15.jpg
===========
ORIGNAL: /Users/quake0day/wholedavis3rd_video_short_2_b/path2_49/frame222.jpg
Counting matches...
Hit:  /Users/quake0day/wholedavis3rd_video_short_2_b/path2_8/frame118.jpg
===========
ORIGNAL: /Users/quake0day/wholedavis3rd_video_short_2_b/path2_49/frame129.jpg
Counting matches...
Hit:  /Users/quake0day/wholedavis3rd_video_short_2_b/path2_6/frame105.jpg
===========
ORIGNAL: /Users/quake0day/wholedavis3rd_video_short_2_b/path2_49/frame19.jpg
Counting matches...
Hit:  /Users/quake0day/wholedavis3rd_video_short_2_b/path2_8/frame118.jpg
===========
ORIGNAL: /Users/quake0day/wholedavis3rd_video_short_2_b/path2_49/frame78.jpg
Counting matches...
Hit:  /Users/quake0day/wholedavis3rd_video_short_2_b/path2_8/frame118.jpg
===========
ORIGNAL: /Users/quake0day/wholedavis3rd_video_short_2_b/path2_49/frame94.jpg
Counting matches...
Hit:  /Users/quake0day/wholedavis3rd_video_short_2_b/path2_8/frame118.jpg
===========
ORIGNAL: /Users/quake0day/wholedavis3rd_video_short_2_b/path2_49/frame134.jpg
Counting matches...
Hit:  /Users/quake0day/wholedavis3rd_video_short_2_b/path2_50/frame38.jpg
===========
ORIGNAL: /Users/quake0day/wholedavis3rd_video_short_2_b/path2_49/frame207.jpg
Counting matches...
Hit:  /Users/quake0day/wholedavis3rd_video_short_2_b/path2_6/frame105.jpg
===========
ORIGNAL: /Users/quake0day/wholedavis3rd_video_short_2_b/path2_49/frame47.jpg
Counting matches...
Hit:  /Users/quake0day/wholedavis3rd_video_short_2_b/path2_6/frame105.jpg
===========
ORIGNAL: /Users/quake0day/wholedavis3rd_video_short_2_b/path2_49/frame14.jpg
Counting matches...
Hit:  /Users/quake0day/wholedavis3rd_video_short_2_b/path2_67/frame127.jpg
===========
ORIGNAL: /Users/quake0day/wholedavis3rd_video_short_2_b/path2_49/frame60.jpg
Counting matches...
Hit:  /Users/quake0day/wholedavis3rd_video_short_2_b/path2_8/frame118.jpg
===========
ORIGNAL: /Users/quake0day/wholedavis3rd_video_short_2_b/path2_49/frame109.jpg
Total Time: 203.109045029 s.
CANNOT MATCH THE SAME TRACE
Training FLANN.
Done.
Counting matches...
Hit:  /Users/quake0day/wholedavis3rd_video_short_2_b/path2_0/frame20.jpg
===========
ORIGNAL: /Users/quake0day/wholedavis3rd_video_short_2_b/path2_2/frame33.jpg
Total Time: 61.3343598843 s.
CANNOT MATCH THE SAME TRACE
Training FLANN.
Done.
Counting matches...
Hit:  /Users/quake0day/wholedavis3rd_video_short_2_b/path2_64/frame213.jpg
===========
ORIGNAL: /Users/quake0day/wholedavis3rd_video_short_2_b/path2_65/frame22.jpg
Counting matches...
Hit:  /Users/quake0day/wholedavis3rd_video_short_2_b/path2_26/frame144.jpg
===========
ORIGNAL: /Users/quake0day/wholedavis3rd_video_short_2_b/path2_65/frame101.jpg
Counting matches...
Hit:  /Users/quake0day/wholedavis3rd_video_short_2_b/path2_26/frame118.jpg
===========
ORIGNAL: /Users/quake0day/wholedavis3rd_video_short_2_b/path2_65/frame38.jpg
Counting matches...
Hit:  /Users/quake0day/wholedavis3rd_video_short_2_b/path2_26/frame144.jpg
===========
ORIGNAL: /Users/quake0day/wholedavis3rd_video_short_2_b/path2_65/frame83.jpg
Counting matches...
Hit:  /Users/quake0day/wholedavis3rd_video_short_2_b/path2_59/frame155.jpg
===========
ORIGNAL: /Users/quake0day/wholedavis3rd_video_short_2_b/path2_65/frame137.jpg
Counting matches...
Hit:  /Users/quake0day/wholedavis3rd_video_short_2_b/path2_64/frame185.jpg
===========
ORIGNAL: /Users/quake0day/wholedavis3rd_video_short_2_b/path2_65/frame16.jpg
Counting matches...
Hit:  /Users/quake0day/wholedavis3rd_video_short_2_b/path2_26/frame144.jpg
===========
ORIGNAL: /Users/quake0day/wholedavis3rd_video_short_2_b/path2_65/frame88.jpg
Counting matches...
Hit:  /Users/quake0day/wholedavis3rd_video_short_2_b/path2_27/frame7.jpg
===========
ORIGNAL: /Users/quake0day/wholedavis3rd_video_short_2_b/path2_65/frame129.jpg
Counting matches...
Hit:  /Users/quake0day/wholedavis3rd_video_short_2_b/path2_27/frame7.jpg
===========
ORIGNAL: /Users/quake0day/wholedavis3rd_video_short_2_b/path2_65/frame149.jpg
Total Time: 234.48369503 s.
CANNOT MATCH THE SAME TRACE
Training FLANN.
Done.
Counting matches...
Hit:  /Users/quake0day/wholedavis3rd_video_short_2_b/path2_57/frame158.jpg
===========
ORIGNAL: /Users/quake0day/wholedavis3rd_video_short_2_b/path2_58/frame43.jpg
Counting matches...
Hit:  /Users/quake0day/wholedavis3rd_video_short_2_b/path2_20/frame16.jpg
===========
ORIGNAL: /Users/quake0day/wholedavis3rd_video_short_2_b/path2_58/frame124.jpg
Counting matches...
Hit:  /Users/quake0day/wholedavis3rd_video_short_2_b/path2_57/frame164.jpg
===========
ORIGNAL: /Users/quake0day/wholedavis3rd_video_short_2_b/path2_58/frame50.jpg
Counting matches...
Hit:  /Users/quake0day/wholedavis3rd_video_short_2_b/path2_57/frame167.jpg
===========
ORIGNAL: /Users/quake0day/wholedavis3rd_video_short_2_b/path2_58/frame55.jpg
Counting matches...
Hit:  /Users/quake0day/wholedavis3rd_video_short_2_b/path2_20/frame16.jpg
===========
ORIGNAL: /Users/quake0day/wholedavis3rd_video_short_2_b/path2_58/frame115.jpg
Counting matches...
Hit:  /Users/quake0day/wholedavis3rd_video_short_2_b/path2_59/frame6.jpg
===========
ORIGNAL: /Users/quake0day/wholedavis3rd_video_short_2_b/path2_58/frame149.jpg
Total Time: 207.930386066 s.
CANNOT MATCH THE SAME TRACE
Training FLANN.
Done.
Counting matches...
Hit:  /Users/quake0day/wholedavis3rd_video_short_2_b/path2_30/frame13.jpg
===========
ORIGNAL: /Users/quake0day/wholedavis3rd_video_short_2_b/path2_44/frame174.jpg
Counting matches...
Hit:  /Users/quake0day/wholedavis3rd_video_short_2_b/path2_64/frame213.jpg
===========
ORIGNAL: /Users/quake0day/wholedavis3rd_video_short_2_b/path2_44/frame72.jpg
Counting matches...
Hit:  /Users/quake0day/wholedavis3rd_video_short_2_b/path2_46/frame25.jpg
===========
ORIGNAL: /Users/quake0day/wholedavis3rd_video_short_2_b/path2_44/frame15.jpg
Total Time: 192.80093503 s.
CANNOT MATCH THE SAME TRACE
Training FLANN.
Done.
Counting matches...
Hit:  /Users/quake0day/wholedavis3rd_video_short_2_b/path2_12/frame44.jpg
===========
ORIGNAL: /Users/quake0day/wholedavis3rd_video_short_2_b/path2_11/frame231.jpg
Counting matches...
Hit:  /Users/quake0day/wholedavis3rd_video_short_2_b/path2_53/frame19.jpg
===========
ORIGNAL: /Users/quake0day/wholedavis3rd_video_short_2_b/path2_11/frame157.jpg
Counting matches...
Hit:  /Users/quake0day/wholedavis3rd_video_short_2_b/path2_53/frame3.jpg
===========
ORIGNAL: /Users/quake0day/wholedavis3rd_video_short_2_b/path2_11/frame115.jpg
Counting matches...
Hit:  /Users/quake0day/wholedavis3rd_video_short_2_b/path2_53/frame58.jpg
===========
ORIGNAL: /Users/quake0day/wholedavis3rd_video_short_2_b/path2_11/frame188.jpg
Counting matches...
Hit:  /Users/quake0day/wholedavis3rd_video_short_2_b/path2_12/frame44.jpg
===========
ORIGNAL: /Users/quake0day/wholedavis3rd_video_short_2_b/path2_11/frame208.jpg
Counting matches...
Hit:  /Users/quake0day/wholedavis3rd_video_short_2_b/path2_12/frame44.jpg
===========
ORIGNAL: /Users/quake0day/wholedavis3rd_video_short_2_b/path2_11/frame263.jpg
Counting matches...
Hit:  /Users/quake0day/wholedavis3rd_video_short_2_b/path2_53/frame3.jpg
===========
ORIGNAL: /Users/quake0day/wholedavis3rd_video_short_2_b/path2_11/frame108.jpg
Counting matches...
Hit:  /Users/quake0day/wholedavis3rd_video_short_2_b/path2_53/frame44.jpg
===========
ORIGNAL: /Users/quake0day/wholedavis3rd_video_short_2_b/path2_11/frame174.jpg
Counting matches...
Hit:  /Users/quake0day/wholedavis3rd_video_short_2_b/path2_12/frame44.jpg
===========
ORIGNAL: /Users/quake0day/wholedavis3rd_video_short_2_b/path2_11/frame62.jpg
Total Time: 217.833771944 s.
CANNOT MATCH THE SAME TRACE
Training FLANN.
Done.
Counting matches...
Hit:  /Users/quake0day/wholedavis3rd_video_short_2_b/path2_51/frame171.jpg
===========
ORIGNAL: /Users/quake0day/wholedavis3rd_video_short_2_b/path2_52/frame53.jpg
Total Time: 133.96182394 s.
CANNOT MATCH THE SAME TRACE
Training FLANN.
Done.
Counting matches...
Hit:  /Users/quake0day/wholedavis3rd_video_short_2_b/path2_64/frame31.jpg
===========
ORIGNAL: /Users/quake0day/wholedavis3rd_video_short_2_b/path2_25/frame148.jpg
Counting matches...
Hit:  /Users/quake0day/wholedavis3rd_video_short_2_b/path2_64/frame31.jpg
===========
ORIGNAL: /Users/quake0day/wholedavis3rd_video_short_2_b/path2_25/frame159.jpg
Counting matches...
Hit:  /Users/quake0day/wholedavis3rd_video_short_2_b/path2_63/frame224.jpg
===========
ORIGNAL: /Users/quake0day/wholedavis3rd_video_short_2_b/path2_25/frame91.jpg
Counting matches...
Hit:  /Users/quake0day/wholedavis3rd_video_short_2_b/path2_63/frame171.jpg
===========
ORIGNAL: /Users/quake0day/wholedavis3rd_video_short_2_b/path2_25/frame34.jpg
Counting matches...
Hit:  /Users/quake0day/wholedavis3rd_video_short_2_b/path2_63/frame165.jpg
===========
ORIGNAL: /Users/quake0day/wholedavis3rd_video_short_2_b/path2_25/frame10.jpg
Counting matches...
Hit:  /Users/quake0day/wholedavis3rd_video_short_2_b/path2_64/frame153.jpg
===========
ORIGNAL: /Users/quake0day/wholedavis3rd_video_short_2_b/path2_25/frame248.jpg
Counting matches...
Hit:  /Users/quake0day/wholedavis3rd_video_short_2_b/path2_64/frame103.jpg
===========
ORIGNAL: /Users/quake0day/wholedavis3rd_video_short_2_b/path2_25/frame186.jpg
Total Time: 244.96915102 s.
CANNOT MATCH THE SAME TRACE
Training FLANN.
Done.
Counting matches...
Hit:  /Users/quake0day/wholedavis3rd_video_short_2_b/path2_37/frame14.jpg
===========
ORIGNAL: /Users/quake0day/wholedavis3rd_video_short_2_b/path2_36/frame159.jpg
Counting matches...
Hit:  /Users/quake0day/wholedavis3rd_video_short_2_b/path2_37/frame127.jpg
===========
ORIGNAL: /Users/quake0day/wholedavis3rd_video_short_2_b/path2_36/frame110.jpg
Total Time: 185.373398066 s.
CANNOT MATCH THE SAME TRACE
Training FLANN.
Done.
Counting matches...
Hit:  /Users/quake0day/wholedavis3rd_video_short_2_b/path2_9/frame147.jpg
===========
ORIGNAL: /Users/quake0day/wholedavis3rd_video_short_2_b/path2_10/frame15.jpg
Total Time: 130.361701965 s.
CANNOT MATCH THE SAME TRACE
Training FLANN.
Done.
Counting matches...
Hit:  /Users/quake0day/wholedavis3rd_video_short_2_b/path2_28/frame61.jpg
===========
ORIGNAL: /Users/quake0day/wholedavis3rd_video_short_2_b/path2_27/frame177.jpg
Counting matches...
Hit:  /Users/quake0day/wholedavis3rd_video_short_2_b/path2_28/frame61.jpg
===========
ORIGNAL: /Users/quake0day/wholedavis3rd_video_short_2_b/path2_27/frame58.jpg
Counting matches...
Hit:  /Users/quake0day/wholedavis3rd_video_short_2_b/path2_65/frame161.jpg
===========
ORIGNAL: /Users/quake0day/wholedavis3rd_video_short_2_b/path2_27/frame17.jpg
Counting matches...
Hit:  /Users/quake0day/wholedavis3rd_video_short_2_b/path2_66/frame21.jpg
===========
ORIGNAL: /Users/quake0day/wholedavis3rd_video_short_2_b/path2_27/frame115.jpg
Counting matches...
Hit:  /Users/quake0day/wholedavis3rd_video_short_2_b/path2_65/frame161.jpg
===========
ORIGNAL: /Users/quake0day/wholedavis3rd_video_short_2_b/path2_27/frame10.jpg
Total Time: 172.788869858 s.
CANNOT MATCH THE SAME TRACE
Training FLANN.
Done.
Counting matches...
Hit:  /Users/quake0day/wholedavis3rd_video_short_2_b/path2_49/frame60.jpg
===========
ORIGNAL: /Users/quake0day/wholedavis3rd_video_short_2_b/path2_48/frame71.jpg
Counting matches...
Hit:  /Users/quake0day/wholedavis3rd_video_short_2_b/path2_6/frame38.jpg
===========
ORIGNAL: /Users/quake0day/wholedavis3rd_video_short_2_b/path2_48/frame55.jpg
Counting matches...
Hit:  /Users/quake0day/wholedavis3rd_video_short_2_b/path2_47/frame142.jpg
===========
ORIGNAL: /Users/quake0day/wholedavis3rd_video_short_2_b/path2_48/frame7.jpg
Counting matches...
Hit:  /Users/quake0day/wholedavis3rd_video_short_2_b/path2_6/frame76.jpg
===========
ORIGNAL: /Users/quake0day/wholedavis3rd_video_short_2_b/path2_48/frame121.jpg
Counting matches...
Hit:  /Users/quake0day/wholedavis3rd_video_short_2_b/path2_6/frame38.jpg
===========
ORIGNAL: /Users/quake0day/wholedavis3rd_video_short_2_b/path2_48/frame48.jpg
Counting matches...
Hit:  /Users/quake0day/wholedavis3rd_video_short_2_b/path2_47/frame157.jpg
===========
ORIGNAL: /Users/quake0day/wholedavis3rd_video_short_2_b/path2_48/frame14.jpg
Counting matches...
Hit:  /Users/quake0day/wholedavis3rd_video_short_2_b/path2_6/frame76.jpg
===========
ORIGNAL: /Users/quake0day/wholedavis3rd_video_short_2_b/path2_48/frame110.jpg
Counting matches...
Hit:  /Users/quake0day/wholedavis3rd_video_short_2_b/path2_47/frame138.jpg
===========
ORIGNAL: /Users/quake0day/wholedavis3rd_video_short_2_b/path2_48/frame29.jpg
Counting matches...
Hit:  /Users/quake0day/wholedavis3rd_video_short_2_b/path2_6/frame38.jpg
===========
ORIGNAL: /Users/quake0day/wholedavis3rd_video_short_2_b/path2_48/frame69.jpg
Total Time: 104.458875179 s.
