CANNOT MATCH THE SAME TRACE
Training FLANN.
Done.
Counting matches...
Hit:  /Users/quake0day/wholedavis3rd_video_short_2_b/path2_4/frame14.jpg
===========
ORIGNAL: /Users/quake0day/wholedavis3rd_video_short_2_b/path2_1/frame110.jpg
Counting matches...
Hit:  /Users/quake0day/wholedavis3rd_video_short_2_b/path2_0/frame16.jpg
===========
ORIGNAL: /Users/quake0day/wholedavis3rd_video_short_2_b/path2_1/frame454.jpg
Counting matches...
Hit:  /Users/quake0day/wholedavis3rd_video_short_2_b/path2_0/frame20.jpg
===========
ORIGNAL: /Users/quake0day/wholedavis3rd_video_short_2_b/path2_1/frame38.jpg
Total Time: 48.5046870708 s.
CANNOT MATCH THE SAME TRACE
Training FLANN.
Done.
Counting matches...
Hit:  /Users/quake0day/wholedavis3rd_video_short_2_b/path2_61/frame18.jpg
===========
ORIGNAL: /Users/quake0day/wholedavis3rd_video_short_2_b/path2_57/frame53.jpg
Counting matches...
Hit:  /Users/quake0day/wholedavis3rd_video_short_2_b/path2_31/frame256.jpg
===========
ORIGNAL: /Users/quake0day/wholedavis3rd_video_short_2_b/path2_57/frame30.jpg
Counting matches...
Hit:  /Users/quake0day/wholedavis3rd_video_short_2_b/path2_18/frame155.jpg
===========
ORIGNAL: /Users/quake0day/wholedavis3rd_video_short_2_b/path2_57/frame158.jpg
Counting matches...
Hit:  /Users/quake0day/wholedavis3rd_video_short_2_b/path2_18/frame155.jpg
===========
ORIGNAL: /Users/quake0day/wholedavis3rd_video_short_2_b/path2_57/frame100.jpg
Counting matches...
Hit:  /Users/quake0day/wholedavis3rd_video_short_2_b/path2_18/frame155.jpg
===========
ORIGNAL: /Users/quake0day/wholedavis3rd_video_short_2_b/path2_57/frame80.jpg
Counting matches...
Hit:  /Users/quake0day/wholedavis3rd_video_short_2_b/path2_18/frame155.jpg
===========
ORIGNAL: /Users/quake0day/wholedavis3rd_video_short_2_b/path2_57/frame107.jpg
Counting matches...
Hit:  /Users/quake0day/wholedavis3rd_video_short_2_b/path2_18/frame155.jpg
===========
ORIGNAL: /Users/quake0day/wholedavis3rd_video_short_2_b/path2_57/frame116.jpg
Counting matches...
Hit:  /Users/quake0day/wholedavis3rd_video_short_2_b/path2_18/frame155.jpg
===========
ORIGNAL: /Users/quake0day/wholedavis3rd_video_short_2_b/path2_57/frame28.jpg
Counting matches...
Hit:  /Users/quake0day/wholedavis3rd_video_short_2_b/path2_18/frame155.jpg
===========
ORIGNAL: /Users/quake0day/wholedavis3rd_video_short_2_b/path2_57/frame164.jpg
Total Time: 84.0749959946 s.
CANNOT MATCH THE SAME TRACE
Training FLANN.
Done.
Counting matches...
Hit:  /Users/quake0day/wholedavis3rd_video_short_2_b/path2_20/frame121.jpg
===========
ORIGNAL: /Users/quake0day/wholedavis3rd_video_short_2_b/path2_36/frame159.jpg
Counting matches...
Hit:  /Users/quake0day/wholedavis3rd_video_short_2_b/path2_44/frame148.jpg
===========
ORIGNAL: /Users/quake0day/wholedavis3rd_video_short_2_b/path2_36/frame110.jpg
Total Time: 84.4348220825 s.
CANNOT MATCH THE SAME TRACE
Training FLANN.
Done.
Counting matches...
Hit:  /Users/quake0day/wholedavis3rd_video_short_2_b/path2_31/frame267.jpg
===========
ORIGNAL: /Users/quake0day/wholedavis3rd_video_short_2_b/path2_32/frame121.jpg
Counting matches...
Hit:  /Users/quake0day/wholedavis3rd_video_short_2_b/path2_20/frame16.jpg
===========
ORIGNAL: /Users/quake0day/wholedavis3rd_video_short_2_b/path2_32/frame171.jpg
Total Time: 57.6796000004 s.
CANNOT MATCH THE SAME TRACE
Training FLANN.
Done.
Counting matches...
Hit:  /Users/quake0day/wholedavis3rd_video_short_2_b/path2_20/frame187.jpg
===========
ORIGNAL: /Users/quake0day/wholedavis3rd_video_short_2_b/path2_21/frame86.jpg
Counting matches...
Hit:  /Users/quake0day/wholedavis3rd_video_short_2_b/path2_22/frame11.jpg
===========
ORIGNAL: /Users/quake0day/wholedavis3rd_video_short_2_b/path2_21/frame200.jpg
Counting matches...
Hit:  /Users/quake0day/wholedavis3rd_video_short_2_b/path2_20/frame187.jpg
===========
ORIGNAL: /Users/quake0day/wholedavis3rd_video_short_2_b/path2_21/frame121.jpg
Total Time: 97.5755429268 s.
CANNOT MATCH THE SAME TRACE
Total Time: 0.00 s.
CANNOT MATCH THE SAME TRACE
Training FLANN.
Done.
Counting matches...
Hit:  /Users/quake0day/wholedavis3rd_video_short_2_b/path2_0/frame16.jpg
===========
ORIGNAL: /Users/quake0day/wholedavis3rd_video_short_2_b/path2_44/frame174.jpg
Counting matches...
Hit:  /Users/quake0day/wholedavis3rd_video_short_2_b/path2_43/frame138.jpg
===========
ORIGNAL: /Users/quake0day/wholedavis3rd_video_short_2_b/path2_44/frame72.jpg
Counting matches...
Hit:  /Users/quake0day/wholedavis3rd_video_short_2_b/path2_43/frame138.jpg
===========
ORIGNAL: /Users/quake0day/wholedavis3rd_video_short_2_b/path2_44/frame15.jpg
Total Time: 91.0085320473 s.
CANNOT MATCH THE SAME TRACE
Training FLANN.
Done.
Counting matches...
Hit:  /Users/quake0day/wholedavis3rd_video_short_2_b/path2_0/frame20.jpg
===========
ORIGNAL: /Users/quake0day/wholedavis3rd_video_short_2_b/path2_31/frame6.jpg
Counting matches...
Hit:  /Users/quake0day/wholedavis3rd_video_short_2_b/path2_0/frame20.jpg
===========
ORIGNAL: /Users/quake0day/wholedavis3rd_video_short_2_b/path2_31/frame17.jpg
Counting matches...
Hit:  /Users/quake0day/wholedavis3rd_video_short_2_b/path2_61/frame312.jpg
===========
ORIGNAL: /Users/quake0day/wholedavis3rd_video_short_2_b/path2_31/frame159.jpg
Counting matches...
Hit:  /Users/quake0day/wholedavis3rd_video_short_2_b/path2_32/frame182.jpg
===========
ORIGNAL: /Users/quake0day/wholedavis3rd_video_short_2_b/path2_31/frame256.jpg
Counting matches...
Hit:  /Users/quake0day/wholedavis3rd_video_short_2_b/path2_55/frame173.jpg
===========
ORIGNAL: /Users/quake0day/wholedavis3rd_video_short_2_b/path2_31/frame125.jpg
Counting matches...
Hit:  /Users/quake0day/wholedavis3rd_video_short_2_b/path2_57/frame30.jpg
===========
ORIGNAL: /Users/quake0day/wholedavis3rd_video_short_2_b/path2_31/frame267.jpg
Counting matches...
Hit:  /Users/quake0day/wholedavis3rd_video_short_2_b/path2_0/frame16.jpg
===========
ORIGNAL: /Users/quake0day/wholedavis3rd_video_short_2_b/path2_31/frame116.jpg
Counting matches...
Hit:  /Users/quake0day/wholedavis3rd_video_short_2_b/path2_32/frame55.jpg
===========
ORIGNAL: /Users/quake0day/wholedavis3rd_video_short_2_b/path2_31/frame275.jpg
Total Time: 101.209839821 s.
CANNOT MATCH THE SAME TRACE
Training FLANN.
Done.
Counting matches...
Hit:  /Users/quake0day/wholedavis3rd_video_short_2_b/path2_49/frame67.jpg
===========
ORIGNAL: /Users/quake0day/wholedavis3rd_video_short_2_b/path2_8/frame89.jpg
Total Time: 42.6721830368 s.
CANNOT MATCH THE SAME TRACE
Training FLANN.
Done.
Counting matches...
Hit:  /Users/quake0day/wholedavis3rd_video_short_2_b/path2_17/frame242.jpg
===========
ORIGNAL: /Users/quake0day/wholedavis3rd_video_short_2_b/path2_7/frame67.jpg
Counting matches...
Hit:  /Users/quake0day/wholedavis3rd_video_short_2_b/path2_31/frame14.jpg
===========
ORIGNAL: /Users/quake0day/wholedavis3rd_video_short_2_b/path2_7/frame199.jpg
Counting matches...
Hit:  /Users/quake0day/wholedavis3rd_video_short_2_b/path2_17/frame242.jpg
===========
ORIGNAL: /Users/quake0day/wholedavis3rd_video_short_2_b/path2_7/frame56.jpg
Total Time: 20.9579617977 s.
CANNOT MATCH THE SAME TRACE
Training FLANN.
Done.
Counting matches...
Hit:  /Users/quake0day/wholedavis3rd_video_short_2_b/path2_64/frame202.jpg
===========
ORIGNAL: /Users/quake0day/wholedavis3rd_video_short_2_b/path2_61/frame326.jpg
Counting matches...
Hit:  /Users/quake0day/wholedavis3rd_video_short_2_b/path2_63/frame168.jpg
===========
ORIGNAL: /Users/quake0day/wholedavis3rd_video_short_2_b/path2_61/frame253.jpg
Counting matches...
Hit:  /Users/quake0day/wholedavis3rd_video_short_2_b/path2_31/frame159.jpg
===========
ORIGNAL: /Users/quake0day/wholedavis3rd_video_short_2_b/path2_61/frame328.jpg
Counting matches...
Hit:  /Users/quake0day/wholedavis3rd_video_short_2_b/path2_55/frame26.jpg
===========
ORIGNAL: /Users/quake0day/wholedavis3rd_video_short_2_b/path2_61/frame202.jpg
Counting matches...
Hit:  /Users/quake0day/wholedavis3rd_video_short_2_b/path2_22/frame133.jpg
===========
ORIGNAL: /Users/quake0day/wholedavis3rd_video_short_2_b/path2_61/frame116.jpg
Counting matches...
Hit:  /Users/quake0day/wholedavis3rd_video_short_2_b/path2_53/frame58.jpg
===========
ORIGNAL: /Users/quake0day/wholedavis3rd_video_short_2_b/path2_61/frame189.jpg
Counting matches...
Hit:  /Users/quake0day/wholedavis3rd_video_short_2_b/path2_31/frame159.jpg
===========
ORIGNAL: /Users/quake0day/wholedavis3rd_video_short_2_b/path2_61/frame277.jpg
Counting matches...
Hit:  /Users/quake0day/wholedavis3rd_video_short_2_b/path2_22/frame133.jpg
===========
ORIGNAL: /Users/quake0day/wholedavis3rd_video_short_2_b/path2_61/frame148.jpg
Counting matches...
Hit:  /Users/quake0day/wholedavis3rd_video_short_2_b/path2_22/frame133.jpg
===========
ORIGNAL: /Users/quake0day/wholedavis3rd_video_short_2_b/path2_61/frame77.jpg
Counting matches...
Hit:  /Users/quake0day/wholedavis3rd_video_short_2_b/path2_22/frame133.jpg
===========
ORIGNAL: /Users/quake0day/wholedavis3rd_video_short_2_b/path2_61/frame70.jpg
Counting matches...
Hit:  /Users/quake0day/wholedavis3rd_video_short_2_b/path2_57/frame10.jpg
===========
ORIGNAL: /Users/quake0day/wholedavis3rd_video_short_2_b/path2_61/frame239.jpg
Counting matches...
Hit:  /Users/quake0day/wholedavis3rd_video_short_2_b/path2_55/frame26.jpg
===========
ORIGNAL: /Users/quake0day/wholedavis3rd_video_short_2_b/path2_61/frame412.jpg
Counting matches...
Hit:  /Users/quake0day/wholedavis3rd_video_short_2_b/path2_31/frame159.jpg
===========
ORIGNAL: /Users/quake0day/wholedavis3rd_video_short_2_b/path2_61/frame312.jpg
Counting matches...
Hit:  /Users/quake0day/wholedavis3rd_video_short_2_b/path2_22/frame133.jpg
===========
ORIGNAL: /Users/quake0day/wholedavis3rd_video_short_2_b/path2_61/frame91.jpg
Counting matches...
Hit:  /Users/quake0day/wholedavis3rd_video_short_2_b/path2_31/frame159.jpg
===========
ORIGNAL: /Users/quake0day/wholedavis3rd_video_short_2_b/path2_61/frame306.jpg
Counting matches...
Hit:  /Users/quake0day/wholedavis3rd_video_short_2_b/path2_31/frame159.jpg
===========
ORIGNAL: /Users/quake0day/wholedavis3rd_video_short_2_b/path2_61/frame280.jpg
Counting matches...
Hit:  /Users/quake0day/wholedavis3rd_video_short_2_b/path2_22/frame133.jpg
===========
ORIGNAL: /Users/quake0day/wholedavis3rd_video_short_2_b/path2_61/frame81.jpg
Counting matches...
Hit:  /Users/quake0day/wholedavis3rd_video_short_2_b/path2_55/frame26.jpg
===========
ORIGNAL: /Users/quake0day/wholedavis3rd_video_short_2_b/path2_61/frame409.jpg
Counting matches...
Hit:  /Users/quake0day/wholedavis3rd_video_short_2_b/path2_49/frame121.jpg
===========
ORIGNAL: /Users/quake0day/wholedavis3rd_video_short_2_b/path2_61/frame255.jpg
Counting matches...
Hit:  /Users/quake0day/wholedavis3rd_video_short_2_b/path2_22/frame133.jpg
===========
ORIGNAL: /Users/quake0day/wholedavis3rd_video_short_2_b/path2_61/frame86.jpg
Counting matches...
Hit:  /Users/quake0day/wholedavis3rd_video_short_2_b/path2_31/frame159.jpg
===========
ORIGNAL: /Users/quake0day/wholedavis3rd_video_short_2_b/path2_61/frame302.jpg
Counting matches...
Hit:  /Users/quake0day/wholedavis3rd_video_short_2_b/path2_22/frame133.jpg
===========
ORIGNAL: /Users/quake0day/wholedavis3rd_video_short_2_b/path2_61/frame68.jpg
Counting matches...
Hit:  /Users/quake0day/wholedavis3rd_video_short_2_b/path2_49/frame47.jpg
===========
ORIGNAL: /Users/quake0day/wholedavis3rd_video_short_2_b/path2_61/frame226.jpg
Counting matches...
Hit:  /Users/quake0day/wholedavis3rd_video_short_2_b/path2_57/frame100.jpg
===========
ORIGNAL: /Users/quake0day/wholedavis3rd_video_short_2_b/path2_61/frame208.jpg
Counting matches...
Hit:  /Users/quake0day/wholedavis3rd_video_short_2_b/path2_63/frame31.jpg
===========
ORIGNAL: /Users/quake0day/wholedavis3rd_video_short_2_b/path2_61/frame359.jpg
Counting matches...
Hit:  /Users/quake0day/wholedavis3rd_video_short_2_b/path2_55/frame26.jpg
===========
ORIGNAL: /Users/quake0day/wholedavis3rd_video_short_2_b/path2_61/frame336.jpg
Counting matches...
Hit:  /Users/quake0day/wholedavis3rd_video_short_2_b/path2_22/frame133.jpg
===========
ORIGNAL: /Users/quake0day/wholedavis3rd_video_short_2_b/path2_61/frame130.jpg
Total Time: 118.005581856 s.
CANNOT MATCH THE SAME TRACE
Training FLANN.
Done.
Counting matches...
Hit:  /Users/quake0day/wholedavis3rd_video_short_2_b/path2_55/frame262.jpg
===========
ORIGNAL: /Users/quake0day/wholedavis3rd_video_short_2_b/path2_16/frame141.jpg
Counting matches...
Hit:  /Users/quake0day/wholedavis3rd_video_short_2_b/path2_20/frame121.jpg
===========
ORIGNAL: /Users/quake0day/wholedavis3rd_video_short_2_b/path2_16/frame37.jpg
Counting matches...
Hit:  /Users/quake0day/wholedavis3rd_video_short_2_b/path2_44/frame174.jpg
===========
ORIGNAL: /Users/quake0day/wholedavis3rd_video_short_2_b/path2_16/frame7.jpg
Counting matches...
Hit:  /Users/quake0day/wholedavis3rd_video_short_2_b/path2_20/frame121.jpg
===========
ORIGNAL: /Users/quake0day/wholedavis3rd_video_short_2_b/path2_16/frame21.jpg
Counting matches...
Hit:  /Users/quake0day/wholedavis3rd_video_short_2_b/path2_55/frame262.jpg
===========
ORIGNAL: /Users/quake0day/wholedavis3rd_video_short_2_b/path2_16/frame116.jpg
Counting matches...
Hit:  /Users/quake0day/wholedavis3rd_video_short_2_b/path2_55/frame262.jpg
===========
ORIGNAL: /Users/quake0day/wholedavis3rd_video_short_2_b/path2_16/frame102.jpg
Counting matches...
Hit:  /Users/quake0day/wholedavis3rd_video_short_2_b/path2_55/frame262.jpg
===========
ORIGNAL: /Users/quake0day/wholedavis3rd_video_short_2_b/path2_16/frame100.jpg
Counting matches...
Hit:  /Users/quake0day/wholedavis3rd_video_short_2_b/path2_20/frame121.jpg
===========
ORIGNAL: /Users/quake0day/wholedavis3rd_video_short_2_b/path2_16/frame91.jpg
Total Time: 87.4788379669 s.
CANNOT MATCH THE SAME TRACE
Total Time: 7.76959586143 s.
CANNOT MATCH THE SAME TRACE
Training FLANN.
Done.
Counting matches...
Hit:  /Users/quake0day/wholedavis3rd_video_short_2_b/path2_1/frame15.jpg
===========
ORIGNAL: /Users/quake0day/wholedavis3rd_video_short_2_b/path2_0/frame471.jpg
Counting matches...
Hit:  /Users/quake0day/wholedavis3rd_video_short_2_b/path2_31/frame14.jpg
===========
ORIGNAL: /Users/quake0day/wholedavis3rd_video_short_2_b/path2_0/frame313.jpg
Total Time: 35.4473619461 s.
CANNOT MATCH THE SAME TRACE
Training FLANN.
Done.
Counting matches...
Hit:  /Users/quake0day/wholedavis3rd_video_short_2_b/path2_0/frame20.jpg
===========
ORIGNAL: /Users/quake0day/wholedavis3rd_video_short_2_b/path2_38/frame169.jpg
Counting matches...
Hit:  /Users/quake0day/wholedavis3rd_video_short_2_b/path2_31/frame14.jpg
===========
ORIGNAL: /Users/quake0day/wholedavis3rd_video_short_2_b/path2_38/frame22.jpg
Counting matches...
Hit:  /Users/quake0day/wholedavis3rd_video_short_2_b/path2_44/frame111.jpg
===========
ORIGNAL: /Users/quake0day/wholedavis3rd_video_short_2_b/path2_38/frame244.jpg
Total Time: 89.3814709187 s.
CANNOT MATCH THE SAME TRACE
Training FLANN.
Done.
Counting matches...
Hit:  /Users/quake0day/wholedavis3rd_video_short_2_b/path2_38/frame7.jpg
===========
ORIGNAL: /Users/quake0day/wholedavis3rd_video_short_2_b/path2_43/frame82.jpg
Counting matches...
Hit:  /Users/quake0day/wholedavis3rd_video_short_2_b/path2_44/frame25.jpg
===========
ORIGNAL: /Users/quake0day/wholedavis3rd_video_short_2_b/path2_43/frame138.jpg
Counting matches...
Hit:  /Users/quake0day/wholedavis3rd_video_short_2_b/path2_44/frame25.jpg
===========
ORIGNAL: /Users/quake0day/wholedavis3rd_video_short_2_b/path2_43/frame48.jpg
Total Time: 68.2447419167 s.
CANNOT MATCH THE SAME TRACE
Training FLANN.
Done.
Counting matches...
Hit:  /Users/quake0day/wholedavis3rd_video_short_2_b/path2_64/frame202.jpg
===========
ORIGNAL: /Users/quake0day/wholedavis3rd_video_short_2_b/path2_63/frame78.jpg
Counting matches...
Hit:  /Users/quake0day/wholedavis3rd_video_short_2_b/path2_64/frame22.jpg
===========
ORIGNAL: /Users/quake0day/wholedavis3rd_video_short_2_b/path2_63/frame165.jpg
Counting matches...
Hit:  /Users/quake0day/wholedavis3rd_video_short_2_b/path2_64/frame31.jpg
===========
ORIGNAL: /Users/quake0day/wholedavis3rd_video_short_2_b/path2_63/frame54.jpg
Counting matches...
Hit:  /Users/quake0day/wholedavis3rd_video_short_2_b/path2_61/frame312.jpg
===========
ORIGNAL: /Users/quake0day/wholedavis3rd_video_short_2_b/path2_63/frame0.jpg
Counting matches...
Hit:  /Users/quake0day/wholedavis3rd_video_short_2_b/path2_64/frame31.jpg
===========
ORIGNAL: /Users/quake0day/wholedavis3rd_video_short_2_b/path2_63/frame105.jpg
Counting matches...
Hit:  /Users/quake0day/wholedavis3rd_video_short_2_b/path2_32/frame191.jpg
===========
ORIGNAL: /Users/quake0day/wholedavis3rd_video_short_2_b/path2_63/frame171.jpg
Counting matches...
Hit:  /Users/quake0day/wholedavis3rd_video_short_2_b/path2_20/frame121.jpg
===========
ORIGNAL: /Users/quake0day/wholedavis3rd_video_short_2_b/path2_63/frame109.jpg
Counting matches...
Hit:  /Users/quake0day/wholedavis3rd_video_short_2_b/path2_64/frame20.jpg
===========
ORIGNAL: /Users/quake0day/wholedavis3rd_video_short_2_b/path2_63/frame218.jpg
Counting matches...
Hit:  /Users/quake0day/wholedavis3rd_video_short_2_b/path2_33/frame131.jpg
===========
ORIGNAL: /Users/quake0day/wholedavis3rd_video_short_2_b/path2_63/frame6.jpg
Counting matches...
Hit:  /Users/quake0day/wholedavis3rd_video_short_2_b/path2_59/frame162.jpg
===========
ORIGNAL: /Users/quake0day/wholedavis3rd_video_short_2_b/path2_63/frame10.jpg
Counting matches...
Hit:  /Users/quake0day/wholedavis3rd_video_short_2_b/path2_49/frame252.jpg
===========
ORIGNAL: /Users/quake0day/wholedavis3rd_video_short_2_b/path2_63/frame146.jpg
Counting matches...
Hit:  /Users/quake0day/wholedavis3rd_video_short_2_b/path2_38/frame17.jpg
===========
ORIGNAL: /Users/quake0day/wholedavis3rd_video_short_2_b/path2_63/frame84.jpg
Counting matches...
Hit:  /Users/quake0day/wholedavis3rd_video_short_2_b/path2_64/frame4.jpg
===========
ORIGNAL: /Users/quake0day/wholedavis3rd_video_short_2_b/path2_63/frame194.jpg
Counting matches...
Hit:  /Users/quake0day/wholedavis3rd_video_short_2_b/path2_64/frame160.jpg
===========
ORIGNAL: /Users/quake0day/wholedavis3rd_video_short_2_b/path2_63/frame15.jpg
Counting matches...
Hit:  /Users/quake0day/wholedavis3rd_video_short_2_b/path2_64/frame22.jpg
===========
ORIGNAL: /Users/quake0day/wholedavis3rd_video_short_2_b/path2_63/frame200.jpg
Counting matches...
Hit:  /Users/quake0day/wholedavis3rd_video_short_2_b/path2_64/frame31.jpg
===========
ORIGNAL: /Users/quake0day/wholedavis3rd_video_short_2_b/path2_63/frame134.jpg
Counting matches...
Hit:  /Users/quake0day/wholedavis3rd_video_short_2_b/path2_64/frame4.jpg
===========
ORIGNAL: /Users/quake0day/wholedavis3rd_video_short_2_b/path2_63/frame210.jpg
Counting matches...
Hit:  /Users/quake0day/wholedavis3rd_video_short_2_b/path2_64/frame31.jpg
===========
ORIGNAL: /Users/quake0day/wholedavis3rd_video_short_2_b/path2_63/frame62.jpg
Counting matches...
Hit:  /Users/quake0day/wholedavis3rd_video_short_2_b/path2_31/frame256.jpg
===========
ORIGNAL: /Users/quake0day/wholedavis3rd_video_short_2_b/path2_63/frame159.jpg
Counting matches...
Hit:  /Users/quake0day/wholedavis3rd_video_short_2_b/path2_49/frame252.jpg
===========
ORIGNAL: /Users/quake0day/wholedavis3rd_video_short_2_b/path2_63/frame128.jpg
Counting matches...
Hit:  /Users/quake0day/wholedavis3rd_video_short_2_b/path2_64/frame202.jpg
===========
ORIGNAL: /Users/quake0day/wholedavis3rd_video_short_2_b/path2_63/frame90.jpg
Counting matches...
Hit:  /Users/quake0day/wholedavis3rd_video_short_2_b/path2_64/frame31.jpg
===========
ORIGNAL: /Users/quake0day/wholedavis3rd_video_short_2_b/path2_63/frame76.jpg
Total Time: 119.532407999 s.
CANNOT MATCH THE SAME TRACE
Training FLANN.
Done.
Counting matches...
Hit:  /Users/quake0day/wholedavis3rd_video_short_2_b/path2_53/frame3.jpg
===========
ORIGNAL: /Users/quake0day/wholedavis3rd_video_short_2_b/path2_10/frame15.jpg
Total Time: 65.4666919708 s.
CANNOT MATCH THE SAME TRACE
Training FLANN.
Done.
Counting matches...
Hit:  /Users/quake0day/wholedavis3rd_video_short_2_b/path2_13/frame15.jpg
===========
ORIGNAL: /Users/quake0day/wholedavis3rd_video_short_2_b/path2_54/frame179.jpg
Counting matches...
Hit:  /Users/quake0day/wholedavis3rd_video_short_2_b/path2_13/frame15.jpg
===========
ORIGNAL: /Users/quake0day/wholedavis3rd_video_short_2_b/path2_54/frame176.jpg
Counting matches...
Hit:  /Users/quake0day/wholedavis3rd_video_short_2_b/path2_13/frame15.jpg
===========
ORIGNAL: /Users/quake0day/wholedavis3rd_video_short_2_b/path2_54/frame170.jpg
Counting matches...
Hit:  /Users/quake0day/wholedavis3rd_video_short_2_b/path2_53/frame141.jpg
===========
ORIGNAL: /Users/quake0day/wholedavis3rd_video_short_2_b/path2_54/frame80.jpg
Counting matches...
Hit:  /Users/quake0day/wholedavis3rd_video_short_2_b/path2_55/frame26.jpg
===========
ORIGNAL: /Users/quake0day/wholedavis3rd_video_short_2_b/path2_54/frame86.jpg
Counting matches...
Hit:  /Users/quake0day/wholedavis3rd_video_short_2_b/path2_13/frame15.jpg
===========
ORIGNAL: /Users/quake0day/wholedavis3rd_video_short_2_b/path2_54/frame125.jpg
Counting matches...
Hit:  /Users/quake0day/wholedavis3rd_video_short_2_b/path2_53/frame141.jpg
===========
ORIGNAL: /Users/quake0day/wholedavis3rd_video_short_2_b/path2_54/frame8.jpg
Counting matches...
Hit:  /Users/quake0day/wholedavis3rd_video_short_2_b/path2_53/frame141.jpg
===========
ORIGNAL: /Users/quake0day/wholedavis3rd_video_short_2_b/path2_54/frame44.jpg
Counting matches...
Hit:  /Users/quake0day/wholedavis3rd_video_short_2_b/path2_53/frame141.jpg
===========
ORIGNAL: /Users/quake0day/wholedavis3rd_video_short_2_b/path2_54/frame4.jpg
Counting matches...
Hit:  /Users/quake0day/wholedavis3rd_video_short_2_b/path2_53/frame141.jpg
===========
ORIGNAL: /Users/quake0day/wholedavis3rd_video_short_2_b/path2_54/frame83.jpg
Counting matches...
Hit:  /Users/quake0day/wholedavis3rd_video_short_2_b/path2_13/frame15.jpg
===========
ORIGNAL: /Users/quake0day/wholedavis3rd_video_short_2_b/path2_54/frame134.jpg
Counting matches...
Hit:  /Users/quake0day/wholedavis3rd_video_short_2_b/path2_53/frame141.jpg
===========
ORIGNAL: /Users/quake0day/wholedavis3rd_video_short_2_b/path2_54/frame26.jpg
Counting matches...
Hit:  /Users/quake0day/wholedavis3rd_video_short_2_b/path2_13/frame15.jpg
===========
ORIGNAL: /Users/quake0day/wholedavis3rd_video_short_2_b/path2_54/frame119.jpg
Counting matches...
Hit:  /Users/quake0day/wholedavis3rd_video_short_2_b/path2_55/frame26.jpg
===========
ORIGNAL: /Users/quake0day/wholedavis3rd_video_short_2_b/path2_54/frame103.jpg
Counting matches...
Hit:  /Users/quake0day/wholedavis3rd_video_short_2_b/path2_53/frame169.jpg
===========
ORIGNAL: /Users/quake0day/wholedavis3rd_video_short_2_b/path2_54/frame15.jpg
Counting matches...
Hit:  /Users/quake0day/wholedavis3rd_video_short_2_b/path2_53/frame141.jpg
===========
ORIGNAL: /Users/quake0day/wholedavis3rd_video_short_2_b/path2_54/frame67.jpg
Total Time: 101.041993856 s.
CANNOT MATCH THE SAME TRACE
Training FLANN.
Done.
Counting matches...
Hit:  /Users/quake0day/wholedavis3rd_video_short_2_b/path2_18/frame155.jpg
===========
ORIGNAL: /Users/quake0day/wholedavis3rd_video_short_2_b/path2_53/frame19.jpg
Counting matches...
Hit:  /Users/quake0day/wholedavis3rd_video_short_2_b/path2_54/frame103.jpg
===========
ORIGNAL: /Users/quake0day/wholedavis3rd_video_short_2_b/path2_53/frame92.jpg
Counting matches...
Hit:  /Users/quake0day/wholedavis3rd_video_short_2_b/path2_10/frame29.jpg
===========
ORIGNAL: /Users/quake0day/wholedavis3rd_video_short_2_b/path2_53/frame58.jpg
Counting matches...
Hit:  /Users/quake0day/wholedavis3rd_video_short_2_b/path2_10/frame156.jpg
===========
ORIGNAL: /Users/quake0day/wholedavis3rd_video_short_2_b/path2_53/frame67.jpg
Counting matches...
Hit:  /Users/quake0day/wholedavis3rd_video_short_2_b/path2_54/frame37.jpg
===========
ORIGNAL: /Users/quake0day/wholedavis3rd_video_short_2_b/path2_53/frame79.jpg
Counting matches...
Hit:  /Users/quake0day/wholedavis3rd_video_short_2_b/path2_54/frame17.jpg
===========
ORIGNAL: /Users/quake0day/wholedavis3rd_video_short_2_b/path2_53/frame128.jpg
Counting matches...
Hit:  /Users/quake0day/wholedavis3rd_video_short_2_b/path2_18/frame155.jpg
===========
ORIGNAL: /Users/quake0day/wholedavis3rd_video_short_2_b/path2_53/frame30.jpg
Counting matches...
Hit:  /Users/quake0day/wholedavis3rd_video_short_2_b/path2_54/frame26.jpg
===========
ORIGNAL: /Users/quake0day/wholedavis3rd_video_short_2_b/path2_53/frame169.jpg
Counting matches...
Hit:  /Users/quake0day/wholedavis3rd_video_short_2_b/path2_54/frame17.jpg
===========
ORIGNAL: /Users/quake0day/wholedavis3rd_video_short_2_b/path2_53/frame143.jpg
Total Time: 84.6752910614 s.
CANNOT MATCH THE SAME TRACE
Training FLANN.
Done.
Counting matches...
Hit:  /Users/quake0day/wholedavis3rd_video_short_2_b/path2_8/frame205.jpg
===========
ORIGNAL: /Users/quake0day/wholedavis3rd_video_short_2_b/path2_49/frame252.jpg
Counting matches...
Hit:  /Users/quake0day/wholedavis3rd_video_short_2_b/path2_8/frame205.jpg
===========
ORIGNAL: /Users/quake0day/wholedavis3rd_video_short_2_b/path2_49/frame222.jpg
Counting matches...
Hit:  /Users/quake0day/wholedavis3rd_video_short_2_b/path2_8/frame118.jpg
===========
ORIGNAL: /Users/quake0day/wholedavis3rd_video_short_2_b/path2_49/frame129.jpg
Counting matches...
Hit:  /Users/quake0day/wholedavis3rd_video_short_2_b/path2_4/frame14.jpg
===========
ORIGNAL: /Users/quake0day/wholedavis3rd_video_short_2_b/path2_49/frame19.jpg
Counting matches...
Hit:  /Users/quake0day/wholedavis3rd_video_short_2_b/path2_8/frame118.jpg
===========
ORIGNAL: /Users/quake0day/wholedavis3rd_video_short_2_b/path2_49/frame78.jpg
Counting matches...
Hit:  /Users/quake0day/wholedavis3rd_video_short_2_b/path2_8/frame118.jpg
===========
ORIGNAL: /Users/quake0day/wholedavis3rd_video_short_2_b/path2_49/frame94.jpg
Counting matches...
Hit:  /Users/quake0day/wholedavis3rd_video_short_2_b/path2_4/frame14.jpg
===========
ORIGNAL: /Users/quake0day/wholedavis3rd_video_short_2_b/path2_49/frame134.jpg
Counting matches...
Hit:  /Users/quake0day/wholedavis3rd_video_short_2_b/path2_8/frame118.jpg
===========
ORIGNAL: /Users/quake0day/wholedavis3rd_video_short_2_b/path2_49/frame47.jpg
Counting matches...
Hit:  /Users/quake0day/wholedavis3rd_video_short_2_b/path2_8/frame118.jpg
===========
ORIGNAL: /Users/quake0day/wholedavis3rd_video_short_2_b/path2_49/frame14.jpg
Counting matches...
Hit:  /Users/quake0day/wholedavis3rd_video_short_2_b/path2_8/frame118.jpg
===========
ORIGNAL: /Users/quake0day/wholedavis3rd_video_short_2_b/path2_49/frame60.jpg
Counting matches...
Hit:  /Users/quake0day/wholedavis3rd_video_short_2_b/path2_4/frame14.jpg
===========
ORIGNAL: /Users/quake0day/wholedavis3rd_video_short_2_b/path2_49/frame109.jpg
Total Time: 76.2072689533 s.
CANNOT MATCH THE SAME TRACE
Training FLANN.
Done.
Counting matches...
Hit:  /Users/quake0day/wholedavis3rd_video_short_2_b/path2_57/frame4.jpg
===========
ORIGNAL: /Users/quake0day/wholedavis3rd_video_short_2_b/path2_18/frame82.jpg
Total Time: 58.1558408737 s.
CANNOT MATCH THE SAME TRACE
Training FLANN.
Done.
Counting matches...
Hit:  /Users/quake0day/wholedavis3rd_video_short_2_b/path2_59/frame6.jpg
===========
ORIGNAL: /Users/quake0day/wholedavis3rd_video_short_2_b/path2_20/frame43.jpg
Counting matches...
Hit:  /Users/quake0day/wholedavis3rd_video_short_2_b/path2_59/frame6.jpg
===========
ORIGNAL: /Users/quake0day/wholedavis3rd_video_short_2_b/path2_20/frame46.jpg
Counting matches...
Hit:  /Users/quake0day/wholedavis3rd_video_short_2_b/path2_59/frame56.jpg
===========
ORIGNAL: /Users/quake0day/wholedavis3rd_video_short_2_b/path2_20/frame103.jpg
Total Time: 86.1842339039 s.
CANNOT MATCH THE SAME TRACE
Training FLANN.
Done.
Counting matches...
Hit:  /Users/quake0day/wholedavis3rd_video_short_2_b/path2_38/frame179.jpg
===========
ORIGNAL: /Users/quake0day/wholedavis3rd_video_short_2_b/path2_55/frame158.jpg
Counting matches...
Hit:  /Users/quake0day/wholedavis3rd_video_short_2_b/path2_16/frame116.jpg
===========
ORIGNAL: /Users/quake0day/wholedavis3rd_video_short_2_b/path2_55/frame341.jpg
Counting matches...
Hit:  /Users/quake0day/wholedavis3rd_video_short_2_b/path2_16/frame102.jpg
===========
ORIGNAL: /Users/quake0day/wholedavis3rd_video_short_2_b/path2_55/frame295.jpg
Counting matches...
Hit:  /Users/quake0day/wholedavis3rd_video_short_2_b/path2_16/frame238.jpg
===========
ORIGNAL: /Users/quake0day/wholedavis3rd_video_short_2_b/path2_55/frame229.jpg
Counting matches...
Hit:  /Users/quake0day/wholedavis3rd_video_short_2_b/path2_16/frame102.jpg
===========
ORIGNAL: /Users/quake0day/wholedavis3rd_video_short_2_b/path2_55/frame282.jpg
Counting matches...
Hit:  /Users/quake0day/wholedavis3rd_video_short_2_b/path2_16/frame141.jpg
===========
ORIGNAL: /Users/quake0day/wholedavis3rd_video_short_2_b/path2_55/frame333.jpg
Counting matches...
Hit:  /Users/quake0day/wholedavis3rd_video_short_2_b/path2_16/frame102.jpg
===========
ORIGNAL: /Users/quake0day/wholedavis3rd_video_short_2_b/path2_55/frame248.jpg
Counting matches...
Hit:  /Users/quake0day/wholedavis3rd_video_short_2_b/path2_64/frame166.jpg
===========
ORIGNAL: /Users/quake0day/wholedavis3rd_video_short_2_b/path2_55/frame149.jpg
Counting matches...
Hit:  /Users/quake0day/wholedavis3rd_video_short_2_b/path2_54/frame179.jpg
===========
ORIGNAL: /Users/quake0day/wholedavis3rd_video_short_2_b/path2_55/frame30.jpg
Counting matches...
Hit:  /Users/quake0day/wholedavis3rd_video_short_2_b/path2_16/frame102.jpg
===========
ORIGNAL: /Users/quake0day/wholedavis3rd_video_short_2_b/path2_55/frame276.jpg
Counting matches...
Hit:  /Users/quake0day/wholedavis3rd_video_short_2_b/path2_20/frame121.jpg
===========
ORIGNAL: /Users/quake0day/wholedavis3rd_video_short_2_b/path2_55/frame135.jpg
Counting matches...
Hit:  /Users/quake0day/wholedavis3rd_video_short_2_b/path2_16/frame116.jpg
===========
ORIGNAL: /Users/quake0day/wholedavis3rd_video_short_2_b/path2_55/frame273.jpg
Counting matches...
Hit:  /Users/quake0day/wholedavis3rd_video_short_2_b/path2_54/frame176.jpg
===========
ORIGNAL: /Users/quake0day/wholedavis3rd_video_short_2_b/path2_55/frame84.jpg
Counting matches...
Hit:  /Users/quake0day/wholedavis3rd_video_short_2_b/path2_16/frame116.jpg
===========
ORIGNAL: /Users/quake0day/wholedavis3rd_video_short_2_b/path2_55/frame281.jpg
Counting matches...
Hit:  /Users/quake0day/wholedavis3rd_video_short_2_b/path2_54/frame179.jpg
===========
ORIGNAL: /Users/quake0day/wholedavis3rd_video_short_2_b/path2_55/frame1.jpg
Counting matches...
Hit:  /Users/quake0day/wholedavis3rd_video_short_2_b/path2_54/frame176.jpg
===========
ORIGNAL: /Users/quake0day/wholedavis3rd_video_short_2_b/path2_55/frame42.jpg
Counting matches...
Hit:  /Users/quake0day/wholedavis3rd_video_short_2_b/path2_54/frame176.jpg
===========
ORIGNAL: /Users/quake0day/wholedavis3rd_video_short_2_b/path2_55/frame55.jpg
Counting matches...
Hit:  /Users/quake0day/wholedavis3rd_video_short_2_b/path2_16/frame116.jpg
===========
ORIGNAL: /Users/quake0day/wholedavis3rd_video_short_2_b/path2_55/frame265.jpg
Counting matches...
Hit:  /Users/quake0day/wholedavis3rd_video_short_2_b/path2_38/frame216.jpg
===========
ORIGNAL: /Users/quake0day/wholedavis3rd_video_short_2_b/path2_55/frame173.jpg
Counting matches...
Hit:  /Users/quake0day/wholedavis3rd_video_short_2_b/path2_57/frame100.jpg
===========
ORIGNAL: /Users/quake0day/wholedavis3rd_video_short_2_b/path2_55/frame129.jpg
Counting matches...
Hit:  /Users/quake0day/wholedavis3rd_video_short_2_b/path2_21/frame147.jpg
===========
ORIGNAL: /Users/quake0day/wholedavis3rd_video_short_2_b/path2_55/frame26.jpg
Total Time: 127.745893955 s.
CANNOT MATCH THE SAME TRACE
Training FLANN.
Done.
Counting matches...
Hit:  /Users/quake0day/wholedavis3rd_video_short_2_b/path2_1/frame15.jpg
===========
ORIGNAL: /Users/quake0day/wholedavis3rd_video_short_2_b/path2_4/frame14.jpg
Total Time: 47.6301999092 s.
CANNOT MATCH THE SAME TRACE
Training FLANN.
Done.
Counting matches...
Hit:  /Users/quake0day/wholedavis3rd_video_short_2_b/path2_22/frame11.jpg
===========
ORIGNAL: /Users/quake0day/wholedavis3rd_video_short_2_b/path2_13/frame162.jpg
Counting matches...
Hit:  /Users/quake0day/wholedavis3rd_video_short_2_b/path2_54/frame144.jpg
===========
ORIGNAL: /Users/quake0day/wholedavis3rd_video_short_2_b/path2_13/frame15.jpg
Counting matches...
Hit:  /Users/quake0day/wholedavis3rd_video_short_2_b/path2_54/frame144.jpg
===========
ORIGNAL: /Users/quake0day/wholedavis3rd_video_short_2_b/path2_13/frame22.jpg
Total Time: 75.7155628204 s.
CANNOT MATCH THE SAME TRACE
Training FLANN.
Done.
Counting matches...
Hit:  /Users/quake0day/wholedavis3rd_video_short_2_b/path2_61/frame18.jpg
===========
ORIGNAL: /Users/quake0day/wholedavis3rd_video_short_2_b/path2_22/frame90.jpg
Counting matches...
Hit:  /Users/quake0day/wholedavis3rd_video_short_2_b/path2_21/frame114.jpg
===========
ORIGNAL: /Users/quake0day/wholedavis3rd_video_short_2_b/path2_22/frame11.jpg
Total Time: 48.8961629868 s.
