CANNOT MATCH THE SAME TRACE
Training FLANN.
Done.
Counting matches...
Hit:  /Users/quake0day/wholedavis3rd_video_short_2_b/path2_21/frame114.jpg
===========
ORIGNAL: /Users/quake0day/wholedavis3rd_video_short_2_b/path2_22/frame11.jpg
Total Time: 67.9757649899 s.
CANNOT MATCH THE SAME TRACE
Training FLANN.
Done.
Counting matches...
Hit:  /Users/quake0day/wholedavis3rd_video_short_2_b/path2_4/frame14.jpg
===========
ORIGNAL: /Users/quake0day/wholedavis3rd_video_short_2_b/path2_47/frame30.jpg
Counting matches...
Hit:  /Users/quake0day/wholedavis3rd_video_short_2_b/path2_48/frame98.jpg
===========
ORIGNAL: /Users/quake0day/wholedavis3rd_video_short_2_b/path2_47/frame157.jpg
Counting matches...
Hit:  /Users/quake0day/wholedavis3rd_video_short_2_b/path2_4/frame14.jpg
===========
ORIGNAL: /Users/quake0day/wholedavis3rd_video_short_2_b/path2_47/frame125.jpg
Counting matches...
Hit:  /Users/quake0day/wholedavis3rd_video_short_2_b/path2_4/frame14.jpg
===========
ORIGNAL: /Users/quake0day/wholedavis3rd_video_short_2_b/path2_47/frame73.jpg
Counting matches...
Hit:  /Users/quake0day/wholedavis3rd_video_short_2_b/path2_48/frame98.jpg
===========
ORIGNAL: /Users/quake0day/wholedavis3rd_video_short_2_b/path2_47/frame142.jpg
Counting matches...
Hit:  /Users/quake0day/wholedavis3rd_video_short_2_b/path2_4/frame14.jpg
===========
ORIGNAL: /Users/quake0day/wholedavis3rd_video_short_2_b/path2_47/frame129.jpg
Counting matches...
Hit:  /Users/quake0day/wholedavis3rd_video_short_2_b/path2_3/frame204.jpg
===========
ORIGNAL: /Users/quake0day/wholedavis3rd_video_short_2_b/path2_47/frame7.jpg
Counting matches...
Hit:  /Users/quake0day/wholedavis3rd_video_short_2_b/path2_4/frame14.jpg
===========
ORIGNAL: /Users/quake0day/wholedavis3rd_video_short_2_b/path2_47/frame109.jpg
Counting matches...
Hit:  /Users/quake0day/wholedavis3rd_video_short_2_b/path2_4/frame14.jpg
===========
ORIGNAL: /Users/quake0day/wholedavis3rd_video_short_2_b/path2_47/frame61.jpg
Counting matches...
Hit:  /Users/quake0day/wholedavis3rd_video_short_2_b/path2_4/frame14.jpg
===========
ORIGNAL: /Users/quake0day/wholedavis3rd_video_short_2_b/path2_47/frame19.jpg
Counting matches...
Hit:  /Users/quake0day/wholedavis3rd_video_short_2_b/path2_48/frame98.jpg
===========
ORIGNAL: /Users/quake0day/wholedavis3rd_video_short_2_b/path2_47/frame152.jpg
Counting matches...
Hit:  /Users/quake0day/wholedavis3rd_video_short_2_b/path2_3/frame204.jpg
===========
ORIGNAL: /Users/quake0day/wholedavis3rd_video_short_2_b/path2_47/frame22.jpg
Counting matches...
Hit:  /Users/quake0day/wholedavis3rd_video_short_2_b/path2_4/frame14.jpg
===========
ORIGNAL: /Users/quake0day/wholedavis3rd_video_short_2_b/path2_47/frame57.jpg
Counting matches...
Hit:  /Users/quake0day/wholedavis3rd_video_short_2_b/path2_3/frame204.jpg
===========
ORIGNAL: /Users/quake0day/wholedavis3rd_video_short_2_b/path2_47/frame1.jpg
Total Time: 126.743476868 s.
CANNOT MATCH THE SAME TRACE
Training FLANN.
Done.
Counting matches...
Hit:  /Users/quake0day/wholedavis3rd_video_short_2_b/path2_22/frame133.jpg
===========
ORIGNAL: /Users/quake0day/wholedavis3rd_video_short_2_b/path2_23/frame63.jpg
Counting matches...
Hit:  /Users/quake0day/wholedavis3rd_video_short_2_b/path2_24/frame198.jpg
===========
ORIGNAL: /Users/quake0day/wholedavis3rd_video_short_2_b/path2_23/frame177.jpg
Counting matches...
Hit:  /Users/quake0day/wholedavis3rd_video_short_2_b/path2_27/frame115.jpg
===========
ORIGNAL: /Users/quake0day/wholedavis3rd_video_short_2_b/path2_23/frame166.jpg
Counting matches...
Hit:  /Users/quake0day/wholedavis3rd_video_short_2_b/path2_48/frame98.jpg
===========
ORIGNAL: /Users/quake0day/wholedavis3rd_video_short_2_b/path2_23/frame112.jpg
Total Time: 127.136336088 s.
CANNOT MATCH THE SAME TRACE
Training FLANN.
Done.
Counting matches...
Hit:  /Users/quake0day/wholedavis3rd_video_short_2_b/path2_47/frame37.jpg
===========
ORIGNAL: /Users/quake0day/wholedavis3rd_video_short_2_b/path2_4/frame14.jpg
Total Time: 74.3954749107 s.
CANNOT MATCH THE SAME TRACE
Training FLANN.
Done.
Counting matches...
Hit:  /Users/quake0day/wholedavis3rd_video_short_2_b/path2_20/frame16.jpg
===========
ORIGNAL: /Users/quake0day/wholedavis3rd_video_short_2_b/path2_67/frame17.jpg
Counting matches...
Hit:  /Users/quake0day/wholedavis3rd_video_short_2_b/path2_27/frame115.jpg
===========
ORIGNAL: /Users/quake0day/wholedavis3rd_video_short_2_b/path2_67/frame208.jpg
Counting matches...
Hit:  /Users/quake0day/wholedavis3rd_video_short_2_b/path2_4/frame14.jpg
===========
ORIGNAL: /Users/quake0day/wholedavis3rd_video_short_2_b/path2_67/frame57.jpg
Counting matches...
Hit:  /Users/quake0day/wholedavis3rd_video_short_2_b/path2_27/frame115.jpg
===========
ORIGNAL: /Users/quake0day/wholedavis3rd_video_short_2_b/path2_67/frame111.jpg
Counting matches...
Hit:  /Users/quake0day/wholedavis3rd_video_short_2_b/path2_27/frame115.jpg
===========
ORIGNAL: /Users/quake0day/wholedavis3rd_video_short_2_b/path2_67/frame195.jpg
Counting matches...
Hit:  /Users/quake0day/wholedavis3rd_video_short_2_b/path2_63/frame31.jpg
===========
ORIGNAL: /Users/quake0day/wholedavis3rd_video_short_2_b/path2_67/frame36.jpg
Counting matches...
Hit:  /Users/quake0day/wholedavis3rd_video_short_2_b/path2_37/frame37.jpg
===========
ORIGNAL: /Users/quake0day/wholedavis3rd_video_short_2_b/path2_67/frame142.jpg
Counting matches...
Hit:  /Users/quake0day/wholedavis3rd_video_short_2_b/path2_23/frame177.jpg
===========
ORIGNAL: /Users/quake0day/wholedavis3rd_video_short_2_b/path2_67/frame0.jpg
Total Time: 127.28223896 s.
CANNOT MATCH THE SAME TRACE
Training FLANN.
Done.
Counting matches...
Hit:  /Users/quake0day/wholedavis3rd_video_short_2_b/path2_63/frame10.jpg
===========
ORIGNAL: /Users/quake0day/wholedavis3rd_video_short_2_b/path2_24/frame72.jpg
Counting matches...
Hit:  /Users/quake0day/wholedavis3rd_video_short_2_b/path2_25/frame15.jpg
===========
ORIGNAL: /Users/quake0day/wholedavis3rd_video_short_2_b/path2_24/frame228.jpg
Counting matches...
Hit:  /Users/quake0day/wholedavis3rd_video_short_2_b/path2_63/frame15.jpg
===========
ORIGNAL: /Users/quake0day/wholedavis3rd_video_short_2_b/path2_24/frame84.jpg
Counting matches...
Hit:  /Users/quake0day/wholedavis3rd_video_short_2_b/path2_63/frame31.jpg
===========
ORIGNAL: /Users/quake0day/wholedavis3rd_video_short_2_b/path2_24/frame168.jpg
Counting matches...
Hit:  /Users/quake0day/wholedavis3rd_video_short_2_b/path2_63/frame105.jpg
===========
ORIGNAL: /Users/quake0day/wholedavis3rd_video_short_2_b/path2_24/frame185.jpg
Counting matches...
Hit:  /Users/quake0day/wholedavis3rd_video_short_2_b/path2_63/frame31.jpg
===========
ORIGNAL: /Users/quake0day/wholedavis3rd_video_short_2_b/path2_24/frame113.jpg
Counting matches...
Hit:  /Users/quake0day/wholedavis3rd_video_short_2_b/path2_63/frame31.jpg
===========
ORIGNAL: /Users/quake0day/wholedavis3rd_video_short_2_b/path2_24/frame156.jpg
Counting matches...
Hit:  /Users/quake0day/wholedavis3rd_video_short_2_b/path2_63/frame15.jpg
===========
ORIGNAL: /Users/quake0day/wholedavis3rd_video_short_2_b/path2_24/frame37.jpg
Counting matches...
Hit:  /Users/quake0day/wholedavis3rd_video_short_2_b/path2_25/frame15.jpg
===========
ORIGNAL: /Users/quake0day/wholedavis3rd_video_short_2_b/path2_24/frame261.jpg
Counting matches...
Hit:  /Users/quake0day/wholedavis3rd_video_short_2_b/path2_63/frame31.jpg
===========
ORIGNAL: /Users/quake0day/wholedavis3rd_video_short_2_b/path2_24/frame139.jpg
Counting matches...
Hit:  /Users/quake0day/wholedavis3rd_video_short_2_b/path2_25/frame15.jpg
===========
ORIGNAL: /Users/quake0day/wholedavis3rd_video_short_2_b/path2_24/frame232.jpg
Counting matches...
Hit:  /Users/quake0day/wholedavis3rd_video_short_2_b/path2_63/frame15.jpg
===========
ORIGNAL: /Users/quake0day/wholedavis3rd_video_short_2_b/path2_24/frame56.jpg
Counting matches...
Hit:  /Users/quake0day/wholedavis3rd_video_short_2_b/path2_63/frame31.jpg
===========
ORIGNAL: /Users/quake0day/wholedavis3rd_video_short_2_b/path2_24/frame108.jpg
Total Time: 152.749735832 s.
CANNOT MATCH THE SAME TRACE
Training FLANN.
Done.
Counting matches...
Hit:  /Users/quake0day/wholedavis3rd_video_short_2_b/path2_67/frame111.jpg
===========
ORIGNAL: /Users/quake0day/wholedavis3rd_video_short_2_b/path2_48/frame48.jpg
Counting matches...
Hit:  /Users/quake0day/wholedavis3rd_video_short_2_b/path2_6/frame38.jpg
===========
ORIGNAL: /Users/quake0day/wholedavis3rd_video_short_2_b/path2_48/frame55.jpg
Counting matches...
Hit:  /Users/quake0day/wholedavis3rd_video_short_2_b/path2_47/frame157.jpg
===========
ORIGNAL: /Users/quake0day/wholedavis3rd_video_short_2_b/path2_48/frame7.jpg
Counting matches...
Hit:  /Users/quake0day/wholedavis3rd_video_short_2_b/path2_6/frame76.jpg
===========
ORIGNAL: /Users/quake0day/wholedavis3rd_video_short_2_b/path2_48/frame121.jpg
Counting matches...
Hit:  /Users/quake0day/wholedavis3rd_video_short_2_b/path2_47/frame157.jpg
===========
ORIGNAL: /Users/quake0day/wholedavis3rd_video_short_2_b/path2_48/frame14.jpg
Counting matches...
Hit:  /Users/quake0day/wholedavis3rd_video_short_2_b/path2_6/frame76.jpg
===========
ORIGNAL: /Users/quake0day/wholedavis3rd_video_short_2_b/path2_48/frame110.jpg
Counting matches...
Hit:  /Users/quake0day/wholedavis3rd_video_short_2_b/path2_47/frame138.jpg
===========
ORIGNAL: /Users/quake0day/wholedavis3rd_video_short_2_b/path2_48/frame29.jpg
Total Time: 54.236921072 s.
CANNOT MATCH THE SAME TRACE
Training FLANN.
Done.
Counting matches...
Hit:  /Users/quake0day/wholedavis3rd_video_short_2_b/path2_24/frame139.jpg
===========
ORIGNAL: /Users/quake0day/wholedavis3rd_video_short_2_b/path2_63/frame78.jpg
Counting matches...
Hit:  /Users/quake0day/wholedavis3rd_video_short_2_b/path2_25/frame15.jpg
===========
ORIGNAL: /Users/quake0day/wholedavis3rd_video_short_2_b/path2_63/frame165.jpg
Counting matches...
Hit:  /Users/quake0day/wholedavis3rd_video_short_2_b/path2_24/frame113.jpg
===========
ORIGNAL: /Users/quake0day/wholedavis3rd_video_short_2_b/path2_63/frame54.jpg
Counting matches...
Hit:  /Users/quake0day/wholedavis3rd_video_short_2_b/path2_24/frame102.jpg
===========
ORIGNAL: /Users/quake0day/wholedavis3rd_video_short_2_b/path2_63/frame0.jpg
Counting matches...
Hit:  /Users/quake0day/wholedavis3rd_video_short_2_b/path2_24/frame198.jpg
===========
ORIGNAL: /Users/quake0day/wholedavis3rd_video_short_2_b/path2_63/frame105.jpg
Counting matches...
Hit:  /Users/quake0day/wholedavis3rd_video_short_2_b/path2_25/frame15.jpg
===========
ORIGNAL: /Users/quake0day/wholedavis3rd_video_short_2_b/path2_63/frame171.jpg
Counting matches...
Hit:  /Users/quake0day/wholedavis3rd_video_short_2_b/path2_24/frame168.jpg
===========
ORIGNAL: /Users/quake0day/wholedavis3rd_video_short_2_b/path2_63/frame109.jpg
Counting matches...
Hit:  /Users/quake0day/wholedavis3rd_video_short_2_b/path2_24/frame214.jpg
===========
ORIGNAL: /Users/quake0day/wholedavis3rd_video_short_2_b/path2_63/frame218.jpg
Counting matches...
Hit:  /Users/quake0day/wholedavis3rd_video_short_2_b/path2_24/frame102.jpg
===========
ORIGNAL: /Users/quake0day/wholedavis3rd_video_short_2_b/path2_63/frame6.jpg
Counting matches...
Hit:  /Users/quake0day/wholedavis3rd_video_short_2_b/path2_24/frame102.jpg
===========
ORIGNAL: /Users/quake0day/wholedavis3rd_video_short_2_b/path2_63/frame10.jpg
Counting matches...
Hit:  /Users/quake0day/wholedavis3rd_video_short_2_b/path2_24/frame198.jpg
===========
ORIGNAL: /Users/quake0day/wholedavis3rd_video_short_2_b/path2_63/frame146.jpg
Counting matches...
Hit:  /Users/quake0day/wholedavis3rd_video_short_2_b/path2_24/frame156.jpg
===========
ORIGNAL: /Users/quake0day/wholedavis3rd_video_short_2_b/path2_63/frame84.jpg
Counting matches...
Hit:  /Users/quake0day/wholedavis3rd_video_short_2_b/path2_24/frame261.jpg
===========
ORIGNAL: /Users/quake0day/wholedavis3rd_video_short_2_b/path2_63/frame194.jpg
Counting matches...
Hit:  /Users/quake0day/wholedavis3rd_video_short_2_b/path2_24/frame102.jpg
===========
ORIGNAL: /Users/quake0day/wholedavis3rd_video_short_2_b/path2_63/frame15.jpg
Counting matches...
Hit:  /Users/quake0day/wholedavis3rd_video_short_2_b/path2_25/frame15.jpg
===========
ORIGNAL: /Users/quake0day/wholedavis3rd_video_short_2_b/path2_63/frame200.jpg
Counting matches...
Hit:  /Users/quake0day/wholedavis3rd_video_short_2_b/path2_24/frame214.jpg
===========
ORIGNAL: /Users/quake0day/wholedavis3rd_video_short_2_b/path2_63/frame134.jpg
Counting matches...
Hit:  /Users/quake0day/wholedavis3rd_video_short_2_b/path2_25/frame15.jpg
===========
ORIGNAL: /Users/quake0day/wholedavis3rd_video_short_2_b/path2_63/frame210.jpg
Counting matches...
Hit:  /Users/quake0day/wholedavis3rd_video_short_2_b/path2_24/frame139.jpg
===========
ORIGNAL: /Users/quake0day/wholedavis3rd_video_short_2_b/path2_63/frame62.jpg
Counting matches...
Hit:  /Users/quake0day/wholedavis3rd_video_short_2_b/path2_25/frame15.jpg
===========
ORIGNAL: /Users/quake0day/wholedavis3rd_video_short_2_b/path2_63/frame159.jpg
Counting matches...
Hit:  /Users/quake0day/wholedavis3rd_video_short_2_b/path2_24/frame198.jpg
===========
ORIGNAL: /Users/quake0day/wholedavis3rd_video_short_2_b/path2_63/frame128.jpg
Counting matches...
Hit:  /Users/quake0day/wholedavis3rd_video_short_2_b/path2_24/frame156.jpg
===========
ORIGNAL: /Users/quake0day/wholedavis3rd_video_short_2_b/path2_63/frame90.jpg
Counting matches...
Hit:  /Users/quake0day/wholedavis3rd_video_short_2_b/path2_24/frame139.jpg
===========
ORIGNAL: /Users/quake0day/wholedavis3rd_video_short_2_b/path2_63/frame76.jpg
Total Time: 140.016880035 s.
CANNOT MATCH THE SAME TRACE
Training FLANN.
Done.
Counting matches...
Hit:  /Users/quake0day/wholedavis3rd_video_short_2_b/path2_10/frame15.jpg
===========
ORIGNAL: /Users/quake0day/wholedavis3rd_video_short_2_b/path2_12/frame73.jpg
Counting matches...
Hit:  /Users/quake0day/wholedavis3rd_video_short_2_b/path2_13/frame15.jpg
===========
ORIGNAL: /Users/quake0day/wholedavis3rd_video_short_2_b/path2_12/frame153.jpg
Counting matches...
Hit:  /Users/quake0day/wholedavis3rd_video_short_2_b/path2_13/frame15.jpg
===========
ORIGNAL: /Users/quake0day/wholedavis3rd_video_short_2_b/path2_12/frame101.jpg
Counting matches...
Hit:  /Users/quake0day/wholedavis3rd_video_short_2_b/path2_10/frame15.jpg
===========
ORIGNAL: /Users/quake0day/wholedavis3rd_video_short_2_b/path2_12/frame82.jpg
Counting matches...
Hit:  /Users/quake0day/wholedavis3rd_video_short_2_b/path2_13/frame15.jpg
===========
ORIGNAL: /Users/quake0day/wholedavis3rd_video_short_2_b/path2_12/frame163.jpg
Total Time: 102.193097115 s.
CANNOT MATCH THE SAME TRACE
Training FLANN.
Done.
Counting matches...
Hit:  /Users/quake0day/wholedavis3rd_video_short_2_b/path2_1/frame15.jpg
===========
ORIGNAL: /Users/quake0day/wholedavis3rd_video_short_2_b/path2_0/frame471.jpg
Counting matches...
Hit:  /Users/quake0day/wholedavis3rd_video_short_2_b/path2_67/frame100.jpg
===========
ORIGNAL: /Users/quake0day/wholedavis3rd_video_short_2_b/path2_0/frame313.jpg
Total Time: 37.0690331459 s.
CANNOT MATCH THE SAME TRACE
Training FLANN.
Done.
Counting matches...
Hit:  /Users/quake0day/wholedavis3rd_video_short_2_b/path2_0/frame20.jpg
===========
ORIGNAL: /Users/quake0day/wholedavis3rd_video_short_2_b/path2_2/frame33.jpg
Counting matches...
Hit:  /Users/quake0day/wholedavis3rd_video_short_2_b/path2_23/frame177.jpg
===========
ORIGNAL: /Users/quake0day/wholedavis3rd_video_short_2_b/path2_2/frame122.jpg
Total Time: 49.9608829021 s.
CANNOT MATCH THE SAME TRACE
Training FLANN.
Done.
Counting matches...
Hit:  /Users/quake0day/wholedavis3rd_video_short_2_b/path2_1/frame15.jpg
===========
ORIGNAL: /Users/quake0day/wholedavis3rd_video_short_2_b/path2_13/frame162.jpg
Counting matches...
Hit:  /Users/quake0day/wholedavis3rd_video_short_2_b/path2_12/frame145.jpg
===========
ORIGNAL: /Users/quake0day/wholedavis3rd_video_short_2_b/path2_13/frame15.jpg
Counting matches...
Hit:  /Users/quake0day/wholedavis3rd_video_short_2_b/path2_12/frame145.jpg
===========
ORIGNAL: /Users/quake0day/wholedavis3rd_video_short_2_b/path2_13/frame22.jpg
Total Time: 96.6254169941 s.
CANNOT MATCH THE SAME TRACE
Training FLANN.
Done.
Counting matches...
Hit:  /Users/quake0day/wholedavis3rd_video_short_2_b/path2_23/frame166.jpg
===========
ORIGNAL: /Users/quake0day/wholedavis3rd_video_short_2_b/path2_26/frame163.jpg
Counting matches...
Hit:  /Users/quake0day/wholedavis3rd_video_short_2_b/path2_25/frame194.jpg
===========
ORIGNAL: /Users/quake0day/wholedavis3rd_video_short_2_b/path2_26/frame6.jpg
Counting matches...
Hit:  /Users/quake0day/wholedavis3rd_video_short_2_b/path2_27/frame7.jpg
===========
ORIGNAL: /Users/quake0day/wholedavis3rd_video_short_2_b/path2_26/frame172.jpg
Total Time: 122.670806885 s.
CANNOT MATCH THE SAME TRACE
Training FLANN.
Done.
Counting matches...
Hit:  /Users/quake0day/wholedavis3rd_video_short_2_b/path2_20/frame16.jpg
===========
ORIGNAL: /Users/quake0day/wholedavis3rd_video_short_2_b/path2_19/frame157.jpg
Total Time: 95.8955590725 s.
CANNOT MATCH THE SAME TRACE
Training FLANN.
Done.
Counting matches...
Hit:  /Users/quake0day/wholedavis3rd_video_short_2_b/path2_37/frame14.jpg
===========
ORIGNAL: /Users/quake0day/wholedavis3rd_video_short_2_b/path2_36/frame159.jpg
Counting matches...
Hit:  /Users/quake0day/wholedavis3rd_video_short_2_b/path2_37/frame156.jpg
===========
ORIGNAL: /Users/quake0day/wholedavis3rd_video_short_2_b/path2_36/frame110.jpg
Total Time: 111.985581875 s.
CANNOT MATCH THE SAME TRACE
Training FLANN.
Done.
Counting matches...
Hit:  /Users/quake0day/wholedavis3rd_video_short_2_b/path2_47/frame34.jpg
===========
ORIGNAL: /Users/quake0day/wholedavis3rd_video_short_2_b/path2_3/frame246.jpg
Total Time: 88.3075671196 s.
CANNOT MATCH THE SAME TRACE
Training FLANN.
Done.
Counting matches...
Hit:  /Users/quake0day/wholedavis3rd_video_short_2_b/path2_24/frame156.jpg
===========
ORIGNAL: /Users/quake0day/wholedavis3rd_video_short_2_b/path2_25/frame148.jpg
Counting matches...
Hit:  /Users/quake0day/wholedavis3rd_video_short_2_b/path2_63/frame224.jpg
===========
ORIGNAL: /Users/quake0day/wholedavis3rd_video_short_2_b/path2_25/frame159.jpg
Counting matches...
Hit:  /Users/quake0day/wholedavis3rd_video_short_2_b/path2_63/frame224.jpg
===========
ORIGNAL: /Users/quake0day/wholedavis3rd_video_short_2_b/path2_25/frame91.jpg
Counting matches...
Hit:  /Users/quake0day/wholedavis3rd_video_short_2_b/path2_63/frame171.jpg
===========
ORIGNAL: /Users/quake0day/wholedavis3rd_video_short_2_b/path2_25/frame34.jpg
Counting matches...
Hit:  /Users/quake0day/wholedavis3rd_video_short_2_b/path2_24/frame232.jpg
===========
ORIGNAL: /Users/quake0day/wholedavis3rd_video_short_2_b/path2_25/frame10.jpg
Counting matches...
Hit:  /Users/quake0day/wholedavis3rd_video_short_2_b/path2_26/frame15.jpg
===========
ORIGNAL: /Users/quake0day/wholedavis3rd_video_short_2_b/path2_25/frame248.jpg
Counting matches...
Hit:  /Users/quake0day/wholedavis3rd_video_short_2_b/path2_26/frame135.jpg
===========
ORIGNAL: /Users/quake0day/wholedavis3rd_video_short_2_b/path2_25/frame186.jpg
Total Time: 142.648773909 s.
CANNOT MATCH THE SAME TRACE
Training FLANN.
Done.
Counting matches...
Hit:  /Users/quake0day/wholedavis3rd_video_short_2_b/path2_19/frame6.jpg
===========
ORIGNAL: /Users/quake0day/wholedavis3rd_video_short_2_b/path2_18/frame82.jpg
Total Time: 80.4251852036 s.
CANNOT MATCH THE SAME TRACE
Training FLANN.
Done.
Counting matches...
Hit:  /Users/quake0day/wholedavis3rd_video_short_2_b/path2_39/frame145.jpg
===========
ORIGNAL: /Users/quake0day/wholedavis3rd_video_short_2_b/path2_41/frame65.jpg
Counting matches...
Hit:  /Users/quake0day/wholedavis3rd_video_short_2_b/path2_42/frame13.jpg
===========
ORIGNAL: /Users/quake0day/wholedavis3rd_video_short_2_b/path2_41/frame157.jpg
Counting matches...
Hit:  /Users/quake0day/wholedavis3rd_video_short_2_b/path2_42/frame13.jpg
===========
ORIGNAL: /Users/quake0day/wholedavis3rd_video_short_2_b/path2_41/frame181.jpg
Total Time: 108.868780136 s.
CANNOT MATCH THE SAME TRACE
Training FLANN.
Done.
Counting matches...
Hit:  /Users/quake0day/wholedavis3rd_video_short_2_b/path2_67/frame118.jpg
===========
ORIGNAL: /Users/quake0day/wholedavis3rd_video_short_2_b/path2_27/frame177.jpg
Counting matches...
Hit:  /Users/quake0day/wholedavis3rd_video_short_2_b/path2_24/frame214.jpg
===========
ORIGNAL: /Users/quake0day/wholedavis3rd_video_short_2_b/path2_27/frame55.jpg
Counting matches...
Hit:  /Users/quake0day/wholedavis3rd_video_short_2_b/path2_67/frame111.jpg
===========
ORIGNAL: /Users/quake0day/wholedavis3rd_video_short_2_b/path2_27/frame58.jpg
Counting matches...
Hit:  /Users/quake0day/wholedavis3rd_video_short_2_b/path2_0/frame20.jpg
===========
ORIGNAL: /Users/quake0day/wholedavis3rd_video_short_2_b/path2_27/frame17.jpg
Counting matches...
Hit:  /Users/quake0day/wholedavis3rd_video_short_2_b/path2_67/frame118.jpg
===========
ORIGNAL: /Users/quake0day/wholedavis3rd_video_short_2_b/path2_27/frame115.jpg
Counting matches...
Hit:  /Users/quake0day/wholedavis3rd_video_short_2_b/path2_0/frame16.jpg
===========
ORIGNAL: /Users/quake0day/wholedavis3rd_video_short_2_b/path2_27/frame10.jpg
Total Time: 107.168397188 s.
CANNOT MATCH THE SAME TRACE
Training FLANN.
Done.
Counting matches...
Hit:  /Users/quake0day/wholedavis3rd_video_short_2_b/path2_0/frame20.jpg
===========
ORIGNAL: /Users/quake0day/wholedavis3rd_video_short_2_b/path2_17/frame273.jpg
Counting matches...
Hit:  /Users/quake0day/wholedavis3rd_video_short_2_b/path2_0/frame16.jpg
===========
ORIGNAL: /Users/quake0day/wholedavis3rd_video_short_2_b/path2_17/frame260.jpg
Counting matches...
Hit:  /Users/quake0day/wholedavis3rd_video_short_2_b/path2_29/frame25.jpg
===========
ORIGNAL: /Users/quake0day/wholedavis3rd_video_short_2_b/path2_17/frame242.jpg
Total Time: 44.683257103 s.
CANNOT MATCH THE SAME TRACE
Training FLANN.
Done.
Counting matches...
Hit:  /Users/quake0day/wholedavis3rd_video_short_2_b/path2_37/frame14.jpg
===========
ORIGNAL: /Users/quake0day/wholedavis3rd_video_short_2_b/path2_43/frame82.jpg
Counting matches...
Hit:  /Users/quake0day/wholedavis3rd_video_short_2_b/path2_67/frame104.jpg
===========
ORIGNAL: /Users/quake0day/wholedavis3rd_video_short_2_b/path2_43/frame138.jpg
Counting matches...
Hit:  /Users/quake0day/wholedavis3rd_video_short_2_b/path2_42/frame240.jpg
===========
ORIGNAL: /Users/quake0day/wholedavis3rd_video_short_2_b/path2_43/frame48.jpg
Total Time: 97.8287990093 s.
CANNOT MATCH THE SAME TRACE
Training FLANN.
Done.
Counting matches...
Hit:  /Users/quake0day/wholedavis3rd_video_short_2_b/path2_51/frame26.jpg
===========
ORIGNAL: /Users/quake0day/wholedavis3rd_video_short_2_b/path2_35/frame135.jpg
Counting matches...
Hit:  /Users/quake0day/wholedavis3rd_video_short_2_b/path2_18/frame19.jpg
===========
ORIGNAL: /Users/quake0day/wholedavis3rd_video_short_2_b/path2_35/frame178.jpg
Counting matches...
Hit:  /Users/quake0day/wholedavis3rd_video_short_2_b/path2_39/frame238.jpg
===========
ORIGNAL: /Users/quake0day/wholedavis3rd_video_short_2_b/path2_35/frame184.jpg
Counting matches...
Hit:  /Users/quake0day/wholedavis3rd_video_short_2_b/path2_67/frame125.jpg
===========
ORIGNAL: /Users/quake0day/wholedavis3rd_video_short_2_b/path2_35/frame145.jpg
Counting matches...
Hit:  /Users/quake0day/wholedavis3rd_video_short_2_b/path2_55/frame26.jpg
===========
ORIGNAL: /Users/quake0day/wholedavis3rd_video_short_2_b/path2_35/frame205.jpg
Counting matches...
Hit:  /Users/quake0day/wholedavis3rd_video_short_2_b/path2_67/frame118.jpg
===========
ORIGNAL: /Users/quake0day/wholedavis3rd_video_short_2_b/path2_35/frame18.jpg
Total Time: 115.976788044 s.
CANNOT MATCH THE SAME TRACE
Training FLANN.
Done.
Counting matches...
Hit:  /Users/quake0day/wholedavis3rd_video_short_2_b/path2_48/frame31.jpg
===========
ORIGNAL: /Users/quake0day/wholedavis3rd_video_short_2_b/path2_6/frame4.jpg
Counting matches...
Hit:  /Users/quake0day/wholedavis3rd_video_short_2_b/path2_48/frame52.jpg
===========
ORIGNAL: /Users/quake0day/wholedavis3rd_video_short_2_b/path2_6/frame38.jpg
Counting matches...
Hit:  /Users/quake0day/wholedavis3rd_video_short_2_b/path2_8/frame118.jpg
===========
ORIGNAL: /Users/quake0day/wholedavis3rd_video_short_2_b/path2_6/frame113.jpg
Counting matches...
Hit:  /Users/quake0day/wholedavis3rd_video_short_2_b/path2_48/frame25.jpg
===========
ORIGNAL: /Users/quake0day/wholedavis3rd_video_short_2_b/path2_6/frame23.jpg
Total Time: 88.569092989 s.
CANNOT MATCH THE SAME TRACE
Training FLANN.
Done.
Counting matches...
Hit:  /Users/quake0day/wholedavis3rd_video_short_2_b/path2_19/frame147.jpg
===========
ORIGNAL: /Users/quake0day/wholedavis3rd_video_short_2_b/path2_58/frame43.jpg
Counting matches...
Hit:  /Users/quake0day/wholedavis3rd_video_short_2_b/path2_20/frame16.jpg
===========
ORIGNAL: /Users/quake0day/wholedavis3rd_video_short_2_b/path2_58/frame124.jpg
Counting matches...
Hit:  /Users/quake0day/wholedavis3rd_video_short_2_b/path2_19/frame142.jpg
===========
ORIGNAL: /Users/quake0day/wholedavis3rd_video_short_2_b/path2_58/frame50.jpg
Counting matches...
Hit:  /Users/quake0day/wholedavis3rd_video_short_2_b/path2_19/frame107.jpg
===========
ORIGNAL: /Users/quake0day/wholedavis3rd_video_short_2_b/path2_58/frame55.jpg
Counting matches...
Hit:  /Users/quake0day/wholedavis3rd_video_short_2_b/path2_20/frame16.jpg
===========
ORIGNAL: /Users/quake0day/wholedavis3rd_video_short_2_b/path2_58/frame115.jpg
Counting matches...
Hit:  /Users/quake0day/wholedavis3rd_video_short_2_b/path2_59/frame6.jpg
===========
ORIGNAL: /Users/quake0day/wholedavis3rd_video_short_2_b/path2_58/frame149.jpg
Total Time: 114.219620943 s.
CANNOT MATCH THE SAME TRACE
Training FLANN.
Done.
Counting matches...
Hit:  /Users/quake0day/wholedavis3rd_video_short_2_b/path2_34/frame16.jpg
===========
ORIGNAL: /Users/quake0day/wholedavis3rd_video_short_2_b/path2_33/frame255.jpg
Counting matches...
Hit:  /Users/quake0day/wholedavis3rd_video_short_2_b/path2_34/frame16.jpg
===========
ORIGNAL: /Users/quake0day/wholedavis3rd_video_short_2_b/path2_33/frame201.jpg
Counting matches...
Hit:  /Users/quake0day/wholedavis3rd_video_short_2_b/path2_63/frame224.jpg
===========
ORIGNAL: /Users/quake0day/wholedavis3rd_video_short_2_b/path2_33/frame21.jpg
Counting matches...
Hit:  /Users/quake0day/wholedavis3rd_video_short_2_b/path2_24/frame156.jpg
===========
ORIGNAL: /Users/quake0day/wholedavis3rd_video_short_2_b/path2_33/frame137.jpg
Counting matches...
Hit:  /Users/quake0day/wholedavis3rd_video_short_2_b/path2_37/frame291.jpg
===========
ORIGNAL: /Users/quake0day/wholedavis3rd_video_short_2_b/path2_33/frame131.jpg
Counting matches...
Hit:  /Users/quake0day/wholedavis3rd_video_short_2_b/path2_34/frame16.jpg
===========
ORIGNAL: /Users/quake0day/wholedavis3rd_video_short_2_b/path2_33/frame228.jpg
Total Time: 101.500377893 s.
CANNOT MATCH THE SAME TRACE
Training FLANN.
Done.
Counting matches...
Hit:  /Users/quake0day/wholedavis3rd_video_short_2_b/path2_51/frame32.jpg
===========
ORIGNAL: /Users/quake0day/wholedavis3rd_video_short_2_b/path2_10/frame15.jpg
Total Time: 91.0118041039 s.
CANNOT MATCH THE SAME TRACE
Training FLANN.
Done.
Counting matches...
Hit:  /Users/quake0day/wholedavis3rd_video_short_2_b/path2_43/frame48.jpg
===========
ORIGNAL: /Users/quake0day/wholedavis3rd_video_short_2_b/path2_42/frame216.jpg
Counting matches...
Hit:  /Users/quake0day/wholedavis3rd_video_short_2_b/path2_41/frame148.jpg
===========
ORIGNAL: /Users/quake0day/wholedavis3rd_video_short_2_b/path2_42/frame185.jpg
Counting matches...
Hit:  /Users/quake0day/wholedavis3rd_video_short_2_b/path2_41/frame181.jpg
===========
ORIGNAL: /Users/quake0day/wholedavis3rd_video_short_2_b/path2_42/frame13.jpg
Total Time: 123.210252047 s.
CANNOT MATCH THE SAME TRACE
Training FLANN.
Done.
Counting matches...
Hit:  /Users/quake0day/wholedavis3rd_video_short_2_b/path2_37/frame226.jpg
===========
ORIGNAL: /Users/quake0day/wholedavis3rd_video_short_2_b/path2_29/frame131.jpg
Counting matches...
Hit:  /Users/quake0day/wholedavis3rd_video_short_2_b/path2_3/frame151.jpg
===========
ORIGNAL: /Users/quake0day/wholedavis3rd_video_short_2_b/path2_29/frame46.jpg
Total Time: 98.9892420769 s.
CANNOT MATCH THE SAME TRACE
Training FLANN.
Done.
Counting matches...
Hit:  /Users/quake0day/wholedavis3rd_video_short_2_b/path2_16/frame141.jpg
===========
ORIGNAL: /Users/quake0day/wholedavis3rd_video_short_2_b/path2_55/frame341.jpg
Counting matches...
Hit:  /Users/quake0day/wholedavis3rd_video_short_2_b/path2_25/frame129.jpg
===========
ORIGNAL: /Users/quake0day/wholedavis3rd_video_short_2_b/path2_55/frame158.jpg
Counting matches...
Hit:  /Users/quake0day/wholedavis3rd_video_short_2_b/path2_16/frame102.jpg
===========
ORIGNAL: /Users/quake0day/wholedavis3rd_video_short_2_b/path2_55/frame295.jpg
Counting matches...
Hit:  /Users/quake0day/wholedavis3rd_video_short_2_b/path2_16/frame238.jpg
===========
ORIGNAL: /Users/quake0day/wholedavis3rd_video_short_2_b/path2_55/frame229.jpg
Counting matches...
Hit:  /Users/quake0day/wholedavis3rd_video_short_2_b/path2_16/frame102.jpg
===========
ORIGNAL: /Users/quake0day/wholedavis3rd_video_short_2_b/path2_55/frame282.jpg
Counting matches...
Hit:  /Users/quake0day/wholedavis3rd_video_short_2_b/path2_16/frame116.jpg
===========
ORIGNAL: /Users/quake0day/wholedavis3rd_video_short_2_b/path2_55/frame276.jpg
Counting matches...
Hit:  /Users/quake0day/wholedavis3rd_video_short_2_b/path2_67/frame104.jpg
===========
ORIGNAL: /Users/quake0day/wholedavis3rd_video_short_2_b/path2_55/frame129.jpg
Counting matches...
Hit:  /Users/quake0day/wholedavis3rd_video_short_2_b/path2_16/frame141.jpg
===========
ORIGNAL: /Users/quake0day/wholedavis3rd_video_short_2_b/path2_55/frame333.jpg
Counting matches...
Hit:  /Users/quake0day/wholedavis3rd_video_short_2_b/path2_1/frame15.jpg
===========
ORIGNAL: /Users/quake0day/wholedavis3rd_video_short_2_b/path2_55/frame30.jpg
Counting matches...
Hit:  /Users/quake0day/wholedavis3rd_video_short_2_b/path2_59/frame129.jpg
===========
ORIGNAL: /Users/quake0day/wholedavis3rd_video_short_2_b/path2_55/frame135.jpg
Counting matches...
Hit:  /Users/quake0day/wholedavis3rd_video_short_2_b/path2_67/frame111.jpg
===========
ORIGNAL: /Users/quake0day/wholedavis3rd_video_short_2_b/path2_55/frame149.jpg
Counting matches...
Hit:  /Users/quake0day/wholedavis3rd_video_short_2_b/path2_16/frame116.jpg
===========
ORIGNAL: /Users/quake0day/wholedavis3rd_video_short_2_b/path2_55/frame273.jpg
Counting matches...
Hit:  /Users/quake0day/wholedavis3rd_video_short_2_b/path2_43/frame138.jpg
===========
ORIGNAL: /Users/quake0day/wholedavis3rd_video_short_2_b/path2_55/frame84.jpg
Counting matches...
Hit:  /Users/quake0day/wholedavis3rd_video_short_2_b/path2_16/frame102.jpg
===========
ORIGNAL: /Users/quake0day/wholedavis3rd_video_short_2_b/path2_55/frame281.jpg
Counting matches...
Hit:  /Users/quake0day/wholedavis3rd_video_short_2_b/path2_16/frame102.jpg
===========
ORIGNAL: /Users/quake0day/wholedavis3rd_video_short_2_b/path2_55/frame248.jpg
Counting matches...
Hit:  /Users/quake0day/wholedavis3rd_video_short_2_b/path2_67/frame113.jpg
===========
ORIGNAL: /Users/quake0day/wholedavis3rd_video_short_2_b/path2_55/frame1.jpg
Counting matches...
Hit:  /Users/quake0day/wholedavis3rd_video_short_2_b/path2_67/frame118.jpg
===========
ORIGNAL: /Users/quake0day/wholedavis3rd_video_short_2_b/path2_55/frame55.jpg
Counting matches...
Hit:  /Users/quake0day/wholedavis3rd_video_short_2_b/path2_16/frame116.jpg
===========
ORIGNAL: /Users/quake0day/wholedavis3rd_video_short_2_b/path2_55/frame265.jpg
Counting matches...
Hit:  /Users/quake0day/wholedavis3rd_video_short_2_b/path2_37/frame325.jpg
===========
ORIGNAL: /Users/quake0day/wholedavis3rd_video_short_2_b/path2_55/frame42.jpg
Counting matches...
Hit:  /Users/quake0day/wholedavis3rd_video_short_2_b/path2_21/frame147.jpg
===========
ORIGNAL: /Users/quake0day/wholedavis3rd_video_short_2_b/path2_55/frame26.jpg
Total Time: 154.28513217 s.
CANNOT MATCH THE SAME TRACE
Training FLANN.
Done.
Counting matches...
Hit:  /Users/quake0day/wholedavis3rd_video_short_2_b/path2_58/frame149.jpg
===========
ORIGNAL: /Users/quake0day/wholedavis3rd_video_short_2_b/path2_20/frame43.jpg
Counting matches...
Hit:  /Users/quake0day/wholedavis3rd_video_short_2_b/path2_58/frame149.jpg
===========
ORIGNAL: /Users/quake0day/wholedavis3rd_video_short_2_b/path2_20/frame46.jpg
Counting matches...
Hit:  /Users/quake0day/wholedavis3rd_video_short_2_b/path2_59/frame58.jpg
===========
ORIGNAL: /Users/quake0day/wholedavis3rd_video_short_2_b/path2_20/frame103.jpg
Total Time: 111.675251007 s.
CANNOT MATCH THE SAME TRACE
Training FLANN.
Done.
Counting matches...
Hit:  /Users/quake0day/wholedavis3rd_video_short_2_b/path2_35/frame18.jpg
===========
ORIGNAL: /Users/quake0day/wholedavis3rd_video_short_2_b/path2_34/frame253.jpg
Counting matches...
Hit:  /Users/quake0day/wholedavis3rd_video_short_2_b/path2_33/frame131.jpg
===========
ORIGNAL: /Users/quake0day/wholedavis3rd_video_short_2_b/path2_34/frame16.jpg
Counting matches...
Hit:  /Users/quake0day/wholedavis3rd_video_short_2_b/path2_63/frame224.jpg
===========
ORIGNAL: /Users/quake0day/wholedavis3rd_video_short_2_b/path2_34/frame33.jpg
Total Time: 96.9025478363 s.
CANNOT MATCH THE SAME TRACE
Training FLANN.
Done.
Counting matches...
Hit:  /Users/quake0day/wholedavis3rd_video_short_2_b/path2_36/frame110.jpg
===========
ORIGNAL: /Users/quake0day/wholedavis3rd_video_short_2_b/path2_37/frame43.jpg
Counting matches...
Hit:  /Users/quake0day/wholedavis3rd_video_short_2_b/path2_36/frame159.jpg
===========
ORIGNAL: /Users/quake0day/wholedavis3rd_video_short_2_b/path2_37/frame180.jpg
Counting matches...
Hit:  /Users/quake0day/wholedavis3rd_video_short_2_b/path2_27/frame115.jpg
===========
ORIGNAL: /Users/quake0day/wholedavis3rd_video_short_2_b/path2_37/frame156.jpg
Counting matches...
Hit:  /Users/quake0day/wholedavis3rd_video_short_2_b/path2_36/frame110.jpg
===========
ORIGNAL: /Users/quake0day/wholedavis3rd_video_short_2_b/path2_37/frame89.jpg
Total Time: 132.863449812 s.
CANNOT MATCH THE SAME TRACE
Training FLANN.
Done.
Counting matches...
Hit:  /Users/quake0day/wholedavis3rd_video_short_2_b/path2_0/frame16.jpg
===========
ORIGNAL: /Users/quake0day/wholedavis3rd_video_short_2_b/path2_1/frame110.jpg
Counting matches...
Hit:  /Users/quake0day/wholedavis3rd_video_short_2_b/path2_0/frame16.jpg
===========
ORIGNAL: /Users/quake0day/wholedavis3rd_video_short_2_b/path2_1/frame454.jpg
Total Time: 68.8183581829 s.
CANNOT MATCH THE SAME TRACE
Training FLANN.
Done.
Counting matches...
Hit:  /Users/quake0day/wholedavis3rd_video_short_2_b/path2_6/frame113.jpg
===========
ORIGNAL: /Users/quake0day/wholedavis3rd_video_short_2_b/path2_8/frame89.jpg
Total Time: 64.7851140499 s.
CANNOT MATCH THE SAME TRACE
Training FLANN.
Done.
Counting matches...
Hit:  /Users/quake0day/wholedavis3rd_video_short_2_b/path2_20/frame187.jpg
===========
ORIGNAL: /Users/quake0day/wholedavis3rd_video_short_2_b/path2_21/frame86.jpg
Counting matches...
Hit:  /Users/quake0day/wholedavis3rd_video_short_2_b/path2_22/frame11.jpg
===========
ORIGNAL: /Users/quake0day/wholedavis3rd_video_short_2_b/path2_21/frame121.jpg
Counting matches...
Hit:  /Users/quake0day/wholedavis3rd_video_short_2_b/path2_22/frame11.jpg
===========
ORIGNAL: /Users/quake0day/wholedavis3rd_video_short_2_b/path2_21/frame200.jpg
Total Time: 120.168186903 s.
CANNOT MATCH THE SAME TRACE
Training FLANN.
Done.
Counting matches...
Hit:  /Users/quake0day/wholedavis3rd_video_short_2_b/path2_10/frame156.jpg
===========
ORIGNAL: /Users/quake0day/wholedavis3rd_video_short_2_b/path2_51/frame128.jpg
Counting matches...
Hit:  /Users/quake0day/wholedavis3rd_video_short_2_b/path2_10/frame52.jpg
===========
ORIGNAL: /Users/quake0day/wholedavis3rd_video_short_2_b/path2_51/frame55.jpg
Counting matches...
Hit:  /Users/quake0day/wholedavis3rd_video_short_2_b/path2_10/frame52.jpg
===========
ORIGNAL: /Users/quake0day/wholedavis3rd_video_short_2_b/path2_51/frame96.jpg
Counting matches...
Hit:  /Users/quake0day/wholedavis3rd_video_short_2_b/path2_10/frame29.jpg
===========
ORIGNAL: /Users/quake0day/wholedavis3rd_video_short_2_b/path2_51/frame46.jpg
Counting matches...
Hit:  /Users/quake0day/wholedavis3rd_video_short_2_b/path2_10/frame52.jpg
===========
ORIGNAL: /Users/quake0day/wholedavis3rd_video_short_2_b/path2_51/frame132.jpg
Counting matches...
Hit:  /Users/quake0day/wholedavis3rd_video_short_2_b/path2_10/frame29.jpg
===========
ORIGNAL: /Users/quake0day/wholedavis3rd_video_short_2_b/path2_51/frame35.jpg
Total Time: 103.31362915 s.
CANNOT MATCH THE SAME TRACE
Training FLANN.
Done.
Counting matches...
Hit:  /Users/quake0day/wholedavis3rd_video_short_2_b/path2_67/frame106.jpg
===========
ORIGNAL: /Users/quake0day/wholedavis3rd_video_short_2_b/path2_39/frame145.jpg
Counting matches...
Hit:  /Users/quake0day/wholedavis3rd_video_short_2_b/path2_10/frame156.jpg
===========
ORIGNAL: /Users/quake0day/wholedavis3rd_video_short_2_b/path2_39/frame211.jpg
Counting matches...
Hit:  /Users/quake0day/wholedavis3rd_video_short_2_b/path2_35/frame197.jpg
===========
ORIGNAL: /Users/quake0day/wholedavis3rd_video_short_2_b/path2_39/frame62.jpg
Counting matches...
Hit:  /Users/quake0day/wholedavis3rd_video_short_2_b/path2_18/frame19.jpg
===========
ORIGNAL: /Users/quake0day/wholedavis3rd_video_short_2_b/path2_39/frame5.jpg
Total Time: 96.0388040543 s.
CANNOT MATCH THE SAME TRACE
Training FLANN.
Done.
Counting matches...
Hit:  /Users/quake0day/wholedavis3rd_video_short_2_b/path2_20/frame121.jpg
===========
ORIGNAL: /Users/quake0day/wholedavis3rd_video_short_2_b/path2_59/frame110.jpg
Counting matches...
Hit:  /Users/quake0day/wholedavis3rd_video_short_2_b/path2_58/frame149.jpg
===========
ORIGNAL: /Users/quake0day/wholedavis3rd_video_short_2_b/path2_59/frame6.jpg
Counting matches...
Hit:  /Users/quake0day/wholedavis3rd_video_short_2_b/path2_20/frame121.jpg
===========
ORIGNAL: /Users/quake0day/wholedavis3rd_video_short_2_b/path2_59/frame69.jpg
Counting matches...
Hit:  /Users/quake0day/wholedavis3rd_video_short_2_b/path2_20/frame187.jpg
===========
ORIGNAL: /Users/quake0day/wholedavis3rd_video_short_2_b/path2_59/frame116.jpg
Counting matches...
Hit:  /Users/quake0day/wholedavis3rd_video_short_2_b/path2_20/frame103.jpg
===========
ORIGNAL: /Users/quake0day/wholedavis3rd_video_short_2_b/path2_59/frame56.jpg
Counting matches...
Hit:  /Users/quake0day/wholedavis3rd_video_short_2_b/path2_58/frame138.jpg
===========
ORIGNAL: /Users/quake0day/wholedavis3rd_video_short_2_b/path2_59/frame8.jpg
Counting matches...
Hit:  /Users/quake0day/wholedavis3rd_video_short_2_b/path2_20/frame121.jpg
===========
ORIGNAL: /Users/quake0day/wholedavis3rd_video_short_2_b/path2_59/frame78.jpg
Counting matches...
Hit:  /Users/quake0day/wholedavis3rd_video_short_2_b/path2_20/frame187.jpg
===========
ORIGNAL: /Users/quake0day/wholedavis3rd_video_short_2_b/path2_59/frame171.jpg
Counting matches...
Hit:  /Users/quake0day/wholedavis3rd_video_short_2_b/path2_20/frame187.jpg
===========
ORIGNAL: /Users/quake0day/wholedavis3rd_video_short_2_b/path2_59/frame162.jpg
Counting matches...
Hit:  /Users/quake0day/wholedavis3rd_video_short_2_b/path2_20/frame187.jpg
===========
ORIGNAL: /Users/quake0day/wholedavis3rd_video_short_2_b/path2_59/frame147.jpg
Counting matches...
Hit:  /Users/quake0day/wholedavis3rd_video_short_2_b/path2_20/frame121.jpg
===========
ORIGNAL: /Users/quake0day/wholedavis3rd_video_short_2_b/path2_59/frame94.jpg
Counting matches...
Hit:  /Users/quake0day/wholedavis3rd_video_short_2_b/path2_20/frame187.jpg
===========
ORIGNAL: /Users/quake0day/wholedavis3rd_video_short_2_b/path2_59/frame129.jpg
Total Time: 126.294111013 s.
CANNOT MATCH THE SAME TRACE
Training FLANN.
Done.
Counting matches...
Hit:  /Users/quake0day/wholedavis3rd_video_short_2_b/path2_55/frame262.jpg
===========
ORIGNAL: /Users/quake0day/wholedavis3rd_video_short_2_b/path2_16/frame141.jpg
Counting matches...
Hit:  /Users/quake0day/wholedavis3rd_video_short_2_b/path2_35/frame18.jpg
===========
ORIGNAL: /Users/quake0day/wholedavis3rd_video_short_2_b/path2_16/frame37.jpg
Counting matches...
Hit:  /Users/quake0day/wholedavis3rd_video_short_2_b/path2_35/frame197.jpg
===========
ORIGNAL: /Users/quake0day/wholedavis3rd_video_short_2_b/path2_16/frame7.jpg
Counting matches...
Hit:  /Users/quake0day/wholedavis3rd_video_short_2_b/path2_35/frame18.jpg
===========
ORIGNAL: /Users/quake0day/wholedavis3rd_video_short_2_b/path2_16/frame21.jpg
Counting matches...
Hit:  /Users/quake0day/wholedavis3rd_video_short_2_b/path2_55/frame262.jpg
===========
ORIGNAL: /Users/quake0day/wholedavis3rd_video_short_2_b/path2_16/frame116.jpg
Counting matches...
Hit:  /Users/quake0day/wholedavis3rd_video_short_2_b/path2_55/frame262.jpg
===========
ORIGNAL: /Users/quake0day/wholedavis3rd_video_short_2_b/path2_16/frame102.jpg
Counting matches...
Hit:  /Users/quake0day/wholedavis3rd_video_short_2_b/path2_55/frame248.jpg
===========
ORIGNAL: /Users/quake0day/wholedavis3rd_video_short_2_b/path2_16/frame91.jpg
Counting matches...
Hit:  /Users/quake0day/wholedavis3rd_video_short_2_b/path2_55/frame262.jpg
===========
ORIGNAL: /Users/quake0day/wholedavis3rd_video_short_2_b/path2_16/frame100.jpg
Total Time: 114.105652094 s.
