CANNOT MATCH THE SAME TRACE
Training FLANN.
Done.
Counting matches...
Hit:  /home/bruce/Works/Research/3D/open3d/Dragonite/evaluations/wholedavis3rd_video_short_2_b/path2_37/frame325.jpg
===========
ORIGNAL: /home/bruce/Works/Research/3D/open3d/Dragonite/evaluations/wholedavis3rd_video_short_2_b/path2_35/frame178.jpg
Counting matches...
Hit:  /home/bruce/Works/Research/3D/open3d/Dragonite/evaluations/wholedavis3rd_video_short_2_b/path2_39/frame169.jpg
===========
ORIGNAL: /home/bruce/Works/Research/3D/open3d/Dragonite/evaluations/wholedavis3rd_video_short_2_b/path2_35/frame205.jpg
Counting matches...
Hit:  /home/bruce/Works/Research/3D/open3d/Dragonite/evaluations/wholedavis3rd_video_short_2_b/path2_36/frame107.jpg
===========
ORIGNAL: /home/bruce/Works/Research/3D/open3d/Dragonite/evaluations/wholedavis3rd_video_short_2_b/path2_35/frame145.jpg
Counting matches...
Hit:  /home/bruce/Works/Research/3D/open3d/Dragonite/evaluations/wholedavis3rd_video_short_2_b/path2_39/frame238.jpg
===========
ORIGNAL: /home/bruce/Works/Research/3D/open3d/Dragonite/evaluations/wholedavis3rd_video_short_2_b/path2_35/frame184.jpg
Counting matches...
Hit:  /home/bruce/Works/Research/3D/open3d/Dragonite/evaluations/wholedavis3rd_video_short_2_b/path2_12/frame23.jpg
===========
ORIGNAL: /home/bruce/Works/Research/3D/open3d/Dragonite/evaluations/wholedavis3rd_video_short_2_b/path2_35/frame135.jpg
Counting matches...
Hit:  /home/bruce/Works/Research/3D/open3d/Dragonite/evaluations/wholedavis3rd_video_short_2_b/path2_34/frame247.jpg
===========
ORIGNAL: /home/bruce/Works/Research/3D/open3d/Dragonite/evaluations/wholedavis3rd_video_short_2_b/path2_35/frame18.jpg
Total Time: 24.9547560215 s.
CANNOT MATCH THE SAME TRACE
Training FLANN.
Done.
Counting matches...
Hit:  /home/bruce/Works/Research/3D/open3d/Dragonite/evaluations/wholedavis3rd_video_short_2_b/path2_15/frame188.jpg
===========
ORIGNAL: /home/bruce/Works/Research/3D/open3d/Dragonite/evaluations/wholedavis3rd_video_short_2_b/path2_16/frame37.jpg
Counting matches...
Hit:  /home/bruce/Works/Research/3D/open3d/Dragonite/evaluations/wholedavis3rd_video_short_2_b/path2_15/frame193.jpg
===========
ORIGNAL: /home/bruce/Works/Research/3D/open3d/Dragonite/evaluations/wholedavis3rd_video_short_2_b/path2_16/frame7.jpg
Counting matches...
Hit:  /home/bruce/Works/Research/3D/open3d/Dragonite/evaluations/wholedavis3rd_video_short_2_b/path2_1/frame15.jpg
===========
ORIGNAL: /home/bruce/Works/Research/3D/open3d/Dragonite/evaluations/wholedavis3rd_video_short_2_b/path2_16/frame116.jpg
Counting matches...
Hit:  /home/bruce/Works/Research/3D/open3d/Dragonite/evaluations/wholedavis3rd_video_short_2_b/path2_0/frame20.jpg
===========
ORIGNAL: /home/bruce/Works/Research/3D/open3d/Dragonite/evaluations/wholedavis3rd_video_short_2_b/path2_16/frame141.jpg
Counting matches...
Hit:  /home/bruce/Works/Research/3D/open3d/Dragonite/evaluations/wholedavis3rd_video_short_2_b/path2_15/frame188.jpg
===========
ORIGNAL: /home/bruce/Works/Research/3D/open3d/Dragonite/evaluations/wholedavis3rd_video_short_2_b/path2_16/frame21.jpg
Counting matches...
Hit:  /home/bruce/Works/Research/3D/open3d/Dragonite/evaluations/wholedavis3rd_video_short_2_b/path2_1/frame15.jpg
===========
ORIGNAL: /home/bruce/Works/Research/3D/open3d/Dragonite/evaluations/wholedavis3rd_video_short_2_b/path2_16/frame100.jpg
Counting matches...
Hit:  /home/bruce/Works/Research/3D/open3d/Dragonite/evaluations/wholedavis3rd_video_short_2_b/path2_1/frame15.jpg
===========
ORIGNAL: /home/bruce/Works/Research/3D/open3d/Dragonite/evaluations/wholedavis3rd_video_short_2_b/path2_16/frame102.jpg
Counting matches...
Hit:  /home/bruce/Works/Research/3D/open3d/Dragonite/evaluations/wholedavis3rd_video_short_2_b/path2_25/frame202.jpg
===========
ORIGNAL: /home/bruce/Works/Research/3D/open3d/Dragonite/evaluations/wholedavis3rd_video_short_2_b/path2_16/frame91.jpg
Total Time: 23.6122848988 s.
CANNOT MATCH THE SAME TRACE
Training FLANN.
Done.
Counting matches...
Hit:  /home/bruce/Works/Research/3D/open3d/Dragonite/evaluations/wholedavis3rd_video_short_2_b/path2_22/frame11.jpg
===========
ORIGNAL: /home/bruce/Works/Research/3D/open3d/Dragonite/evaluations/wholedavis3rd_video_short_2_b/path2_21/frame121.jpg
Counting matches...
Hit:  /home/bruce/Works/Research/3D/open3d/Dragonite/evaluations/wholedavis3rd_video_short_2_b/path2_20/frame187.jpg
===========
ORIGNAL: /home/bruce/Works/Research/3D/open3d/Dragonite/evaluations/wholedavis3rd_video_short_2_b/path2_21/frame86.jpg
Counting matches...
Hit:  /home/bruce/Works/Research/3D/open3d/Dragonite/evaluations/wholedavis3rd_video_short_2_b/path2_22/frame11.jpg
===========
ORIGNAL: /home/bruce/Works/Research/3D/open3d/Dragonite/evaluations/wholedavis3rd_video_short_2_b/path2_21/frame200.jpg
Total Time: 24.6520819664 s.
CANNOT MATCH THE SAME TRACE
Training FLANN.
Done.
Counting matches...
Hit:  /home/bruce/Works/Research/3D/open3d/Dragonite/evaluations/wholedavis3rd_video_short_2_b/path2_41/frame181.jpg
===========
ORIGNAL: /home/bruce/Works/Research/3D/open3d/Dragonite/evaluations/wholedavis3rd_video_short_2_b/path2_42/frame13.jpg
Counting matches...
Hit:  /home/bruce/Works/Research/3D/open3d/Dragonite/evaluations/wholedavis3rd_video_short_2_b/path2_5/frame100.jpg
===========
ORIGNAL: /home/bruce/Works/Research/3D/open3d/Dragonite/evaluations/wholedavis3rd_video_short_2_b/path2_42/frame216.jpg
Counting matches...
Hit:  /home/bruce/Works/Research/3D/open3d/Dragonite/evaluations/wholedavis3rd_video_short_2_b/path2_41/frame181.jpg
===========
ORIGNAL: /home/bruce/Works/Research/3D/open3d/Dragonite/evaluations/wholedavis3rd_video_short_2_b/path2_42/frame185.jpg
Total Time: 26.971572876 s.
CANNOT MATCH THE SAME TRACE
Training FLANN.
Done.
Counting matches...
Hit:  /home/bruce/Works/Research/3D/open3d/Dragonite/evaluations/wholedavis3rd_video_short_2_b/path2_28/frame61.jpg
===========
ORIGNAL: /home/bruce/Works/Research/3D/open3d/Dragonite/evaluations/wholedavis3rd_video_short_2_b/path2_31/frame125.jpg
Counting matches...
Hit:  /home/bruce/Works/Research/3D/open3d/Dragonite/evaluations/wholedavis3rd_video_short_2_b/path2_0/frame16.jpg
===========
ORIGNAL: /home/bruce/Works/Research/3D/open3d/Dragonite/evaluations/wholedavis3rd_video_short_2_b/path2_31/frame17.jpg
Counting matches...
Hit:  /home/bruce/Works/Research/3D/open3d/Dragonite/evaluations/wholedavis3rd_video_short_2_b/path2_27/frame115.jpg
===========
ORIGNAL: /home/bruce/Works/Research/3D/open3d/Dragonite/evaluations/wholedavis3rd_video_short_2_b/path2_31/frame159.jpg
Counting matches...
Hit:  /home/bruce/Works/Research/3D/open3d/Dragonite/evaluations/wholedavis3rd_video_short_2_b/path2_25/frame194.jpg
===========
ORIGNAL: /home/bruce/Works/Research/3D/open3d/Dragonite/evaluations/wholedavis3rd_video_short_2_b/path2_31/frame267.jpg
Counting matches...
Hit:  /home/bruce/Works/Research/3D/open3d/Dragonite/evaluations/wholedavis3rd_video_short_2_b/path2_24/frame198.jpg
===========
ORIGNAL: /home/bruce/Works/Research/3D/open3d/Dragonite/evaluations/wholedavis3rd_video_short_2_b/path2_31/frame256.jpg
Counting matches...
Hit:  /home/bruce/Works/Research/3D/open3d/Dragonite/evaluations/wholedavis3rd_video_short_2_b/path2_0/frame16.jpg
===========
ORIGNAL: /home/bruce/Works/Research/3D/open3d/Dragonite/evaluations/wholedavis3rd_video_short_2_b/path2_31/frame6.jpg
Counting matches...
Hit:  /home/bruce/Works/Research/3D/open3d/Dragonite/evaluations/wholedavis3rd_video_short_2_b/path2_32/frame55.jpg
===========
ORIGNAL: /home/bruce/Works/Research/3D/open3d/Dragonite/evaluations/wholedavis3rd_video_short_2_b/path2_31/frame275.jpg
Counting matches...
Hit:  /home/bruce/Works/Research/3D/open3d/Dragonite/evaluations/wholedavis3rd_video_short_2_b/path2_30/frame97.jpg
===========
ORIGNAL: /home/bruce/Works/Research/3D/open3d/Dragonite/evaluations/wholedavis3rd_video_short_2_b/path2_31/frame116.jpg
Counting matches...
Hit:  /home/bruce/Works/Research/3D/open3d/Dragonite/evaluations/wholedavis3rd_video_short_2_b/path2_4/frame14.jpg
===========
ORIGNAL: /home/bruce/Works/Research/3D/open3d/Dragonite/evaluations/wholedavis3rd_video_short_2_b/path2_31/frame165.jpg
Total Time: 29.2246928215 s.
CANNOT MATCH THE SAME TRACE
Training FLANN.
Done.
Counting matches...
Hit:  /home/bruce/Works/Research/3D/open3d/Dragonite/evaluations/wholedavis3rd_video_short_2_b/path2_19/frame6.jpg
===========
ORIGNAL: /home/bruce/Works/Research/3D/open3d/Dragonite/evaluations/wholedavis3rd_video_short_2_b/path2_18/frame82.jpg
Total Time: 17.6964139938 s.
CANNOT MATCH THE SAME TRACE
Training FLANN.
Done.
Counting matches...
Hit:  /home/bruce/Works/Research/3D/open3d/Dragonite/evaluations/wholedavis3rd_video_short_2_b/path2_41/frame31.jpg
===========
ORIGNAL: /home/bruce/Works/Research/3D/open3d/Dragonite/evaluations/wholedavis3rd_video_short_2_b/path2_40/frame101.jpg
Counting matches...
Hit:  /home/bruce/Works/Research/3D/open3d/Dragonite/evaluations/wholedavis3rd_video_short_2_b/path2_39/frame294.jpg
===========
ORIGNAL: /home/bruce/Works/Research/3D/open3d/Dragonite/evaluations/wholedavis3rd_video_short_2_b/path2_40/frame62.jpg
Counting matches...
Hit:  /home/bruce/Works/Research/3D/open3d/Dragonite/evaluations/wholedavis3rd_video_short_2_b/path2_39/frame294.jpg
===========
ORIGNAL: /home/bruce/Works/Research/3D/open3d/Dragonite/evaluations/wholedavis3rd_video_short_2_b/path2_40/frame107.jpg
Counting matches...
Hit:  /home/bruce/Works/Research/3D/open3d/Dragonite/evaluations/wholedavis3rd_video_short_2_b/path2_39/frame294.jpg
===========
ORIGNAL: /home/bruce/Works/Research/3D/open3d/Dragonite/evaluations/wholedavis3rd_video_short_2_b/path2_40/frame12.jpg
Total Time: 25.8107180595 s.
CANNOT MATCH THE SAME TRACE
Training FLANN.
Done.
Counting matches...
Hit:  /home/bruce/Works/Research/3D/open3d/Dragonite/evaluations/wholedavis3rd_video_short_2_b/path2_0/frame20.jpg
===========
ORIGNAL: /home/bruce/Works/Research/3D/open3d/Dragonite/evaluations/wholedavis3rd_video_short_2_b/path2_27/frame17.jpg
Counting matches...
Hit:  /home/bruce/Works/Research/3D/open3d/Dragonite/evaluations/wholedavis3rd_video_short_2_b/path2_42/frame216.jpg
===========
ORIGNAL: /home/bruce/Works/Research/3D/open3d/Dragonite/evaluations/wholedavis3rd_video_short_2_b/path2_27/frame55.jpg
Counting matches...
Hit:  /home/bruce/Works/Research/3D/open3d/Dragonite/evaluations/wholedavis3rd_video_short_2_b/path2_30/frame97.jpg
===========
ORIGNAL: /home/bruce/Works/Research/3D/open3d/Dragonite/evaluations/wholedavis3rd_video_short_2_b/path2_27/frame115.jpg
Counting matches...
Hit:  /home/bruce/Works/Research/3D/open3d/Dragonite/evaluations/wholedavis3rd_video_short_2_b/path2_0/frame16.jpg
===========
ORIGNAL: /home/bruce/Works/Research/3D/open3d/Dragonite/evaluations/wholedavis3rd_video_short_2_b/path2_27/frame10.jpg
Counting matches...
Hit:  /home/bruce/Works/Research/3D/open3d/Dragonite/evaluations/wholedavis3rd_video_short_2_b/path2_28/frame61.jpg
===========
ORIGNAL: /home/bruce/Works/Research/3D/open3d/Dragonite/evaluations/wholedavis3rd_video_short_2_b/path2_27/frame177.jpg
Counting matches...
Hit:  /home/bruce/Works/Research/3D/open3d/Dragonite/evaluations/wholedavis3rd_video_short_2_b/path2_28/frame61.jpg
===========
ORIGNAL: /home/bruce/Works/Research/3D/open3d/Dragonite/evaluations/wholedavis3rd_video_short_2_b/path2_27/frame58.jpg
Total Time: 25.6749999523 s.
CANNOT MATCH THE SAME TRACE
Training FLANN.
Done.
Counting matches...
Hit:  /home/bruce/Works/Research/3D/open3d/Dragonite/evaluations/wholedavis3rd_video_short_2_b/path2_31/frame267.jpg
===========
ORIGNAL: /home/bruce/Works/Research/3D/open3d/Dragonite/evaluations/wholedavis3rd_video_short_2_b/path2_32/frame121.jpg
Counting matches...
Hit:  /home/bruce/Works/Research/3D/open3d/Dragonite/evaluations/wholedavis3rd_video_short_2_b/path2_11/frame97.jpg
===========
ORIGNAL: /home/bruce/Works/Research/3D/open3d/Dragonite/evaluations/wholedavis3rd_video_short_2_b/path2_32/frame171.jpg
Total Time: 19.3663918972 s.
CANNOT MATCH THE SAME TRACE
Training FLANN.
Done.
Counting matches...
Hit:  /home/bruce/Works/Research/3D/open3d/Dragonite/evaluations/wholedavis3rd_video_short_2_b/path2_18/frame19.jpg
===========
ORIGNAL: /home/bruce/Works/Research/3D/open3d/Dragonite/evaluations/wholedavis3rd_video_short_2_b/path2_12/frame5.jpg
Total Time: 17.7168309689 s.
CANNOT MATCH THE SAME TRACE
Training FLANN.
Done.
Counting matches...
Hit:  /home/bruce/Works/Research/3D/open3d/Dragonite/evaluations/wholedavis3rd_video_short_2_b/path2_30/frame13.jpg
===========
ORIGNAL: /home/bruce/Works/Research/3D/open3d/Dragonite/evaluations/wholedavis3rd_video_short_2_b/path2_44/frame174.jpg
Counting matches...
Hit:  /home/bruce/Works/Research/3D/open3d/Dragonite/evaluations/wholedavis3rd_video_short_2_b/path2_43/frame138.jpg
===========
ORIGNAL: /home/bruce/Works/Research/3D/open3d/Dragonite/evaluations/wholedavis3rd_video_short_2_b/path2_44/frame72.jpg
Counting matches...
Hit:  /home/bruce/Works/Research/3D/open3d/Dragonite/evaluations/wholedavis3rd_video_short_2_b/path2_43/frame102.jpg
===========
ORIGNAL: /home/bruce/Works/Research/3D/open3d/Dragonite/evaluations/wholedavis3rd_video_short_2_b/path2_44/frame15.jpg
Total Time: 24.7522559166 s.
CANNOT MATCH THE SAME TRACE
Training FLANN.
Done.
Counting matches...
Hit:  /home/bruce/Works/Research/3D/open3d/Dragonite/evaluations/wholedavis3rd_video_short_2_b/path2_28/frame61.jpg
===========
ORIGNAL: /home/bruce/Works/Research/3D/open3d/Dragonite/evaluations/wholedavis3rd_video_short_2_b/path2_2/frame122.jpg
Counting matches...
Hit:  /home/bruce/Works/Research/3D/open3d/Dragonite/evaluations/wholedavis3rd_video_short_2_b/path2_0/frame20.jpg
===========
ORIGNAL: /home/bruce/Works/Research/3D/open3d/Dragonite/evaluations/wholedavis3rd_video_short_2_b/path2_2/frame33.jpg
Total Time: 14.3270349503 s.
CANNOT MATCH THE SAME TRACE
Training FLANN.
Done.
Counting matches...
Hit:  /home/bruce/Works/Research/3D/open3d/Dragonite/evaluations/wholedavis3rd_video_short_2_b/path2_6/frame113.jpg
===========
ORIGNAL: /home/bruce/Works/Research/3D/open3d/Dragonite/evaluations/wholedavis3rd_video_short_2_b/path2_8/frame89.jpg
Total Time: 13.7826988697 s.
CANNOT MATCH THE SAME TRACE
Training FLANN.
Done.
Counting matches...
Hit:  /home/bruce/Works/Research/3D/open3d/Dragonite/evaluations/wholedavis3rd_video_short_2_b/path2_5/frame27.jpg
===========
ORIGNAL: /home/bruce/Works/Research/3D/open3d/Dragonite/evaluations/wholedavis3rd_video_short_2_b/path2_4/frame14.jpg
Total Time: 18.8560760021 s.
CANNOT MATCH THE SAME TRACE
Training FLANN.
Done.
Counting matches...
Hit:  /home/bruce/Works/Research/3D/open3d/Dragonite/evaluations/wholedavis3rd_video_short_2_b/path2_0/frame16.jpg
===========
ORIGNAL: /home/bruce/Works/Research/3D/open3d/Dragonite/evaluations/wholedavis3rd_video_short_2_b/path2_38/frame22.jpg
Counting matches...
Hit:  /home/bruce/Works/Research/3D/open3d/Dragonite/evaluations/wholedavis3rd_video_short_2_b/path2_43/frame102.jpg
===========
ORIGNAL: /home/bruce/Works/Research/3D/open3d/Dragonite/evaluations/wholedavis3rd_video_short_2_b/path2_38/frame169.jpg
Counting matches...
Hit:  /home/bruce/Works/Research/3D/open3d/Dragonite/evaluations/wholedavis3rd_video_short_2_b/path2_31/frame159.jpg
===========
ORIGNAL: /home/bruce/Works/Research/3D/open3d/Dragonite/evaluations/wholedavis3rd_video_short_2_b/path2_38/frame244.jpg
Total Time: 30.0436210632 s.
CANNOT MATCH THE SAME TRACE
Training FLANN.
Done.
Counting matches...
Hit:  /home/bruce/Works/Research/3D/open3d/Dragonite/evaluations/wholedavis3rd_video_short_2_b/path2_42/frame13.jpg
===========
ORIGNAL: /home/bruce/Works/Research/3D/open3d/Dragonite/evaluations/wholedavis3rd_video_short_2_b/path2_41/frame157.jpg
Counting matches...
Hit:  /home/bruce/Works/Research/3D/open3d/Dragonite/evaluations/wholedavis3rd_video_short_2_b/path2_39/frame145.jpg
===========
ORIGNAL: /home/bruce/Works/Research/3D/open3d/Dragonite/evaluations/wholedavis3rd_video_short_2_b/path2_41/frame65.jpg
Counting matches...
Hit:  /home/bruce/Works/Research/3D/open3d/Dragonite/evaluations/wholedavis3rd_video_short_2_b/path2_42/frame13.jpg
===========
ORIGNAL: /home/bruce/Works/Research/3D/open3d/Dragonite/evaluations/wholedavis3rd_video_short_2_b/path2_41/frame181.jpg
Total Time: 22.1617090702 s.
CANNOT MATCH THE SAME TRACE
Training FLANN.
Done.
Counting matches...
Hit:  /home/bruce/Works/Research/3D/open3d/Dragonite/evaluations/wholedavis3rd_video_short_2_b/path2_44/frame25.jpg
===========
ORIGNAL: /home/bruce/Works/Research/3D/open3d/Dragonite/evaluations/wholedavis3rd_video_short_2_b/path2_43/frame48.jpg
Counting matches...
Hit:  /home/bruce/Works/Research/3D/open3d/Dragonite/evaluations/wholedavis3rd_video_short_2_b/path2_11/frame208.jpg
===========
ORIGNAL: /home/bruce/Works/Research/3D/open3d/Dragonite/evaluations/wholedavis3rd_video_short_2_b/path2_43/frame82.jpg
Counting matches...
Hit:  /home/bruce/Works/Research/3D/open3d/Dragonite/evaluations/wholedavis3rd_video_short_2_b/path2_44/frame25.jpg
===========
ORIGNAL: /home/bruce/Works/Research/3D/open3d/Dragonite/evaluations/wholedavis3rd_video_short_2_b/path2_43/frame138.jpg
Total Time: 20.7249729633 s.
CANNOT MATCH THE SAME TRACE
Training FLANN.
Done.
Counting matches...
Hit:  /home/bruce/Works/Research/3D/open3d/Dragonite/evaluations/wholedavis3rd_video_short_2_b/path2_0/frame16.jpg
===========
ORIGNAL: /home/bruce/Works/Research/3D/open3d/Dragonite/evaluations/wholedavis3rd_video_short_2_b/path2_1/frame454.jpg
Counting matches...
Hit:  /home/bruce/Works/Research/3D/open3d/Dragonite/evaluations/wholedavis3rd_video_short_2_b/path2_0/frame16.jpg
===========
ORIGNAL: /home/bruce/Works/Research/3D/open3d/Dragonite/evaluations/wholedavis3rd_video_short_2_b/path2_1/frame110.jpg
Total Time: 18.9929580688 s.
CANNOT MATCH THE SAME TRACE
Training FLANN.
Done.
Counting matches...
Hit:  /home/bruce/Works/Research/3D/open3d/Dragonite/evaluations/wholedavis3rd_video_short_2_b/path2_33/frame131.jpg
===========
ORIGNAL: /home/bruce/Works/Research/3D/open3d/Dragonite/evaluations/wholedavis3rd_video_short_2_b/path2_34/frame16.jpg
Counting matches...
Hit:  /home/bruce/Works/Research/3D/open3d/Dragonite/evaluations/wholedavis3rd_video_short_2_b/path2_37/frame244.jpg
===========
ORIGNAL: /home/bruce/Works/Research/3D/open3d/Dragonite/evaluations/wholedavis3rd_video_short_2_b/path2_34/frame33.jpg
Counting matches...
Hit:  /home/bruce/Works/Research/3D/open3d/Dragonite/evaluations/wholedavis3rd_video_short_2_b/path2_35/frame18.jpg
===========
ORIGNAL: /home/bruce/Works/Research/3D/open3d/Dragonite/evaluations/wholedavis3rd_video_short_2_b/path2_34/frame253.jpg
Total Time: 22.2430019379 s.
CANNOT MATCH THE SAME TRACE
Training FLANN.
Done.
Counting matches...
Hit:  /home/bruce/Works/Research/3D/open3d/Dragonite/evaluations/wholedavis3rd_video_short_2_b/path2_38/frame216.jpg
===========
ORIGNAL: /home/bruce/Works/Research/3D/open3d/Dragonite/evaluations/wholedavis3rd_video_short_2_b/path2_39/frame5.jpg
Counting matches...
Hit:  /home/bruce/Works/Research/3D/open3d/Dragonite/evaluations/wholedavis3rd_video_short_2_b/path2_40/frame107.jpg
===========
ORIGNAL: /home/bruce/Works/Research/3D/open3d/Dragonite/evaluations/wholedavis3rd_video_short_2_b/path2_39/frame145.jpg
Counting matches...
Hit:  /home/bruce/Works/Research/3D/open3d/Dragonite/evaluations/wholedavis3rd_video_short_2_b/path2_40/frame136.jpg
===========
ORIGNAL: /home/bruce/Works/Research/3D/open3d/Dragonite/evaluations/wholedavis3rd_video_short_2_b/path2_39/frame62.jpg
Counting matches...
Hit:  /home/bruce/Works/Research/3D/open3d/Dragonite/evaluations/wholedavis3rd_video_short_2_b/path2_40/frame101.jpg
===========
ORIGNAL: /home/bruce/Works/Research/3D/open3d/Dragonite/evaluations/wholedavis3rd_video_short_2_b/path2_39/frame211.jpg
Total Time: 26.0574650764 s.
CANNOT MATCH THE SAME TRACE
Training FLANN.
Done.
Counting matches...
Hit:  /home/bruce/Works/Research/3D/open3d/Dragonite/evaluations/wholedavis3rd_video_short_2_b/path2_1/frame15.jpg
===========
ORIGNAL: /home/bruce/Works/Research/3D/open3d/Dragonite/evaluations/wholedavis3rd_video_short_2_b/path2_0/frame313.jpg
Counting matches...
Hit:  /home/bruce/Works/Research/3D/open3d/Dragonite/evaluations/wholedavis3rd_video_short_2_b/path2_1/frame15.jpg
===========
ORIGNAL: /home/bruce/Works/Research/3D/open3d/Dragonite/evaluations/wholedavis3rd_video_short_2_b/path2_0/frame471.jpg
Total Time: 16.1606869698 s.
CANNOT MATCH THE SAME TRACE
Training FLANN.
Done.
Counting matches...
Hit:  /home/bruce/Works/Research/3D/open3d/Dragonite/evaluations/wholedavis3rd_video_short_2_b/path2_19/frame166.jpg
===========
ORIGNAL: /home/bruce/Works/Research/3D/open3d/Dragonite/evaluations/wholedavis3rd_video_short_2_b/path2_20/frame43.jpg
Counting matches...
Hit:  /home/bruce/Works/Research/3D/open3d/Dragonite/evaluations/wholedavis3rd_video_short_2_b/path2_19/frame142.jpg
===========
ORIGNAL: /home/bruce/Works/Research/3D/open3d/Dragonite/evaluations/wholedavis3rd_video_short_2_b/path2_20/frame103.jpg
Counting matches...
Hit:  /home/bruce/Works/Research/3D/open3d/Dragonite/evaluations/wholedavis3rd_video_short_2_b/path2_19/frame166.jpg
===========
ORIGNAL: /home/bruce/Works/Research/3D/open3d/Dragonite/evaluations/wholedavis3rd_video_short_2_b/path2_20/frame46.jpg
Total Time: 24.2023091316 s.
CANNOT MATCH THE SAME TRACE
Training FLANN.
Done.
Counting matches...
Hit:  /home/bruce/Works/Research/3D/open3d/Dragonite/evaluations/wholedavis3rd_video_short_2_b/path2_4/frame14.jpg
===========
ORIGNAL: /home/bruce/Works/Research/3D/open3d/Dragonite/evaluations/wholedavis3rd_video_short_2_b/path2_3/frame246.jpg
Total Time: 23.6193859577 s.
CANNOT MATCH THE SAME TRACE
Training FLANN.
Done.
Counting matches...
Hit:  /home/bruce/Works/Research/3D/open3d/Dragonite/evaluations/wholedavis3rd_video_short_2_b/path2_20/frame7.jpg
===========
ORIGNAL: /home/bruce/Works/Research/3D/open3d/Dragonite/evaluations/wholedavis3rd_video_short_2_b/path2_19/frame157.jpg
Total Time: 23.1838550568 s.
CANNOT MATCH THE SAME TRACE
Training FLANN.
Done.
Counting matches...
Hit:  /home/bruce/Works/Research/3D/open3d/Dragonite/evaluations/wholedavis3rd_video_short_2_b/path2_24/frame214.jpg
===========
ORIGNAL: /home/bruce/Works/Research/3D/open3d/Dragonite/evaluations/wholedavis3rd_video_short_2_b/path2_25/frame159.jpg
Counting matches...
Hit:  /home/bruce/Works/Research/3D/open3d/Dragonite/evaluations/wholedavis3rd_video_short_2_b/path2_24/frame156.jpg
===========
ORIGNAL: /home/bruce/Works/Research/3D/open3d/Dragonite/evaluations/wholedavis3rd_video_short_2_b/path2_25/frame148.jpg
Counting matches...
Hit:  /home/bruce/Works/Research/3D/open3d/Dragonite/evaluations/wholedavis3rd_video_short_2_b/path2_26/frame15.jpg
===========
ORIGNAL: /home/bruce/Works/Research/3D/open3d/Dragonite/evaluations/wholedavis3rd_video_short_2_b/path2_25/frame186.jpg
Counting matches...
Hit:  /home/bruce/Works/Research/3D/open3d/Dragonite/evaluations/wholedavis3rd_video_short_2_b/path2_24/frame220.jpg
===========
ORIGNAL: /home/bruce/Works/Research/3D/open3d/Dragonite/evaluations/wholedavis3rd_video_short_2_b/path2_25/frame91.jpg
Counting matches...
Hit:  /home/bruce/Works/Research/3D/open3d/Dragonite/evaluations/wholedavis3rd_video_short_2_b/path2_26/frame15.jpg
===========
ORIGNAL: /home/bruce/Works/Research/3D/open3d/Dragonite/evaluations/wholedavis3rd_video_short_2_b/path2_25/frame248.jpg
Counting matches...
Hit:  /home/bruce/Works/Research/3D/open3d/Dragonite/evaluations/wholedavis3rd_video_short_2_b/path2_24/frame220.jpg
===========
ORIGNAL: /home/bruce/Works/Research/3D/open3d/Dragonite/evaluations/wholedavis3rd_video_short_2_b/path2_25/frame10.jpg
Counting matches...
Hit:  /home/bruce/Works/Research/3D/open3d/Dragonite/evaluations/wholedavis3rd_video_short_2_b/path2_24/frame220.jpg
===========
ORIGNAL: /home/bruce/Works/Research/3D/open3d/Dragonite/evaluations/wholedavis3rd_video_short_2_b/path2_25/frame34.jpg
Total Time: 25.3187689781 s.
CANNOT MATCH THE SAME TRACE
Training FLANN.
Done.
Counting matches...
Hit:  /home/bruce/Works/Research/3D/open3d/Dragonite/evaluations/wholedavis3rd_video_short_2_b/path2_17/frame242.jpg
===========
ORIGNAL: /home/bruce/Works/Research/3D/open3d/Dragonite/evaluations/wholedavis3rd_video_short_2_b/path2_7/frame56.jpg
Counting matches...
Hit:  /home/bruce/Works/Research/3D/open3d/Dragonite/evaluations/wholedavis3rd_video_short_2_b/path2_31/frame14.jpg
===========
ORIGNAL: /home/bruce/Works/Research/3D/open3d/Dragonite/evaluations/wholedavis3rd_video_short_2_b/path2_7/frame199.jpg
Counting matches...
Hit:  /home/bruce/Works/Research/3D/open3d/Dragonite/evaluations/wholedavis3rd_video_short_2_b/path2_17/frame242.jpg
===========
ORIGNAL: /home/bruce/Works/Research/3D/open3d/Dragonite/evaluations/wholedavis3rd_video_short_2_b/path2_7/frame67.jpg
Total Time: 10.4957978725 s.
CANNOT MATCH THE SAME TRACE
Training FLANN.
Done.
Counting matches...
Hit:  /home/bruce/Works/Research/3D/open3d/Dragonite/evaluations/wholedavis3rd_video_short_2_b/path2_9/frame147.jpg
===========
ORIGNAL: /home/bruce/Works/Research/3D/open3d/Dragonite/evaluations/wholedavis3rd_video_short_2_b/path2_10/frame15.jpg
Total Time: 21.9491019249 s.
CANNOT MATCH THE SAME TRACE
Training FLANN.
Done.
Counting matches...
Hit:  /home/bruce/Works/Research/3D/open3d/Dragonite/evaluations/wholedavis3rd_video_short_2_b/path2_14/frame18.jpg
===========
ORIGNAL: /home/bruce/Works/Research/3D/open3d/Dragonite/evaluations/wholedavis3rd_video_short_2_b/path2_13/frame162.jpg
Counting matches...
Hit:  /home/bruce/Works/Research/3D/open3d/Dragonite/evaluations/wholedavis3rd_video_short_2_b/path2_12/frame23.jpg
===========
ORIGNAL: /home/bruce/Works/Research/3D/open3d/Dragonite/evaluations/wholedavis3rd_video_short_2_b/path2_13/frame15.jpg
Counting matches...
Hit:  /home/bruce/Works/Research/3D/open3d/Dragonite/evaluations/wholedavis3rd_video_short_2_b/path2_10/frame156.jpg
===========
ORIGNAL: /home/bruce/Works/Research/3D/open3d/Dragonite/evaluations/wholedavis3rd_video_short_2_b/path2_13/frame22.jpg
Total Time: 18.8956110477 s.
CANNOT MATCH THE SAME TRACE
Training FLANN.
Done.
Counting matches...
Hit:  /home/bruce/Works/Research/3D/open3d/Dragonite/evaluations/wholedavis3rd_video_short_2_b/path2_27/frame7.jpg
===========
ORIGNAL: /home/bruce/Works/Research/3D/open3d/Dragonite/evaluations/wholedavis3rd_video_short_2_b/path2_26/frame172.jpg
Counting matches...
Hit:  /home/bruce/Works/Research/3D/open3d/Dragonite/evaluations/wholedavis3rd_video_short_2_b/path2_23/frame166.jpg
===========
ORIGNAL: /home/bruce/Works/Research/3D/open3d/Dragonite/evaluations/wholedavis3rd_video_short_2_b/path2_26/frame163.jpg
Counting matches...
Hit:  /home/bruce/Works/Research/3D/open3d/Dragonite/evaluations/wholedavis3rd_video_short_2_b/path2_25/frame194.jpg
===========
ORIGNAL: /home/bruce/Works/Research/3D/open3d/Dragonite/evaluations/wholedavis3rd_video_short_2_b/path2_26/frame6.jpg
Total Time: 24.0460529327 s.
CANNOT MATCH THE SAME TRACE
Training FLANN.
Done.
Counting matches...
Hit:  /home/bruce/Works/Research/3D/open3d/Dragonite/evaluations/wholedavis3rd_video_short_2_b/path2_10/frame29.jpg
===========
ORIGNAL: /home/bruce/Works/Research/3D/open3d/Dragonite/evaluations/wholedavis3rd_video_short_2_b/path2_9/frame84.jpg
Total Time: 21.3076491356 s.
CANNOT MATCH THE SAME TRACE
Training FLANN.
Done.
Counting matches...
Hit:  /home/bruce/Works/Research/3D/open3d/Dragonite/evaluations/wholedavis3rd_video_short_2_b/path2_30/frame97.jpg
===========
ORIGNAL: /home/bruce/Works/Research/3D/open3d/Dragonite/evaluations/wholedavis3rd_video_short_2_b/path2_22/frame11.jpg
Total Time: 16.0388011932 s.
CANNOT MATCH THE SAME TRACE
Training FLANN.
Done.
Counting matches...
Hit:  /home/bruce/Works/Research/3D/open3d/Dragonite/evaluations/wholedavis3rd_video_short_2_b/path2_4/frame14.jpg
===========
ORIGNAL: /home/bruce/Works/Research/3D/open3d/Dragonite/evaluations/wholedavis3rd_video_short_2_b/path2_5/frame11.jpg
Counting matches...
Hit:  /home/bruce/Works/Research/3D/open3d/Dragonite/evaluations/wholedavis3rd_video_short_2_b/path2_6/frame23.jpg
===========
ORIGNAL: /home/bruce/Works/Research/3D/open3d/Dragonite/evaluations/wholedavis3rd_video_short_2_b/path2_5/frame151.jpg
Counting matches...
Hit:  /home/bruce/Works/Research/3D/open3d/Dragonite/evaluations/wholedavis3rd_video_short_2_b/path2_4/frame14.jpg
===========
ORIGNAL: /home/bruce/Works/Research/3D/open3d/Dragonite/evaluations/wholedavis3rd_video_short_2_b/path2_5/frame100.jpg
Total Time: 21.2372140884 s.
CANNOT MATCH THE SAME TRACE
Training FLANN.
Done.
Counting matches...
Hit:  /home/bruce/Works/Research/3D/open3d/Dragonite/evaluations/wholedavis3rd_video_short_2_b/path2_27/frame115.jpg
===========
ORIGNAL: /home/bruce/Works/Research/3D/open3d/Dragonite/evaluations/wholedavis3rd_video_short_2_b/path2_30/frame125.jpg
Total Time: 39.6599769592 s.
CANNOT MATCH THE SAME TRACE
Training FLANN.
Done.
Counting matches...
Hit:  /home/bruce/Works/Research/3D/open3d/Dragonite/evaluations/wholedavis3rd_video_short_2_b/path2_13/frame162.jpg
===========
ORIGNAL: /home/bruce/Works/Research/3D/open3d/Dragonite/evaluations/wholedavis3rd_video_short_2_b/path2_14/frame12.jpg
Counting matches...
Hit:  /home/bruce/Works/Research/3D/open3d/Dragonite/evaluations/wholedavis3rd_video_short_2_b/path2_13/frame162.jpg
===========
ORIGNAL: /home/bruce/Works/Research/3D/open3d/Dragonite/evaluations/wholedavis3rd_video_short_2_b/path2_14/frame3.jpg
Counting matches...
Hit:  /home/bruce/Works/Research/3D/open3d/Dragonite/evaluations/wholedavis3rd_video_short_2_b/path2_15/frame193.jpg
===========
ORIGNAL: /home/bruce/Works/Research/3D/open3d/Dragonite/evaluations/wholedavis3rd_video_short_2_b/path2_14/frame163.jpg
Total Time: 18.5544810295 s.
CANNOT MATCH THE SAME TRACE
Training FLANN.
Done.
Counting matches...
Hit:  /home/bruce/Works/Research/3D/open3d/Dragonite/evaluations/wholedavis3rd_video_short_2_b/path2_34/frame242.jpg
===========
ORIGNAL: /home/bruce/Works/Research/3D/open3d/Dragonite/evaluations/wholedavis3rd_video_short_2_b/path2_28/frame160.jpg
Counting matches...
Hit:  /home/bruce/Works/Research/3D/open3d/Dragonite/evaluations/wholedavis3rd_video_short_2_b/path2_4/frame14.jpg
===========
ORIGNAL: /home/bruce/Works/Research/3D/open3d/Dragonite/evaluations/wholedavis3rd_video_short_2_b/path2_28/frame65.jpg
Counting matches...
Hit:  /home/bruce/Works/Research/3D/open3d/Dragonite/evaluations/wholedavis3rd_video_short_2_b/path2_1/frame15.jpg
===========
ORIGNAL: /home/bruce/Works/Research/3D/open3d/Dragonite/evaluations/wholedavis3rd_video_short_2_b/path2_28/frame177.jpg
Counting matches...
Hit:  /home/bruce/Works/Research/3D/open3d/Dragonite/evaluations/wholedavis3rd_video_short_2_b/path2_27/frame115.jpg
===========
ORIGNAL: /home/bruce/Works/Research/3D/open3d/Dragonite/evaluations/wholedavis3rd_video_short_2_b/path2_28/frame112.jpg
Total Time: 26.713312149 s.
CANNOT MATCH THE SAME TRACE
Training FLANN.
Done.
Counting matches...
Hit:  /home/bruce/Works/Research/3D/open3d/Dragonite/evaluations/wholedavis3rd_video_short_2_b/path2_8/frame118.jpg
===========
ORIGNAL: /home/bruce/Works/Research/3D/open3d/Dragonite/evaluations/wholedavis3rd_video_short_2_b/path2_6/frame113.jpg
Counting matches...
Hit:  /home/bruce/Works/Research/3D/open3d/Dragonite/evaluations/wholedavis3rd_video_short_2_b/path2_5/frame151.jpg
===========
ORIGNAL: /home/bruce/Works/Research/3D/open3d/Dragonite/evaluations/wholedavis3rd_video_short_2_b/path2_6/frame38.jpg
Counting matches...
Hit:  /home/bruce/Works/Research/3D/open3d/Dragonite/evaluations/wholedavis3rd_video_short_2_b/path2_5/frame151.jpg
===========
ORIGNAL: /home/bruce/Works/Research/3D/open3d/Dragonite/evaluations/wholedavis3rd_video_short_2_b/path2_6/frame4.jpg
Counting matches...
Hit:  /home/bruce/Works/Research/3D/open3d/Dragonite/evaluations/wholedavis3rd_video_short_2_b/path2_5/frame151.jpg
===========
ORIGNAL: /home/bruce/Works/Research/3D/open3d/Dragonite/evaluations/wholedavis3rd_video_short_2_b/path2_6/frame23.jpg
Total Time: 16.3718500137 s.
CANNOT MATCH THE SAME TRACE
Training FLANN.
Done.
Counting matches...
Hit:  /home/bruce/Works/Research/3D/open3d/Dragonite/evaluations/wholedavis3rd_video_short_2_b/path2_37/frame14.jpg
===========
ORIGNAL: /home/bruce/Works/Research/3D/open3d/Dragonite/evaluations/wholedavis3rd_video_short_2_b/path2_36/frame159.jpg
Counting matches...
Hit:  /home/bruce/Works/Research/3D/open3d/Dragonite/evaluations/wholedavis3rd_video_short_2_b/path2_37/frame207.jpg
===========
ORIGNAL: /home/bruce/Works/Research/3D/open3d/Dragonite/evaluations/wholedavis3rd_video_short_2_b/path2_36/frame110.jpg
Total Time: 23.1457719803 s.
CANNOT MATCH THE SAME TRACE
Training FLANN.
Done.
Counting matches...
Hit:  /home/bruce/Works/Research/3D/open3d/Dragonite/evaluations/wholedavis3rd_video_short_2_b/path2_25/frame15.jpg
===========
ORIGNAL: /home/bruce/Works/Research/3D/open3d/Dragonite/evaluations/wholedavis3rd_video_short_2_b/path2_24/frame139.jpg
Counting matches...
Hit:  /home/bruce/Works/Research/3D/open3d/Dragonite/evaluations/wholedavis3rd_video_short_2_b/path2_25/frame15.jpg
===========
ORIGNAL: /home/bruce/Works/Research/3D/open3d/Dragonite/evaluations/wholedavis3rd_video_short_2_b/path2_24/frame185.jpg
Counting matches...
Hit:  /home/bruce/Works/Research/3D/open3d/Dragonite/evaluations/wholedavis3rd_video_short_2_b/path2_25/frame171.jpg
===========
ORIGNAL: /home/bruce/Works/Research/3D/open3d/Dragonite/evaluations/wholedavis3rd_video_short_2_b/path2_24/frame72.jpg
Counting matches...
Hit:  /home/bruce/Works/Research/3D/open3d/Dragonite/evaluations/wholedavis3rd_video_short_2_b/path2_25/frame15.jpg
===========
ORIGNAL: /home/bruce/Works/Research/3D/open3d/Dragonite/evaluations/wholedavis3rd_video_short_2_b/path2_24/frame168.jpg
Counting matches...
Hit:  /home/bruce/Works/Research/3D/open3d/Dragonite/evaluations/wholedavis3rd_video_short_2_b/path2_25/frame15.jpg
===========
ORIGNAL: /home/bruce/Works/Research/3D/open3d/Dragonite/evaluations/wholedavis3rd_video_short_2_b/path2_24/frame220.jpg
Counting matches...
Hit:  /home/bruce/Works/Research/3D/open3d/Dragonite/evaluations/wholedavis3rd_video_short_2_b/path2_25/frame15.jpg
===========
ORIGNAL: /home/bruce/Works/Research/3D/open3d/Dragonite/evaluations/wholedavis3rd_video_short_2_b/path2_24/frame198.jpg
Counting matches...
Hit:  /home/bruce/Works/Research/3D/open3d/Dragonite/evaluations/wholedavis3rd_video_short_2_b/path2_25/frame15.jpg
===========
ORIGNAL: /home/bruce/Works/Research/3D/open3d/Dragonite/evaluations/wholedavis3rd_video_short_2_b/path2_24/frame37.jpg
Counting matches...
Hit:  /home/bruce/Works/Research/3D/open3d/Dragonite/evaluations/wholedavis3rd_video_short_2_b/path2_25/frame15.jpg
===========
ORIGNAL: /home/bruce/Works/Research/3D/open3d/Dragonite/evaluations/wholedavis3rd_video_short_2_b/path2_24/frame108.jpg
Counting matches...
Hit:  /home/bruce/Works/Research/3D/open3d/Dragonite/evaluations/wholedavis3rd_video_short_2_b/path2_37/frame356.jpg
===========
ORIGNAL: /home/bruce/Works/Research/3D/open3d/Dragonite/evaluations/wholedavis3rd_video_short_2_b/path2_24/frame156.jpg
Counting matches...
Hit:  /home/bruce/Works/Research/3D/open3d/Dragonite/evaluations/wholedavis3rd_video_short_2_b/path2_25/frame15.jpg
===========
ORIGNAL: /home/bruce/Works/Research/3D/open3d/Dragonite/evaluations/wholedavis3rd_video_short_2_b/path2_24/frame113.jpg
Counting matches...
Hit:  /home/bruce/Works/Research/3D/open3d/Dragonite/evaluations/wholedavis3rd_video_short_2_b/path2_25/frame15.jpg
===========
ORIGNAL: /home/bruce/Works/Research/3D/open3d/Dragonite/evaluations/wholedavis3rd_video_short_2_b/path2_24/frame56.jpg
Counting matches...
Hit:  /home/bruce/Works/Research/3D/open3d/Dragonite/evaluations/wholedavis3rd_video_short_2_b/path2_25/frame129.jpg
===========
ORIGNAL: /home/bruce/Works/Research/3D/open3d/Dragonite/evaluations/wholedavis3rd_video_short_2_b/path2_24/frame84.jpg
Counting matches...
Hit:  /home/bruce/Works/Research/3D/open3d/Dragonite/evaluations/wholedavis3rd_video_short_2_b/path2_25/frame15.jpg
===========
ORIGNAL: /home/bruce/Works/Research/3D/open3d/Dragonite/evaluations/wholedavis3rd_video_short_2_b/path2_24/frame212.jpg
Total Time: 27.8641860485 s.
CANNOT MATCH THE SAME TRACE
Training FLANN.
Done.
Counting matches...
Hit:  /home/bruce/Works/Research/3D/open3d/Dragonite/evaluations/wholedavis3rd_video_short_2_b/path2_12/frame23.jpg
===========
ORIGNAL: /home/bruce/Works/Research/3D/open3d/Dragonite/evaluations/wholedavis3rd_video_short_2_b/path2_11/frame157.jpg
Counting matches...
Hit:  /home/bruce/Works/Research/3D/open3d/Dragonite/evaluations/wholedavis3rd_video_short_2_b/path2_12/frame23.jpg
===========
ORIGNAL: /home/bruce/Works/Research/3D/open3d/Dragonite/evaluations/wholedavis3rd_video_short_2_b/path2_11/frame188.jpg
Counting matches...
Hit:  /home/bruce/Works/Research/3D/open3d/Dragonite/evaluations/wholedavis3rd_video_short_2_b/path2_10/frame52.jpg
===========
ORIGNAL: /home/bruce/Works/Research/3D/open3d/Dragonite/evaluations/wholedavis3rd_video_short_2_b/path2_11/frame62.jpg
Counting matches...
Hit:  /home/bruce/Works/Research/3D/open3d/Dragonite/evaluations/wholedavis3rd_video_short_2_b/path2_12/frame23.jpg
===========
ORIGNAL: /home/bruce/Works/Research/3D/open3d/Dragonite/evaluations/wholedavis3rd_video_short_2_b/path2_11/frame263.jpg
Counting matches...
Hit:  /home/bruce/Works/Research/3D/open3d/Dragonite/evaluations/wholedavis3rd_video_short_2_b/path2_10/frame52.jpg
===========
ORIGNAL: /home/bruce/Works/Research/3D/open3d/Dragonite/evaluations/wholedavis3rd_video_short_2_b/path2_11/frame108.jpg
Counting matches...
Hit:  /home/bruce/Works/Research/3D/open3d/Dragonite/evaluations/wholedavis3rd_video_short_2_b/path2_12/frame23.jpg
===========
ORIGNAL: /home/bruce/Works/Research/3D/open3d/Dragonite/evaluations/wholedavis3rd_video_short_2_b/path2_11/frame231.jpg
Counting matches...
Hit:  /home/bruce/Works/Research/3D/open3d/Dragonite/evaluations/wholedavis3rd_video_short_2_b/path2_40/frame171.jpg
===========
ORIGNAL: /home/bruce/Works/Research/3D/open3d/Dragonite/evaluations/wholedavis3rd_video_short_2_b/path2_11/frame115.jpg
Counting matches...
Hit:  /home/bruce/Works/Research/3D/open3d/Dragonite/evaluations/wholedavis3rd_video_short_2_b/path2_12/frame23.jpg
===========
ORIGNAL: /home/bruce/Works/Research/3D/open3d/Dragonite/evaluations/wholedavis3rd_video_short_2_b/path2_11/frame174.jpg
Counting matches...
Hit:  /home/bruce/Works/Research/3D/open3d/Dragonite/evaluations/wholedavis3rd_video_short_2_b/path2_12/frame23.jpg
===========
ORIGNAL: /home/bruce/Works/Research/3D/open3d/Dragonite/evaluations/wholedavis3rd_video_short_2_b/path2_11/frame208.jpg
Total Time: 28.6606080532 s.
CANNOT MATCH THE SAME TRACE
Training FLANN.
Done.
Counting matches...
Hit:  /home/bruce/Works/Research/3D/open3d/Dragonite/evaluations/wholedavis3rd_video_short_2_b/path2_36/frame110.jpg
===========
ORIGNAL: /home/bruce/Works/Research/3D/open3d/Dragonite/evaluations/wholedavis3rd_video_short_2_b/path2_37/frame89.jpg
Counting matches...
Hit:  /home/bruce/Works/Research/3D/open3d/Dragonite/evaluations/wholedavis3rd_video_short_2_b/path2_35/frame178.jpg
===========
ORIGNAL: /home/bruce/Works/Research/3D/open3d/Dragonite/evaluations/wholedavis3rd_video_short_2_b/path2_37/frame180.jpg
Counting matches...
Hit:  /home/bruce/Works/Research/3D/open3d/Dragonite/evaluations/wholedavis3rd_video_short_2_b/path2_27/frame115.jpg
===========
ORIGNAL: /home/bruce/Works/Research/3D/open3d/Dragonite/evaluations/wholedavis3rd_video_short_2_b/path2_37/frame156.jpg
Counting matches...
Hit:  /home/bruce/Works/Research/3D/open3d/Dragonite/evaluations/wholedavis3rd_video_short_2_b/path2_36/frame159.jpg
===========
ORIGNAL: /home/bruce/Works/Research/3D/open3d/Dragonite/evaluations/wholedavis3rd_video_short_2_b/path2_37/frame43.jpg
Total Time: 37.0939660072 s.
CANNOT MATCH THE SAME TRACE
Training FLANN.
Done.
Counting matches...
Hit:  /home/bruce/Works/Research/3D/open3d/Dragonite/evaluations/wholedavis3rd_video_short_2_b/path2_1/frame15.jpg
===========
ORIGNAL: /home/bruce/Works/Research/3D/open3d/Dragonite/evaluations/wholedavis3rd_video_short_2_b/path2_15/frame7.jpg
Counting matches...
Hit:  /home/bruce/Works/Research/3D/open3d/Dragonite/evaluations/wholedavis3rd_video_short_2_b/path2_16/frame21.jpg
===========
ORIGNAL: /home/bruce/Works/Research/3D/open3d/Dragonite/evaluations/wholedavis3rd_video_short_2_b/path2_15/frame188.jpg
Counting matches...
Hit:  /home/bruce/Works/Research/3D/open3d/Dragonite/evaluations/wholedavis3rd_video_short_2_b/path2_0/frame16.jpg
===========
ORIGNAL: /home/bruce/Works/Research/3D/open3d/Dragonite/evaluations/wholedavis3rd_video_short_2_b/path2_15/frame217.jpg
Counting matches...
Hit:  /home/bruce/Works/Research/3D/open3d/Dragonite/evaluations/wholedavis3rd_video_short_2_b/path2_16/frame21.jpg
===========
ORIGNAL: /home/bruce/Works/Research/3D/open3d/Dragonite/evaluations/wholedavis3rd_video_short_2_b/path2_15/frame193.jpg
Total Time: 16.2380111217 s.
CANNOT MATCH THE SAME TRACE
Training FLANN.
Done.
Counting matches...
Hit:  /home/bruce/Works/Research/3D/open3d/Dragonite/evaluations/wholedavis3rd_video_short_2_b/path2_31/frame159.jpg
===========
ORIGNAL: /home/bruce/Works/Research/3D/open3d/Dragonite/evaluations/wholedavis3rd_video_short_2_b/path2_23/frame176.jpg
Counting matches...
Hit:  /home/bruce/Works/Research/3D/open3d/Dragonite/evaluations/wholedavis3rd_video_short_2_b/path2_31/frame159.jpg
===========
ORIGNAL: /home/bruce/Works/Research/3D/open3d/Dragonite/evaluations/wholedavis3rd_video_short_2_b/path2_23/frame166.jpg
Total Time: 25.1284270287 s.
