CANNOT MATCH THE SAME TRACE
Training FLANN.
Done.
Counting matches...
Hit:  /home/bruce/Works/Research/3D/open3d/Dragonite/evaluations/wholedavis3rd_video_short_2_b/path2_49/frame252.jpg
===========
ORIGNAL: /home/bruce/Works/Research/3D/open3d/Dragonite/evaluations/wholedavis3rd_video_short_2_b/path2_9/frame84.jpg
Total Time: 44.2602188587 s.
CANNOT MATCH THE SAME TRACE
Training FLANN.
Done.
Counting matches...
Hit:  /home/bruce/Works/Research/3D/open3d/Dragonite/evaluations/wholedavis3rd_video_short_2_b/path2_17/frame242.jpg
===========
ORIGNAL: /home/bruce/Works/Research/3D/open3d/Dragonite/evaluations/wholedavis3rd_video_short_2_b/path2_7/frame56.jpg
Counting matches...
Hit:  /home/bruce/Works/Research/3D/open3d/Dragonite/evaluations/wholedavis3rd_video_short_2_b/path2_31/frame14.jpg
===========
ORIGNAL: /home/bruce/Works/Research/3D/open3d/Dragonite/evaluations/wholedavis3rd_video_short_2_b/path2_7/frame199.jpg
Counting matches...
Hit:  /home/bruce/Works/Research/3D/open3d/Dragonite/evaluations/wholedavis3rd_video_short_2_b/path2_17/frame242.jpg
===========
ORIGNAL: /home/bruce/Works/Research/3D/open3d/Dragonite/evaluations/wholedavis3rd_video_short_2_b/path2_7/frame67.jpg
Total Time: 28.5363600254 s.
CANNOT MATCH THE SAME TRACE
Training FLANN.
Done.
Counting matches...
Hit:  /home/bruce/Works/Research/3D/open3d/Dragonite/evaluations/wholedavis3rd_video_short_2_b/path2_25/frame15.jpg
===========
ORIGNAL: /home/bruce/Works/Research/3D/open3d/Dragonite/evaluations/wholedavis3rd_video_short_2_b/path2_24/frame185.jpg
Counting matches...
Hit:  /home/bruce/Works/Research/3D/open3d/Dragonite/evaluations/wholedavis3rd_video_short_2_b/path2_25/frame171.jpg
===========
ORIGNAL: /home/bruce/Works/Research/3D/open3d/Dragonite/evaluations/wholedavis3rd_video_short_2_b/path2_24/frame72.jpg
Counting matches...
Hit:  /home/bruce/Works/Research/3D/open3d/Dragonite/evaluations/wholedavis3rd_video_short_2_b/path2_25/frame15.jpg
===========
ORIGNAL: /home/bruce/Works/Research/3D/open3d/Dragonite/evaluations/wholedavis3rd_video_short_2_b/path2_24/frame168.jpg
Counting matches...
Hit:  /home/bruce/Works/Research/3D/open3d/Dragonite/evaluations/wholedavis3rd_video_short_2_b/path2_25/frame15.jpg
===========
ORIGNAL: /home/bruce/Works/Research/3D/open3d/Dragonite/evaluations/wholedavis3rd_video_short_2_b/path2_24/frame220.jpg
Counting matches...
Hit:  /home/bruce/Works/Research/3D/open3d/Dragonite/evaluations/wholedavis3rd_video_short_2_b/path2_25/frame15.jpg
===========
ORIGNAL: /home/bruce/Works/Research/3D/open3d/Dragonite/evaluations/wholedavis3rd_video_short_2_b/path2_24/frame198.jpg
Counting matches...
Hit:  /home/bruce/Works/Research/3D/open3d/Dragonite/evaluations/wholedavis3rd_video_short_2_b/path2_25/frame15.jpg
===========
ORIGNAL: /home/bruce/Works/Research/3D/open3d/Dragonite/evaluations/wholedavis3rd_video_short_2_b/path2_24/frame37.jpg
Counting matches...
Hit:  /home/bruce/Works/Research/3D/open3d/Dragonite/evaluations/wholedavis3rd_video_short_2_b/path2_25/frame15.jpg
===========
ORIGNAL: /home/bruce/Works/Research/3D/open3d/Dragonite/evaluations/wholedavis3rd_video_short_2_b/path2_24/frame108.jpg
Counting matches...
Hit:  /home/bruce/Works/Research/3D/open3d/Dragonite/evaluations/wholedavis3rd_video_short_2_b/path2_37/frame356.jpg
===========
ORIGNAL: /home/bruce/Works/Research/3D/open3d/Dragonite/evaluations/wholedavis3rd_video_short_2_b/path2_24/frame156.jpg
Counting matches...
Hit:  /home/bruce/Works/Research/3D/open3d/Dragonite/evaluations/wholedavis3rd_video_short_2_b/path2_25/frame15.jpg
===========
ORIGNAL: /home/bruce/Works/Research/3D/open3d/Dragonite/evaluations/wholedavis3rd_video_short_2_b/path2_24/frame113.jpg
Counting matches...
Hit:  /home/bruce/Works/Research/3D/open3d/Dragonite/evaluations/wholedavis3rd_video_short_2_b/path2_25/frame15.jpg
===========
ORIGNAL: /home/bruce/Works/Research/3D/open3d/Dragonite/evaluations/wholedavis3rd_video_short_2_b/path2_24/frame139.jpg
Counting matches...
Hit:  /home/bruce/Works/Research/3D/open3d/Dragonite/evaluations/wholedavis3rd_video_short_2_b/path2_25/frame15.jpg
===========
ORIGNAL: /home/bruce/Works/Research/3D/open3d/Dragonite/evaluations/wholedavis3rd_video_short_2_b/path2_24/frame56.jpg
Counting matches...
Hit:  /home/bruce/Works/Research/3D/open3d/Dragonite/evaluations/wholedavis3rd_video_short_2_b/path2_33/frame131.jpg
===========
ORIGNAL: /home/bruce/Works/Research/3D/open3d/Dragonite/evaluations/wholedavis3rd_video_short_2_b/path2_24/frame84.jpg
Counting matches...
Hit:  /home/bruce/Works/Research/3D/open3d/Dragonite/evaluations/wholedavis3rd_video_short_2_b/path2_25/frame15.jpg
===========
ORIGNAL: /home/bruce/Works/Research/3D/open3d/Dragonite/evaluations/wholedavis3rd_video_short_2_b/path2_24/frame212.jpg
Total Time: 78.5953330994 s.
CANNOT MATCH THE SAME TRACE
Training FLANN.
Done.
Counting matches...
Hit:  /home/bruce/Works/Research/3D/open3d/Dragonite/evaluations/wholedavis3rd_video_short_2_b/path2_27/frame115.jpg
===========
ORIGNAL: /home/bruce/Works/Research/3D/open3d/Dragonite/evaluations/wholedavis3rd_video_short_2_b/path2_38/frame22.jpg
Counting matches...
Hit:  /home/bruce/Works/Research/3D/open3d/Dragonite/evaluations/wholedavis3rd_video_short_2_b/path2_1/frame15.jpg
===========
ORIGNAL: /home/bruce/Works/Research/3D/open3d/Dragonite/evaluations/wholedavis3rd_video_short_2_b/path2_38/frame169.jpg
Counting matches...
Hit:  /home/bruce/Works/Research/3D/open3d/Dragonite/evaluations/wholedavis3rd_video_short_2_b/path2_31/frame116.jpg
===========
ORIGNAL: /home/bruce/Works/Research/3D/open3d/Dragonite/evaluations/wholedavis3rd_video_short_2_b/path2_38/frame244.jpg
Total Time: 70.1883769035 s.
CANNOT MATCH THE SAME TRACE
Training FLANN.
Done.
Counting matches...
Hit:  /home/bruce/Works/Research/3D/open3d/Dragonite/evaluations/wholedavis3rd_video_short_2_b/path2_4/frame14.jpg
===========
ORIGNAL: /home/bruce/Works/Research/3D/open3d/Dragonite/evaluations/wholedavis3rd_video_short_2_b/path2_5/frame11.jpg
Counting matches...
Hit:  /home/bruce/Works/Research/3D/open3d/Dragonite/evaluations/wholedavis3rd_video_short_2_b/path2_6/frame23.jpg
===========
ORIGNAL: /home/bruce/Works/Research/3D/open3d/Dragonite/evaluations/wholedavis3rd_video_short_2_b/path2_5/frame151.jpg
Counting matches...
Hit:  /home/bruce/Works/Research/3D/open3d/Dragonite/evaluations/wholedavis3rd_video_short_2_b/path2_47/frame152.jpg
===========
ORIGNAL: /home/bruce/Works/Research/3D/open3d/Dragonite/evaluations/wholedavis3rd_video_short_2_b/path2_5/frame100.jpg
Total Time: 60.5631608963 s.
CANNOT MATCH THE SAME TRACE
Training FLANN.
Done.
Counting matches...
Hit:  /home/bruce/Works/Research/3D/open3d/Dragonite/evaluations/wholedavis3rd_video_short_2_b/path2_5/frame27.jpg
===========
ORIGNAL: /home/bruce/Works/Research/3D/open3d/Dragonite/evaluations/wholedavis3rd_video_short_2_b/path2_4/frame14.jpg
Total Time: 30.7672100067 s.
CANNOT MATCH THE SAME TRACE
Training FLANN.
Done.
Counting matches...
Hit:  /home/bruce/Works/Research/3D/open3d/Dragonite/evaluations/wholedavis3rd_video_short_2_b/path2_39/frame294.jpg
===========
ORIGNAL: /home/bruce/Works/Research/3D/open3d/Dragonite/evaluations/wholedavis3rd_video_short_2_b/path2_40/frame101.jpg
Counting matches...
Hit:  /home/bruce/Works/Research/3D/open3d/Dragonite/evaluations/wholedavis3rd_video_short_2_b/path2_39/frame294.jpg
===========
ORIGNAL: /home/bruce/Works/Research/3D/open3d/Dragonite/evaluations/wholedavis3rd_video_short_2_b/path2_40/frame62.jpg
Counting matches...
Hit:  /home/bruce/Works/Research/3D/open3d/Dragonite/evaluations/wholedavis3rd_video_short_2_b/path2_39/frame294.jpg
===========
ORIGNAL: /home/bruce/Works/Research/3D/open3d/Dragonite/evaluations/wholedavis3rd_video_short_2_b/path2_40/frame107.jpg
Counting matches...
Hit:  /home/bruce/Works/Research/3D/open3d/Dragonite/evaluations/wholedavis3rd_video_short_2_b/path2_39/frame294.jpg
===========
ORIGNAL: /home/bruce/Works/Research/3D/open3d/Dragonite/evaluations/wholedavis3rd_video_short_2_b/path2_40/frame12.jpg
Total Time: 61.2442140579 s.
CANNOT MATCH THE SAME TRACE
Training FLANN.
Done.
Counting matches...
Hit:  /home/bruce/Works/Research/3D/open3d/Dragonite/evaluations/wholedavis3rd_video_short_2_b/path2_27/frame7.jpg
===========
ORIGNAL: /home/bruce/Works/Research/3D/open3d/Dragonite/evaluations/wholedavis3rd_video_short_2_b/path2_26/frame172.jpg
Counting matches...
Hit:  /home/bruce/Works/Research/3D/open3d/Dragonite/evaluations/wholedavis3rd_video_short_2_b/path2_23/frame166.jpg
===========
ORIGNAL: /home/bruce/Works/Research/3D/open3d/Dragonite/evaluations/wholedavis3rd_video_short_2_b/path2_26/frame163.jpg
Counting matches...
Hit:  /home/bruce/Works/Research/3D/open3d/Dragonite/evaluations/wholedavis3rd_video_short_2_b/path2_25/frame194.jpg
===========
ORIGNAL: /home/bruce/Works/Research/3D/open3d/Dragonite/evaluations/wholedavis3rd_video_short_2_b/path2_26/frame6.jpg
Total Time: 54.9794290066 s.
CANNOT MATCH THE SAME TRACE
Training FLANN.
Done.
Counting matches...
Hit:  /home/bruce/Works/Research/3D/open3d/Dragonite/evaluations/wholedavis3rd_video_short_2_b/path2_30/frame13.jpg
===========
ORIGNAL: /home/bruce/Works/Research/3D/open3d/Dragonite/evaluations/wholedavis3rd_video_short_2_b/path2_44/frame174.jpg
Counting matches...
Hit:  /home/bruce/Works/Research/3D/open3d/Dragonite/evaluations/wholedavis3rd_video_short_2_b/path2_43/frame138.jpg
===========
ORIGNAL: /home/bruce/Works/Research/3D/open3d/Dragonite/evaluations/wholedavis3rd_video_short_2_b/path2_44/frame72.jpg
Counting matches...
Hit:  /home/bruce/Works/Research/3D/open3d/Dragonite/evaluations/wholedavis3rd_video_short_2_b/path2_43/frame102.jpg
===========
ORIGNAL: /home/bruce/Works/Research/3D/open3d/Dragonite/evaluations/wholedavis3rd_video_short_2_b/path2_44/frame15.jpg
Total Time: 68.3218100071 s.
CANNOT MATCH THE SAME TRACE
Training FLANN.
Done.
Counting matches...
Hit:  /home/bruce/Works/Research/3D/open3d/Dragonite/evaluations/wholedavis3rd_video_short_2_b/path2_27/frame115.jpg
===========
ORIGNAL: /home/bruce/Works/Research/3D/open3d/Dragonite/evaluations/wholedavis3rd_video_short_2_b/path2_30/frame125.jpg
Total Time: 78.2191531658 s.
CANNOT MATCH THE SAME TRACE
Training FLANN.
Done.
Counting matches...
Hit:  /home/bruce/Works/Research/3D/open3d/Dragonite/evaluations/wholedavis3rd_video_short_2_b/path2_14/frame18.jpg
===========
ORIGNAL: /home/bruce/Works/Research/3D/open3d/Dragonite/evaluations/wholedavis3rd_video_short_2_b/path2_13/frame162.jpg
Counting matches...
Hit:  /home/bruce/Works/Research/3D/open3d/Dragonite/evaluations/wholedavis3rd_video_short_2_b/path2_54/frame144.jpg
===========
ORIGNAL: /home/bruce/Works/Research/3D/open3d/Dragonite/evaluations/wholedavis3rd_video_short_2_b/path2_13/frame15.jpg
Counting matches...
Hit:  /home/bruce/Works/Research/3D/open3d/Dragonite/evaluations/wholedavis3rd_video_short_2_b/path2_54/frame144.jpg
===========
ORIGNAL: /home/bruce/Works/Research/3D/open3d/Dragonite/evaluations/wholedavis3rd_video_short_2_b/path2_13/frame22.jpg
Total Time: 35.1447188854 s.
CANNOT MATCH THE SAME TRACE
Training FLANN.
Done.
Counting matches...
Hit:  /home/bruce/Works/Research/3D/open3d/Dragonite/evaluations/wholedavis3rd_video_short_2_b/path2_34/frame242.jpg
===========
ORIGNAL: /home/bruce/Works/Research/3D/open3d/Dragonite/evaluations/wholedavis3rd_video_short_2_b/path2_28/frame160.jpg
Counting matches...
Hit:  /home/bruce/Works/Research/3D/open3d/Dragonite/evaluations/wholedavis3rd_video_short_2_b/path2_4/frame14.jpg
===========
ORIGNAL: /home/bruce/Works/Research/3D/open3d/Dragonite/evaluations/wholedavis3rd_video_short_2_b/path2_28/frame65.jpg
Counting matches...
Hit:  /home/bruce/Works/Research/3D/open3d/Dragonite/evaluations/wholedavis3rd_video_short_2_b/path2_1/frame15.jpg
===========
ORIGNAL: /home/bruce/Works/Research/3D/open3d/Dragonite/evaluations/wholedavis3rd_video_short_2_b/path2_28/frame177.jpg
Counting matches...
Hit:  /home/bruce/Works/Research/3D/open3d/Dragonite/evaluations/wholedavis3rd_video_short_2_b/path2_27/frame115.jpg
===========
ORIGNAL: /home/bruce/Works/Research/3D/open3d/Dragonite/evaluations/wholedavis3rd_video_short_2_b/path2_28/frame112.jpg
Total Time: 68.0880069733 s.
CANNOT MATCH THE SAME TRACE
Training FLANN.
Done.
Counting matches...
Hit:  /home/bruce/Works/Research/3D/open3d/Dragonite/evaluations/wholedavis3rd_video_short_2_b/path2_37/frame244.jpg
===========
ORIGNAL: /home/bruce/Works/Research/3D/open3d/Dragonite/evaluations/wholedavis3rd_video_short_2_b/path2_34/frame33.jpg
Counting matches...
Hit:  /home/bruce/Works/Research/3D/open3d/Dragonite/evaluations/wholedavis3rd_video_short_2_b/path2_33/frame131.jpg
===========
ORIGNAL: /home/bruce/Works/Research/3D/open3d/Dragonite/evaluations/wholedavis3rd_video_short_2_b/path2_34/frame16.jpg
Counting matches...
Hit:  /home/bruce/Works/Research/3D/open3d/Dragonite/evaluations/wholedavis3rd_video_short_2_b/path2_35/frame18.jpg
===========
ORIGNAL: /home/bruce/Works/Research/3D/open3d/Dragonite/evaluations/wholedavis3rd_video_short_2_b/path2_34/frame253.jpg
Total Time: 63.5990071297 s.
CANNOT MATCH THE SAME TRACE
Training FLANN.
Done.
Counting matches...
Hit:  /home/bruce/Works/Research/3D/open3d/Dragonite/evaluations/wholedavis3rd_video_short_2_b/path2_37/frame14.jpg
===========
ORIGNAL: /home/bruce/Works/Research/3D/open3d/Dragonite/evaluations/wholedavis3rd_video_short_2_b/path2_36/frame159.jpg
Counting matches...
Hit:  /home/bruce/Works/Research/3D/open3d/Dragonite/evaluations/wholedavis3rd_video_short_2_b/path2_37/frame216.jpg
===========
ORIGNAL: /home/bruce/Works/Research/3D/open3d/Dragonite/evaluations/wholedavis3rd_video_short_2_b/path2_36/frame110.jpg
Total Time: 55.6486489773 s.
CANNOT MATCH THE SAME TRACE
Training FLANN.
Done.
Counting matches...
Hit:  /home/bruce/Works/Research/3D/open3d/Dragonite/evaluations/wholedavis3rd_video_short_2_b/path2_54/frame103.jpg
===========
ORIGNAL: /home/bruce/Works/Research/3D/open3d/Dragonite/evaluations/wholedavis3rd_video_short_2_b/path2_51/frame132.jpg
Counting matches...
Hit:  /home/bruce/Works/Research/3D/open3d/Dragonite/evaluations/wholedavis3rd_video_short_2_b/path2_52/frame13.jpg
===========
ORIGNAL: /home/bruce/Works/Research/3D/open3d/Dragonite/evaluations/wholedavis3rd_video_short_2_b/path2_51/frame128.jpg
Counting matches...
Hit:  /home/bruce/Works/Research/3D/open3d/Dragonite/evaluations/wholedavis3rd_video_short_2_b/path2_50/frame110.jpg
===========
ORIGNAL: /home/bruce/Works/Research/3D/open3d/Dragonite/evaluations/wholedavis3rd_video_short_2_b/path2_51/frame96.jpg
Counting matches...
Hit:  /home/bruce/Works/Research/3D/open3d/Dragonite/evaluations/wholedavis3rd_video_short_2_b/path2_10/frame29.jpg
===========
ORIGNAL: /home/bruce/Works/Research/3D/open3d/Dragonite/evaluations/wholedavis3rd_video_short_2_b/path2_51/frame35.jpg
Counting matches...
Hit:  /home/bruce/Works/Research/3D/open3d/Dragonite/evaluations/wholedavis3rd_video_short_2_b/path2_50/frame123.jpg
===========
ORIGNAL: /home/bruce/Works/Research/3D/open3d/Dragonite/evaluations/wholedavis3rd_video_short_2_b/path2_51/frame46.jpg
Counting matches...
Hit:  /home/bruce/Works/Research/3D/open3d/Dragonite/evaluations/wholedavis3rd_video_short_2_b/path2_50/frame123.jpg
===========
ORIGNAL: /home/bruce/Works/Research/3D/open3d/Dragonite/evaluations/wholedavis3rd_video_short_2_b/path2_51/frame55.jpg
Total Time: 57.2687780857 s.
CANNOT MATCH THE SAME TRACE
Training FLANN.
Done.
Counting matches...
Hit:  /home/bruce/Works/Research/3D/open3d/Dragonite/evaluations/wholedavis3rd_video_short_2_b/path2_42/frame13.jpg
===========
ORIGNAL: /home/bruce/Works/Research/3D/open3d/Dragonite/evaluations/wholedavis3rd_video_short_2_b/path2_41/frame157.jpg
Counting matches...
Hit:  /home/bruce/Works/Research/3D/open3d/Dragonite/evaluations/wholedavis3rd_video_short_2_b/path2_39/frame145.jpg
===========
ORIGNAL: /home/bruce/Works/Research/3D/open3d/Dragonite/evaluations/wholedavis3rd_video_short_2_b/path2_41/frame65.jpg
Counting matches...
Hit:  /home/bruce/Works/Research/3D/open3d/Dragonite/evaluations/wholedavis3rd_video_short_2_b/path2_42/frame13.jpg
===========
ORIGNAL: /home/bruce/Works/Research/3D/open3d/Dragonite/evaluations/wholedavis3rd_video_short_2_b/path2_41/frame181.jpg
Total Time: 51.5178210735 s.
CANNOT MATCH THE SAME TRACE
Training FLANN.
Done.
Counting matches...
Hit:  /home/bruce/Works/Research/3D/open3d/Dragonite/evaluations/wholedavis3rd_video_short_2_b/path2_51/frame26.jpg
===========
ORIGNAL: /home/bruce/Works/Research/3D/open3d/Dragonite/evaluations/wholedavis3rd_video_short_2_b/path2_50/frame123.jpg
Counting matches...
Hit:  /home/bruce/Works/Research/3D/open3d/Dragonite/evaluations/wholedavis3rd_video_short_2_b/path2_51/frame4.jpg
===========
ORIGNAL: /home/bruce/Works/Research/3D/open3d/Dragonite/evaluations/wholedavis3rd_video_short_2_b/path2_50/frame74.jpg
Counting matches...
Hit:  /home/bruce/Works/Research/3D/open3d/Dragonite/evaluations/wholedavis3rd_video_short_2_b/path2_9/frame128.jpg
===========
ORIGNAL: /home/bruce/Works/Research/3D/open3d/Dragonite/evaluations/wholedavis3rd_video_short_2_b/path2_50/frame15.jpg
Total Time: 63.4164340496 s.
CANNOT MATCH THE SAME TRACE
Training FLANN.
Done.
Counting matches...
Hit:  /home/bruce/Works/Research/3D/open3d/Dragonite/evaluations/wholedavis3rd_video_short_2_b/path2_36/frame110.jpg
===========
ORIGNAL: /home/bruce/Works/Research/3D/open3d/Dragonite/evaluations/wholedavis3rd_video_short_2_b/path2_37/frame89.jpg
Counting matches...
Hit:  /home/bruce/Works/Research/3D/open3d/Dragonite/evaluations/wholedavis3rd_video_short_2_b/path2_36/frame159.jpg
===========
ORIGNAL: /home/bruce/Works/Research/3D/open3d/Dragonite/evaluations/wholedavis3rd_video_short_2_b/path2_37/frame180.jpg
Counting matches...
Hit:  /home/bruce/Works/Research/3D/open3d/Dragonite/evaluations/wholedavis3rd_video_short_2_b/path2_27/frame115.jpg
===========
ORIGNAL: /home/bruce/Works/Research/3D/open3d/Dragonite/evaluations/wholedavis3rd_video_short_2_b/path2_37/frame156.jpg
Counting matches...
Hit:  /home/bruce/Works/Research/3D/open3d/Dragonite/evaluations/wholedavis3rd_video_short_2_b/path2_36/frame159.jpg
===========
ORIGNAL: /home/bruce/Works/Research/3D/open3d/Dragonite/evaluations/wholedavis3rd_video_short_2_b/path2_37/frame43.jpg
Total Time: 98.6635069847 s.
CANNOT MATCH THE SAME TRACE
Training FLANN.
Done.
Counting matches...
Hit:  /home/bruce/Works/Research/3D/open3d/Dragonite/evaluations/wholedavis3rd_video_short_2_b/path2_11/frame188.jpg
===========
ORIGNAL: /home/bruce/Works/Research/3D/open3d/Dragonite/evaluations/wholedavis3rd_video_short_2_b/path2_53/frame79.jpg
Counting matches...
Hit:  /home/bruce/Works/Research/3D/open3d/Dragonite/evaluations/wholedavis3rd_video_short_2_b/path2_11/frame188.jpg
===========
ORIGNAL: /home/bruce/Works/Research/3D/open3d/Dragonite/evaluations/wholedavis3rd_video_short_2_b/path2_53/frame58.jpg
Counting matches...
Hit:  /home/bruce/Works/Research/3D/open3d/Dragonite/evaluations/wholedavis3rd_video_short_2_b/path2_11/frame157.jpg
===========
ORIGNAL: /home/bruce/Works/Research/3D/open3d/Dragonite/evaluations/wholedavis3rd_video_short_2_b/path2_53/frame30.jpg
Counting matches...
Hit:  /home/bruce/Works/Research/3D/open3d/Dragonite/evaluations/wholedavis3rd_video_short_2_b/path2_12/frame23.jpg
===========
ORIGNAL: /home/bruce/Works/Research/3D/open3d/Dragonite/evaluations/wholedavis3rd_video_short_2_b/path2_53/frame128.jpg
Counting matches...
Hit:  /home/bruce/Works/Research/3D/open3d/Dragonite/evaluations/wholedavis3rd_video_short_2_b/path2_11/frame188.jpg
===========
ORIGNAL: /home/bruce/Works/Research/3D/open3d/Dragonite/evaluations/wholedavis3rd_video_short_2_b/path2_53/frame92.jpg
Counting matches...
Hit:  /home/bruce/Works/Research/3D/open3d/Dragonite/evaluations/wholedavis3rd_video_short_2_b/path2_11/frame157.jpg
===========
ORIGNAL: /home/bruce/Works/Research/3D/open3d/Dragonite/evaluations/wholedavis3rd_video_short_2_b/path2_53/frame19.jpg
Counting matches...
Hit:  /home/bruce/Works/Research/3D/open3d/Dragonite/evaluations/wholedavis3rd_video_short_2_b/path2_11/frame188.jpg
===========
ORIGNAL: /home/bruce/Works/Research/3D/open3d/Dragonite/evaluations/wholedavis3rd_video_short_2_b/path2_53/frame67.jpg
Counting matches...
Hit:  /home/bruce/Works/Research/3D/open3d/Dragonite/evaluations/wholedavis3rd_video_short_2_b/path2_12/frame23.jpg
===========
ORIGNAL: /home/bruce/Works/Research/3D/open3d/Dragonite/evaluations/wholedavis3rd_video_short_2_b/path2_53/frame143.jpg
Counting matches...
Hit:  /home/bruce/Works/Research/3D/open3d/Dragonite/evaluations/wholedavis3rd_video_short_2_b/path2_12/frame23.jpg
===========
ORIGNAL: /home/bruce/Works/Research/3D/open3d/Dragonite/evaluations/wholedavis3rd_video_short_2_b/path2_53/frame141.jpg
Total Time: 67.1468498707 s.
CANNOT MATCH THE SAME TRACE
Training FLANN.
Done.
Counting matches...
Hit:  /home/bruce/Works/Research/3D/open3d/Dragonite/evaluations/wholedavis3rd_video_short_2_b/path2_19/frame6.jpg
===========
ORIGNAL: /home/bruce/Works/Research/3D/open3d/Dragonite/evaluations/wholedavis3rd_video_short_2_b/path2_18/frame82.jpg
Total Time: 45.2251060009 s.
CANNOT MATCH THE SAME TRACE
Training FLANN.
Done.
Counting matches...
Hit:  /home/bruce/Works/Research/3D/open3d/Dragonite/evaluations/wholedavis3rd_video_short_2_b/path2_51/frame171.jpg
===========
ORIGNAL: /home/bruce/Works/Research/3D/open3d/Dragonite/evaluations/wholedavis3rd_video_short_2_b/path2_52/frame53.jpg
Total Time: 58.6453480721 s.
CANNOT MATCH THE SAME TRACE
Training FLANN.
Done.
Counting matches...
Hit:  /home/bruce/Works/Research/3D/open3d/Dragonite/evaluations/wholedavis3rd_video_short_2_b/path2_47/frame34.jpg
===========
ORIGNAL: /home/bruce/Works/Research/3D/open3d/Dragonite/evaluations/wholedavis3rd_video_short_2_b/path2_3/frame246.jpg
Total Time: 65.9104409218 s.
CANNOT MATCH THE SAME TRACE
Training FLANN.
Done.
Counting matches...
Hit:  /home/bruce/Works/Research/3D/open3d/Dragonite/evaluations/wholedavis3rd_video_short_2_b/path2_9/frame147.jpg
===========
ORIGNAL: /home/bruce/Works/Research/3D/open3d/Dragonite/evaluations/wholedavis3rd_video_short_2_b/path2_10/frame15.jpg
Total Time: 57.3017549515 s.
CANNOT MATCH THE SAME TRACE
Training FLANN.
Done.
Counting matches...
Hit:  /home/bruce/Works/Research/3D/open3d/Dragonite/evaluations/wholedavis3rd_video_short_2_b/path2_30/frame97.jpg
===========
ORIGNAL: /home/bruce/Works/Research/3D/open3d/Dragonite/evaluations/wholedavis3rd_video_short_2_b/path2_27/frame115.jpg
Counting matches...
Hit:  /home/bruce/Works/Research/3D/open3d/Dragonite/evaluations/wholedavis3rd_video_short_2_b/path2_24/frame214.jpg
===========
ORIGNAL: /home/bruce/Works/Research/3D/open3d/Dragonite/evaluations/wholedavis3rd_video_short_2_b/path2_27/frame55.jpg
Counting matches...
Hit:  /home/bruce/Works/Research/3D/open3d/Dragonite/evaluations/wholedavis3rd_video_short_2_b/path2_38/frame22.jpg
===========
ORIGNAL: /home/bruce/Works/Research/3D/open3d/Dragonite/evaluations/wholedavis3rd_video_short_2_b/path2_27/frame17.jpg
Counting matches...
Hit:  /home/bruce/Works/Research/3D/open3d/Dragonite/evaluations/wholedavis3rd_video_short_2_b/path2_0/frame16.jpg
===========
ORIGNAL: /home/bruce/Works/Research/3D/open3d/Dragonite/evaluations/wholedavis3rd_video_short_2_b/path2_27/frame10.jpg
Counting matches...
Hit:  /home/bruce/Works/Research/3D/open3d/Dragonite/evaluations/wholedavis3rd_video_short_2_b/path2_28/frame61.jpg
===========
ORIGNAL: /home/bruce/Works/Research/3D/open3d/Dragonite/evaluations/wholedavis3rd_video_short_2_b/path2_27/frame177.jpg
Counting matches...
Hit:  /home/bruce/Works/Research/3D/open3d/Dragonite/evaluations/wholedavis3rd_video_short_2_b/path2_28/frame61.jpg
===========
ORIGNAL: /home/bruce/Works/Research/3D/open3d/Dragonite/evaluations/wholedavis3rd_video_short_2_b/path2_27/frame58.jpg
Total Time: 47.8481791019 s.
CANNOT MATCH THE SAME TRACE
Training FLANN.
Done.
Counting matches...
Hit:  /home/bruce/Works/Research/3D/open3d/Dragonite/evaluations/wholedavis3rd_video_short_2_b/path2_13/frame162.jpg
===========
ORIGNAL: /home/bruce/Works/Research/3D/open3d/Dragonite/evaluations/wholedavis3rd_video_short_2_b/path2_14/frame12.jpg
Counting matches...
Hit:  /home/bruce/Works/Research/3D/open3d/Dragonite/evaluations/wholedavis3rd_video_short_2_b/path2_13/frame162.jpg
===========
ORIGNAL: /home/bruce/Works/Research/3D/open3d/Dragonite/evaluations/wholedavis3rd_video_short_2_b/path2_14/frame3.jpg
Counting matches...
Hit:  /home/bruce/Works/Research/3D/open3d/Dragonite/evaluations/wholedavis3rd_video_short_2_b/path2_15/frame193.jpg
===========
ORIGNAL: /home/bruce/Works/Research/3D/open3d/Dragonite/evaluations/wholedavis3rd_video_short_2_b/path2_14/frame163.jpg
Total Time: 62.9727139473 s.
CANNOT MATCH THE SAME TRACE
Training FLANN.
Done.
Counting matches...
Hit:  /home/bruce/Works/Research/3D/open3d/Dragonite/evaluations/wholedavis3rd_video_short_2_b/path2_23/frame177.jpg
===========
ORIGNAL: /home/bruce/Works/Research/3D/open3d/Dragonite/evaluations/wholedavis3rd_video_short_2_b/path2_2/frame122.jpg
Counting matches...
Hit:  /home/bruce/Works/Research/3D/open3d/Dragonite/evaluations/wholedavis3rd_video_short_2_b/path2_0/frame20.jpg
===========
ORIGNAL: /home/bruce/Works/Research/3D/open3d/Dragonite/evaluations/wholedavis3rd_video_short_2_b/path2_2/frame33.jpg
Total Time: 33.9057090282 s.
CANNOT MATCH THE SAME TRACE
Training FLANN.
Done.
Counting matches...
Hit:  /home/bruce/Works/Research/3D/open3d/Dragonite/evaluations/wholedavis3rd_video_short_2_b/path2_38/frame216.jpg
===========
ORIGNAL: /home/bruce/Works/Research/3D/open3d/Dragonite/evaluations/wholedavis3rd_video_short_2_b/path2_39/frame5.jpg
Counting matches...
Hit:  /home/bruce/Works/Research/3D/open3d/Dragonite/evaluations/wholedavis3rd_video_short_2_b/path2_40/frame136.jpg
===========
ORIGNAL: /home/bruce/Works/Research/3D/open3d/Dragonite/evaluations/wholedavis3rd_video_short_2_b/path2_39/frame145.jpg
Counting matches...
Hit:  /home/bruce/Works/Research/3D/open3d/Dragonite/evaluations/wholedavis3rd_video_short_2_b/path2_40/frame136.jpg
===========
ORIGNAL: /home/bruce/Works/Research/3D/open3d/Dragonite/evaluations/wholedavis3rd_video_short_2_b/path2_39/frame62.jpg
Counting matches...
Hit:  /home/bruce/Works/Research/3D/open3d/Dragonite/evaluations/wholedavis3rd_video_short_2_b/path2_40/frame101.jpg
===========
ORIGNAL: /home/bruce/Works/Research/3D/open3d/Dragonite/evaluations/wholedavis3rd_video_short_2_b/path2_39/frame211.jpg
Total Time: 51.5759251118 s.
CANNOT MATCH THE SAME TRACE
Training FLANN.
Done.
Counting matches...
Hit:  /home/bruce/Works/Research/3D/open3d/Dragonite/evaluations/wholedavis3rd_video_short_2_b/path2_39/frame238.jpg
===========
ORIGNAL: /home/bruce/Works/Research/3D/open3d/Dragonite/evaluations/wholedavis3rd_video_short_2_b/path2_35/frame178.jpg
Counting matches...
Hit:  /home/bruce/Works/Research/3D/open3d/Dragonite/evaluations/wholedavis3rd_video_short_2_b/path2_54/frame119.jpg
===========
ORIGNAL: /home/bruce/Works/Research/3D/open3d/Dragonite/evaluations/wholedavis3rd_video_short_2_b/path2_35/frame205.jpg
Counting matches...
Hit:  /home/bruce/Works/Research/3D/open3d/Dragonite/evaluations/wholedavis3rd_video_short_2_b/path2_9/frame147.jpg
===========
ORIGNAL: /home/bruce/Works/Research/3D/open3d/Dragonite/evaluations/wholedavis3rd_video_short_2_b/path2_35/frame145.jpg
Counting matches...
Hit:  /home/bruce/Works/Research/3D/open3d/Dragonite/evaluations/wholedavis3rd_video_short_2_b/path2_18/frame19.jpg
===========
ORIGNAL: /home/bruce/Works/Research/3D/open3d/Dragonite/evaluations/wholedavis3rd_video_short_2_b/path2_35/frame184.jpg
Counting matches...
Hit:  /home/bruce/Works/Research/3D/open3d/Dragonite/evaluations/wholedavis3rd_video_short_2_b/path2_12/frame23.jpg
===========
ORIGNAL: /home/bruce/Works/Research/3D/open3d/Dragonite/evaluations/wholedavis3rd_video_short_2_b/path2_35/frame135.jpg
Counting matches...
Hit:  /home/bruce/Works/Research/3D/open3d/Dragonite/evaluations/wholedavis3rd_video_short_2_b/path2_34/frame279.jpg
===========
ORIGNAL: /home/bruce/Works/Research/3D/open3d/Dragonite/evaluations/wholedavis3rd_video_short_2_b/path2_35/frame18.jpg
Total Time: 48.2468159199 s.
CANNOT MATCH THE SAME TRACE
Training FLANN.
Done.
Counting matches...
Hit:  /home/bruce/Works/Research/3D/open3d/Dragonite/evaluations/wholedavis3rd_video_short_2_b/path2_30/frame97.jpg
===========
ORIGNAL: /home/bruce/Works/Research/3D/open3d/Dragonite/evaluations/wholedavis3rd_video_short_2_b/path2_31/frame125.jpg
Counting matches...
Hit:  /home/bruce/Works/Research/3D/open3d/Dragonite/evaluations/wholedavis3rd_video_short_2_b/path2_27/frame115.jpg
===========
ORIGNAL: /home/bruce/Works/Research/3D/open3d/Dragonite/evaluations/wholedavis3rd_video_short_2_b/path2_31/frame17.jpg
Counting matches...
Hit:  /home/bruce/Works/Research/3D/open3d/Dragonite/evaluations/wholedavis3rd_video_short_2_b/path2_27/frame115.jpg
===========
ORIGNAL: /home/bruce/Works/Research/3D/open3d/Dragonite/evaluations/wholedavis3rd_video_short_2_b/path2_31/frame159.jpg
Counting matches...
Hit:  /home/bruce/Works/Research/3D/open3d/Dragonite/evaluations/wholedavis3rd_video_short_2_b/path2_24/frame198.jpg
===========
ORIGNAL: /home/bruce/Works/Research/3D/open3d/Dragonite/evaluations/wholedavis3rd_video_short_2_b/path2_31/frame267.jpg
Counting matches...
Hit:  /home/bruce/Works/Research/3D/open3d/Dragonite/evaluations/wholedavis3rd_video_short_2_b/path2_24/frame198.jpg
===========
ORIGNAL: /home/bruce/Works/Research/3D/open3d/Dragonite/evaluations/wholedavis3rd_video_short_2_b/path2_31/frame256.jpg
Counting matches...
Hit:  /home/bruce/Works/Research/3D/open3d/Dragonite/evaluations/wholedavis3rd_video_short_2_b/path2_0/frame16.jpg
===========
ORIGNAL: /home/bruce/Works/Research/3D/open3d/Dragonite/evaluations/wholedavis3rd_video_short_2_b/path2_31/frame6.jpg
Counting matches...
Hit:  /home/bruce/Works/Research/3D/open3d/Dragonite/evaluations/wholedavis3rd_video_short_2_b/path2_32/frame55.jpg
===========
ORIGNAL: /home/bruce/Works/Research/3D/open3d/Dragonite/evaluations/wholedavis3rd_video_short_2_b/path2_31/frame275.jpg
Counting matches...
Hit:  /home/bruce/Works/Research/3D/open3d/Dragonite/evaluations/wholedavis3rd_video_short_2_b/path2_30/frame97.jpg
===========
ORIGNAL: /home/bruce/Works/Research/3D/open3d/Dragonite/evaluations/wholedavis3rd_video_short_2_b/path2_31/frame116.jpg
Counting matches...
Hit:  /home/bruce/Works/Research/3D/open3d/Dragonite/evaluations/wholedavis3rd_video_short_2_b/path2_4/frame14.jpg
===========
ORIGNAL: /home/bruce/Works/Research/3D/open3d/Dragonite/evaluations/wholedavis3rd_video_short_2_b/path2_31/frame165.jpg
Total Time: 79.0924928188 s.
CANNOT MATCH THE SAME TRACE
Training FLANN.
Done.
Counting matches...
Hit:  /home/bruce/Works/Research/3D/open3d/Dragonite/evaluations/wholedavis3rd_video_short_2_b/path2_4/frame14.jpg
===========
ORIGNAL: /home/bruce/Works/Research/3D/open3d/Dragonite/evaluations/wholedavis3rd_video_short_2_b/path2_47/frame30.jpg
Counting matches...
Hit:  /home/bruce/Works/Research/3D/open3d/Dragonite/evaluations/wholedavis3rd_video_short_2_b/path2_5/frame100.jpg
===========
ORIGNAL: /home/bruce/Works/Research/3D/open3d/Dragonite/evaluations/wholedavis3rd_video_short_2_b/path2_47/frame142.jpg
Counting matches...
Hit:  /home/bruce/Works/Research/3D/open3d/Dragonite/evaluations/wholedavis3rd_video_short_2_b/path2_4/frame14.jpg
===========
ORIGNAL: /home/bruce/Works/Research/3D/open3d/Dragonite/evaluations/wholedavis3rd_video_short_2_b/path2_47/frame57.jpg
Counting matches...
Hit:  /home/bruce/Works/Research/3D/open3d/Dragonite/evaluations/wholedavis3rd_video_short_2_b/path2_5/frame100.jpg
===========
ORIGNAL: /home/bruce/Works/Research/3D/open3d/Dragonite/evaluations/wholedavis3rd_video_short_2_b/path2_47/frame157.jpg
Counting matches...
Hit:  /home/bruce/Works/Research/3D/open3d/Dragonite/evaluations/wholedavis3rd_video_short_2_b/path2_4/frame14.jpg
===========
ORIGNAL: /home/bruce/Works/Research/3D/open3d/Dragonite/evaluations/wholedavis3rd_video_short_2_b/path2_47/frame22.jpg
Counting matches...
Hit:  /home/bruce/Works/Research/3D/open3d/Dragonite/evaluations/wholedavis3rd_video_short_2_b/path2_5/frame27.jpg
===========
ORIGNAL: /home/bruce/Works/Research/3D/open3d/Dragonite/evaluations/wholedavis3rd_video_short_2_b/path2_47/frame61.jpg
Counting matches...
Hit:  /home/bruce/Works/Research/3D/open3d/Dragonite/evaluations/wholedavis3rd_video_short_2_b/path2_5/frame100.jpg
===========
ORIGNAL: /home/bruce/Works/Research/3D/open3d/Dragonite/evaluations/wholedavis3rd_video_short_2_b/path2_47/frame125.jpg
Counting matches...
Hit:  /home/bruce/Works/Research/3D/open3d/Dragonite/evaluations/wholedavis3rd_video_short_2_b/path2_3/frame204.jpg
===========
ORIGNAL: /home/bruce/Works/Research/3D/open3d/Dragonite/evaluations/wholedavis3rd_video_short_2_b/path2_47/frame7.jpg
Counting matches...
Hit:  /home/bruce/Works/Research/3D/open3d/Dragonite/evaluations/wholedavis3rd_video_short_2_b/path2_5/frame27.jpg
===========
ORIGNAL: /home/bruce/Works/Research/3D/open3d/Dragonite/evaluations/wholedavis3rd_video_short_2_b/path2_47/frame109.jpg
Counting matches...
Hit:  /home/bruce/Works/Research/3D/open3d/Dragonite/evaluations/wholedavis3rd_video_short_2_b/path2_3/frame204.jpg
===========
ORIGNAL: /home/bruce/Works/Research/3D/open3d/Dragonite/evaluations/wholedavis3rd_video_short_2_b/path2_47/frame1.jpg
Counting matches...
Hit:  /home/bruce/Works/Research/3D/open3d/Dragonite/evaluations/wholedavis3rd_video_short_2_b/path2_5/frame11.jpg
===========
ORIGNAL: /home/bruce/Works/Research/3D/open3d/Dragonite/evaluations/wholedavis3rd_video_short_2_b/path2_47/frame73.jpg
Counting matches...
Hit:  /home/bruce/Works/Research/3D/open3d/Dragonite/evaluations/wholedavis3rd_video_short_2_b/path2_5/frame100.jpg
===========
ORIGNAL: /home/bruce/Works/Research/3D/open3d/Dragonite/evaluations/wholedavis3rd_video_short_2_b/path2_47/frame152.jpg
Counting matches...
Hit:  /home/bruce/Works/Research/3D/open3d/Dragonite/evaluations/wholedavis3rd_video_short_2_b/path2_5/frame100.jpg
===========
ORIGNAL: /home/bruce/Works/Research/3D/open3d/Dragonite/evaluations/wholedavis3rd_video_short_2_b/path2_47/frame129.jpg
Counting matches...
Hit:  /home/bruce/Works/Research/3D/open3d/Dragonite/evaluations/wholedavis3rd_video_short_2_b/path2_3/frame204.jpg
===========
ORIGNAL: /home/bruce/Works/Research/3D/open3d/Dragonite/evaluations/wholedavis3rd_video_short_2_b/path2_47/frame19.jpg
Total Time: 88.7654938698 s.
CANNOT MATCH THE SAME TRACE
Training FLANN.
Done.
Counting matches...
Hit:  /home/bruce/Works/Research/3D/open3d/Dragonite/evaluations/wholedavis3rd_video_short_2_b/path2_6/frame105.jpg
===========
ORIGNAL: /home/bruce/Works/Research/3D/open3d/Dragonite/evaluations/wholedavis3rd_video_short_2_b/path2_49/frame47.jpg
Counting matches...
Hit:  /home/bruce/Works/Research/3D/open3d/Dragonite/evaluations/wholedavis3rd_video_short_2_b/path2_50/frame110.jpg
===========
ORIGNAL: /home/bruce/Works/Research/3D/open3d/Dragonite/evaluations/wholedavis3rd_video_short_2_b/path2_49/frame252.jpg
Counting matches...
Hit:  /home/bruce/Works/Research/3D/open3d/Dragonite/evaluations/wholedavis3rd_video_short_2_b/path2_50/frame15.jpg
===========
ORIGNAL: /home/bruce/Works/Research/3D/open3d/Dragonite/evaluations/wholedavis3rd_video_short_2_b/path2_49/frame222.jpg
Counting matches...
Hit:  /home/bruce/Works/Research/3D/open3d/Dragonite/evaluations/wholedavis3rd_video_short_2_b/path2_8/frame118.jpg
===========
ORIGNAL: /home/bruce/Works/Research/3D/open3d/Dragonite/evaluations/wholedavis3rd_video_short_2_b/path2_49/frame78.jpg
Counting matches...
Hit:  /home/bruce/Works/Research/3D/open3d/Dragonite/evaluations/wholedavis3rd_video_short_2_b/path2_48/frame121.jpg
===========
ORIGNAL: /home/bruce/Works/Research/3D/open3d/Dragonite/evaluations/wholedavis3rd_video_short_2_b/path2_49/frame60.jpg
Counting matches...
Hit:  /home/bruce/Works/Research/3D/open3d/Dragonite/evaluations/wholedavis3rd_video_short_2_b/path2_48/frame31.jpg
===========
ORIGNAL: /home/bruce/Works/Research/3D/open3d/Dragonite/evaluations/wholedavis3rd_video_short_2_b/path2_49/frame109.jpg
Counting matches...
Hit:  /home/bruce/Works/Research/3D/open3d/Dragonite/evaluations/wholedavis3rd_video_short_2_b/path2_48/frame98.jpg
===========
ORIGNAL: /home/bruce/Works/Research/3D/open3d/Dragonite/evaluations/wholedavis3rd_video_short_2_b/path2_49/frame134.jpg
Counting matches...
Hit:  /home/bruce/Works/Research/3D/open3d/Dragonite/evaluations/wholedavis3rd_video_short_2_b/path2_38/frame17.jpg
===========
ORIGNAL: /home/bruce/Works/Research/3D/open3d/Dragonite/evaluations/wholedavis3rd_video_short_2_b/path2_49/frame207.jpg
Counting matches...
Hit:  /home/bruce/Works/Research/3D/open3d/Dragonite/evaluations/wholedavis3rd_video_short_2_b/path2_8/frame118.jpg
===========
ORIGNAL: /home/bruce/Works/Research/3D/open3d/Dragonite/evaluations/wholedavis3rd_video_short_2_b/path2_49/frame94.jpg
Counting matches...
Hit:  /home/bruce/Works/Research/3D/open3d/Dragonite/evaluations/wholedavis3rd_video_short_2_b/path2_48/frame41.jpg
===========
ORIGNAL: /home/bruce/Works/Research/3D/open3d/Dragonite/evaluations/wholedavis3rd_video_short_2_b/path2_49/frame129.jpg
Counting matches...
Hit:  /home/bruce/Works/Research/3D/open3d/Dragonite/evaluations/wholedavis3rd_video_short_2_b/path2_6/frame105.jpg
===========
ORIGNAL: /home/bruce/Works/Research/3D/open3d/Dragonite/evaluations/wholedavis3rd_video_short_2_b/path2_49/frame19.jpg
Counting matches...
Hit:  /home/bruce/Works/Research/3D/open3d/Dragonite/evaluations/wholedavis3rd_video_short_2_b/path2_6/frame105.jpg
===========
ORIGNAL: /home/bruce/Works/Research/3D/open3d/Dragonite/evaluations/wholedavis3rd_video_short_2_b/path2_49/frame14.jpg
Total Time: 53.3835270405 s.
CANNOT MATCH THE SAME TRACE
Training FLANN.
Done.
Counting matches...
Hit:  /home/bruce/Works/Research/3D/open3d/Dragonite/evaluations/wholedavis3rd_video_short_2_b/path2_52/frame127.jpg
===========
ORIGNAL: /home/bruce/Works/Research/3D/open3d/Dragonite/evaluations/wholedavis3rd_video_short_2_b/path2_11/frame108.jpg
Counting matches...
Hit:  /home/bruce/Works/Research/3D/open3d/Dragonite/evaluations/wholedavis3rd_video_short_2_b/path2_52/frame40.jpg
===========
ORIGNAL: /home/bruce/Works/Research/3D/open3d/Dragonite/evaluations/wholedavis3rd_video_short_2_b/path2_11/frame62.jpg
Counting matches...
Hit:  /home/bruce/Works/Research/3D/open3d/Dragonite/evaluations/wholedavis3rd_video_short_2_b/path2_52/frame138.jpg
===========
ORIGNAL: /home/bruce/Works/Research/3D/open3d/Dragonite/evaluations/wholedavis3rd_video_short_2_b/path2_11/frame115.jpg
Counting matches...
Hit:  /home/bruce/Works/Research/3D/open3d/Dragonite/evaluations/wholedavis3rd_video_short_2_b/path2_12/frame23.jpg
===========
ORIGNAL: /home/bruce/Works/Research/3D/open3d/Dragonite/evaluations/wholedavis3rd_video_short_2_b/path2_11/frame263.jpg
Counting matches...
Hit:  /home/bruce/Works/Research/3D/open3d/Dragonite/evaluations/wholedavis3rd_video_short_2_b/path2_53/frame19.jpg
===========
ORIGNAL: /home/bruce/Works/Research/3D/open3d/Dragonite/evaluations/wholedavis3rd_video_short_2_b/path2_11/frame157.jpg
Counting matches...
Hit:  /home/bruce/Works/Research/3D/open3d/Dragonite/evaluations/wholedavis3rd_video_short_2_b/path2_12/frame23.jpg
===========
ORIGNAL: /home/bruce/Works/Research/3D/open3d/Dragonite/evaluations/wholedavis3rd_video_short_2_b/path2_11/frame231.jpg
Counting matches...
Hit:  /home/bruce/Works/Research/3D/open3d/Dragonite/evaluations/wholedavis3rd_video_short_2_b/path2_53/frame58.jpg
===========
ORIGNAL: /home/bruce/Works/Research/3D/open3d/Dragonite/evaluations/wholedavis3rd_video_short_2_b/path2_11/frame188.jpg
Counting matches...
Hit:  /home/bruce/Works/Research/3D/open3d/Dragonite/evaluations/wholedavis3rd_video_short_2_b/path2_53/frame54.jpg
===========
ORIGNAL: /home/bruce/Works/Research/3D/open3d/Dragonite/evaluations/wholedavis3rd_video_short_2_b/path2_11/frame174.jpg
Counting matches...
Hit:  /home/bruce/Works/Research/3D/open3d/Dragonite/evaluations/wholedavis3rd_video_short_2_b/path2_53/frame106.jpg
===========
ORIGNAL: /home/bruce/Works/Research/3D/open3d/Dragonite/evaluations/wholedavis3rd_video_short_2_b/path2_11/frame208.jpg
Total Time: 73.0688040257 s.
CANNOT MATCH THE SAME TRACE
Training FLANN.
Done.
Counting matches...
Hit:  /home/bruce/Works/Research/3D/open3d/Dragonite/evaluations/wholedavis3rd_video_short_2_b/path2_15/frame188.jpg
===========
ORIGNAL: /home/bruce/Works/Research/3D/open3d/Dragonite/evaluations/wholedavis3rd_video_short_2_b/path2_16/frame37.jpg
Counting matches...
Hit:  /home/bruce/Works/Research/3D/open3d/Dragonite/evaluations/wholedavis3rd_video_short_2_b/path2_15/frame193.jpg
===========
ORIGNAL: /home/bruce/Works/Research/3D/open3d/Dragonite/evaluations/wholedavis3rd_video_short_2_b/path2_16/frame7.jpg
Counting matches...
Hit:  /home/bruce/Works/Research/3D/open3d/Dragonite/evaluations/wholedavis3rd_video_short_2_b/path2_1/frame15.jpg
===========
ORIGNAL: /home/bruce/Works/Research/3D/open3d/Dragonite/evaluations/wholedavis3rd_video_short_2_b/path2_16/frame116.jpg
Counting matches...
Hit:  /home/bruce/Works/Research/3D/open3d/Dragonite/evaluations/wholedavis3rd_video_short_2_b/path2_0/frame20.jpg
===========
ORIGNAL: /home/bruce/Works/Research/3D/open3d/Dragonite/evaluations/wholedavis3rd_video_short_2_b/path2_16/frame141.jpg
Counting matches...
Hit:  /home/bruce/Works/Research/3D/open3d/Dragonite/evaluations/wholedavis3rd_video_short_2_b/path2_15/frame188.jpg
===========
ORIGNAL: /home/bruce/Works/Research/3D/open3d/Dragonite/evaluations/wholedavis3rd_video_short_2_b/path2_16/frame21.jpg
Counting matches...
Hit:  /home/bruce/Works/Research/3D/open3d/Dragonite/evaluations/wholedavis3rd_video_short_2_b/path2_1/frame15.jpg
===========
ORIGNAL: /home/bruce/Works/Research/3D/open3d/Dragonite/evaluations/wholedavis3rd_video_short_2_b/path2_16/frame100.jpg
Counting matches...
Hit:  /home/bruce/Works/Research/3D/open3d/Dragonite/evaluations/wholedavis3rd_video_short_2_b/path2_1/frame15.jpg
===========
ORIGNAL: /home/bruce/Works/Research/3D/open3d/Dragonite/evaluations/wholedavis3rd_video_short_2_b/path2_16/frame102.jpg
Counting matches...
Hit:  /home/bruce/Works/Research/3D/open3d/Dragonite/evaluations/wholedavis3rd_video_short_2_b/path2_44/frame148.jpg
===========
ORIGNAL: /home/bruce/Works/Research/3D/open3d/Dragonite/evaluations/wholedavis3rd_video_short_2_b/path2_16/frame91.jpg
Total Time: 47.9046850204 s.
CANNOT MATCH THE SAME TRACE
Training FLANN.
Done.
Counting matches...
Hit:  /home/bruce/Works/Research/3D/open3d/Dragonite/evaluations/wholedavis3rd_video_short_2_b/path2_19/frame166.jpg
===========
ORIGNAL: /home/bruce/Works/Research/3D/open3d/Dragonite/evaluations/wholedavis3rd_video_short_2_b/path2_20/frame43.jpg
Counting matches...
Hit:  /home/bruce/Works/Research/3D/open3d/Dragonite/evaluations/wholedavis3rd_video_short_2_b/path2_19/frame6.jpg
===========
ORIGNAL: /home/bruce/Works/Research/3D/open3d/Dragonite/evaluations/wholedavis3rd_video_short_2_b/path2_20/frame103.jpg
Counting matches...
Hit:  /home/bruce/Works/Research/3D/open3d/Dragonite/evaluations/wholedavis3rd_video_short_2_b/path2_47/frame124.jpg
===========
ORIGNAL: /home/bruce/Works/Research/3D/open3d/Dragonite/evaluations/wholedavis3rd_video_short_2_b/path2_20/frame46.jpg
Total Time: 62.2084188461 s.
CANNOT MATCH THE SAME TRACE
Training FLANN.
Done.
Counting matches...
Hit:  /home/bruce/Works/Research/3D/open3d/Dragonite/evaluations/wholedavis3rd_video_short_2_b/path2_20/frame7.jpg
===========
ORIGNAL: /home/bruce/Works/Research/3D/open3d/Dragonite/evaluations/wholedavis3rd_video_short_2_b/path2_19/frame157.jpg
Total Time: 55.6633889675 s.
CANNOT MATCH THE SAME TRACE
Training FLANN.
Done.
Counting matches...
Hit:  /home/bruce/Works/Research/3D/open3d/Dragonite/evaluations/wholedavis3rd_video_short_2_b/path2_31/frame267.jpg
===========
ORIGNAL: /home/bruce/Works/Research/3D/open3d/Dragonite/evaluations/wholedavis3rd_video_short_2_b/path2_32/frame121.jpg
Counting matches...
Hit:  /home/bruce/Works/Research/3D/open3d/Dragonite/evaluations/wholedavis3rd_video_short_2_b/path2_31/frame267.jpg
===========
ORIGNAL: /home/bruce/Works/Research/3D/open3d/Dragonite/evaluations/wholedavis3rd_video_short_2_b/path2_32/frame171.jpg
Total Time: 47.379365921 s.
CANNOT MATCH THE SAME TRACE
Training FLANN.
Done.
Counting matches...
Hit:  /home/bruce/Works/Research/3D/open3d/Dragonite/evaluations/wholedavis3rd_video_short_2_b/path2_8/frame118.jpg
===========
ORIGNAL: /home/bruce/Works/Research/3D/open3d/Dragonite/evaluations/wholedavis3rd_video_short_2_b/path2_6/frame113.jpg
Counting matches...
Hit:  /home/bruce/Works/Research/3D/open3d/Dragonite/evaluations/wholedavis3rd_video_short_2_b/path2_5/frame151.jpg
===========
ORIGNAL: /home/bruce/Works/Research/3D/open3d/Dragonite/evaluations/wholedavis3rd_video_short_2_b/path2_6/frame38.jpg
Counting matches...
Hit:  /home/bruce/Works/Research/3D/open3d/Dragonite/evaluations/wholedavis3rd_video_short_2_b/path2_5/frame151.jpg
===========
ORIGNAL: /home/bruce/Works/Research/3D/open3d/Dragonite/evaluations/wholedavis3rd_video_short_2_b/path2_6/frame4.jpg
Counting matches...
Hit:  /home/bruce/Works/Research/3D/open3d/Dragonite/evaluations/wholedavis3rd_video_short_2_b/path2_5/frame151.jpg
===========
ORIGNAL: /home/bruce/Works/Research/3D/open3d/Dragonite/evaluations/wholedavis3rd_video_short_2_b/path2_6/frame23.jpg
Total Time: 55.2899739742 s.
CANNOT MATCH THE SAME TRACE
Training FLANN.
Done.
Counting matches...
Hit:  /home/bruce/Works/Research/3D/open3d/Dragonite/evaluations/wholedavis3rd_video_short_2_b/path2_24/frame220.jpg
===========
ORIGNAL: /home/bruce/Works/Research/3D/open3d/Dragonite/evaluations/wholedavis3rd_video_short_2_b/path2_25/frame159.jpg
Counting matches...
Hit:  /home/bruce/Works/Research/3D/open3d/Dragonite/evaluations/wholedavis3rd_video_short_2_b/path2_24/frame220.jpg
===========
ORIGNAL: /home/bruce/Works/Research/3D/open3d/Dragonite/evaluations/wholedavis3rd_video_short_2_b/path2_25/frame148.jpg
Counting matches...
Hit:  /home/bruce/Works/Research/3D/open3d/Dragonite/evaluations/wholedavis3rd_video_short_2_b/path2_26/frame15.jpg
===========
ORIGNAL: /home/bruce/Works/Research/3D/open3d/Dragonite/evaluations/wholedavis3rd_video_short_2_b/path2_25/frame186.jpg
Counting matches...
Hit:  /home/bruce/Works/Research/3D/open3d/Dragonite/evaluations/wholedavis3rd_video_short_2_b/path2_24/frame220.jpg
===========
ORIGNAL: /home/bruce/Works/Research/3D/open3d/Dragonite/evaluations/wholedavis3rd_video_short_2_b/path2_25/frame91.jpg
Counting matches...
Hit:  /home/bruce/Works/Research/3D/open3d/Dragonite/evaluations/wholedavis3rd_video_short_2_b/path2_26/frame15.jpg
===========
ORIGNAL: /home/bruce/Works/Research/3D/open3d/Dragonite/evaluations/wholedavis3rd_video_short_2_b/path2_25/frame248.jpg
Counting matches...
Hit:  /home/bruce/Works/Research/3D/open3d/Dragonite/evaluations/wholedavis3rd_video_short_2_b/path2_24/frame220.jpg
===========
ORIGNAL: /home/bruce/Works/Research/3D/open3d/Dragonite/evaluations/wholedavis3rd_video_short_2_b/path2_25/frame10.jpg
Counting matches...
Hit:  /home/bruce/Works/Research/3D/open3d/Dragonite/evaluations/wholedavis3rd_video_short_2_b/path2_24/frame220.jpg
===========
ORIGNAL: /home/bruce/Works/Research/3D/open3d/Dragonite/evaluations/wholedavis3rd_video_short_2_b/path2_25/frame34.jpg
Total Time: 52.4976739883 s.
CANNOT MATCH THE SAME TRACE
Training FLANN.
Done.
Counting matches...
Hit:  /home/bruce/Works/Research/3D/open3d/Dragonite/evaluations/wholedavis3rd_video_short_2_b/path2_47/frame157.jpg
===========
ORIGNAL: /home/bruce/Works/Research/3D/open3d/Dragonite/evaluations/wholedavis3rd_video_short_2_b/path2_48/frame7.jpg
Counting matches...
Hit:  /home/bruce/Works/Research/3D/open3d/Dragonite/evaluations/wholedavis3rd_video_short_2_b/path2_6/frame76.jpg
===========
ORIGNAL: /home/bruce/Works/Research/3D/open3d/Dragonite/evaluations/wholedavis3rd_video_short_2_b/path2_48/frame121.jpg
Counting matches...
Hit:  /home/bruce/Works/Research/3D/open3d/Dragonite/evaluations/wholedavis3rd_video_short_2_b/path2_6/frame38.jpg
===========
ORIGNAL: /home/bruce/Works/Research/3D/open3d/Dragonite/evaluations/wholedavis3rd_video_short_2_b/path2_48/frame48.jpg
Counting matches...
Hit:  /home/bruce/Works/Research/3D/open3d/Dragonite/evaluations/wholedavis3rd_video_short_2_b/path2_47/frame138.jpg
===========
ORIGNAL: /home/bruce/Works/Research/3D/open3d/Dragonite/evaluations/wholedavis3rd_video_short_2_b/path2_48/frame29.jpg
Counting matches...
Hit:  /home/bruce/Works/Research/3D/open3d/Dragonite/evaluations/wholedavis3rd_video_short_2_b/path2_47/frame157.jpg
===========
ORIGNAL: /home/bruce/Works/Research/3D/open3d/Dragonite/evaluations/wholedavis3rd_video_short_2_b/path2_48/frame14.jpg
Counting matches...
Hit:  /home/bruce/Works/Research/3D/open3d/Dragonite/evaluations/wholedavis3rd_video_short_2_b/path2_6/frame38.jpg
===========
ORIGNAL: /home/bruce/Works/Research/3D/open3d/Dragonite/evaluations/wholedavis3rd_video_short_2_b/path2_48/frame55.jpg
Counting matches...
Hit:  /home/bruce/Works/Research/3D/open3d/Dragonite/evaluations/wholedavis3rd_video_short_2_b/path2_6/frame76.jpg
===========
ORIGNAL: /home/bruce/Works/Research/3D/open3d/Dragonite/evaluations/wholedavis3rd_video_short_2_b/path2_48/frame110.jpg
Total Time: 38.1983420849 s.
CANNOT MATCH THE SAME TRACE
Training FLANN.
Done.
Counting matches...
Hit:  /home/bruce/Works/Research/3D/open3d/Dragonite/evaluations/wholedavis3rd_video_short_2_b/path2_47/frame22.jpg
===========
ORIGNAL: /home/bruce/Works/Research/3D/open3d/Dragonite/evaluations/wholedavis3rd_video_short_2_b/path2_46/frame47.jpg
Total Time: 44.5108091831 s.
CANNOT MATCH THE SAME TRACE
Training FLANN.
Done.
Counting matches...
Hit:  /home/bruce/Works/Research/3D/open3d/Dragonite/evaluations/wholedavis3rd_video_short_2_b/path2_1/frame15.jpg
===========
ORIGNAL: /home/bruce/Works/Research/3D/open3d/Dragonite/evaluations/wholedavis3rd_video_short_2_b/path2_0/frame313.jpg
Counting matches...
Hit:  /home/bruce/Works/Research/3D/open3d/Dragonite/evaluations/wholedavis3rd_video_short_2_b/path2_1/frame15.jpg
===========
ORIGNAL: /home/bruce/Works/Research/3D/open3d/Dragonite/evaluations/wholedavis3rd_video_short_2_b/path2_0/frame471.jpg
Total Time: 28.8052861691 s.
CANNOT MATCH THE SAME TRACE
Training FLANN.
Done.
Counting matches...
Hit:  /home/bruce/Works/Research/3D/open3d/Dragonite/evaluations/wholedavis3rd_video_short_2_b/path2_53/frame141.jpg
===========
ORIGNAL: /home/bruce/Works/Research/3D/open3d/Dragonite/evaluations/wholedavis3rd_video_short_2_b/path2_12/frame5.jpg
Total Time: 35.1943461895 s.
CANNOT MATCH THE SAME TRACE
Total Time: 15.4211661816 s.
CANNOT MATCH THE SAME TRACE
Training FLANN.
Done.
Counting matches...
Hit:  /home/bruce/Works/Research/3D/open3d/Dragonite/evaluations/wholedavis3rd_video_short_2_b/path2_31/frame159.jpg
===========
ORIGNAL: /home/bruce/Works/Research/3D/open3d/Dragonite/evaluations/wholedavis3rd_video_short_2_b/path2_23/frame176.jpg
Counting matches...
Hit:  /home/bruce/Works/Research/3D/open3d/Dragonite/evaluations/wholedavis3rd_video_short_2_b/path2_31/frame159.jpg
===========
ORIGNAL: /home/bruce/Works/Research/3D/open3d/Dragonite/evaluations/wholedavis3rd_video_short_2_b/path2_23/frame166.jpg
Total Time: 59.4610030651 s.
CANNOT MATCH THE SAME TRACE
Training FLANN.
Done.
Counting matches...
Hit:  /home/bruce/Works/Research/3D/open3d/Dragonite/evaluations/wholedavis3rd_video_short_2_b/path2_0/frame16.jpg
===========
ORIGNAL: /home/bruce/Works/Research/3D/open3d/Dragonite/evaluations/wholedavis3rd_video_short_2_b/path2_1/frame454.jpg
Counting matches...
Hit:  /home/bruce/Works/Research/3D/open3d/Dragonite/evaluations/wholedavis3rd_video_short_2_b/path2_0/frame20.jpg
===========
ORIGNAL: /home/bruce/Works/Research/3D/open3d/Dragonite/evaluations/wholedavis3rd_video_short_2_b/path2_1/frame110.jpg
Total Time: 31.2650179863 s.
CANNOT MATCH THE SAME TRACE
Training FLANN.
Done.
Counting matches...
Hit:  /home/bruce/Works/Research/3D/open3d/Dragonite/evaluations/wholedavis3rd_video_short_2_b/path2_44/frame174.jpg
===========
ORIGNAL: /home/bruce/Works/Research/3D/open3d/Dragonite/evaluations/wholedavis3rd_video_short_2_b/path2_15/frame7.jpg
Counting matches...
Hit:  /home/bruce/Works/Research/3D/open3d/Dragonite/evaluations/wholedavis3rd_video_short_2_b/path2_16/frame21.jpg
===========
ORIGNAL: /home/bruce/Works/Research/3D/open3d/Dragonite/evaluations/wholedavis3rd_video_short_2_b/path2_15/frame193.jpg
Counting matches...
Hit:  /home/bruce/Works/Research/3D/open3d/Dragonite/evaluations/wholedavis3rd_video_short_2_b/path2_16/frame238.jpg
===========
ORIGNAL: /home/bruce/Works/Research/3D/open3d/Dragonite/evaluations/wholedavis3rd_video_short_2_b/path2_15/frame217.jpg
Counting matches...
Hit:  /home/bruce/Works/Research/3D/open3d/Dragonite/evaluations/wholedavis3rd_video_short_2_b/path2_16/frame21.jpg
===========
ORIGNAL: /home/bruce/Works/Research/3D/open3d/Dragonite/evaluations/wholedavis3rd_video_short_2_b/path2_15/frame188.jpg
Total Time: 29.2192189693 s.
CANNOT MATCH THE SAME TRACE
Training FLANN.
Done.
Counting matches...
Hit:  /home/bruce/Works/Research/3D/open3d/Dragonite/evaluations/wholedavis3rd_video_short_2_b/path2_44/frame15.jpg
===========
ORIGNAL: /home/bruce/Works/Research/3D/open3d/Dragonite/evaluations/wholedavis3rd_video_short_2_b/path2_43/frame48.jpg
Counting matches...
Hit:  /home/bruce/Works/Research/3D/open3d/Dragonite/evaluations/wholedavis3rd_video_short_2_b/path2_25/frame194.jpg
===========
ORIGNAL: /home/bruce/Works/Research/3D/open3d/Dragonite/evaluations/wholedavis3rd_video_short_2_b/path2_43/frame82.jpg
Counting matches...
Hit:  /home/bruce/Works/Research/3D/open3d/Dragonite/evaluations/wholedavis3rd_video_short_2_b/path2_44/frame25.jpg
===========
ORIGNAL: /home/bruce/Works/Research/3D/open3d/Dragonite/evaluations/wholedavis3rd_video_short_2_b/path2_43/frame138.jpg
Total Time: 67.177811861 s.
CANNOT MATCH THE SAME TRACE
Training FLANN.
Done.
Counting matches...
Hit:  /home/bruce/Works/Research/3D/open3d/Dragonite/evaluations/wholedavis3rd_video_short_2_b/path2_6/frame105.jpg
===========
ORIGNAL: /home/bruce/Works/Research/3D/open3d/Dragonite/evaluations/wholedavis3rd_video_short_2_b/path2_8/frame89.jpg
Total Time: 44.1042368412 s.
CANNOT MATCH THE SAME TRACE
Training FLANN.
Done.
Counting matches...
Hit:  /home/bruce/Works/Research/3D/open3d/Dragonite/evaluations/wholedavis3rd_video_short_2_b/path2_30/frame97.jpg
===========
ORIGNAL: /home/bruce/Works/Research/3D/open3d/Dragonite/evaluations/wholedavis3rd_video_short_2_b/path2_22/frame11.jpg
Total Time: 32.9897248745 s.
CANNOT MATCH THE SAME TRACE
Training FLANN.
Done.
Counting matches...
Hit:  /home/bruce/Works/Research/3D/open3d/Dragonite/evaluations/wholedavis3rd_video_short_2_b/path2_53/frame141.jpg
===========
ORIGNAL: /home/bruce/Works/Research/3D/open3d/Dragonite/evaluations/wholedavis3rd_video_short_2_b/path2_54/frame80.jpg
Counting matches...
Hit:  /home/bruce/Works/Research/3D/open3d/Dragonite/evaluations/wholedavis3rd_video_short_2_b/path2_13/frame15.jpg
===========
ORIGNAL: /home/bruce/Works/Research/3D/open3d/Dragonite/evaluations/wholedavis3rd_video_short_2_b/path2_54/frame179.jpg
Counting matches...
Hit:  /home/bruce/Works/Research/3D/open3d/Dragonite/evaluations/wholedavis3rd_video_short_2_b/path2_13/frame15.jpg
===========
ORIGNAL: /home/bruce/Works/Research/3D/open3d/Dragonite/evaluations/wholedavis3rd_video_short_2_b/path2_54/frame134.jpg
Counting matches...
Hit:  /home/bruce/Works/Research/3D/open3d/Dragonite/evaluations/wholedavis3rd_video_short_2_b/path2_13/frame15.jpg
===========
ORIGNAL: /home/bruce/Works/Research/3D/open3d/Dragonite/evaluations/wholedavis3rd_video_short_2_b/path2_54/frame119.jpg
Counting matches...
Hit:  /home/bruce/Works/Research/3D/open3d/Dragonite/evaluations/wholedavis3rd_video_short_2_b/path2_53/frame141.jpg
===========
ORIGNAL: /home/bruce/Works/Research/3D/open3d/Dragonite/evaluations/wholedavis3rd_video_short_2_b/path2_54/frame4.jpg
Counting matches...
Hit:  /home/bruce/Works/Research/3D/open3d/Dragonite/evaluations/wholedavis3rd_video_short_2_b/path2_51/frame16.jpg
===========
ORIGNAL: /home/bruce/Works/Research/3D/open3d/Dragonite/evaluations/wholedavis3rd_video_short_2_b/path2_54/frame15.jpg
Counting matches...
Hit:  /home/bruce/Works/Research/3D/open3d/Dragonite/evaluations/wholedavis3rd_video_short_2_b/path2_51/frame116.jpg
===========
ORIGNAL: /home/bruce/Works/Research/3D/open3d/Dragonite/evaluations/wholedavis3rd_video_short_2_b/path2_54/frame83.jpg
Counting matches...
Hit:  /home/bruce/Works/Research/3D/open3d/Dragonite/evaluations/wholedavis3rd_video_short_2_b/path2_13/frame15.jpg
===========
ORIGNAL: /home/bruce/Works/Research/3D/open3d/Dragonite/evaluations/wholedavis3rd_video_short_2_b/path2_54/frame170.jpg
Counting matches...
Hit:  /home/bruce/Works/Research/3D/open3d/Dragonite/evaluations/wholedavis3rd_video_short_2_b/path2_51/frame138.jpg
===========
ORIGNAL: /home/bruce/Works/Research/3D/open3d/Dragonite/evaluations/wholedavis3rd_video_short_2_b/path2_54/frame103.jpg
Counting matches...
Hit:  /home/bruce/Works/Research/3D/open3d/Dragonite/evaluations/wholedavis3rd_video_short_2_b/path2_51/frame116.jpg
===========
ORIGNAL: /home/bruce/Works/Research/3D/open3d/Dragonite/evaluations/wholedavis3rd_video_short_2_b/path2_54/frame86.jpg
Counting matches...
Hit:  /home/bruce/Works/Research/3D/open3d/Dragonite/evaluations/wholedavis3rd_video_short_2_b/path2_53/frame141.jpg
===========
ORIGNAL: /home/bruce/Works/Research/3D/open3d/Dragonite/evaluations/wholedavis3rd_video_short_2_b/path2_54/frame26.jpg
Counting matches...
Hit:  /home/bruce/Works/Research/3D/open3d/Dragonite/evaluations/wholedavis3rd_video_short_2_b/path2_13/frame15.jpg
===========
ORIGNAL: /home/bruce/Works/Research/3D/open3d/Dragonite/evaluations/wholedavis3rd_video_short_2_b/path2_54/frame125.jpg
Counting matches...
Hit:  /home/bruce/Works/Research/3D/open3d/Dragonite/evaluations/wholedavis3rd_video_short_2_b/path2_53/frame141.jpg
===========
ORIGNAL: /home/bruce/Works/Research/3D/open3d/Dragonite/evaluations/wholedavis3rd_video_short_2_b/path2_54/frame44.jpg
Counting matches...
Hit:  /home/bruce/Works/Research/3D/open3d/Dragonite/evaluations/wholedavis3rd_video_short_2_b/path2_13/frame15.jpg
===========
ORIGNAL: /home/bruce/Works/Research/3D/open3d/Dragonite/evaluations/wholedavis3rd_video_short_2_b/path2_54/frame176.jpg
Counting matches...
Hit:  /home/bruce/Works/Research/3D/open3d/Dragonite/evaluations/wholedavis3rd_video_short_2_b/path2_53/frame141.jpg
===========
ORIGNAL: /home/bruce/Works/Research/3D/open3d/Dragonite/evaluations/wholedavis3rd_video_short_2_b/path2_54/frame8.jpg
Counting matches...
Hit:  /home/bruce/Works/Research/3D/open3d/Dragonite/evaluations/wholedavis3rd_video_short_2_b/path2_53/frame141.jpg
===========
ORIGNAL: /home/bruce/Works/Research/3D/open3d/Dragonite/evaluations/wholedavis3rd_video_short_2_b/path2_54/frame67.jpg
Total Time: 78.8998761177 s.
CANNOT MATCH THE SAME TRACE
Training FLANN.
Done.
Counting matches...
Hit:  /home/bruce/Works/Research/3D/open3d/Dragonite/evaluations/wholedavis3rd_video_short_2_b/path2_22/frame11.jpg
===========
ORIGNAL: /home/bruce/Works/Research/3D/open3d/Dragonite/evaluations/wholedavis3rd_video_short_2_b/path2_21/frame121.jpg
Counting matches...
Hit:  /home/bruce/Works/Research/3D/open3d/Dragonite/evaluations/wholedavis3rd_video_short_2_b/path2_20/frame187.jpg
===========
ORIGNAL: /home/bruce/Works/Research/3D/open3d/Dragonite/evaluations/wholedavis3rd_video_short_2_b/path2_21/frame86.jpg
Counting matches...
Hit:  /home/bruce/Works/Research/3D/open3d/Dragonite/evaluations/wholedavis3rd_video_short_2_b/path2_22/frame11.jpg
===========
ORIGNAL: /home/bruce/Works/Research/3D/open3d/Dragonite/evaluations/wholedavis3rd_video_short_2_b/path2_21/frame200.jpg
Total Time: 57.7637300491 s.
CANNOT MATCH THE SAME TRACE
Training FLANN.
Done.
Counting matches...
Hit:  /home/bruce/Works/Research/3D/open3d/Dragonite/evaluations/wholedavis3rd_video_short_2_b/path2_41/frame181.jpg
===========
ORIGNAL: /home/bruce/Works/Research/3D/open3d/Dragonite/evaluations/wholedavis3rd_video_short_2_b/path2_42/frame13.jpg
Counting matches...
Hit:  /home/bruce/Works/Research/3D/open3d/Dragonite/evaluations/wholedavis3rd_video_short_2_b/path2_0/frame16.jpg
===========
ORIGNAL: /home/bruce/Works/Research/3D/open3d/Dragonite/evaluations/wholedavis3rd_video_short_2_b/path2_42/frame216.jpg
Counting matches...
Hit:  /home/bruce/Works/Research/3D/open3d/Dragonite/evaluations/wholedavis3rd_video_short_2_b/path2_41/frame148.jpg
===========
ORIGNAL: /home/bruce/Works/Research/3D/open3d/Dragonite/evaluations/wholedavis3rd_video_short_2_b/path2_42/frame185.jpg
Total Time: 60.8646159172 s.
