CANNOT MATCH THE SAME TRACE
Training FLANN.
Done.
Counting matches...
Hit:  /home/bruce/Works/Research/3D/open3d/Dragonite/evaluations/wholedavis3rd_video_short_2_b/path2_19/frame6.jpg
===========
ORIGNAL: /home/bruce/Works/Research/3D/open3d/Dragonite/evaluations/wholedavis3rd_video_short_2_b/path2_18/frame82.jpg
Total Time: 10.0695960522 s.
CANNOT MATCH THE SAME TRACE
Training FLANN.
Done.
Counting matches...
Hit:  /home/bruce/Works/Research/3D/open3d/Dragonite/evaluations/wholedavis3rd_video_short_2_b/path2_9/frame147.jpg
===========
ORIGNAL: /home/bruce/Works/Research/3D/open3d/Dragonite/evaluations/wholedavis3rd_video_short_2_b/path2_10/frame15.jpg
Total Time: 12.3405041695 s.
CANNOT MATCH THE SAME TRACE
Training FLANN.
Done.
Counting matches...
Hit:  /home/bruce/Works/Research/3D/open3d/Dragonite/evaluations/wholedavis3rd_video_short_2_b/path2_19/frame166.jpg
===========
ORIGNAL: /home/bruce/Works/Research/3D/open3d/Dragonite/evaluations/wholedavis3rd_video_short_2_b/path2_20/frame43.jpg
Counting matches...
Hit:  /home/bruce/Works/Research/3D/open3d/Dragonite/evaluations/wholedavis3rd_video_short_2_b/path2_19/frame6.jpg
===========
ORIGNAL: /home/bruce/Works/Research/3D/open3d/Dragonite/evaluations/wholedavis3rd_video_short_2_b/path2_20/frame103.jpg
Counting matches...
Hit:  /home/bruce/Works/Research/3D/open3d/Dragonite/evaluations/wholedavis3rd_video_short_2_b/path2_24/frame156.jpg
===========
ORIGNAL: /home/bruce/Works/Research/3D/open3d/Dragonite/evaluations/wholedavis3rd_video_short_2_b/path2_20/frame46.jpg
Total Time: 18.1724910736 s.
CANNOT MATCH THE SAME TRACE
Training FLANN.
Done.
Counting matches...
Hit:  /home/bruce/Works/Research/3D/open3d/Dragonite/evaluations/wholedavis3rd_video_short_2_b/path2_1/frame15.jpg
===========
ORIGNAL: /home/bruce/Works/Research/3D/open3d/Dragonite/evaluations/wholedavis3rd_video_short_2_b/path2_15/frame7.jpg
Counting matches...
Hit:  /home/bruce/Works/Research/3D/open3d/Dragonite/evaluations/wholedavis3rd_video_short_2_b/path2_16/frame21.jpg
===========
ORIGNAL: /home/bruce/Works/Research/3D/open3d/Dragonite/evaluations/wholedavis3rd_video_short_2_b/path2_15/frame193.jpg
Counting matches...
Hit:  /home/bruce/Works/Research/3D/open3d/Dragonite/evaluations/wholedavis3rd_video_short_2_b/path2_0/frame16.jpg
===========
ORIGNAL: /home/bruce/Works/Research/3D/open3d/Dragonite/evaluations/wholedavis3rd_video_short_2_b/path2_15/frame217.jpg
Counting matches...
Hit:  /home/bruce/Works/Research/3D/open3d/Dragonite/evaluations/wholedavis3rd_video_short_2_b/path2_16/frame21.jpg
===========
ORIGNAL: /home/bruce/Works/Research/3D/open3d/Dragonite/evaluations/wholedavis3rd_video_short_2_b/path2_15/frame188.jpg
Total Time: 11.3961889744 s.
CANNOT MATCH THE SAME TRACE
Training FLANN.
Done.
Counting matches...
Hit:  /home/bruce/Works/Research/3D/open3d/Dragonite/evaluations/wholedavis3rd_video_short_2_b/path2_4/frame14.jpg
===========
ORIGNAL: /home/bruce/Works/Research/3D/open3d/Dragonite/evaluations/wholedavis3rd_video_short_2_b/path2_23/frame176.jpg
Counting matches...
Hit:  /home/bruce/Works/Research/3D/open3d/Dragonite/evaluations/wholedavis3rd_video_short_2_b/path2_4/frame14.jpg
===========
ORIGNAL: /home/bruce/Works/Research/3D/open3d/Dragonite/evaluations/wholedavis3rd_video_short_2_b/path2_23/frame166.jpg
Total Time: 13.7234179974 s.
CANNOT MATCH THE SAME TRACE
Training FLANN.
Done.
Counting matches...
Hit:  /home/bruce/Works/Research/3D/open3d/Dragonite/evaluations/wholedavis3rd_video_short_2_b/path2_5/frame27.jpg
===========
ORIGNAL: /home/bruce/Works/Research/3D/open3d/Dragonite/evaluations/wholedavis3rd_video_short_2_b/path2_4/frame14.jpg
Total Time: 13.8198699951 s.
CANNOT MATCH THE SAME TRACE
Training FLANN.
Done.
Counting matches...
Hit:  /home/bruce/Works/Research/3D/open3d/Dragonite/evaluations/wholedavis3rd_video_short_2_b/path2_22/frame11.jpg
===========
ORIGNAL: /home/bruce/Works/Research/3D/open3d/Dragonite/evaluations/wholedavis3rd_video_short_2_b/path2_21/frame121.jpg
Counting matches...
Hit:  /home/bruce/Works/Research/3D/open3d/Dragonite/evaluations/wholedavis3rd_video_short_2_b/path2_20/frame187.jpg
===========
ORIGNAL: /home/bruce/Works/Research/3D/open3d/Dragonite/evaluations/wholedavis3rd_video_short_2_b/path2_21/frame86.jpg
Counting matches...
Hit:  /home/bruce/Works/Research/3D/open3d/Dragonite/evaluations/wholedavis3rd_video_short_2_b/path2_22/frame11.jpg
===========
ORIGNAL: /home/bruce/Works/Research/3D/open3d/Dragonite/evaluations/wholedavis3rd_video_short_2_b/path2_21/frame200.jpg
Total Time: 18.3169891834 s.
CANNOT MATCH THE SAME TRACE
Training FLANN.
Done.
Counting matches...
Hit:  /home/bruce/Works/Research/3D/open3d/Dragonite/evaluations/wholedavis3rd_video_short_2_b/path2_18/frame19.jpg
===========
ORIGNAL: /home/bruce/Works/Research/3D/open3d/Dragonite/evaluations/wholedavis3rd_video_short_2_b/path2_12/frame5.jpg
Total Time: 12.3547210693 s.
CANNOT MATCH THE SAME TRACE
Training FLANN.
Done.
Counting matches...
Hit:  /home/bruce/Works/Research/3D/open3d/Dragonite/evaluations/wholedavis3rd_video_short_2_b/path2_8/frame118.jpg
===========
ORIGNAL: /home/bruce/Works/Research/3D/open3d/Dragonite/evaluations/wholedavis3rd_video_short_2_b/path2_6/frame113.jpg
Counting matches...
Hit:  /home/bruce/Works/Research/3D/open3d/Dragonite/evaluations/wholedavis3rd_video_short_2_b/path2_5/frame151.jpg
===========
ORIGNAL: /home/bruce/Works/Research/3D/open3d/Dragonite/evaluations/wholedavis3rd_video_short_2_b/path2_6/frame38.jpg
Counting matches...
Hit:  /home/bruce/Works/Research/3D/open3d/Dragonite/evaluations/wholedavis3rd_video_short_2_b/path2_5/frame151.jpg
===========
ORIGNAL: /home/bruce/Works/Research/3D/open3d/Dragonite/evaluations/wholedavis3rd_video_short_2_b/path2_6/frame4.jpg
Counting matches...
Hit:  /home/bruce/Works/Research/3D/open3d/Dragonite/evaluations/wholedavis3rd_video_short_2_b/path2_5/frame151.jpg
===========
ORIGNAL: /home/bruce/Works/Research/3D/open3d/Dragonite/evaluations/wholedavis3rd_video_short_2_b/path2_6/frame23.jpg
Total Time: 14.0177969933 s.
CANNOT MATCH THE SAME TRACE
Training FLANN.
Done.
Counting matches...
Hit:  /home/bruce/Works/Research/3D/open3d/Dragonite/evaluations/wholedavis3rd_video_short_2_b/path2_4/frame14.jpg
===========
ORIGNAL: /home/bruce/Works/Research/3D/open3d/Dragonite/evaluations/wholedavis3rd_video_short_2_b/path2_5/frame11.jpg
Counting matches...
Hit:  /home/bruce/Works/Research/3D/open3d/Dragonite/evaluations/wholedavis3rd_video_short_2_b/path2_6/frame23.jpg
===========
ORIGNAL: /home/bruce/Works/Research/3D/open3d/Dragonite/evaluations/wholedavis3rd_video_short_2_b/path2_5/frame151.jpg
Counting matches...
Hit:  /home/bruce/Works/Research/3D/open3d/Dragonite/evaluations/wholedavis3rd_video_short_2_b/path2_4/frame14.jpg
===========
ORIGNAL: /home/bruce/Works/Research/3D/open3d/Dragonite/evaluations/wholedavis3rd_video_short_2_b/path2_5/frame100.jpg
Total Time: 17.9949350357 s.
CANNOT MATCH THE SAME TRACE
Training FLANN.
Done.
Counting matches...
Hit:  /home/bruce/Works/Research/3D/open3d/Dragonite/evaluations/wholedavis3rd_video_short_2_b/path2_21/frame114.jpg
===========
ORIGNAL: /home/bruce/Works/Research/3D/open3d/Dragonite/evaluations/wholedavis3rd_video_short_2_b/path2_22/frame11.jpg
Total Time: 11.0657548904 s.
CANNOT MATCH THE SAME TRACE
Training FLANN.
Done.
Counting matches...
Hit:  /home/bruce/Works/Research/3D/open3d/Dragonite/evaluations/wholedavis3rd_video_short_2_b/path2_3/frame164.jpg
===========
ORIGNAL: /home/bruce/Works/Research/3D/open3d/Dragonite/evaluations/wholedavis3rd_video_short_2_b/path2_24/frame185.jpg
Counting matches...
Hit:  /home/bruce/Works/Research/3D/open3d/Dragonite/evaluations/wholedavis3rd_video_short_2_b/path2_1/frame15.jpg
===========
ORIGNAL: /home/bruce/Works/Research/3D/open3d/Dragonite/evaluations/wholedavis3rd_video_short_2_b/path2_24/frame72.jpg
Counting matches...
Hit:  /home/bruce/Works/Research/3D/open3d/Dragonite/evaluations/wholedavis3rd_video_short_2_b/path2_20/frame121.jpg
===========
ORIGNAL: /home/bruce/Works/Research/3D/open3d/Dragonite/evaluations/wholedavis3rd_video_short_2_b/path2_24/frame168.jpg
Counting matches...
Hit:  /home/bruce/Works/Research/3D/open3d/Dragonite/evaluations/wholedavis3rd_video_short_2_b/path2_23/frame334.jpg
===========
ORIGNAL: /home/bruce/Works/Research/3D/open3d/Dragonite/evaluations/wholedavis3rd_video_short_2_b/path2_24/frame220.jpg
Counting matches...
Hit:  /home/bruce/Works/Research/3D/open3d/Dragonite/evaluations/wholedavis3rd_video_short_2_b/path2_23/frame334.jpg
===========
ORIGNAL: /home/bruce/Works/Research/3D/open3d/Dragonite/evaluations/wholedavis3rd_video_short_2_b/path2_24/frame198.jpg
Counting matches...
Hit:  /home/bruce/Works/Research/3D/open3d/Dragonite/evaluations/wholedavis3rd_video_short_2_b/path2_11/frame97.jpg
===========
ORIGNAL: /home/bruce/Works/Research/3D/open3d/Dragonite/evaluations/wholedavis3rd_video_short_2_b/path2_24/frame37.jpg
Counting matches...
Hit:  /home/bruce/Works/Research/3D/open3d/Dragonite/evaluations/wholedavis3rd_video_short_2_b/path2_23/frame348.jpg
===========
ORIGNAL: /home/bruce/Works/Research/3D/open3d/Dragonite/evaluations/wholedavis3rd_video_short_2_b/path2_24/frame108.jpg
Counting matches...
Hit:  /home/bruce/Works/Research/3D/open3d/Dragonite/evaluations/wholedavis3rd_video_short_2_b/path2_1/frame15.jpg
===========
ORIGNAL: /home/bruce/Works/Research/3D/open3d/Dragonite/evaluations/wholedavis3rd_video_short_2_b/path2_24/frame84.jpg
Counting matches...
Hit:  /home/bruce/Works/Research/3D/open3d/Dragonite/evaluations/wholedavis3rd_video_short_2_b/path2_10/frame156.jpg
===========
ORIGNAL: /home/bruce/Works/Research/3D/open3d/Dragonite/evaluations/wholedavis3rd_video_short_2_b/path2_24/frame156.jpg
Counting matches...
Hit:  /home/bruce/Works/Research/3D/open3d/Dragonite/evaluations/wholedavis3rd_video_short_2_b/path2_18/frame155.jpg
===========
ORIGNAL: /home/bruce/Works/Research/3D/open3d/Dragonite/evaluations/wholedavis3rd_video_short_2_b/path2_24/frame139.jpg
Counting matches...
Hit:  /home/bruce/Works/Research/3D/open3d/Dragonite/evaluations/wholedavis3rd_video_short_2_b/path2_1/frame15.jpg
===========
ORIGNAL: /home/bruce/Works/Research/3D/open3d/Dragonite/evaluations/wholedavis3rd_video_short_2_b/path2_24/frame56.jpg
Counting matches...
Hit:  /home/bruce/Works/Research/3D/open3d/Dragonite/evaluations/wholedavis3rd_video_short_2_b/path2_1/frame15.jpg
===========
ORIGNAL: /home/bruce/Works/Research/3D/open3d/Dragonite/evaluations/wholedavis3rd_video_short_2_b/path2_24/frame113.jpg
Counting matches...
Hit:  /home/bruce/Works/Research/3D/open3d/Dragonite/evaluations/wholedavis3rd_video_short_2_b/path2_23/frame341.jpg
===========
ORIGNAL: /home/bruce/Works/Research/3D/open3d/Dragonite/evaluations/wholedavis3rd_video_short_2_b/path2_24/frame212.jpg
Total Time: 20.4602611065 s.
CANNOT MATCH THE SAME TRACE
Training FLANN.
Done.
Counting matches...
Hit:  /home/bruce/Works/Research/3D/open3d/Dragonite/evaluations/wholedavis3rd_video_short_2_b/path2_17/frame242.jpg
===========
ORIGNAL: /home/bruce/Works/Research/3D/open3d/Dragonite/evaluations/wholedavis3rd_video_short_2_b/path2_7/frame56.jpg
Counting matches...
Hit:  /home/bruce/Works/Research/3D/open3d/Dragonite/evaluations/wholedavis3rd_video_short_2_b/path2_5/frame27.jpg
===========
ORIGNAL: /home/bruce/Works/Research/3D/open3d/Dragonite/evaluations/wholedavis3rd_video_short_2_b/path2_7/frame199.jpg
Counting matches...
Hit:  /home/bruce/Works/Research/3D/open3d/Dragonite/evaluations/wholedavis3rd_video_short_2_b/path2_17/frame242.jpg
===========
ORIGNAL: /home/bruce/Works/Research/3D/open3d/Dragonite/evaluations/wholedavis3rd_video_short_2_b/path2_7/frame67.jpg
Total Time: 5.97032094002 s.
CANNOT MATCH THE SAME TRACE
Training FLANN.
Done.
Counting matches...
Hit:  /home/bruce/Works/Research/3D/open3d/Dragonite/evaluations/wholedavis3rd_video_short_2_b/path2_15/frame188.jpg
===========
ORIGNAL: /home/bruce/Works/Research/3D/open3d/Dragonite/evaluations/wholedavis3rd_video_short_2_b/path2_16/frame37.jpg
Counting matches...
Hit:  /home/bruce/Works/Research/3D/open3d/Dragonite/evaluations/wholedavis3rd_video_short_2_b/path2_15/frame193.jpg
===========
ORIGNAL: /home/bruce/Works/Research/3D/open3d/Dragonite/evaluations/wholedavis3rd_video_short_2_b/path2_16/frame7.jpg
Counting matches...
Hit:  /home/bruce/Works/Research/3D/open3d/Dragonite/evaluations/wholedavis3rd_video_short_2_b/path2_1/frame15.jpg
===========
ORIGNAL: /home/bruce/Works/Research/3D/open3d/Dragonite/evaluations/wholedavis3rd_video_short_2_b/path2_16/frame116.jpg
Counting matches...
Hit:  /home/bruce/Works/Research/3D/open3d/Dragonite/evaluations/wholedavis3rd_video_short_2_b/path2_1/frame15.jpg
===========
ORIGNAL: /home/bruce/Works/Research/3D/open3d/Dragonite/evaluations/wholedavis3rd_video_short_2_b/path2_16/frame141.jpg
Counting matches...
Hit:  /home/bruce/Works/Research/3D/open3d/Dragonite/evaluations/wholedavis3rd_video_short_2_b/path2_15/frame193.jpg
===========
ORIGNAL: /home/bruce/Works/Research/3D/open3d/Dragonite/evaluations/wholedavis3rd_video_short_2_b/path2_16/frame21.jpg
Counting matches...
Hit:  /home/bruce/Works/Research/3D/open3d/Dragonite/evaluations/wholedavis3rd_video_short_2_b/path2_1/frame15.jpg
===========
ORIGNAL: /home/bruce/Works/Research/3D/open3d/Dragonite/evaluations/wholedavis3rd_video_short_2_b/path2_16/frame100.jpg
Counting matches...
Hit:  /home/bruce/Works/Research/3D/open3d/Dragonite/evaluations/wholedavis3rd_video_short_2_b/path2_1/frame15.jpg
===========
ORIGNAL: /home/bruce/Works/Research/3D/open3d/Dragonite/evaluations/wholedavis3rd_video_short_2_b/path2_16/frame102.jpg
Counting matches...
Hit:  /home/bruce/Works/Research/3D/open3d/Dragonite/evaluations/wholedavis3rd_video_short_2_b/path2_20/frame121.jpg
===========
ORIGNAL: /home/bruce/Works/Research/3D/open3d/Dragonite/evaluations/wholedavis3rd_video_short_2_b/path2_16/frame91.jpg
Total Time: 13.2091360092 s.
CANNOT MATCH THE SAME TRACE
Training FLANN.
Done.
Counting matches...
Hit:  /home/bruce/Works/Research/3D/open3d/Dragonite/evaluations/wholedavis3rd_video_short_2_b/path2_6/frame105.jpg
===========
ORIGNAL: /home/bruce/Works/Research/3D/open3d/Dragonite/evaluations/wholedavis3rd_video_short_2_b/path2_8/frame89.jpg
Total Time: 6.79716086388 s.
CANNOT MATCH THE SAME TRACE
Training FLANN.
Done.
Counting matches...
Hit:  /home/bruce/Works/Research/3D/open3d/Dragonite/evaluations/wholedavis3rd_video_short_2_b/path2_20/frame7.jpg
===========
ORIGNAL: /home/bruce/Works/Research/3D/open3d/Dragonite/evaluations/wholedavis3rd_video_short_2_b/path2_19/frame157.jpg
Total Time: 13.024518013 s.
CANNOT MATCH THE SAME TRACE
Training FLANN.
Done.
Counting matches...
Hit:  /home/bruce/Works/Research/3D/open3d/Dragonite/evaluations/wholedavis3rd_video_short_2_b/path2_13/frame162.jpg
===========
ORIGNAL: /home/bruce/Works/Research/3D/open3d/Dragonite/evaluations/wholedavis3rd_video_short_2_b/path2_14/frame12.jpg
Counting matches...
Hit:  /home/bruce/Works/Research/3D/open3d/Dragonite/evaluations/wholedavis3rd_video_short_2_b/path2_13/frame162.jpg
===========
ORIGNAL: /home/bruce/Works/Research/3D/open3d/Dragonite/evaluations/wholedavis3rd_video_short_2_b/path2_14/frame3.jpg
Counting matches...
Hit:  /home/bruce/Works/Research/3D/open3d/Dragonite/evaluations/wholedavis3rd_video_short_2_b/path2_15/frame193.jpg
===========
ORIGNAL: /home/bruce/Works/Research/3D/open3d/Dragonite/evaluations/wholedavis3rd_video_short_2_b/path2_14/frame163.jpg
Total Time: 9.56977105141 s.
CANNOT MATCH THE SAME TRACE
Training FLANN.
Done.
Counting matches...
Hit:  /home/bruce/Works/Research/3D/open3d/Dragonite/evaluations/wholedavis3rd_video_short_2_b/path2_11/frame97.jpg
===========
ORIGNAL: /home/bruce/Works/Research/3D/open3d/Dragonite/evaluations/wholedavis3rd_video_short_2_b/path2_9/frame84.jpg
Total Time: 15.6642799377 s.
CANNOT MATCH THE SAME TRACE
Training FLANN.
Done.
Counting matches...
Hit:  /home/bruce/Works/Research/3D/open3d/Dragonite/evaluations/wholedavis3rd_video_short_2_b/path2_1/frame15.jpg
===========
ORIGNAL: /home/bruce/Works/Research/3D/open3d/Dragonite/evaluations/wholedavis3rd_video_short_2_b/path2_0/frame313.jpg
Counting matches...
Hit:  /home/bruce/Works/Research/3D/open3d/Dragonite/evaluations/wholedavis3rd_video_short_2_b/path2_1/frame15.jpg
===========
ORIGNAL: /home/bruce/Works/Research/3D/open3d/Dragonite/evaluations/wholedavis3rd_video_short_2_b/path2_0/frame471.jpg
Total Time: 11.6891839504 s.
CANNOT MATCH THE SAME TRACE
Training FLANN.
Done.
Counting matches...
Hit:  /home/bruce/Works/Research/3D/open3d/Dragonite/evaluations/wholedavis3rd_video_short_2_b/path2_12/frame23.jpg
===========
ORIGNAL: /home/bruce/Works/Research/3D/open3d/Dragonite/evaluations/wholedavis3rd_video_short_2_b/path2_11/frame157.jpg
Counting matches...
Hit:  /home/bruce/Works/Research/3D/open3d/Dragonite/evaluations/wholedavis3rd_video_short_2_b/path2_21/frame147.jpg
===========
ORIGNAL: /home/bruce/Works/Research/3D/open3d/Dragonite/evaluations/wholedavis3rd_video_short_2_b/path2_11/frame62.jpg
Counting matches...
Hit:  /home/bruce/Works/Research/3D/open3d/Dragonite/evaluations/wholedavis3rd_video_short_2_b/path2_9/frame140.jpg
===========
ORIGNAL: /home/bruce/Works/Research/3D/open3d/Dragonite/evaluations/wholedavis3rd_video_short_2_b/path2_11/frame115.jpg
Counting matches...
Hit:  /home/bruce/Works/Research/3D/open3d/Dragonite/evaluations/wholedavis3rd_video_short_2_b/path2_12/frame23.jpg
===========
ORIGNAL: /home/bruce/Works/Research/3D/open3d/Dragonite/evaluations/wholedavis3rd_video_short_2_b/path2_11/frame263.jpg
Counting matches...
Hit:  /home/bruce/Works/Research/3D/open3d/Dragonite/evaluations/wholedavis3rd_video_short_2_b/path2_9/frame147.jpg
===========
ORIGNAL: /home/bruce/Works/Research/3D/open3d/Dragonite/evaluations/wholedavis3rd_video_short_2_b/path2_11/frame108.jpg
Counting matches...
Hit:  /home/bruce/Works/Research/3D/open3d/Dragonite/evaluations/wholedavis3rd_video_short_2_b/path2_12/frame23.jpg
===========
ORIGNAL: /home/bruce/Works/Research/3D/open3d/Dragonite/evaluations/wholedavis3rd_video_short_2_b/path2_11/frame231.jpg
Counting matches...
Hit:  /home/bruce/Works/Research/3D/open3d/Dragonite/evaluations/wholedavis3rd_video_short_2_b/path2_12/frame23.jpg
===========
ORIGNAL: /home/bruce/Works/Research/3D/open3d/Dragonite/evaluations/wholedavis3rd_video_short_2_b/path2_11/frame188.jpg
Counting matches...
Hit:  /home/bruce/Works/Research/3D/open3d/Dragonite/evaluations/wholedavis3rd_video_short_2_b/path2_12/frame23.jpg
===========
ORIGNAL: /home/bruce/Works/Research/3D/open3d/Dragonite/evaluations/wholedavis3rd_video_short_2_b/path2_11/frame174.jpg
Counting matches...
Hit:  /home/bruce/Works/Research/3D/open3d/Dragonite/evaluations/wholedavis3rd_video_short_2_b/path2_12/frame23.jpg
===========
ORIGNAL: /home/bruce/Works/Research/3D/open3d/Dragonite/evaluations/wholedavis3rd_video_short_2_b/path2_11/frame208.jpg
Total Time: 21.440860033 s.
CANNOT MATCH THE SAME TRACE
Training FLANN.
Done.
Counting matches...
Hit:  /home/bruce/Works/Research/3D/open3d/Dragonite/evaluations/wholedavis3rd_video_short_2_b/path2_0/frame16.jpg
===========
ORIGNAL: /home/bruce/Works/Research/3D/open3d/Dragonite/evaluations/wholedavis3rd_video_short_2_b/path2_1/frame454.jpg
Counting matches...
Hit:  /home/bruce/Works/Research/3D/open3d/Dragonite/evaluations/wholedavis3rd_video_short_2_b/path2_0/frame20.jpg
===========
ORIGNAL: /home/bruce/Works/Research/3D/open3d/Dragonite/evaluations/wholedavis3rd_video_short_2_b/path2_1/frame110.jpg
Total Time: 15.3507688046 s.
CANNOT MATCH THE SAME TRACE
Training FLANN.
Done.
Counting matches...
Hit:  /home/bruce/Works/Research/3D/open3d/Dragonite/evaluations/wholedavis3rd_video_short_2_b/path2_14/frame18.jpg
===========
ORIGNAL: /home/bruce/Works/Research/3D/open3d/Dragonite/evaluations/wholedavis3rd_video_short_2_b/path2_13/frame162.jpg
Counting matches...
Hit:  /home/bruce/Works/Research/3D/open3d/Dragonite/evaluations/wholedavis3rd_video_short_2_b/path2_10/frame156.jpg
===========
ORIGNAL: /home/bruce/Works/Research/3D/open3d/Dragonite/evaluations/wholedavis3rd_video_short_2_b/path2_13/frame15.jpg
Counting matches...
Hit:  /home/bruce/Works/Research/3D/open3d/Dragonite/evaluations/wholedavis3rd_video_short_2_b/path2_10/frame156.jpg
===========
ORIGNAL: /home/bruce/Works/Research/3D/open3d/Dragonite/evaluations/wholedavis3rd_video_short_2_b/path2_13/frame22.jpg
Total Time: 14.9527339935 s.
CANNOT MATCH THE SAME TRACE
Training FLANN.
Done.
Counting matches...
Hit:  /home/bruce/Works/Research/3D/open3d/Dragonite/evaluations/wholedavis3rd_video_short_2_b/path2_4/frame14.jpg
===========
ORIGNAL: /home/bruce/Works/Research/3D/open3d/Dragonite/evaluations/wholedavis3rd_video_short_2_b/path2_3/frame246.jpg
Total Time: 16.7481539249 s.
CANNOT MATCH THE SAME TRACE
Training FLANN.
Done.
Counting matches...
Hit:  /home/bruce/Works/Research/3D/open3d/Dragonite/evaluations/wholedavis3rd_video_short_2_b/path2_0/frame20.jpg
===========
ORIGNAL: /home/bruce/Works/Research/3D/open3d/Dragonite/evaluations/wholedavis3rd_video_short_2_b/path2_2/frame33.jpg
Total Time: 7.84010791779 s.
