CANNOT MATCH THE SAME TRACE
Training FLANN.
Done.
Counting matches...
Hit:  /home/bruce/Works/Research/3D/open3d/Dragonite/evaluations/wholedavis3rd_video_short_2_b/path2_0/frame16.jpg
===========
ORIGNAL: /home/bruce/Works/Research/3D/open3d/Dragonite/evaluations/wholedavis3rd_video_short_2_b/path2_1/frame454.jpg
Counting matches...
Hit:  /home/bruce/Works/Research/3D/open3d/Dragonite/evaluations/wholedavis3rd_video_short_2_b/path2_0/frame20.jpg
===========
ORIGNAL: /home/bruce/Works/Research/3D/open3d/Dragonite/evaluations/wholedavis3rd_video_short_2_b/path2_1/frame110.jpg
Total Time: 9.08889508247 s.
CANNOT MATCH THE SAME TRACE
Training FLANN.
Done.
Counting matches...
Hit:  /home/bruce/Works/Research/3D/open3d/Dragonite/evaluations/wholedavis3rd_video_short_2_b/path2_4/frame14.jpg
===========
ORIGNAL: /home/bruce/Works/Research/3D/open3d/Dragonite/evaluations/wholedavis3rd_video_short_2_b/path2_5/frame11.jpg
Counting matches...
Hit:  /home/bruce/Works/Research/3D/open3d/Dragonite/evaluations/wholedavis3rd_video_short_2_b/path2_6/frame23.jpg
===========
ORIGNAL: /home/bruce/Works/Research/3D/open3d/Dragonite/evaluations/wholedavis3rd_video_short_2_b/path2_5/frame151.jpg
Counting matches...
Hit:  /home/bruce/Works/Research/3D/open3d/Dragonite/evaluations/wholedavis3rd_video_short_2_b/path2_4/frame14.jpg
===========
ORIGNAL: /home/bruce/Works/Research/3D/open3d/Dragonite/evaluations/wholedavis3rd_video_short_2_b/path2_5/frame100.jpg
Total Time: 9.31944298744 s.
CANNOT MATCH THE SAME TRACE
Training FLANN.
Done.
Counting matches...
Hit:  /home/bruce/Works/Research/3D/open3d/Dragonite/evaluations/wholedavis3rd_video_short_2_b/path2_4/frame14.jpg
===========
ORIGNAL: /home/bruce/Works/Research/3D/open3d/Dragonite/evaluations/wholedavis3rd_video_short_2_b/path2_3/frame246.jpg
Total Time: 9.81109213829 s.
CANNOT MATCH THE SAME TRACE
Training FLANN.
Done.
Counting matches...
Hit:  /home/bruce/Works/Research/3D/open3d/Dragonite/evaluations/wholedavis3rd_video_short_2_b/path2_8/frame118.jpg
===========
ORIGNAL: /home/bruce/Works/Research/3D/open3d/Dragonite/evaluations/wholedavis3rd_video_short_2_b/path2_6/frame113.jpg
Counting matches...
Hit:  /home/bruce/Works/Research/3D/open3d/Dragonite/evaluations/wholedavis3rd_video_short_2_b/path2_5/frame151.jpg
===========
ORIGNAL: /home/bruce/Works/Research/3D/open3d/Dragonite/evaluations/wholedavis3rd_video_short_2_b/path2_6/frame38.jpg
Counting matches...
Hit:  /home/bruce/Works/Research/3D/open3d/Dragonite/evaluations/wholedavis3rd_video_short_2_b/path2_5/frame151.jpg
===========
ORIGNAL: /home/bruce/Works/Research/3D/open3d/Dragonite/evaluations/wholedavis3rd_video_short_2_b/path2_6/frame4.jpg
Counting matches...
Hit:  /home/bruce/Works/Research/3D/open3d/Dragonite/evaluations/wholedavis3rd_video_short_2_b/path2_5/frame151.jpg
===========
ORIGNAL: /home/bruce/Works/Research/3D/open3d/Dragonite/evaluations/wholedavis3rd_video_short_2_b/path2_6/frame23.jpg
Total Time: 8.0249941349 s.
CANNOT MATCH THE SAME TRACE
Training FLANN.
Done.
Counting matches...
Hit:  /home/bruce/Works/Research/3D/open3d/Dragonite/evaluations/wholedavis3rd_video_short_2_b/path2_12/frame23.jpg
===========
ORIGNAL: /home/bruce/Works/Research/3D/open3d/Dragonite/evaluations/wholedavis3rd_video_short_2_b/path2_11/frame157.jpg
Counting matches...
Hit:  /home/bruce/Works/Research/3D/open3d/Dragonite/evaluations/wholedavis3rd_video_short_2_b/path2_12/frame23.jpg
===========
ORIGNAL: /home/bruce/Works/Research/3D/open3d/Dragonite/evaluations/wholedavis3rd_video_short_2_b/path2_11/frame62.jpg
Counting matches...
Hit:  /home/bruce/Works/Research/3D/open3d/Dragonite/evaluations/wholedavis3rd_video_short_2_b/path2_12/frame23.jpg
===========
ORIGNAL: /home/bruce/Works/Research/3D/open3d/Dragonite/evaluations/wholedavis3rd_video_short_2_b/path2_11/frame188.jpg
Counting matches...
Hit:  /home/bruce/Works/Research/3D/open3d/Dragonite/evaluations/wholedavis3rd_video_short_2_b/path2_12/frame23.jpg
===========
ORIGNAL: /home/bruce/Works/Research/3D/open3d/Dragonite/evaluations/wholedavis3rd_video_short_2_b/path2_11/frame263.jpg
Counting matches...
Hit:  /home/bruce/Works/Research/3D/open3d/Dragonite/evaluations/wholedavis3rd_video_short_2_b/path2_10/frame52.jpg
===========
ORIGNAL: /home/bruce/Works/Research/3D/open3d/Dragonite/evaluations/wholedavis3rd_video_short_2_b/path2_11/frame108.jpg
Counting matches...
Hit:  /home/bruce/Works/Research/3D/open3d/Dragonite/evaluations/wholedavis3rd_video_short_2_b/path2_12/frame23.jpg
===========
ORIGNAL: /home/bruce/Works/Research/3D/open3d/Dragonite/evaluations/wholedavis3rd_video_short_2_b/path2_11/frame231.jpg
Counting matches...
Hit:  /home/bruce/Works/Research/3D/open3d/Dragonite/evaluations/wholedavis3rd_video_short_2_b/path2_10/frame29.jpg
===========
ORIGNAL: /home/bruce/Works/Research/3D/open3d/Dragonite/evaluations/wholedavis3rd_video_short_2_b/path2_11/frame115.jpg
Counting matches...
Hit:  /home/bruce/Works/Research/3D/open3d/Dragonite/evaluations/wholedavis3rd_video_short_2_b/path2_12/frame23.jpg
===========
ORIGNAL: /home/bruce/Works/Research/3D/open3d/Dragonite/evaluations/wholedavis3rd_video_short_2_b/path2_11/frame174.jpg
Counting matches...
Hit:  /home/bruce/Works/Research/3D/open3d/Dragonite/evaluations/wholedavis3rd_video_short_2_b/path2_12/frame23.jpg
===========
ORIGNAL: /home/bruce/Works/Research/3D/open3d/Dragonite/evaluations/wholedavis3rd_video_short_2_b/path2_11/frame208.jpg
Total Time: 12.8386378288 s.
CANNOT MATCH THE SAME TRACE
Training FLANN.
Done.
Counting matches...
Hit:  /home/bruce/Works/Research/3D/open3d/Dragonite/evaluations/wholedavis3rd_video_short_2_b/path2_14/frame12.jpg
===========
ORIGNAL: /home/bruce/Works/Research/3D/open3d/Dragonite/evaluations/wholedavis3rd_video_short_2_b/path2_13/frame162.jpg
Counting matches...
Hit:  /home/bruce/Works/Research/3D/open3d/Dragonite/evaluations/wholedavis3rd_video_short_2_b/path2_12/frame23.jpg
===========
ORIGNAL: /home/bruce/Works/Research/3D/open3d/Dragonite/evaluations/wholedavis3rd_video_short_2_b/path2_13/frame15.jpg
Counting matches...
Hit:  /home/bruce/Works/Research/3D/open3d/Dragonite/evaluations/wholedavis3rd_video_short_2_b/path2_10/frame156.jpg
===========
ORIGNAL: /home/bruce/Works/Research/3D/open3d/Dragonite/evaluations/wholedavis3rd_video_short_2_b/path2_13/frame22.jpg
Total Time: 8.9157500267 s.
CANNOT MATCH THE SAME TRACE
Training FLANN.
Done.
Counting matches...
Hit:  /home/bruce/Works/Research/3D/open3d/Dragonite/evaluations/wholedavis3rd_video_short_2_b/path2_11/frame97.jpg
===========
ORIGNAL: /home/bruce/Works/Research/3D/open3d/Dragonite/evaluations/wholedavis3rd_video_short_2_b/path2_9/frame84.jpg
Total Time: 9.67770004272 s.
CANNOT MATCH THE SAME TRACE
Training FLANN.
Done.
Counting matches...
Hit:  /home/bruce/Works/Research/3D/open3d/Dragonite/evaluations/wholedavis3rd_video_short_2_b/path2_5/frame27.jpg
===========
ORIGNAL: /home/bruce/Works/Research/3D/open3d/Dragonite/evaluations/wholedavis3rd_video_short_2_b/path2_7/frame199.jpg
Total Time: 3.40717315674 s.
CANNOT MATCH THE SAME TRACE
Training FLANN.
Done.
Counting matches...
Hit:  /home/bruce/Works/Research/3D/open3d/Dragonite/evaluations/wholedavis3rd_video_short_2_b/path2_1/frame15.jpg
===========
ORIGNAL: /home/bruce/Works/Research/3D/open3d/Dragonite/evaluations/wholedavis3rd_video_short_2_b/path2_0/frame313.jpg
Counting matches...
Hit:  /home/bruce/Works/Research/3D/open3d/Dragonite/evaluations/wholedavis3rd_video_short_2_b/path2_1/frame15.jpg
===========
ORIGNAL: /home/bruce/Works/Research/3D/open3d/Dragonite/evaluations/wholedavis3rd_video_short_2_b/path2_0/frame471.jpg
Total Time: 6.66428685188 s.
CANNOT MATCH THE SAME TRACE
Training FLANN.
Done.
Counting matches...
Hit:  /home/bruce/Works/Research/3D/open3d/Dragonite/evaluations/wholedavis3rd_video_short_2_b/path2_13/frame15.jpg
===========
ORIGNAL: /home/bruce/Works/Research/3D/open3d/Dragonite/evaluations/wholedavis3rd_video_short_2_b/path2_12/frame5.jpg
Total Time: 7.17942619324 s.
CANNOT MATCH THE SAME TRACE
Training FLANN.
Done.
Counting matches...
Hit:  /home/bruce/Works/Research/3D/open3d/Dragonite/evaluations/wholedavis3rd_video_short_2_b/path2_13/frame162.jpg
===========
ORIGNAL: /home/bruce/Works/Research/3D/open3d/Dragonite/evaluations/wholedavis3rd_video_short_2_b/path2_14/frame12.jpg
Counting matches...
Hit:  /home/bruce/Works/Research/3D/open3d/Dragonite/evaluations/wholedavis3rd_video_short_2_b/path2_13/frame162.jpg
===========
ORIGNAL: /home/bruce/Works/Research/3D/open3d/Dragonite/evaluations/wholedavis3rd_video_short_2_b/path2_14/frame3.jpg
Counting matches...
Hit:  /home/bruce/Works/Research/3D/open3d/Dragonite/evaluations/wholedavis3rd_video_short_2_b/path2_11/frame157.jpg
===========
ORIGNAL: /home/bruce/Works/Research/3D/open3d/Dragonite/evaluations/wholedavis3rd_video_short_2_b/path2_14/frame163.jpg
Total Time: 6.46117591858 s.
CANNOT MATCH THE SAME TRACE
Training FLANN.
Done.
Counting matches...
Hit:  /home/bruce/Works/Research/3D/open3d/Dragonite/evaluations/wholedavis3rd_video_short_2_b/path2_5/frame27.jpg
===========
ORIGNAL: /home/bruce/Works/Research/3D/open3d/Dragonite/evaluations/wholedavis3rd_video_short_2_b/path2_4/frame14.jpg
Total Time: 6.13579821587 s.
CANNOT MATCH THE SAME TRACE
Training FLANN.
Done.
Counting matches...
Hit:  /home/bruce/Works/Research/3D/open3d/Dragonite/evaluations/wholedavis3rd_video_short_2_b/path2_0/frame20.jpg
===========
ORIGNAL: /home/bruce/Works/Research/3D/open3d/Dragonite/evaluations/wholedavis3rd_video_short_2_b/path2_2/frame33.jpg
Total Time: 4.71968197823 s.
CANNOT MATCH THE SAME TRACE
Training FLANN.
Done.
Counting matches...
Hit:  /home/bruce/Works/Research/3D/open3d/Dragonite/evaluations/wholedavis3rd_video_short_2_b/path2_9/frame147.jpg
===========
ORIGNAL: /home/bruce/Works/Research/3D/open3d/Dragonite/evaluations/wholedavis3rd_video_short_2_b/path2_10/frame15.jpg
Total Time: 8.73691987991 s.
CANNOT MATCH THE SAME TRACE
Training FLANN.
Done.
Counting matches...
Hit:  /home/bruce/Works/Research/3D/open3d/Dragonite/evaluations/wholedavis3rd_video_short_2_b/path2_6/frame105.jpg
===========
ORIGNAL: /home/bruce/Works/Research/3D/open3d/Dragonite/evaluations/wholedavis3rd_video_short_2_b/path2_8/frame89.jpg
Total Time: 5.28330898285 s.
