CANNOT MATCH THE SAME TRACE
Training FLANN.
Done.
Counting matches...
Hit:  /home/bruce/Works/Research/3D/open3d/Dragonite/evaluations/wholedavis3rd_video_short_2_b/path2_9/frame147.jpg
===========
ORIGNAL: /home/bruce/Works/Research/3D/open3d/Dragonite/evaluations/wholedavis3rd_video_short_2_b/path2_10/frame15.jpg
Total Time: 15.3085989952 s.
CANNOT MATCH THE SAME TRACE
Training FLANN.
Done.
Counting matches...
Hit:  /home/bruce/Works/Research/3D/open3d/Dragonite/evaluations/wholedavis3rd_video_short_2_b/path2_0/frame16.jpg
===========
ORIGNAL: /home/bruce/Works/Research/3D/open3d/Dragonite/evaluations/wholedavis3rd_video_short_2_b/path2_1/frame454.jpg
Counting matches...
Hit:  /home/bruce/Works/Research/3D/open3d/Dragonite/evaluations/wholedavis3rd_video_short_2_b/path2_0/frame20.jpg
===========
ORIGNAL: /home/bruce/Works/Research/3D/open3d/Dragonite/evaluations/wholedavis3rd_video_short_2_b/path2_1/frame110.jpg
Total Time: 16.2198801041 s.
CANNOT MATCH THE SAME TRACE
Training FLANN.
Done.
Counting matches...
Hit:  /home/bruce/Works/Research/3D/open3d/Dragonite/evaluations/wholedavis3rd_video_short_2_b/path2_11/frame97.jpg
===========
ORIGNAL: /home/bruce/Works/Research/3D/open3d/Dragonite/evaluations/wholedavis3rd_video_short_2_b/path2_9/frame84.jpg
Total Time: 22.3376660347 s.
CANNOT MATCH THE SAME TRACE
Training FLANN.
Done.
Counting matches...
Hit:  /home/bruce/Works/Research/3D/open3d/Dragonite/evaluations/wholedavis3rd_video_short_2_b/path2_30/frame97.jpg
===========
ORIGNAL: /home/bruce/Works/Research/3D/open3d/Dragonite/evaluations/wholedavis3rd_video_short_2_b/path2_27/frame115.jpg
Counting matches...
Hit:  /home/bruce/Works/Research/3D/open3d/Dragonite/evaluations/wholedavis3rd_video_short_2_b/path2_1/frame15.jpg
===========
ORIGNAL: /home/bruce/Works/Research/3D/open3d/Dragonite/evaluations/wholedavis3rd_video_short_2_b/path2_27/frame55.jpg
Counting matches...
Hit:  /home/bruce/Works/Research/3D/open3d/Dragonite/evaluations/wholedavis3rd_video_short_2_b/path2_0/frame20.jpg
===========
ORIGNAL: /home/bruce/Works/Research/3D/open3d/Dragonite/evaluations/wholedavis3rd_video_short_2_b/path2_27/frame17.jpg
Counting matches...
Hit:  /home/bruce/Works/Research/3D/open3d/Dragonite/evaluations/wholedavis3rd_video_short_2_b/path2_0/frame16.jpg
===========
ORIGNAL: /home/bruce/Works/Research/3D/open3d/Dragonite/evaluations/wholedavis3rd_video_short_2_b/path2_27/frame10.jpg
Counting matches...
Hit:  /home/bruce/Works/Research/3D/open3d/Dragonite/evaluations/wholedavis3rd_video_short_2_b/path2_28/frame61.jpg
===========
ORIGNAL: /home/bruce/Works/Research/3D/open3d/Dragonite/evaluations/wholedavis3rd_video_short_2_b/path2_27/frame177.jpg
Counting matches...
Hit:  /home/bruce/Works/Research/3D/open3d/Dragonite/evaluations/wholedavis3rd_video_short_2_b/path2_30/frame13.jpg
===========
ORIGNAL: /home/bruce/Works/Research/3D/open3d/Dragonite/evaluations/wholedavis3rd_video_short_2_b/path2_27/frame58.jpg
Total Time: 26.8149619102 s.
CANNOT MATCH THE SAME TRACE
Training FLANN.
Done.
Counting matches...
Hit:  /home/bruce/Works/Research/3D/open3d/Dragonite/evaluations/wholedavis3rd_video_short_2_b/path2_13/frame162.jpg
===========
ORIGNAL: /home/bruce/Works/Research/3D/open3d/Dragonite/evaluations/wholedavis3rd_video_short_2_b/path2_14/frame12.jpg
Counting matches...
Hit:  /home/bruce/Works/Research/3D/open3d/Dragonite/evaluations/wholedavis3rd_video_short_2_b/path2_13/frame162.jpg
===========
ORIGNAL: /home/bruce/Works/Research/3D/open3d/Dragonite/evaluations/wholedavis3rd_video_short_2_b/path2_14/frame3.jpg
Counting matches...
Hit:  /home/bruce/Works/Research/3D/open3d/Dragonite/evaluations/wholedavis3rd_video_short_2_b/path2_15/frame193.jpg
===========
ORIGNAL: /home/bruce/Works/Research/3D/open3d/Dragonite/evaluations/wholedavis3rd_video_short_2_b/path2_14/frame163.jpg
Total Time: 14.6561670303 s.
CANNOT MATCH THE SAME TRACE
Training FLANN.
Done.
Counting matches...
Hit:  /home/bruce/Works/Research/3D/open3d/Dragonite/evaluations/wholedavis3rd_video_short_2_b/path2_30/frame97.jpg
===========
ORIGNAL: /home/bruce/Works/Research/3D/open3d/Dragonite/evaluations/wholedavis3rd_video_short_2_b/path2_22/frame11.jpg
Total Time: 11.660171032 s.
CANNOT MATCH THE SAME TRACE
Training FLANN.
Done.
Counting matches...
Hit:  /home/bruce/Works/Research/3D/open3d/Dragonite/evaluations/wholedavis3rd_video_short_2_b/path2_10/frame52.jpg
===========
ORIGNAL: /home/bruce/Works/Research/3D/open3d/Dragonite/evaluations/wholedavis3rd_video_short_2_b/path2_11/frame108.jpg
Counting matches...
Hit:  /home/bruce/Works/Research/3D/open3d/Dragonite/evaluations/wholedavis3rd_video_short_2_b/path2_12/frame23.jpg
===========
ORIGNAL: /home/bruce/Works/Research/3D/open3d/Dragonite/evaluations/wholedavis3rd_video_short_2_b/path2_11/frame188.jpg
Counting matches...
Hit:  /home/bruce/Works/Research/3D/open3d/Dragonite/evaluations/wholedavis3rd_video_short_2_b/path2_10/frame52.jpg
===========
ORIGNAL: /home/bruce/Works/Research/3D/open3d/Dragonite/evaluations/wholedavis3rd_video_short_2_b/path2_11/frame62.jpg
Counting matches...
Hit:  /home/bruce/Works/Research/3D/open3d/Dragonite/evaluations/wholedavis3rd_video_short_2_b/path2_12/frame23.jpg
===========
ORIGNAL: /home/bruce/Works/Research/3D/open3d/Dragonite/evaluations/wholedavis3rd_video_short_2_b/path2_11/frame263.jpg
Counting matches...
Hit:  /home/bruce/Works/Research/3D/open3d/Dragonite/evaluations/wholedavis3rd_video_short_2_b/path2_12/frame23.jpg
===========
ORIGNAL: /home/bruce/Works/Research/3D/open3d/Dragonite/evaluations/wholedavis3rd_video_short_2_b/path2_11/frame157.jpg
Counting matches...
Hit:  /home/bruce/Works/Research/3D/open3d/Dragonite/evaluations/wholedavis3rd_video_short_2_b/path2_12/frame23.jpg
===========
ORIGNAL: /home/bruce/Works/Research/3D/open3d/Dragonite/evaluations/wholedavis3rd_video_short_2_b/path2_11/frame231.jpg
Counting matches...
Hit:  /home/bruce/Works/Research/3D/open3d/Dragonite/evaluations/wholedavis3rd_video_short_2_b/path2_9/frame140.jpg
===========
ORIGNAL: /home/bruce/Works/Research/3D/open3d/Dragonite/evaluations/wholedavis3rd_video_short_2_b/path2_11/frame115.jpg
Counting matches...
Hit:  /home/bruce/Works/Research/3D/open3d/Dragonite/evaluations/wholedavis3rd_video_short_2_b/path2_12/frame23.jpg
===========
ORIGNAL: /home/bruce/Works/Research/3D/open3d/Dragonite/evaluations/wholedavis3rd_video_short_2_b/path2_11/frame174.jpg
Counting matches...
Hit:  /home/bruce/Works/Research/3D/open3d/Dragonite/evaluations/wholedavis3rd_video_short_2_b/path2_12/frame23.jpg
===========
ORIGNAL: /home/bruce/Works/Research/3D/open3d/Dragonite/evaluations/wholedavis3rd_video_short_2_b/path2_11/frame208.jpg
Total Time: 20.7638602257 s.
CANNOT MATCH THE SAME TRACE
Training FLANN.
Done.
Counting matches...
Hit:  /home/bruce/Works/Research/3D/open3d/Dragonite/evaluations/wholedavis3rd_video_short_2_b/path2_6/frame105.jpg
===========
ORIGNAL: /home/bruce/Works/Research/3D/open3d/Dragonite/evaluations/wholedavis3rd_video_short_2_b/path2_8/frame89.jpg
Total Time: 9.83354902267 s.
CANNOT MATCH THE SAME TRACE
Training FLANN.
Done.
Counting matches...
Hit:  /home/bruce/Works/Research/3D/open3d/Dragonite/evaluations/wholedavis3rd_video_short_2_b/path2_5/frame27.jpg
===========
ORIGNAL: /home/bruce/Works/Research/3D/open3d/Dragonite/evaluations/wholedavis3rd_video_short_2_b/path2_4/frame14.jpg
Total Time: 15.6040220261 s.
CANNOT MATCH THE SAME TRACE
Training FLANN.
Done.
Counting matches...
Hit:  /home/bruce/Works/Research/3D/open3d/Dragonite/evaluations/wholedavis3rd_video_short_2_b/path2_1/frame15.jpg
===========
ORIGNAL: /home/bruce/Works/Research/3D/open3d/Dragonite/evaluations/wholedavis3rd_video_short_2_b/path2_0/frame313.jpg
Counting matches...
Hit:  /home/bruce/Works/Research/3D/open3d/Dragonite/evaluations/wholedavis3rd_video_short_2_b/path2_1/frame15.jpg
===========
ORIGNAL: /home/bruce/Works/Research/3D/open3d/Dragonite/evaluations/wholedavis3rd_video_short_2_b/path2_0/frame471.jpg
Total Time: 12.2068870068 s.
CANNOT MATCH THE SAME TRACE
Training FLANN.
Done.
Counting matches...
Hit:  /home/bruce/Works/Research/3D/open3d/Dragonite/evaluations/wholedavis3rd_video_short_2_b/path2_0/frame20.jpg
===========
ORIGNAL: /home/bruce/Works/Research/3D/open3d/Dragonite/evaluations/wholedavis3rd_video_short_2_b/path2_2/frame33.jpg
Total Time: 10.578868866 s.
CANNOT MATCH THE SAME TRACE
Training FLANN.
Done.
Counting matches...
Hit:  /home/bruce/Works/Research/3D/open3d/Dragonite/evaluations/wholedavis3rd_video_short_2_b/path2_16/frame141.jpg
===========
ORIGNAL: /home/bruce/Works/Research/3D/open3d/Dragonite/evaluations/wholedavis3rd_video_short_2_b/path2_34/frame33.jpg
Counting matches...
Hit:  /home/bruce/Works/Research/3D/open3d/Dragonite/evaluations/wholedavis3rd_video_short_2_b/path2_33/frame137.jpg
===========
ORIGNAL: /home/bruce/Works/Research/3D/open3d/Dragonite/evaluations/wholedavis3rd_video_short_2_b/path2_34/frame16.jpg
Counting matches...
Hit:  /home/bruce/Works/Research/3D/open3d/Dragonite/evaluations/wholedavis3rd_video_short_2_b/path2_30/frame97.jpg
===========
ORIGNAL: /home/bruce/Works/Research/3D/open3d/Dragonite/evaluations/wholedavis3rd_video_short_2_b/path2_34/frame253.jpg
Total Time: 21.7988371849 s.
CANNOT MATCH THE SAME TRACE
Training FLANN.
Done.
Counting matches...
Hit:  /home/bruce/Works/Research/3D/open3d/Dragonite/evaluations/wholedavis3rd_video_short_2_b/path2_24/frame220.jpg
===========
ORIGNAL: /home/bruce/Works/Research/3D/open3d/Dragonite/evaluations/wholedavis3rd_video_short_2_b/path2_25/frame159.jpg
Counting matches...
Hit:  /home/bruce/Works/Research/3D/open3d/Dragonite/evaluations/wholedavis3rd_video_short_2_b/path2_24/frame156.jpg
===========
ORIGNAL: /home/bruce/Works/Research/3D/open3d/Dragonite/evaluations/wholedavis3rd_video_short_2_b/path2_25/frame148.jpg
Counting matches...
Hit:  /home/bruce/Works/Research/3D/open3d/Dragonite/evaluations/wholedavis3rd_video_short_2_b/path2_26/frame15.jpg
===========
ORIGNAL: /home/bruce/Works/Research/3D/open3d/Dragonite/evaluations/wholedavis3rd_video_short_2_b/path2_25/frame186.jpg
Counting matches...
Hit:  /home/bruce/Works/Research/3D/open3d/Dragonite/evaluations/wholedavis3rd_video_short_2_b/path2_24/frame220.jpg
===========
ORIGNAL: /home/bruce/Works/Research/3D/open3d/Dragonite/evaluations/wholedavis3rd_video_short_2_b/path2_25/frame91.jpg
Counting matches...
Hit:  /home/bruce/Works/Research/3D/open3d/Dragonite/evaluations/wholedavis3rd_video_short_2_b/path2_26/frame15.jpg
===========
ORIGNAL: /home/bruce/Works/Research/3D/open3d/Dragonite/evaluations/wholedavis3rd_video_short_2_b/path2_25/frame248.jpg
Counting matches...
Hit:  /home/bruce/Works/Research/3D/open3d/Dragonite/evaluations/wholedavis3rd_video_short_2_b/path2_24/frame220.jpg
===========
ORIGNAL: /home/bruce/Works/Research/3D/open3d/Dragonite/evaluations/wholedavis3rd_video_short_2_b/path2_25/frame10.jpg
Counting matches...
Hit:  /home/bruce/Works/Research/3D/open3d/Dragonite/evaluations/wholedavis3rd_video_short_2_b/path2_24/frame220.jpg
===========
ORIGNAL: /home/bruce/Works/Research/3D/open3d/Dragonite/evaluations/wholedavis3rd_video_short_2_b/path2_25/frame34.jpg
Total Time: 18.4175658226 s.
CANNOT MATCH THE SAME TRACE
Training FLANN.
Done.
Counting matches...
Hit:  /home/bruce/Works/Research/3D/open3d/Dragonite/evaluations/wholedavis3rd_video_short_2_b/path2_17/frame242.jpg
===========
ORIGNAL: /home/bruce/Works/Research/3D/open3d/Dragonite/evaluations/wholedavis3rd_video_short_2_b/path2_7/frame56.jpg
Counting matches...
Hit:  /home/bruce/Works/Research/3D/open3d/Dragonite/evaluations/wholedavis3rd_video_short_2_b/path2_31/frame14.jpg
===========
ORIGNAL: /home/bruce/Works/Research/3D/open3d/Dragonite/evaluations/wholedavis3rd_video_short_2_b/path2_7/frame199.jpg
Counting matches...
Hit:  /home/bruce/Works/Research/3D/open3d/Dragonite/evaluations/wholedavis3rd_video_short_2_b/path2_17/frame242.jpg
===========
ORIGNAL: /home/bruce/Works/Research/3D/open3d/Dragonite/evaluations/wholedavis3rd_video_short_2_b/path2_7/frame67.jpg
Total Time: 7.82466697693 s.
CANNOT MATCH THE SAME TRACE
Training FLANN.
Done.
Counting matches...
Hit:  /home/bruce/Works/Research/3D/open3d/Dragonite/evaluations/wholedavis3rd_video_short_2_b/path2_19/frame166.jpg
===========
ORIGNAL: /home/bruce/Works/Research/3D/open3d/Dragonite/evaluations/wholedavis3rd_video_short_2_b/path2_20/frame43.jpg
Counting matches...
Hit:  /home/bruce/Works/Research/3D/open3d/Dragonite/evaluations/wholedavis3rd_video_short_2_b/path2_19/frame6.jpg
===========
ORIGNAL: /home/bruce/Works/Research/3D/open3d/Dragonite/evaluations/wholedavis3rd_video_short_2_b/path2_20/frame103.jpg
Counting matches...
Hit:  /home/bruce/Works/Research/3D/open3d/Dragonite/evaluations/wholedavis3rd_video_short_2_b/path2_19/frame166.jpg
===========
ORIGNAL: /home/bruce/Works/Research/3D/open3d/Dragonite/evaluations/wholedavis3rd_video_short_2_b/path2_20/frame46.jpg
Total Time: 17.3166401386 s.
CANNOT MATCH THE SAME TRACE
Training FLANN.
Done.
Counting matches...
Hit:  /home/bruce/Works/Research/3D/open3d/Dragonite/evaluations/wholedavis3rd_video_short_2_b/path2_15/frame188.jpg
===========
ORIGNAL: /home/bruce/Works/Research/3D/open3d/Dragonite/evaluations/wholedavis3rd_video_short_2_b/path2_16/frame37.jpg
Counting matches...
Hit:  /home/bruce/Works/Research/3D/open3d/Dragonite/evaluations/wholedavis3rd_video_short_2_b/path2_15/frame193.jpg
===========
ORIGNAL: /home/bruce/Works/Research/3D/open3d/Dragonite/evaluations/wholedavis3rd_video_short_2_b/path2_16/frame7.jpg
Counting matches...
Hit:  /home/bruce/Works/Research/3D/open3d/Dragonite/evaluations/wholedavis3rd_video_short_2_b/path2_1/frame15.jpg
===========
ORIGNAL: /home/bruce/Works/Research/3D/open3d/Dragonite/evaluations/wholedavis3rd_video_short_2_b/path2_16/frame116.jpg
Counting matches...
Hit:  /home/bruce/Works/Research/3D/open3d/Dragonite/evaluations/wholedavis3rd_video_short_2_b/path2_0/frame16.jpg
===========
ORIGNAL: /home/bruce/Works/Research/3D/open3d/Dragonite/evaluations/wholedavis3rd_video_short_2_b/path2_16/frame141.jpg
Counting matches...
Hit:  /home/bruce/Works/Research/3D/open3d/Dragonite/evaluations/wholedavis3rd_video_short_2_b/path2_15/frame193.jpg
===========
ORIGNAL: /home/bruce/Works/Research/3D/open3d/Dragonite/evaluations/wholedavis3rd_video_short_2_b/path2_16/frame21.jpg
Counting matches...
Hit:  /home/bruce/Works/Research/3D/open3d/Dragonite/evaluations/wholedavis3rd_video_short_2_b/path2_1/frame15.jpg
===========
ORIGNAL: /home/bruce/Works/Research/3D/open3d/Dragonite/evaluations/wholedavis3rd_video_short_2_b/path2_16/frame100.jpg
Counting matches...
Hit:  /home/bruce/Works/Research/3D/open3d/Dragonite/evaluations/wholedavis3rd_video_short_2_b/path2_1/frame15.jpg
===========
ORIGNAL: /home/bruce/Works/Research/3D/open3d/Dragonite/evaluations/wholedavis3rd_video_short_2_b/path2_16/frame102.jpg
Counting matches...
Hit:  /home/bruce/Works/Research/3D/open3d/Dragonite/evaluations/wholedavis3rd_video_short_2_b/path2_20/frame121.jpg
===========
ORIGNAL: /home/bruce/Works/Research/3D/open3d/Dragonite/evaluations/wholedavis3rd_video_short_2_b/path2_16/frame91.jpg
Total Time: 17.729706049 s.
CANNOT MATCH THE SAME TRACE
Training FLANN.
Done.
Counting matches...
Hit:  /home/bruce/Works/Research/3D/open3d/Dragonite/evaluations/wholedavis3rd_video_short_2_b/path2_19/frame6.jpg
===========
ORIGNAL: /home/bruce/Works/Research/3D/open3d/Dragonite/evaluations/wholedavis3rd_video_short_2_b/path2_18/frame82.jpg
Total Time: 13.1073310375 s.
CANNOT MATCH THE SAME TRACE
Training FLANN.
Done.
Counting matches...
Hit:  /home/bruce/Works/Research/3D/open3d/Dragonite/evaluations/wholedavis3rd_video_short_2_b/path2_20/frame187.jpg
===========
ORIGNAL: /home/bruce/Works/Research/3D/open3d/Dragonite/evaluations/wholedavis3rd_video_short_2_b/path2_21/frame121.jpg
Counting matches...
Hit:  /home/bruce/Works/Research/3D/open3d/Dragonite/evaluations/wholedavis3rd_video_short_2_b/path2_20/frame187.jpg
===========
ORIGNAL: /home/bruce/Works/Research/3D/open3d/Dragonite/evaluations/wholedavis3rd_video_short_2_b/path2_21/frame86.jpg
Counting matches...
Hit:  /home/bruce/Works/Research/3D/open3d/Dragonite/evaluations/wholedavis3rd_video_short_2_b/path2_22/frame11.jpg
===========
ORIGNAL: /home/bruce/Works/Research/3D/open3d/Dragonite/evaluations/wholedavis3rd_video_short_2_b/path2_21/frame200.jpg
Total Time: 25.1661269665 s.
CANNOT MATCH THE SAME TRACE
Training FLANN.
Done.
Counting matches...
Hit:  /home/bruce/Works/Research/3D/open3d/Dragonite/evaluations/wholedavis3rd_video_short_2_b/path2_14/frame12.jpg
===========
ORIGNAL: /home/bruce/Works/Research/3D/open3d/Dragonite/evaluations/wholedavis3rd_video_short_2_b/path2_13/frame162.jpg
Counting matches...
Hit:  /home/bruce/Works/Research/3D/open3d/Dragonite/evaluations/wholedavis3rd_video_short_2_b/path2_12/frame23.jpg
===========
ORIGNAL: /home/bruce/Works/Research/3D/open3d/Dragonite/evaluations/wholedavis3rd_video_short_2_b/path2_13/frame15.jpg
Counting matches...
Hit:  /home/bruce/Works/Research/3D/open3d/Dragonite/evaluations/wholedavis3rd_video_short_2_b/path2_10/frame156.jpg
===========
ORIGNAL: /home/bruce/Works/Research/3D/open3d/Dragonite/evaluations/wholedavis3rd_video_short_2_b/path2_13/frame22.jpg
Total Time: 20.1537129879 s.
CANNOT MATCH THE SAME TRACE
Training FLANN.
Done.
Counting matches...
Hit:  /home/bruce/Works/Research/3D/open3d/Dragonite/evaluations/wholedavis3rd_video_short_2_b/path2_27/frame115.jpg
===========
ORIGNAL: /home/bruce/Works/Research/3D/open3d/Dragonite/evaluations/wholedavis3rd_video_short_2_b/path2_28/frame160.jpg
Counting matches...
Hit:  /home/bruce/Works/Research/3D/open3d/Dragonite/evaluations/wholedavis3rd_video_short_2_b/path2_27/frame115.jpg
===========
ORIGNAL: /home/bruce/Works/Research/3D/open3d/Dragonite/evaluations/wholedavis3rd_video_short_2_b/path2_28/frame65.jpg
Counting matches...
Hit:  /home/bruce/Works/Research/3D/open3d/Dragonite/evaluations/wholedavis3rd_video_short_2_b/path2_27/frame10.jpg
===========
ORIGNAL: /home/bruce/Works/Research/3D/open3d/Dragonite/evaluations/wholedavis3rd_video_short_2_b/path2_28/frame177.jpg
Counting matches...
Hit:  /home/bruce/Works/Research/3D/open3d/Dragonite/evaluations/wholedavis3rd_video_short_2_b/path2_27/frame115.jpg
===========
ORIGNAL: /home/bruce/Works/Research/3D/open3d/Dragonite/evaluations/wholedavis3rd_video_short_2_b/path2_28/frame112.jpg
Total Time: 25.8573999405 s.
CANNOT MATCH THE SAME TRACE
Training FLANN.
Done.
Counting matches...
Hit:  /home/bruce/Works/Research/3D/open3d/Dragonite/evaluations/wholedavis3rd_video_short_2_b/path2_27/frame7.jpg
===========
ORIGNAL: /home/bruce/Works/Research/3D/open3d/Dragonite/evaluations/wholedavis3rd_video_short_2_b/path2_26/frame172.jpg
Counting matches...
Hit:  /home/bruce/Works/Research/3D/open3d/Dragonite/evaluations/wholedavis3rd_video_short_2_b/path2_23/frame166.jpg
===========
ORIGNAL: /home/bruce/Works/Research/3D/open3d/Dragonite/evaluations/wholedavis3rd_video_short_2_b/path2_26/frame163.jpg
Counting matches...
Hit:  /home/bruce/Works/Research/3D/open3d/Dragonite/evaluations/wholedavis3rd_video_short_2_b/path2_25/frame194.jpg
===========
ORIGNAL: /home/bruce/Works/Research/3D/open3d/Dragonite/evaluations/wholedavis3rd_video_short_2_b/path2_26/frame6.jpg
Total Time: 18.1775979996 s.
CANNOT MATCH THE SAME TRACE
Training FLANN.
Done.
Counting matches...
Hit:  /home/bruce/Works/Research/3D/open3d/Dragonite/evaluations/wholedavis3rd_video_short_2_b/path2_1/frame15.jpg
===========
ORIGNAL: /home/bruce/Works/Research/3D/open3d/Dragonite/evaluations/wholedavis3rd_video_short_2_b/path2_15/frame7.jpg
Counting matches...
Hit:  /home/bruce/Works/Research/3D/open3d/Dragonite/evaluations/wholedavis3rd_video_short_2_b/path2_16/frame21.jpg
===========
ORIGNAL: /home/bruce/Works/Research/3D/open3d/Dragonite/evaluations/wholedavis3rd_video_short_2_b/path2_15/frame188.jpg
Counting matches...
Hit:  /home/bruce/Works/Research/3D/open3d/Dragonite/evaluations/wholedavis3rd_video_short_2_b/path2_0/frame16.jpg
===========
ORIGNAL: /home/bruce/Works/Research/3D/open3d/Dragonite/evaluations/wholedavis3rd_video_short_2_b/path2_15/frame217.jpg
Counting matches...
Hit:  /home/bruce/Works/Research/3D/open3d/Dragonite/evaluations/wholedavis3rd_video_short_2_b/path2_16/frame21.jpg
===========
ORIGNAL: /home/bruce/Works/Research/3D/open3d/Dragonite/evaluations/wholedavis3rd_video_short_2_b/path2_15/frame193.jpg
Total Time: 11.7974100113 s.
CANNOT MATCH THE SAME TRACE
Training FLANN.
Done.
Counting matches...
Hit:  /home/bruce/Works/Research/3D/open3d/Dragonite/evaluations/wholedavis3rd_video_short_2_b/path2_28/frame61.jpg
===========
ORIGNAL: /home/bruce/Works/Research/3D/open3d/Dragonite/evaluations/wholedavis3rd_video_short_2_b/path2_31/frame125.jpg
Counting matches...
Hit:  /home/bruce/Works/Research/3D/open3d/Dragonite/evaluations/wholedavis3rd_video_short_2_b/path2_0/frame20.jpg
===========
ORIGNAL: /home/bruce/Works/Research/3D/open3d/Dragonite/evaluations/wholedavis3rd_video_short_2_b/path2_31/frame17.jpg
Counting matches...
Hit:  /home/bruce/Works/Research/3D/open3d/Dragonite/evaluations/wholedavis3rd_video_short_2_b/path2_27/frame115.jpg
===========
ORIGNAL: /home/bruce/Works/Research/3D/open3d/Dragonite/evaluations/wholedavis3rd_video_short_2_b/path2_31/frame159.jpg
Counting matches...
Hit:  /home/bruce/Works/Research/3D/open3d/Dragonite/evaluations/wholedavis3rd_video_short_2_b/path2_24/frame198.jpg
===========
ORIGNAL: /home/bruce/Works/Research/3D/open3d/Dragonite/evaluations/wholedavis3rd_video_short_2_b/path2_31/frame267.jpg
Counting matches...
Hit:  /home/bruce/Works/Research/3D/open3d/Dragonite/evaluations/wholedavis3rd_video_short_2_b/path2_24/frame198.jpg
===========
ORIGNAL: /home/bruce/Works/Research/3D/open3d/Dragonite/evaluations/wholedavis3rd_video_short_2_b/path2_31/frame256.jpg
Counting matches...
Hit:  /home/bruce/Works/Research/3D/open3d/Dragonite/evaluations/wholedavis3rd_video_short_2_b/path2_0/frame20.jpg
===========
ORIGNAL: /home/bruce/Works/Research/3D/open3d/Dragonite/evaluations/wholedavis3rd_video_short_2_b/path2_31/frame6.jpg
Counting matches...
Hit:  /home/bruce/Works/Research/3D/open3d/Dragonite/evaluations/wholedavis3rd_video_short_2_b/path2_32/frame55.jpg
===========
ORIGNAL: /home/bruce/Works/Research/3D/open3d/Dragonite/evaluations/wholedavis3rd_video_short_2_b/path2_31/frame275.jpg
Counting matches...
Hit:  /home/bruce/Works/Research/3D/open3d/Dragonite/evaluations/wholedavis3rd_video_short_2_b/path2_27/frame115.jpg
===========
ORIGNAL: /home/bruce/Works/Research/3D/open3d/Dragonite/evaluations/wholedavis3rd_video_short_2_b/path2_31/frame116.jpg
Counting matches...
Hit:  /home/bruce/Works/Research/3D/open3d/Dragonite/evaluations/wholedavis3rd_video_short_2_b/path2_4/frame14.jpg
===========
ORIGNAL: /home/bruce/Works/Research/3D/open3d/Dragonite/evaluations/wholedavis3rd_video_short_2_b/path2_31/frame165.jpg
Total Time: 27.911288023 s.
CANNOT MATCH THE SAME TRACE
Training FLANN.
Done.
Counting matches...
Hit:  /home/bruce/Works/Research/3D/open3d/Dragonite/evaluations/wholedavis3rd_video_short_2_b/path2_20/frame7.jpg
===========
ORIGNAL: /home/bruce/Works/Research/3D/open3d/Dragonite/evaluations/wholedavis3rd_video_short_2_b/path2_19/frame157.jpg
Total Time: 23.8636221886 s.
CANNOT MATCH THE SAME TRACE
Training FLANN.
Done.
Counting matches...
Hit:  /home/bruce/Works/Research/3D/open3d/Dragonite/evaluations/wholedavis3rd_video_short_2_b/path2_4/frame14.jpg
===========
ORIGNAL: /home/bruce/Works/Research/3D/open3d/Dragonite/evaluations/wholedavis3rd_video_short_2_b/path2_5/frame11.jpg
Counting matches...
Hit:  /home/bruce/Works/Research/3D/open3d/Dragonite/evaluations/wholedavis3rd_video_short_2_b/path2_6/frame23.jpg
===========
ORIGNAL: /home/bruce/Works/Research/3D/open3d/Dragonite/evaluations/wholedavis3rd_video_short_2_b/path2_5/frame151.jpg
Counting matches...
Hit:  /home/bruce/Works/Research/3D/open3d/Dragonite/evaluations/wholedavis3rd_video_short_2_b/path2_4/frame14.jpg
===========
ORIGNAL: /home/bruce/Works/Research/3D/open3d/Dragonite/evaluations/wholedavis3rd_video_short_2_b/path2_5/frame100.jpg
Total Time: 17.5566599369 s.
CANNOT MATCH THE SAME TRACE
Training FLANN.
Done.
Counting matches...
Hit:  /home/bruce/Works/Research/3D/open3d/Dragonite/evaluations/wholedavis3rd_video_short_2_b/path2_18/frame19.jpg
===========
ORIGNAL: /home/bruce/Works/Research/3D/open3d/Dragonite/evaluations/wholedavis3rd_video_short_2_b/path2_12/frame5.jpg
Total Time: 13.3102431297 s.
CANNOT MATCH THE SAME TRACE
Training FLANN.
Done.
Counting matches...
Hit:  /home/bruce/Works/Research/3D/open3d/Dragonite/evaluations/wholedavis3rd_video_short_2_b/path2_4/frame14.jpg
===========
ORIGNAL: /home/bruce/Works/Research/3D/open3d/Dragonite/evaluations/wholedavis3rd_video_short_2_b/path2_3/frame246.jpg
Total Time: 17.9685070515 s.
CANNOT MATCH THE SAME TRACE
Training FLANN.
Done.
Counting matches...
Hit:  /home/bruce/Works/Research/3D/open3d/Dragonite/evaluations/wholedavis3rd_video_short_2_b/path2_8/frame118.jpg
===========
ORIGNAL: /home/bruce/Works/Research/3D/open3d/Dragonite/evaluations/wholedavis3rd_video_short_2_b/path2_6/frame113.jpg
Counting matches...
Hit:  /home/bruce/Works/Research/3D/open3d/Dragonite/evaluations/wholedavis3rd_video_short_2_b/path2_5/frame151.jpg
===========
ORIGNAL: /home/bruce/Works/Research/3D/open3d/Dragonite/evaluations/wholedavis3rd_video_short_2_b/path2_6/frame4.jpg
Counting matches...
Hit:  /home/bruce/Works/Research/3D/open3d/Dragonite/evaluations/wholedavis3rd_video_short_2_b/path2_5/frame151.jpg
===========
ORIGNAL: /home/bruce/Works/Research/3D/open3d/Dragonite/evaluations/wholedavis3rd_video_short_2_b/path2_6/frame38.jpg
Counting matches...
Hit:  /home/bruce/Works/Research/3D/open3d/Dragonite/evaluations/wholedavis3rd_video_short_2_b/path2_5/frame151.jpg
===========
ORIGNAL: /home/bruce/Works/Research/3D/open3d/Dragonite/evaluations/wholedavis3rd_video_short_2_b/path2_6/frame23.jpg
Total Time: 12.1694839001 s.
CANNOT MATCH THE SAME TRACE
Training FLANN.
Done.
Counting matches...
Hit:  /home/bruce/Works/Research/3D/open3d/Dragonite/evaluations/wholedavis3rd_video_short_2_b/path2_25/frame15.jpg
===========
ORIGNAL: /home/bruce/Works/Research/3D/open3d/Dragonite/evaluations/wholedavis3rd_video_short_2_b/path2_24/frame185.jpg
Counting matches...
Hit:  /home/bruce/Works/Research/3D/open3d/Dragonite/evaluations/wholedavis3rd_video_short_2_b/path2_28/frame112.jpg
===========
ORIGNAL: /home/bruce/Works/Research/3D/open3d/Dragonite/evaluations/wholedavis3rd_video_short_2_b/path2_24/frame72.jpg
Counting matches...
Hit:  /home/bruce/Works/Research/3D/open3d/Dragonite/evaluations/wholedavis3rd_video_short_2_b/path2_25/frame15.jpg
===========
ORIGNAL: /home/bruce/Works/Research/3D/open3d/Dragonite/evaluations/wholedavis3rd_video_short_2_b/path2_24/frame113.jpg
Counting matches...
Hit:  /home/bruce/Works/Research/3D/open3d/Dragonite/evaluations/wholedavis3rd_video_short_2_b/path2_25/frame15.jpg
===========
ORIGNAL: /home/bruce/Works/Research/3D/open3d/Dragonite/evaluations/wholedavis3rd_video_short_2_b/path2_24/frame168.jpg
Counting matches...
Hit:  /home/bruce/Works/Research/3D/open3d/Dragonite/evaluations/wholedavis3rd_video_short_2_b/path2_25/frame15.jpg
===========
ORIGNAL: /home/bruce/Works/Research/3D/open3d/Dragonite/evaluations/wholedavis3rd_video_short_2_b/path2_24/frame220.jpg
Counting matches...
Hit:  /home/bruce/Works/Research/3D/open3d/Dragonite/evaluations/wholedavis3rd_video_short_2_b/path2_25/frame15.jpg
===========
ORIGNAL: /home/bruce/Works/Research/3D/open3d/Dragonite/evaluations/wholedavis3rd_video_short_2_b/path2_24/frame198.jpg
Counting matches...
Hit:  /home/bruce/Works/Research/3D/open3d/Dragonite/evaluations/wholedavis3rd_video_short_2_b/path2_25/frame15.jpg
===========
ORIGNAL: /home/bruce/Works/Research/3D/open3d/Dragonite/evaluations/wholedavis3rd_video_short_2_b/path2_24/frame37.jpg
Counting matches...
Hit:  /home/bruce/Works/Research/3D/open3d/Dragonite/evaluations/wholedavis3rd_video_short_2_b/path2_25/frame15.jpg
===========
ORIGNAL: /home/bruce/Works/Research/3D/open3d/Dragonite/evaluations/wholedavis3rd_video_short_2_b/path2_24/frame108.jpg
Counting matches...
Hit:  /home/bruce/Works/Research/3D/open3d/Dragonite/evaluations/wholedavis3rd_video_short_2_b/path2_10/frame156.jpg
===========
ORIGNAL: /home/bruce/Works/Research/3D/open3d/Dragonite/evaluations/wholedavis3rd_video_short_2_b/path2_24/frame156.jpg
Counting matches...
Hit:  /home/bruce/Works/Research/3D/open3d/Dragonite/evaluations/wholedavis3rd_video_short_2_b/path2_25/frame15.jpg
===========
ORIGNAL: /home/bruce/Works/Research/3D/open3d/Dragonite/evaluations/wholedavis3rd_video_short_2_b/path2_24/frame139.jpg
Counting matches...
Hit:  /home/bruce/Works/Research/3D/open3d/Dragonite/evaluations/wholedavis3rd_video_short_2_b/path2_25/frame15.jpg
===========
ORIGNAL: /home/bruce/Works/Research/3D/open3d/Dragonite/evaluations/wholedavis3rd_video_short_2_b/path2_24/frame56.jpg
Counting matches...
Hit:  /home/bruce/Works/Research/3D/open3d/Dragonite/evaluations/wholedavis3rd_video_short_2_b/path2_25/frame15.jpg
===========
ORIGNAL: /home/bruce/Works/Research/3D/open3d/Dragonite/evaluations/wholedavis3rd_video_short_2_b/path2_24/frame84.jpg
Counting matches...
Hit:  /home/bruce/Works/Research/3D/open3d/Dragonite/evaluations/wholedavis3rd_video_short_2_b/path2_25/frame15.jpg
===========
ORIGNAL: /home/bruce/Works/Research/3D/open3d/Dragonite/evaluations/wholedavis3rd_video_short_2_b/path2_24/frame212.jpg
Total Time: 28.9915630817 s.
CANNOT MATCH THE SAME TRACE
Training FLANN.
Done.
Counting matches...
Hit:  /home/bruce/Works/Research/3D/open3d/Dragonite/evaluations/wholedavis3rd_video_short_2_b/path2_27/frame115.jpg
===========
ORIGNAL: /home/bruce/Works/Research/3D/open3d/Dragonite/evaluations/wholedavis3rd_video_short_2_b/path2_30/frame125.jpg
Total Time: 34.9627389908 s.
CANNOT MATCH THE SAME TRACE
Training FLANN.
Done.
Counting matches...
Hit:  /home/bruce/Works/Research/3D/open3d/Dragonite/evaluations/wholedavis3rd_video_short_2_b/path2_31/frame267.jpg
===========
ORIGNAL: /home/bruce/Works/Research/3D/open3d/Dragonite/evaluations/wholedavis3rd_video_short_2_b/path2_32/frame121.jpg
Counting matches...
Hit:  /home/bruce/Works/Research/3D/open3d/Dragonite/evaluations/wholedavis3rd_video_short_2_b/path2_31/frame267.jpg
===========
ORIGNAL: /home/bruce/Works/Research/3D/open3d/Dragonite/evaluations/wholedavis3rd_video_short_2_b/path2_32/frame171.jpg
Total Time: 12.9638590813 s.
CANNOT MATCH THE SAME TRACE
Training FLANN.
Done.
Counting matches...
Hit:  /home/bruce/Works/Research/3D/open3d/Dragonite/evaluations/wholedavis3rd_video_short_2_b/path2_31/frame159.jpg
===========
ORIGNAL: /home/bruce/Works/Research/3D/open3d/Dragonite/evaluations/wholedavis3rd_video_short_2_b/path2_23/frame176.jpg
Counting matches...
Hit:  /home/bruce/Works/Research/3D/open3d/Dragonite/evaluations/wholedavis3rd_video_short_2_b/path2_27/frame115.jpg
===========
ORIGNAL: /home/bruce/Works/Research/3D/open3d/Dragonite/evaluations/wholedavis3rd_video_short_2_b/path2_23/frame166.jpg
Total Time: 18.1657669544 s.
