['/Users/quake0day/wholedavis3rd_video_short_2_b/path2_33', '/Users/quake0day/wholedavis3rd_video_short_2_b/path2_57', '/Users/quake0day/wholedavis3rd_video_short_2_b/path2_11', '/Users/quake0day/wholedavis3rd_video_short_2_b/path2_27', '/Users/quake0day/wholedavis3rd_video_short_2_b/path2_5', '/Users/quake0day/wholedavis3rd_video_short_2_b/path2_49', '/Users/quake0day/wholedavis3rd_video_short_2_b/path2_36', '/Users/quake0day/wholedavis3rd_video_short_2_b/path2_50', '/Users/quake0day/wholedavis3rd_video_short_2_b/path2_44', '/Users/quake0day/wholedavis3rd_video_short_2_b/path2_27', '/Users/quake0day/wholedavis3rd_video_short_2_b/path2_6', '/Users/quake0day/wholedavis3rd_video_short_2_b/path2_37', '/Users/quake0day/wholedavis3rd_video_short_2_b/path2_24', '/Users/quake0day/wholedavis3rd_video_short_2_b/path2_50', '/Users/quake0day/wholedavis3rd_video_short_2_b/path2_19', '/Users/quake0day/wholedavis3rd_video_short_2_b/path2_41', '/Users/quake0day/wholedavis3rd_video_short_2_b/path2_3', '/Users/quake0day/wholedavis3rd_video_short_2_b/path2_39', '/Users/quake0day/wholedavis3rd_video_short_2_b/path2_47', '/Users/quake0day/wholedavis3rd_video_short_2_b/path2_30', '/Users/quake0day/wholedavis3rd_video_short_2_b/path2_63', '/Users/quake0day/wholedavis3rd_video_short_2_b/path2_50', '/Users/quake0day/wholedavis3rd_video_short_2_b/path2_1', '/Users/quake0day/wholedavis3rd_video_short_2_b/path2_27', '/Users/quake0day/wholedavis3rd_video_short_2_b/path2_0', '/Users/quake0day/wholedavis3rd_video_short_2_b/path2_45', '/Users/quake0day/wholedavis3rd_video_short_2_b/path2_43', '/Users/quake0day/wholedavis3rd_video_short_2_b/path2_23', '/Users/quake0day/wholedavis3rd_video_short_2_b/path2_29', '/Users/quake0day/wholedavis3rd_video_short_2_b/path2_15', '/Users/quake0day/wholedavis3rd_video_short_2_b/path2_24', '/Users/quake0day/wholedavis3rd_video_short_2_b/path2_54', '/Users/quake0day/wholedavis3rd_video_short_2_b/path2_30', '/Users/quake0day/wholedavis3rd_video_short_2_b/path2_46', '/Users/quake0day/wholedavis3rd_video_short_2_b/path2_29', '/Users/quake0day/wholedavis3rd_video_short_2_b/path2_26', '/Users/quake0day/wholedavis3rd_video_short_2_b/path2_35', '/Users/quake0day/wholedavis3rd_video_short_2_b/path2_14', '/Users/quake0day/wholedavis3rd_video_short_2_b/path2_66', '/Users/quake0day/wholedavis3rd_video_short_2_b/path2_48', '/Users/quake0day/wholedavis3rd_video_short_2_b/path2_56', '/Users/quake0day/wholedavis3rd_video_short_2_b/path2_41', '/Users/quake0day/wholedavis3rd_video_short_2_b/path2_20', '/Users/quake0day/wholedavis3rd_video_short_2_b/path2_9', '/Users/quake0day/wholedavis3rd_video_short_2_b/path2_1', '/Users/quake0day/wholedavis3rd_video_short_2_b/path2_18', '/Users/quake0day/wholedavis3rd_video_short_2_b/path2_10', '/Users/quake0day/wholedavis3rd_video_short_2_b/path2_55', '/Users/quake0day/wholedavis3rd_video_short_2_b/path2_8', '/Users/quake0day/wholedavis3rd_video_short_2_b/path2_5', '/Users/quake0day/wholedavis3rd_video_short_2_b/path2_10', '/Users/quake0day/wholedavis3rd_video_short_2_b/path2_56', '/Users/quake0day/wholedavis3rd_video_short_2_b/path2_6', '/Users/quake0day/wholedavis3rd_video_short_2_b/path2_23', '/Users/quake0day/wholedavis3rd_video_short_2_b/path2_61', '/Users/quake0day/wholedavis3rd_video_short_2_b/path2_2', '/Users/quake0day/wholedavis3rd_video_short_2_b/path2_33', '/Users/quake0day/wholedavis3rd_video_short_2_b/path2_24', '/Users/quake0day/wholedavis3rd_video_short_2_b/path2_9', '/Users/quake0day/wholedavis3rd_video_short_2_b/path2_34', '/Users/quake0day/wholedavis3rd_video_short_2_b/path2_57', '/Users/quake0day/wholedavis3rd_video_short_2_b/path2_50', '/Users/quake0day/wholedavis3rd_video_short_2_b/path2_51', '/Users/quake0day/wholedavis3rd_video_short_2_b/path2_19', '/Users/quake0day/wholedavis3rd_video_short_2_b/path2_22', '/Users/quake0day/wholedavis3rd_video_short_2_b/path2_4', '/Users/quake0day/wholedavis3rd_video_short_2_b/path2_34', '/Users/quake0day/wholedavis3rd_video_short_2_b/path2_24']
TRY:/Users/quake0day/wholedavis3rd_video_short_2_b/path2_33 MATCH /Users/quake0day/wholedavis3rd_video_short_2_b/path2_33
CANNOT MATCH THE SAME TRACE
TRY:/Users/quake0day/wholedavis3rd_video_short_2_b/path2_33 MATCH /Users/quake0day/wholedavis3rd_video_short_2_b/path2_57
Training FLANN.
Done.
Counting matches...
===========
Hit:  /Users/quake0day/wholedavis3rd_video_short_2_b/path2_33/frame131.jpg
===========
TO_MATCH: /Users/quake0day/wholedavis3rd_video_short_2_b/path2_57/frame28.jpg
Counting matches...
===========
Hit:  /Users/quake0day/wholedavis3rd_video_short_2_b/path2_33/frame131.jpg
===========
TO_MATCH: /Users/quake0day/wholedavis3rd_video_short_2_b/path2_57/frame30.jpg
TRY:/Users/quake0day/wholedavis3rd_video_short_2_b/path2_33 MATCH /Users/quake0day/wholedavis3rd_video_short_2_b/path2_11
Training FLANN.
Done.
Counting matches...
===========
Hit:  /Users/quake0day/wholedavis3rd_video_short_2_b/path2_33/frame137.jpg
===========
TO_MATCH: /Users/quake0day/wholedavis3rd_video_short_2_b/path2_11/frame157.jpg
TO_MATCH: /Users/quake0day/wholedavis3rd_video_short_2_b/path2_11/frame2.jpg
Counting matches...
===========
Hit:  /Users/quake0day/wholedavis3rd_video_short_2_b/path2_33/frame137.jpg
===========
TO_MATCH: /Users/quake0day/wholedavis3rd_video_short_2_b/path2_11/frame188.jpg
TRY:/Users/quake0day/wholedavis3rd_video_short_2_b/path2_33 MATCH /Users/quake0day/wholedavis3rd_video_short_2_b/path2_27
Training FLANN.
Done.
Counting matches...
===========
Hit:  /Users/quake0day/wholedavis3rd_video_short_2_b/path2_33/frame131.jpg
===========
TO_MATCH: /Users/quake0day/wholedavis3rd_video_short_2_b/path2_27/frame115.jpg
TO_MATCH: /Users/quake0day/wholedavis3rd_video_short_2_b/path2_27/frame2.jpg
Counting matches...
===========
Hit:  /Users/quake0day/wholedavis3rd_video_short_2_b/path2_33/frame137.jpg
===========
TO_MATCH: /Users/quake0day/wholedavis3rd_video_short_2_b/path2_27/frame17.jpg
Counting matches...
===========
Hit:  /Users/quake0day/wholedavis3rd_video_short_2_b/path2_33/frame137.jpg
===========
TO_MATCH: /Users/quake0day/wholedavis3rd_video_short_2_b/path2_27/frame10.jpg
TRY:/Users/quake0day/wholedavis3rd_video_short_2_b/path2_33 MATCH /Users/quake0day/wholedavis3rd_video_short_2_b/path2_5
Training FLANN.
Done.
Counting matches...
===========
Hit:  /Users/quake0day/wholedavis3rd_video_short_2_b/path2_33/frame131.jpg
===========
TO_MATCH: /Users/quake0day/wholedavis3rd_video_short_2_b/path2_5/frame100.jpg
TRY:/Users/quake0day/wholedavis3rd_video_short_2_b/path2_33 MATCH /Users/quake0day/wholedavis3rd_video_short_2_b/path2_49
Training FLANN.
Total Time: 9.35186100006 s.
